[0.216s] DEBUG:colcon:Command line arguments: ['/usr/bin/colcon', 'build']
[0.216s] DEBUG:colcon:Parsed command line arguments: Namespace(log_base=None, log_level=None, verb_name='build', build_base='build', install_base='install', merge_install=False, symlink_install=False, test_result_base=None, continue_on_error=False, executor='parallel', parallel_workers=12, event_handlers=None, ignore_user_meta=False, metas=['./colcon.meta'], base_paths=['.'], packages_ignore=None, packages_ignore_regex=None, paths=None, packages_up_to=None, packages_up_to_regex=None, packages_above=None, packages_above_and_dependencies=None, packages_above_depth=None, packages_select_by_dep=None, packages_skip_by_dep=None, packages_skip_up_to=None, packages_select_build_failed=False, packages_skip_build_finished=False, packages_select_test_failures=False, packages_skip_test_passed=False, packages_select=None, packages_skip=None, packages_select_regex=None, packages_skip_regex=None, packages_start=None, packages_end=None, allow_overriding=[], cmake_args=None, cmake_target=None, cmake_target_skip_unavailable=False, cmake_clean_cache=False, cmake_clean_first=False, cmake_force_configure=False, ament_cmake_args=None, catkin_cmake_args=None, catkin_skip_building_tests=False, verb_parser=<colcon_defaults.argument_parser.defaults.DefaultArgumentsDecorator object at 0x78fca0eb4520>, verb_extension=<colcon_core.verb.build.BuildVerb object at 0x78fca0e2de10>, main=<bound method BuildVerb.main of <colcon_core.verb.build.BuildVerb object at 0x78fca0e2de10>>)
[0.289s] Level 1:colcon.colcon_core.package_discovery:discover_packages(colcon_meta) check parameters
[0.289s] Level 1:colcon.colcon_core.package_discovery:discover_packages(recursive) check parameters
[0.289s] Level 1:colcon.colcon_core.package_discovery:discover_packages(ignore) check parameters
[0.289s] Level 1:colcon.colcon_core.package_discovery:discover_packages(path) check parameters
[0.289s] Level 1:colcon.colcon_core.package_discovery:discover_packages(colcon_meta) discover
[0.289s] Level 1:colcon.colcon_core.package_discovery:discover_packages(recursive) discover
[0.289s] INFO:colcon.colcon_core.package_discovery:Crawling recursively for packages in '/home/janhavi/swarm_ws'
[0.290s] Level 1:colcon.colcon_core.package_identification:_identify(.) by extensions ['ignore', 'ignore_ament_install']
[0.290s] Level 1:colcon.colcon_core.package_identification:_identify(.) by extension 'ignore'
[0.290s] Level 1:colcon.colcon_core.package_identification:_identify(.) by extension 'ignore_ament_install'
[0.290s] Level 1:colcon.colcon_core.package_identification:_identify(.) by extensions ['colcon_pkg']
[0.290s] Level 1:colcon.colcon_core.package_identification:_identify(.) by extension 'colcon_pkg'
[0.290s] Level 1:colcon.colcon_core.package_identification:_identify(.) by extensions ['colcon_meta']
[0.290s] Level 1:colcon.colcon_core.package_identification:_identify(.) by extension 'colcon_meta'
[0.290s] Level 1:colcon.colcon_core.package_identification:_identify(.) by extensions ['ros']
[0.290s] Level 1:colcon.colcon_core.package_identification:_identify(.) by extension 'ros'
[0.307s] Level 1:colcon.colcon_core.package_identification:_identify(.) by extensions ['cmake', 'python']
[0.307s] Level 1:colcon.colcon_core.package_identification:_identify(.) by extension 'cmake'
[0.307s] Level 1:colcon.colcon_core.package_identification:_identify(.) by extension 'python'
[0.307s] Level 1:colcon.colcon_core.package_identification:_identify(.) by extensions ['python_setup_py']
[0.307s] Level 1:colcon.colcon_core.package_identification:_identify(.) by extension 'python_setup_py'
[0.307s] Level 1:colcon.colcon_core.package_identification:_identify(build) by extensions ['ignore', 'ignore_ament_install']
[0.307s] Level 1:colcon.colcon_core.package_identification:_identify(build) by extension 'ignore'
[0.307s] Level 1:colcon.colcon_core.package_identification:_identify(build) ignored
[0.307s] Level 1:colcon.colcon_core.package_identification:_identify(dataset_001_l1500) by extensions ['ignore', 'ignore_ament_install']
[0.307s] Level 1:colcon.colcon_core.package_identification:_identify(dataset_001_l1500) by extension 'ignore'
[0.307s] Level 1:colcon.colcon_core.package_identification:_identify(dataset_001_l1500) by extension 'ignore_ament_install'
[0.308s] Level 1:colcon.colcon_core.package_identification:_identify(dataset_001_l1500) by extensions ['colcon_pkg']
[0.308s] Level 1:colcon.colcon_core.package_identification:_identify(dataset_001_l1500) by extension 'colcon_pkg'
[0.308s] Level 1:colcon.colcon_core.package_identification:_identify(dataset_001_l1500) by extensions ['colcon_meta']
[0.308s] Level 1:colcon.colcon_core.package_identification:_identify(dataset_001_l1500) by extension 'colcon_meta'
[0.308s] Level 1:colcon.colcon_core.package_identification:_identify(dataset_001_l1500) by extensions ['ros']
[0.308s] Level 1:colcon.colcon_core.package_identification:_identify(dataset_001_l1500) by extension 'ros'
[0.308s] Level 1:colcon.colcon_core.package_identification:_identify(dataset_001_l1500) by extensions ['cmake', 'python']
[0.308s] Level 1:colcon.colcon_core.package_identification:_identify(dataset_001_l1500) by extension 'cmake'
[0.308s] Level 1:colcon.colcon_core.package_identification:_identify(dataset_001_l1500) by extension 'python'
[0.308s] Level 1:colcon.colcon_core.package_identification:_identify(dataset_001_l1500) by extensions ['python_setup_py']
[0.308s] Level 1:colcon.colcon_core.package_identification:_identify(dataset_001_l1500) by extension 'python_setup_py'
[0.308s] Level 1:colcon.colcon_core.package_identification:_identify(dataset_001_l1500/autopilot_pause) by extensions ['ignore', 'ignore_ament_install']
[0.308s] Level 1:colcon.colcon_core.package_identification:_identify(dataset_001_l1500/autopilot_pause) by extension 'ignore'
[0.308s] Level 1:colcon.colcon_core.package_identification:_identify(dataset_001_l1500/autopilot_pause) by extension 'ignore_ament_install'
[0.308s] Level 1:colcon.colcon_core.package_identification:_identify(dataset_001_l1500/autopilot_pause) by extensions ['colcon_pkg']
[0.308s] Level 1:colcon.colcon_core.package_identification:_identify(dataset_001_l1500/autopilot_pause) by extension 'colcon_pkg'
[0.308s] Level 1:colcon.colcon_core.package_identification:_identify(dataset_001_l1500/autopilot_pause) by extensions ['colcon_meta']
[0.308s] Level 1:colcon.colcon_core.package_identification:_identify(dataset_001_l1500/autopilot_pause) by extension 'colcon_meta'
[0.308s] Level 1:colcon.colcon_core.package_identification:_identify(dataset_001_l1500/autopilot_pause) by extensions ['ros']
[0.308s] Level 1:colcon.colcon_core.package_identification:_identify(dataset_001_l1500/autopilot_pause) by extension 'ros'
[0.308s] Level 1:colcon.colcon_core.package_identification:_identify(dataset_001_l1500/autopilot_pause) by extensions ['cmake', 'python']
[0.308s] Level 1:colcon.colcon_core.package_identification:_identify(dataset_001_l1500/autopilot_pause) by extension 'cmake'
[0.308s] Level 1:colcon.colcon_core.package_identification:_identify(dataset_001_l1500/autopilot_pause) by extension 'python'
[0.308s] Level 1:colcon.colcon_core.package_identification:_identify(dataset_001_l1500/autopilot_pause) by extensions ['python_setup_py']
[0.309s] Level 1:colcon.colcon_core.package_identification:_identify(dataset_001_l1500/autopilot_pause) by extension 'python_setup_py'
[0.309s] Level 1:colcon.colcon_core.package_identification:_identify(dataset_001_l1500_maybe) by extensions ['ignore', 'ignore_ament_install']
[0.309s] Level 1:colcon.colcon_core.package_identification:_identify(dataset_001_l1500_maybe) by extension 'ignore'
[0.309s] Level 1:colcon.colcon_core.package_identification:_identify(dataset_001_l1500_maybe) by extension 'ignore_ament_install'
[0.309s] Level 1:colcon.colcon_core.package_identification:_identify(dataset_001_l1500_maybe) by extensions ['colcon_pkg']
[0.309s] Level 1:colcon.colcon_core.package_identification:_identify(dataset_001_l1500_maybe) by extension 'colcon_pkg'
[0.309s] Level 1:colcon.colcon_core.package_identification:_identify(dataset_001_l1500_maybe) by extensions ['colcon_meta']
[0.309s] Level 1:colcon.colcon_core.package_identification:_identify(dataset_001_l1500_maybe) by extension 'colcon_meta'
[0.309s] Level 1:colcon.colcon_core.package_identification:_identify(dataset_001_l1500_maybe) by extensions ['ros']
[0.309s] Level 1:colcon.colcon_core.package_identification:_identify(dataset_001_l1500_maybe) by extension 'ros'
[0.309s] Level 1:colcon.colcon_core.package_identification:_identify(dataset_001_l1500_maybe) by extensions ['cmake', 'python']
[0.309s] Level 1:colcon.colcon_core.package_identification:_identify(dataset_001_l1500_maybe) by extension 'cmake'
[0.309s] Level 1:colcon.colcon_core.package_identification:_identify(dataset_001_l1500_maybe) by extension 'python'
[0.309s] Level 1:colcon.colcon_core.package_identification:_identify(dataset_001_l1500_maybe) by extensions ['python_setup_py']
[0.309s] Level 1:colcon.colcon_core.package_identification:_identify(dataset_001_l1500_maybe) by extension 'python_setup_py'
[0.309s] Level 1:colcon.colcon_core.package_identification:_identify(dataset_001_l1500_maybe/autopilot_pause) by extensions ['ignore', 'ignore_ament_install']
[0.309s] Level 1:colcon.colcon_core.package_identification:_identify(dataset_001_l1500_maybe/autopilot_pause) by extension 'ignore'
[0.309s] Level 1:colcon.colcon_core.package_identification:_identify(dataset_001_l1500_maybe/autopilot_pause) by extension 'ignore_ament_install'
[0.309s] Level 1:colcon.colcon_core.package_identification:_identify(dataset_001_l1500_maybe/autopilot_pause) by extensions ['colcon_pkg']
[0.309s] Level 1:colcon.colcon_core.package_identification:_identify(dataset_001_l1500_maybe/autopilot_pause) by extension 'colcon_pkg'
[0.309s] Level 1:colcon.colcon_core.package_identification:_identify(dataset_001_l1500_maybe/autopilot_pause) by extensions ['colcon_meta']
[0.309s] Level 1:colcon.colcon_core.package_identification:_identify(dataset_001_l1500_maybe/autopilot_pause) by extension 'colcon_meta'
[0.309s] Level 1:colcon.colcon_core.package_identification:_identify(dataset_001_l1500_maybe/autopilot_pause) by extensions ['ros']
[0.310s] Level 1:colcon.colcon_core.package_identification:_identify(dataset_001_l1500_maybe/autopilot_pause) by extension 'ros'
[0.310s] Level 1:colcon.colcon_core.package_identification:_identify(dataset_001_l1500_maybe/autopilot_pause) by extensions ['cmake', 'python']
[0.310s] Level 1:colcon.colcon_core.package_identification:_identify(dataset_001_l1500_maybe/autopilot_pause) by extension 'cmake'
[0.310s] Level 1:colcon.colcon_core.package_identification:_identify(dataset_001_l1500_maybe/autopilot_pause) by extension 'python'
[0.310s] Level 1:colcon.colcon_core.package_identification:_identify(dataset_001_l1500_maybe/autopilot_pause) by extensions ['python_setup_py']
[0.310s] Level 1:colcon.colcon_core.package_identification:_identify(dataset_001_l1500_maybe/autopilot_pause) by extension 'python_setup_py'
[0.310s] Level 1:colcon.colcon_core.package_identification:_identify(dataset_001_l1500_maybe2) by extensions ['ignore', 'ignore_ament_install']
[0.310s] Level 1:colcon.colcon_core.package_identification:_identify(dataset_001_l1500_maybe2) by extension 'ignore'
[0.310s] Level 1:colcon.colcon_core.package_identification:_identify(dataset_001_l1500_maybe2) by extension 'ignore_ament_install'
[0.310s] Level 1:colcon.colcon_core.package_identification:_identify(dataset_001_l1500_maybe2) by extensions ['colcon_pkg']
[0.310s] Level 1:colcon.colcon_core.package_identification:_identify(dataset_001_l1500_maybe2) by extension 'colcon_pkg'
[0.310s] Level 1:colcon.colcon_core.package_identification:_identify(dataset_001_l1500_maybe2) by extensions ['colcon_meta']
[0.310s] Level 1:colcon.colcon_core.package_identification:_identify(dataset_001_l1500_maybe2) by extension 'colcon_meta'
[0.310s] Level 1:colcon.colcon_core.package_identification:_identify(dataset_001_l1500_maybe2) by extensions ['ros']
[0.310s] Level 1:colcon.colcon_core.package_identification:_identify(dataset_001_l1500_maybe2) by extension 'ros'
[0.310s] Level 1:colcon.colcon_core.package_identification:_identify(dataset_001_l1500_maybe2) by extensions ['cmake', 'python']
[0.310s] Level 1:colcon.colcon_core.package_identification:_identify(dataset_001_l1500_maybe2) by extension 'cmake'
[0.310s] Level 1:colcon.colcon_core.package_identification:_identify(dataset_001_l1500_maybe2) by extension 'python'
[0.310s] Level 1:colcon.colcon_core.package_identification:_identify(dataset_001_l1500_maybe2) by extensions ['python_setup_py']
[0.310s] Level 1:colcon.colcon_core.package_identification:_identify(dataset_001_l1500_maybe2) by extension 'python_setup_py'
[0.310s] Level 1:colcon.colcon_core.package_identification:_identify(dataset_001_l1500_maybe2/autopilot_pause) by extensions ['ignore', 'ignore_ament_install']
[0.310s] Level 1:colcon.colcon_core.package_identification:_identify(dataset_001_l1500_maybe2/autopilot_pause) by extension 'ignore'
[0.310s] Level 1:colcon.colcon_core.package_identification:_identify(dataset_001_l1500_maybe2/autopilot_pause) by extension 'ignore_ament_install'
[0.311s] Level 1:colcon.colcon_core.package_identification:_identify(dataset_001_l1500_maybe2/autopilot_pause) by extensions ['colcon_pkg']
[0.311s] Level 1:colcon.colcon_core.package_identification:_identify(dataset_001_l1500_maybe2/autopilot_pause) by extension 'colcon_pkg'
[0.311s] Level 1:colcon.colcon_core.package_identification:_identify(dataset_001_l1500_maybe2/autopilot_pause) by extensions ['colcon_meta']
[0.311s] Level 1:colcon.colcon_core.package_identification:_identify(dataset_001_l1500_maybe2/autopilot_pause) by extension 'colcon_meta'
[0.311s] Level 1:colcon.colcon_core.package_identification:_identify(dataset_001_l1500_maybe2/autopilot_pause) by extensions ['ros']
[0.311s] Level 1:colcon.colcon_core.package_identification:_identify(dataset_001_l1500_maybe2/autopilot_pause) by extension 'ros'
[0.311s] Level 1:colcon.colcon_core.package_identification:_identify(dataset_001_l1500_maybe2/autopilot_pause) by extensions ['cmake', 'python']
[0.311s] Level 1:colcon.colcon_core.package_identification:_identify(dataset_001_l1500_maybe2/autopilot_pause) by extension 'cmake'
[0.311s] Level 1:colcon.colcon_core.package_identification:_identify(dataset_001_l1500_maybe2/autopilot_pause) by extension 'python'
[0.311s] Level 1:colcon.colcon_core.package_identification:_identify(dataset_001_l1500_maybe2/autopilot_pause) by extensions ['python_setup_py']
[0.311s] Level 1:colcon.colcon_core.package_identification:_identify(dataset_001_l1500_maybe2/autopilot_pause) by extension 'python_setup_py'
[0.311s] Level 1:colcon.colcon_core.package_identification:_identify(install) by extensions ['ignore', 'ignore_ament_install']
[0.311s] Level 1:colcon.colcon_core.package_identification:_identify(install) by extension 'ignore'
[0.311s] Level 1:colcon.colcon_core.package_identification:_identify(install) ignored
[0.311s] Level 1:colcon.colcon_core.package_identification:_identify(log) by extensions ['ignore', 'ignore_ament_install']
[0.311s] Level 1:colcon.colcon_core.package_identification:_identify(log) by extension 'ignore'
[0.311s] Level 1:colcon.colcon_core.package_identification:_identify(log) ignored
[0.311s] Level 1:colcon.colcon_core.package_identification:_identify(src) by extensions ['ignore', 'ignore_ament_install']
[0.311s] Level 1:colcon.colcon_core.package_identification:_identify(src) by extension 'ignore'
[0.312s] Level 1:colcon.colcon_core.package_identification:_identify(src) by extension 'ignore_ament_install'
[0.312s] Level 1:colcon.colcon_core.package_identification:_identify(src) by extensions ['colcon_pkg']
[0.312s] Level 1:colcon.colcon_core.package_identification:_identify(src) by extension 'colcon_pkg'
[0.312s] Level 1:colcon.colcon_core.package_identification:_identify(src) by extensions ['colcon_meta']
[0.312s] Level 1:colcon.colcon_core.package_identification:_identify(src) by extension 'colcon_meta'
[0.312s] Level 1:colcon.colcon_core.package_identification:_identify(src) by extensions ['ros']
[0.312s] Level 1:colcon.colcon_core.package_identification:_identify(src) by extension 'ros'
[0.312s] Level 1:colcon.colcon_core.package_identification:_identify(src) by extensions ['cmake', 'python']
[0.312s] Level 1:colcon.colcon_core.package_identification:_identify(src) by extension 'cmake'
[0.312s] Level 1:colcon.colcon_core.package_identification:_identify(src) by extension 'python'
[0.312s] Level 1:colcon.colcon_core.package_identification:_identify(src) by extensions ['python_setup_py']
[0.312s] Level 1:colcon.colcon_core.package_identification:_identify(src) by extension 'python_setup_py'
[0.312s] Level 1:colcon.colcon_core.package_identification:_identify(src/swarm_data) by extensions ['ignore', 'ignore_ament_install']
[0.312s] Level 1:colcon.colcon_core.package_identification:_identify(src/swarm_data) by extension 'ignore'
[0.312s] Level 1:colcon.colcon_core.package_identification:_identify(src/swarm_data) by extension 'ignore_ament_install'
[0.312s] Level 1:colcon.colcon_core.package_identification:_identify(src/swarm_data) by extensions ['colcon_pkg']
[0.312s] Level 1:colcon.colcon_core.package_identification:_identify(src/swarm_data) by extension 'colcon_pkg'
[0.312s] Level 1:colcon.colcon_core.package_identification:_identify(src/swarm_data) by extensions ['colcon_meta']
[0.312s] Level 1:colcon.colcon_core.package_identification:_identify(src/swarm_data) by extension 'colcon_meta'
[0.312s] Level 1:colcon.colcon_core.package_identification:_identify(src/swarm_data) by extensions ['ros']
[0.312s] Level 1:colcon.colcon_core.package_identification:_identify(src/swarm_data) by extension 'ros'
[0.316s] DEBUG:colcon.colcon_core.package_identification:Package 'src/swarm_data' with type 'ros.ament_cmake' and name 'swarm_data'
[0.316s] Level 1:colcon.colcon_core.package_identification:_identify(src/swarm_msgs) by extensions ['ignore', 'ignore_ament_install']
[0.316s] Level 1:colcon.colcon_core.package_identification:_identify(src/swarm_msgs) by extension 'ignore'
[0.316s] Level 1:colcon.colcon_core.package_identification:_identify(src/swarm_msgs) by extension 'ignore_ament_install'
[0.316s] Level 1:colcon.colcon_core.package_identification:_identify(src/swarm_msgs) by extensions ['colcon_pkg']
[0.316s] Level 1:colcon.colcon_core.package_identification:_identify(src/swarm_msgs) by extension 'colcon_pkg'
[0.316s] Level 1:colcon.colcon_core.package_identification:_identify(src/swarm_msgs) by extensions ['colcon_meta']
[0.316s] Level 1:colcon.colcon_core.package_identification:_identify(src/swarm_msgs) by extension 'colcon_meta'
[0.316s] Level 1:colcon.colcon_core.package_identification:_identify(src/swarm_msgs) by extensions ['ros']
[0.316s] Level 1:colcon.colcon_core.package_identification:_identify(src/swarm_msgs) by extension 'ros'
[0.317s] DEBUG:colcon.colcon_core.package_identification:Package 'src/swarm_msgs' with type 'ros.ament_cmake' and name 'swarm_msgs'
[0.317s] Level 1:colcon.colcon_core.package_discovery:discover_packages(recursive) using defaults
[0.317s] Level 1:colcon.colcon_core.package_discovery:discover_packages(ignore) discover
[0.317s] Level 1:colcon.colcon_core.package_discovery:discover_packages(ignore) using defaults
[0.317s] Level 1:colcon.colcon_core.package_discovery:discover_packages(path) discover
[0.317s] Level 1:colcon.colcon_core.package_discovery:discover_packages(path) using defaults
[0.340s] Level 1:colcon.colcon_core.package_discovery:discover_packages(prefix_path) check parameters
[0.340s] Level 1:colcon.colcon_core.package_discovery:discover_packages(prefix_path) discover
[0.342s] DEBUG:colcon.colcon_installed_package_information.package_discovery:Found 2 installed packages in /home/janhavi/swarm_ws/install
[0.344s] DEBUG:colcon.colcon_installed_package_information.package_discovery:Found 432 installed packages in /opt/ros/humble
[0.346s] Level 1:colcon.colcon_core.package_discovery:discover_packages(prefix_path) using defaults
[0.420s] Level 5:colcon.colcon_core.verb:set package 'swarm_msgs' build argument 'cmake_args' from command line to 'None'
[0.420s] Level 5:colcon.colcon_core.verb:set package 'swarm_msgs' build argument 'cmake_target' from command line to 'None'
[0.420s] Level 5:colcon.colcon_core.verb:set package 'swarm_msgs' build argument 'cmake_target_skip_unavailable' from command line to 'False'
[0.420s] Level 5:colcon.colcon_core.verb:set package 'swarm_msgs' build argument 'cmake_clean_cache' from command line to 'False'
[0.420s] Level 5:colcon.colcon_core.verb:set package 'swarm_msgs' build argument 'cmake_clean_first' from command line to 'False'
[0.420s] Level 5:colcon.colcon_core.verb:set package 'swarm_msgs' build argument 'cmake_force_configure' from command line to 'False'
[0.420s] Level 5:colcon.colcon_core.verb:set package 'swarm_msgs' build argument 'ament_cmake_args' from command line to 'None'
[0.420s] Level 5:colcon.colcon_core.verb:set package 'swarm_msgs' build argument 'catkin_cmake_args' from command line to 'None'
[0.420s] Level 5:colcon.colcon_core.verb:set package 'swarm_msgs' build argument 'catkin_skip_building_tests' from command line to 'False'
[0.420s] DEBUG:colcon.colcon_core.verb:Building package 'swarm_msgs' with the following arguments: {'ament_cmake_args': None, 'build_base': '/home/janhavi/swarm_ws/build/swarm_msgs', 'catkin_cmake_args': None, 'catkin_skip_building_tests': False, 'cmake_args': None, 'cmake_clean_cache': False, 'cmake_clean_first': False, 'cmake_force_configure': False, 'cmake_target': None, 'cmake_target_skip_unavailable': False, 'install_base': '/home/janhavi/swarm_ws/install/swarm_msgs', 'merge_install': False, 'path': '/home/janhavi/swarm_ws/src/swarm_msgs', 'symlink_install': False, 'test_result_base': None}
[0.421s] Level 5:colcon.colcon_core.verb:set package 'swarm_data' build argument 'cmake_args' from command line to 'None'
[0.421s] Level 5:colcon.colcon_core.verb:set package 'swarm_data' build argument 'cmake_target' from command line to 'None'
[0.421s] Level 5:colcon.colcon_core.verb:set package 'swarm_data' build argument 'cmake_target_skip_unavailable' from command line to 'False'
[0.421s] Level 5:colcon.colcon_core.verb:set package 'swarm_data' build argument 'cmake_clean_cache' from command line to 'False'
[0.421s] Level 5:colcon.colcon_core.verb:set package 'swarm_data' build argument 'cmake_clean_first' from command line to 'False'
[0.421s] Level 5:colcon.colcon_core.verb:set package 'swarm_data' build argument 'cmake_force_configure' from command line to 'False'
[0.421s] Level 5:colcon.colcon_core.verb:set package 'swarm_data' build argument 'ament_cmake_args' from command line to 'None'
[0.421s] Level 5:colcon.colcon_core.verb:set package 'swarm_data' build argument 'catkin_cmake_args' from command line to 'None'
[0.421s] Level 5:colcon.colcon_core.verb:set package 'swarm_data' build argument 'catkin_skip_building_tests' from command line to 'False'
[0.421s] DEBUG:colcon.colcon_core.verb:Building package 'swarm_data' with the following arguments: {'ament_cmake_args': None, 'build_base': '/home/janhavi/swarm_ws/build/swarm_data', 'catkin_cmake_args': None, 'catkin_skip_building_tests': False, 'cmake_args': None, 'cmake_clean_cache': False, 'cmake_clean_first': False, 'cmake_force_configure': False, 'cmake_target': None, 'cmake_target_skip_unavailable': False, 'install_base': '/home/janhavi/swarm_ws/install/swarm_data', 'merge_install': False, 'path': '/home/janhavi/swarm_ws/src/swarm_data', 'symlink_install': False, 'test_result_base': None}
[0.421s] INFO:colcon.colcon_core.executor:Executing jobs using 'parallel' executor
[0.422s] DEBUG:colcon.colcon_parallel_executor.executor.parallel:run_until_complete
[0.423s] INFO:colcon.colcon_ros.task.ament_cmake.build:Building ROS package in '/home/janhavi/swarm_ws/src/swarm_msgs' with build type 'ament_cmake'
[0.423s] INFO:colcon.colcon_cmake.task.cmake.build:Building CMake package in '/home/janhavi/swarm_ws/src/swarm_msgs'
[0.425s] INFO:colcon.colcon_core.plugin_system:Skipping extension 'colcon_core.shell.bat': Not used on non-Windows systems
[0.425s] INFO:colcon.colcon_core.shell:Skip shell extension 'powershell' for command environment: Not usable outside of PowerShell
[0.425s] DEBUG:colcon.colcon_core.shell:Skip shell extension 'dsv' for command environment
[0.437s] DEBUG:colcon.colcon_core.event_handler.log_command:Invoking command in '/home/janhavi/swarm_ws/build/swarm_msgs': CMAKE_PREFIX_PATH=${CMAKE_PREFIX_PATH}:/opt/ros/humble /usr/bin/cmake --build /home/janhavi/swarm_ws/build/swarm_msgs -- -j12 -l12
[1.185s] DEBUG:colcon.colcon_core.event_handler.log_command:Invoked command in '/home/janhavi/swarm_ws/build/swarm_msgs' returned '0': CMAKE_PREFIX_PATH=${CMAKE_PREFIX_PATH}:/opt/ros/humble /usr/bin/cmake --build /home/janhavi/swarm_ws/build/swarm_msgs -- -j12 -l12
[1.202s] DEBUG:colcon.colcon_core.event_handler.log_command:Invoking command in '/home/janhavi/swarm_ws/build/swarm_msgs': CMAKE_PREFIX_PATH=${CMAKE_PREFIX_PATH}:/opt/ros/humble /usr/bin/cmake --install /home/janhavi/swarm_ws/build/swarm_msgs
[1.285s] Level 1:colcon.colcon_core.environment:create_environment_scripts_only(swarm_msgs)
[1.286s] DEBUG:colcon.colcon_core.event_handler.log_command:Invoked command in '/home/janhavi/swarm_ws/build/swarm_msgs' returned '0': CMAKE_PREFIX_PATH=${CMAKE_PREFIX_PATH}:/opt/ros/humble /usr/bin/cmake --install /home/janhavi/swarm_ws/build/swarm_msgs
[1.290s] Level 1:colcon.colcon_core.environment:checking '/home/janhavi/swarm_ws/install/swarm_msgs' for CMake module files
[1.291s] Level 1:colcon.colcon_core.environment:checking '/home/janhavi/swarm_ws/install/swarm_msgs' for CMake config files
[1.292s] Level 1:colcon.colcon_core.shell:create_environment_hook('swarm_msgs', 'cmake_prefix_path')
[1.292s] INFO:colcon.colcon_core.shell:Creating environment hook '/home/janhavi/swarm_ws/install/swarm_msgs/share/swarm_msgs/hook/cmake_prefix_path.ps1'
[1.293s] INFO:colcon.colcon_core.shell:Creating environment descriptor '/home/janhavi/swarm_ws/install/swarm_msgs/share/swarm_msgs/hook/cmake_prefix_path.dsv'
[1.295s] INFO:colcon.colcon_core.shell:Creating environment hook '/home/janhavi/swarm_ws/install/swarm_msgs/share/swarm_msgs/hook/cmake_prefix_path.sh'
[1.296s] Level 1:colcon.colcon_core.environment:checking '/home/janhavi/swarm_ws/install/swarm_msgs/lib'
[1.296s] Level 1:colcon.colcon_core.shell:create_environment_hook('swarm_msgs', 'ld_library_path_lib')
[1.296s] INFO:colcon.colcon_core.shell:Creating environment hook '/home/janhavi/swarm_ws/install/swarm_msgs/share/swarm_msgs/hook/ld_library_path_lib.ps1'
[1.297s] INFO:colcon.colcon_core.shell:Creating environment descriptor '/home/janhavi/swarm_ws/install/swarm_msgs/share/swarm_msgs/hook/ld_library_path_lib.dsv'
[1.297s] INFO:colcon.colcon_core.shell:Creating environment hook '/home/janhavi/swarm_ws/install/swarm_msgs/share/swarm_msgs/hook/ld_library_path_lib.sh'
[1.298s] Level 1:colcon.colcon_core.environment:checking '/home/janhavi/swarm_ws/install/swarm_msgs/bin'
[1.298s] Level 1:colcon.colcon_core.environment:checking '/home/janhavi/swarm_ws/install/swarm_msgs/lib/pkgconfig/swarm_msgs.pc'
[1.298s] Level 1:colcon.colcon_core.environment:checking '/home/janhavi/swarm_ws/install/swarm_msgs/lib/python3.10/site-packages'
[1.299s] Level 1:colcon.colcon_core.environment:checking '/home/janhavi/swarm_ws/install/swarm_msgs/bin'
[1.299s] INFO:colcon.colcon_core.shell:Creating package script '/home/janhavi/swarm_ws/install/swarm_msgs/share/swarm_msgs/package.ps1'
[1.300s] INFO:colcon.colcon_core.shell:Creating package descriptor '/home/janhavi/swarm_ws/install/swarm_msgs/share/swarm_msgs/package.dsv'
[1.301s] INFO:colcon.colcon_core.shell:Creating package script '/home/janhavi/swarm_ws/install/swarm_msgs/share/swarm_msgs/package.sh'
[1.302s] INFO:colcon.colcon_core.shell:Creating package script '/home/janhavi/swarm_ws/install/swarm_msgs/share/swarm_msgs/package.bash'
[1.303s] INFO:colcon.colcon_core.shell:Creating package script '/home/janhavi/swarm_ws/install/swarm_msgs/share/swarm_msgs/package.zsh'
[1.304s] Level 1:colcon.colcon_core.environment:create_file_with_runtime_dependencies(/home/janhavi/swarm_ws/install/swarm_msgs/share/colcon-core/packages/swarm_msgs)
[1.304s] Level 1:colcon.colcon_core.environment:create_environment_scripts_only(swarm_msgs)
[1.305s] Level 1:colcon.colcon_core.environment:checking '/home/janhavi/swarm_ws/install/swarm_msgs' for CMake module files
[1.305s] Level 1:colcon.colcon_core.environment:checking '/home/janhavi/swarm_ws/install/swarm_msgs' for CMake config files
[1.306s] Level 1:colcon.colcon_core.shell:create_environment_hook('swarm_msgs', 'cmake_prefix_path')
[1.306s] INFO:colcon.colcon_core.shell:Creating environment hook '/home/janhavi/swarm_ws/install/swarm_msgs/share/swarm_msgs/hook/cmake_prefix_path.ps1'
[1.307s] INFO:colcon.colcon_core.shell:Creating environment descriptor '/home/janhavi/swarm_ws/install/swarm_msgs/share/swarm_msgs/hook/cmake_prefix_path.dsv'
[1.307s] INFO:colcon.colcon_core.shell:Creating environment hook '/home/janhavi/swarm_ws/install/swarm_msgs/share/swarm_msgs/hook/cmake_prefix_path.sh'
[1.308s] Level 1:colcon.colcon_core.environment:checking '/home/janhavi/swarm_ws/install/swarm_msgs/lib'
[1.308s] Level 1:colcon.colcon_core.shell:create_environment_hook('swarm_msgs', 'ld_library_path_lib')
[1.308s] INFO:colcon.colcon_core.shell:Creating environment hook '/home/janhavi/swarm_ws/install/swarm_msgs/share/swarm_msgs/hook/ld_library_path_lib.ps1'
[1.309s] INFO:colcon.colcon_core.shell:Creating environment descriptor '/home/janhavi/swarm_ws/install/swarm_msgs/share/swarm_msgs/hook/ld_library_path_lib.dsv'
[1.309s] INFO:colcon.colcon_core.shell:Creating environment hook '/home/janhavi/swarm_ws/install/swarm_msgs/share/swarm_msgs/hook/ld_library_path_lib.sh'
[1.309s] Level 1:colcon.colcon_core.environment:checking '/home/janhavi/swarm_ws/install/swarm_msgs/bin'
[1.310s] Level 1:colcon.colcon_core.environment:checking '/home/janhavi/swarm_ws/install/swarm_msgs/lib/pkgconfig/swarm_msgs.pc'
[1.310s] Level 1:colcon.colcon_core.environment:checking '/home/janhavi/swarm_ws/install/swarm_msgs/lib/python3.10/site-packages'
[1.310s] Level 1:colcon.colcon_core.environment:checking '/home/janhavi/swarm_ws/install/swarm_msgs/bin'
[1.311s] INFO:colcon.colcon_core.shell:Creating package script '/home/janhavi/swarm_ws/install/swarm_msgs/share/swarm_msgs/package.ps1'
[1.311s] INFO:colcon.colcon_core.shell:Creating package descriptor '/home/janhavi/swarm_ws/install/swarm_msgs/share/swarm_msgs/package.dsv'
[1.312s] INFO:colcon.colcon_core.shell:Creating package script '/home/janhavi/swarm_ws/install/swarm_msgs/share/swarm_msgs/package.sh'
[1.312s] INFO:colcon.colcon_core.shell:Creating package script '/home/janhavi/swarm_ws/install/swarm_msgs/share/swarm_msgs/package.bash'
[1.313s] INFO:colcon.colcon_core.shell:Creating package script '/home/janhavi/swarm_ws/install/swarm_msgs/share/swarm_msgs/package.zsh'
[1.313s] Level 1:colcon.colcon_core.environment:create_file_with_runtime_dependencies(/home/janhavi/swarm_ws/install/swarm_msgs/share/colcon-core/packages/swarm_msgs)
[1.314s] INFO:colcon.colcon_ros.task.ament_cmake.build:Building ROS package in '/home/janhavi/swarm_ws/src/swarm_data' with build type 'ament_cmake'
[1.314s] INFO:colcon.colcon_cmake.task.cmake.build:Building CMake package in '/home/janhavi/swarm_ws/src/swarm_data'
[1.314s] INFO:colcon.colcon_core.shell:Skip shell extension 'powershell' for command environment: Not usable outside of PowerShell
[1.314s] DEBUG:colcon.colcon_core.shell:Skip shell extension 'dsv' for command environment
[1.327s] DEBUG:colcon.colcon_core.event_handler.log_command:Invoking command in '/home/janhavi/swarm_ws/build/swarm_data': CMAKE_PREFIX_PATH=/home/janhavi/swarm_ws/install/swarm_msgs:/home/janhavi/swarm_ws/install/swarm_data:/opt/ros/humble LD_LIBRARY_PATH=/home/janhavi/swarm_ws/install/swarm_msgs/lib:/usr/lib/x86_64-linux-gnu/gazebo-11/plugins:/opt/ros/humble/opt/rviz_ogre_vendor/lib:/opt/ros/humble/lib/x86_64-linux-gnu:/opt/ros/humble/lib:/usr/lib/x86_64-linux-gnu/gazebo-11/plugins /usr/bin/cmake --build /home/janhavi/swarm_ws/build/swarm_data -- -j12 -l12
[1.399s] DEBUG:colcon.colcon_core.event_handler.log_command:Invoked command in '/home/janhavi/swarm_ws/build/swarm_data' returned '0': CMAKE_PREFIX_PATH=/home/janhavi/swarm_ws/install/swarm_msgs:/home/janhavi/swarm_ws/install/swarm_data:/opt/ros/humble LD_LIBRARY_PATH=/home/janhavi/swarm_ws/install/swarm_msgs/lib:/usr/lib/x86_64-linux-gnu/gazebo-11/plugins:/opt/ros/humble/opt/rviz_ogre_vendor/lib:/opt/ros/humble/lib/x86_64-linux-gnu:/opt/ros/humble/lib:/usr/lib/x86_64-linux-gnu/gazebo-11/plugins /usr/bin/cmake --build /home/janhavi/swarm_ws/build/swarm_data -- -j12 -l12
[1.402s] DEBUG:colcon.colcon_core.event_handler.log_command:Invoking command in '/home/janhavi/swarm_ws/build/swarm_data': CMAKE_PREFIX_PATH=/home/janhavi/swarm_ws/install/swarm_msgs:/home/janhavi/swarm_ws/install/swarm_data:/opt/ros/humble LD_LIBRARY_PATH=/home/janhavi/swarm_ws/install/swarm_msgs/lib:/usr/lib/x86_64-linux-gnu/gazebo-11/plugins:/opt/ros/humble/opt/rviz_ogre_vendor/lib:/opt/ros/humble/lib/x86_64-linux-gnu:/opt/ros/humble/lib:/usr/lib/x86_64-linux-gnu/gazebo-11/plugins /usr/bin/cmake --install /home/janhavi/swarm_ws/build/swarm_data
[1.417s] Level 1:colcon.colcon_core.environment:create_environment_scripts_only(swarm_data)
[1.418s] Level 1:colcon.colcon_core.environment:checking '/home/janhavi/swarm_ws/install/swarm_data' for CMake module files
[1.419s] DEBUG:colcon.colcon_core.event_handler.log_command:Invoked command in '/home/janhavi/swarm_ws/build/swarm_data' returned '0': CMAKE_PREFIX_PATH=/home/janhavi/swarm_ws/install/swarm_msgs:/home/janhavi/swarm_ws/install/swarm_data:/opt/ros/humble LD_LIBRARY_PATH=/home/janhavi/swarm_ws/install/swarm_msgs/lib:/usr/lib/x86_64-linux-gnu/gazebo-11/plugins:/opt/ros/humble/opt/rviz_ogre_vendor/lib:/opt/ros/humble/lib/x86_64-linux-gnu:/opt/ros/humble/lib:/usr/lib/x86_64-linux-gnu/gazebo-11/plugins /usr/bin/cmake --install /home/janhavi/swarm_ws/build/swarm_data
[1.420s] Level 1:colcon.colcon_core.environment:checking '/home/janhavi/swarm_ws/install/swarm_data' for CMake config files
[1.420s] Level 1:colcon.colcon_core.shell:create_environment_hook('swarm_data', 'cmake_prefix_path')
[1.421s] INFO:colcon.colcon_core.shell:Creating environment hook '/home/janhavi/swarm_ws/install/swarm_data/share/swarm_data/hook/cmake_prefix_path.ps1'
[1.421s] INFO:colcon.colcon_core.shell:Creating environment descriptor '/home/janhavi/swarm_ws/install/swarm_data/share/swarm_data/hook/cmake_prefix_path.dsv'
[1.422s] INFO:colcon.colcon_core.shell:Creating environment hook '/home/janhavi/swarm_ws/install/swarm_data/share/swarm_data/hook/cmake_prefix_path.sh'
[1.423s] Level 1:colcon.colcon_core.environment:checking '/home/janhavi/swarm_ws/install/swarm_data/lib'
[1.423s] Level 1:colcon.colcon_core.environment:checking '/home/janhavi/swarm_ws/install/swarm_data/bin'
[1.423s] Level 1:colcon.colcon_core.environment:checking '/home/janhavi/swarm_ws/install/swarm_data/lib/pkgconfig/swarm_data.pc'
[1.423s] Level 1:colcon.colcon_core.environment:checking '/home/janhavi/swarm_ws/install/swarm_data/lib/python3.10/site-packages'
[1.424s] Level 1:colcon.colcon_core.environment:checking '/home/janhavi/swarm_ws/install/swarm_data/bin'
[1.424s] INFO:colcon.colcon_core.shell:Creating package script '/home/janhavi/swarm_ws/install/swarm_data/share/swarm_data/package.ps1'
[1.425s] INFO:colcon.colcon_core.shell:Creating package descriptor '/home/janhavi/swarm_ws/install/swarm_data/share/swarm_data/package.dsv'
[1.425s] INFO:colcon.colcon_core.shell:Creating package script '/home/janhavi/swarm_ws/install/swarm_data/share/swarm_data/package.sh'
[1.426s] INFO:colcon.colcon_core.shell:Creating package script '/home/janhavi/swarm_ws/install/swarm_data/share/swarm_data/package.bash'
[1.426s] INFO:colcon.colcon_core.shell:Creating package script '/home/janhavi/swarm_ws/install/swarm_data/share/swarm_data/package.zsh'
[1.427s] Level 1:colcon.colcon_core.environment:create_file_with_runtime_dependencies(/home/janhavi/swarm_ws/install/swarm_data/share/colcon-core/packages/swarm_data)
[1.427s] Level 1:colcon.colcon_core.environment:create_environment_scripts_only(swarm_data)
[1.428s] Level 1:colcon.colcon_core.environment:checking '/home/janhavi/swarm_ws/install/swarm_data' for CMake module files
[1.429s] Level 1:colcon.colcon_core.environment:checking '/home/janhavi/swarm_ws/install/swarm_data' for CMake config files
[1.429s] Level 1:colcon.colcon_core.shell:create_environment_hook('swarm_data', 'cmake_prefix_path')
[1.429s] INFO:colcon.colcon_core.shell:Creating environment hook '/home/janhavi/swarm_ws/install/swarm_data/share/swarm_data/hook/cmake_prefix_path.ps1'
[1.430s] INFO:colcon.colcon_core.shell:Creating environment descriptor '/home/janhavi/swarm_ws/install/swarm_data/share/swarm_data/hook/cmake_prefix_path.dsv'
[1.430s] INFO:colcon.colcon_core.shell:Creating environment hook '/home/janhavi/swarm_ws/install/swarm_data/share/swarm_data/hook/cmake_prefix_path.sh'
[1.431s] Level 1:colcon.colcon_core.environment:checking '/home/janhavi/swarm_ws/install/swarm_data/lib'
[1.431s] Level 1:colcon.colcon_core.environment:checking '/home/janhavi/swarm_ws/install/swarm_data/bin'
[1.431s] Level 1:colcon.colcon_core.environment:checking '/home/janhavi/swarm_ws/install/swarm_data/lib/pkgconfig/swarm_data.pc'
[1.431s] Level 1:colcon.colcon_core.environment:checking '/home/janhavi/swarm_ws/install/swarm_data/lib/python3.10/site-packages'
[1.432s] Level 1:colcon.colcon_core.environment:checking '/home/janhavi/swarm_ws/install/swarm_data/bin'
[1.432s] INFO:colcon.colcon_core.shell:Creating package script '/home/janhavi/swarm_ws/install/swarm_data/share/swarm_data/package.ps1'
[1.433s] INFO:colcon.colcon_core.shell:Creating package descriptor '/home/janhavi/swarm_ws/install/swarm_data/share/swarm_data/package.dsv'
[1.433s] INFO:colcon.colcon_core.shell:Creating package script '/home/janhavi/swarm_ws/install/swarm_data/share/swarm_data/package.sh'
[1.434s] INFO:colcon.colcon_core.shell:Creating package script '/home/janhavi/swarm_ws/install/swarm_data/share/swarm_data/package.bash'
[1.434s] INFO:colcon.colcon_core.shell:Creating package script '/home/janhavi/swarm_ws/install/swarm_data/share/swarm_data/package.zsh'
[1.435s] Level 1:colcon.colcon_core.environment:create_file_with_runtime_dependencies(/home/janhavi/swarm_ws/install/swarm_data/share/colcon-core/packages/swarm_data)
[1.435s] DEBUG:colcon.colcon_parallel_executor.executor.parallel:closing loop
[1.435s] DEBUG:colcon.colcon_parallel_executor.executor.parallel:loop closed
[1.436s] DEBUG:colcon.colcon_parallel_executor.executor.parallel:run_until_complete finished with '0'
[1.436s] DEBUG:colcon.colcon_core.event_reactor:joining thread
[1.444s] INFO:colcon.colcon_core.plugin_system:Skipping extension 'colcon_notification.desktop_notification.terminal_notifier': Not used on non-Darwin systems
[1.444s] INFO:colcon.colcon_core.plugin_system:Skipping extension 'colcon_notification.desktop_notification.win32': Not used on non-Windows systems
[1.444s] INFO:colcon.colcon_notification.desktop_notification:Sending desktop notification using 'notify2'
[1.461s] DEBUG:colcon.colcon_core.event_reactor:joined thread
[1.462s] INFO:colcon.colcon_core.shell:Creating prefix script '/home/janhavi/swarm_ws/install/local_setup.ps1'
[1.463s] INFO:colcon.colcon_core.shell:Creating prefix util module '/home/janhavi/swarm_ws/install/_local_setup_util_ps1.py'
[1.465s] INFO:colcon.colcon_core.shell:Creating prefix chain script '/home/janhavi/swarm_ws/install/setup.ps1'
[1.467s] INFO:colcon.colcon_core.shell:Creating prefix script '/home/janhavi/swarm_ws/install/local_setup.sh'
[1.468s] INFO:colcon.colcon_core.shell:Creating prefix util module '/home/janhavi/swarm_ws/install/_local_setup_util_sh.py'
[1.468s] INFO:colcon.colcon_core.shell:Creating prefix chain script '/home/janhavi/swarm_ws/install/setup.sh'
[1.470s] INFO:colcon.colcon_core.shell:Creating prefix script '/home/janhavi/swarm_ws/install/local_setup.bash'
[1.471s] INFO:colcon.colcon_core.shell:Creating prefix chain script '/home/janhavi/swarm_ws/install/setup.bash'
[1.473s] INFO:colcon.colcon_core.shell:Creating prefix script '/home/janhavi/swarm_ws/install/local_setup.zsh'
[1.474s] INFO:colcon.colcon_core.shell:Creating prefix chain script '/home/janhavi/swarm_ws/install/setup.zsh'
