-- Found ament_cmake: 1.3.11 (/opt/ros/humble/share/ament_cmake/cmake)
-- Found builtin_interfaces: 1.2.1 (/opt/ros/humble/share/builtin_interfaces/cmake)
-- Found rosidl_generator_c: 3.1.6 (/opt/ros/humble/share/rosidl_generator_c/cmake)
-- Found rosidl_adapter: 3.1.6 (/opt/ros/humble/share/rosidl_adapter/cmake)
-- Found rosidl_generator_cpp: 3.1.6 (/opt/ros/humble/share/rosidl_generator_cpp/cmake)
-- Using all available rosidl_typesupport_c: rosidl_typesupport_fastrtps_c;rosidl_typesupport_introspection_c
-- Using all available rosidl_typesupport_cpp: rosidl_typesupport_fastrtps_cpp;rosidl_typesupport_introspection_cpp
-- Found std_msgs: 4.2.4 (/opt/ros/humble/share/std_msgs/cmake)
-- Found geometry_msgs: 4.2.4 (/opt/ros/humble/share/geometry_msgs/cmake)
-- Found rosidl_default_generators: 1.2.0 (/opt/ros/humble/share/rosidl_default_generators/cmake)
-- Found ament_lint_auto: 0.12.11 (/opt/ros/humble/share/ament_lint_auto/cmake)
-- Found ament_cmake_ros: 0.10.0 (/opt/ros/humble/share/ament_cmake_ros/cmake)
-- Using all available rosidl_typesupport_c: rosidl_typesupport_fastrtps_c;rosidl_typesupport_introspection_c
-- Using all available rosidl_typesupport_cpp: rosidl_typesupport_fastrtps_cpp;rosidl_typesupport_introspection_cpp
-- Found python_cmake_module: 0.10.0 (/opt/ros/humble/share/python_cmake_module/cmake)
-- Using PYTHON_EXECUTABLE: /usr/bin/python3
-- Using PYTHON_INCLUDE_DIRS: /usr/include/python3.10
-- Using PYTHON_LIBRARIES: /usr/lib/x86_64-linux-gnu/libpython3.10.so
-- Added test 'lint_cmake' to check CMake code style
-- Added test 'xmllint' to check XML markup files
-- Configuring done
-- Generating done
-- Build files have been written to: /home/janhavi/swarm_ws/build/swarm_msgs
[  1%] [34m[1mGenerating C code for ROS interfaces[0m
[  3%] [34m[1mGenerating C++ code for ROS interfaces[0m
[  3%] Built target ament_cmake_python_copy_swarm_msgs
running egg_info
writing swarm_msgs.egg-info/PKG-INFO
writing dependency_links to swarm_msgs.egg-info/dependency_links.txt
writing top-level names to swarm_msgs.egg-info/top_level.txt
reading manifest file 'swarm_msgs.egg-info/SOURCES.txt'
writing manifest file 'swarm_msgs.egg-info/SOURCES.txt'
[  3%] Built target ament_cmake_python_build_swarm_msgs_egg
[35m[1mConsolidate compiler generated dependencies of target swarm_msgs__rosidl_generator_c[0m
[  5%] [32mBuilding C object CMakeFiles/swarm_msgs__rosidl_generator_c.dir/rosidl_generator_c/swarm_msgs/msg/detail/gossip__functions.c.o[0m
[  7%] [32mBuilding C object CMakeFiles/swarm_msgs__rosidl_generator_c.dir/rosidl_generator_c/swarm_msgs/msg/detail/robot_state__functions.c.o[0m
[  9%] [32mBuilding C object CMakeFiles/swarm_msgs__rosidl_generator_c.dir/rosidl_generator_c/swarm_msgs/msg/detail/formation_info__functions.c.o[0m
[ 10%] [32mBuilding C object CMakeFiles/swarm_msgs__rosidl_generator_c.dir/rosidl_generator_c/swarm_msgs/msg/detail/gmm_params__functions.c.o[0m
[ 12%] [32m[1mLinking C shared library libswarm_msgs__rosidl_generator_c.so[0m
[ 12%] Built target swarm_msgs__rosidl_generator_c
[ 12%] Built target swarm_msgs__cpp
[ 14%] [34m[1mGenerating C type support dispatch for ROS interfaces[0m
[ 16%] [34m[1mGenerating C introspection for ROS interfaces[0m
[ 18%] [34m[1mGenerating C type support for eProsima Fast-RTPS[0m
[ 20%] [34m[1mGenerating C++ type support dispatch for ROS interfaces[0m
[ 21%] [34m[1mGenerating C++ type support for eProsima Fast-RTPS[0m
[ 23%] [34m[1mGenerating C++ introspection for ROS interfaces[0m
[35m[1mConsolidate compiler generated dependencies of target swarm_msgs__rosidl_typesupport_cpp[0m
[ 25%] [32mBuilding CXX object CMakeFiles/swarm_msgs__rosidl_typesupport_cpp.dir/rosidl_typesupport_cpp/swarm_msgs/msg/robot_state__type_support.cpp.o[0m
[ 27%] [32mBuilding CXX object CMakeFiles/swarm_msgs__rosidl_typesupport_cpp.dir/rosidl_typesupport_cpp/swarm_msgs/msg/gossip__type_support.cpp.o[0m
[ 29%] [32mBuilding CXX object CMakeFiles/swarm_msgs__rosidl_typesupport_cpp.dir/rosidl_typesupport_cpp/swarm_msgs/msg/gmm_params__type_support.cpp.o[0m
[ 30%] [32mBuilding CXX object CMakeFiles/swarm_msgs__rosidl_typesupport_cpp.dir/rosidl_typesupport_cpp/swarm_msgs/msg/formation_info__type_support.cpp.o[0m
[35m[1mConsolidate compiler generated dependencies of target swarm_msgs__rosidl_typesupport_introspection_c[0m
[ 36%] [32mBuilding C object CMakeFiles/swarm_msgs__rosidl_typesupport_introspection_c.dir/rosidl_typesupport_introspection_c/swarm_msgs/msg/detail/formation_info__type_support.c.o[0m
[ 36%] [32mBuilding C object CMakeFiles/swarm_msgs__rosidl_typesupport_introspection_c.dir/rosidl_typesupport_introspection_c/swarm_msgs/msg/detail/robot_state__type_support.c.o[0m
[ 36%] [32mBuilding C object CMakeFiles/swarm_msgs__rosidl_typesupport_introspection_c.dir/rosidl_typesupport_introspection_c/swarm_msgs/msg/detail/gmm_params__type_support.c.o[0m
[ 38%] [32mBuilding C object CMakeFiles/swarm_msgs__rosidl_typesupport_introspection_c.dir/rosidl_typesupport_introspection_c/swarm_msgs/msg/detail/gossip__type_support.c.o[0m
[ 40%] [32m[1mLinking C shared library libswarm_msgs__rosidl_typesupport_introspection_c.so[0m
[ 40%] Built target swarm_msgs__rosidl_typesupport_introspection_c
[35m[1mConsolidate compiler generated dependencies of target swarm_msgs__rosidl_typesupport_c[0m
[ 43%] [32mBuilding CXX object CMakeFiles/swarm_msgs__rosidl_typesupport_c.dir/rosidl_typesupport_c/swarm_msgs/msg/robot_state__type_support.cpp.o[0m
[ 43%] [32mBuilding CXX object CMakeFiles/swarm_msgs__rosidl_typesupport_c.dir/rosidl_typesupport_c/swarm_msgs/msg/formation_info__type_support.cpp.o[0m
[ 45%] [32mBuilding CXX object CMakeFiles/swarm_msgs__rosidl_typesupport_c.dir/rosidl_typesupport_c/swarm_msgs/msg/gossip__type_support.cpp.o[0m
[ 47%] [32mBuilding CXX object CMakeFiles/swarm_msgs__rosidl_typesupport_c.dir/rosidl_typesupport_c/swarm_msgs/msg/gmm_params__type_support.cpp.o[0m
[ 49%] [32m[1mLinking CXX shared library libswarm_msgs__rosidl_typesupport_c.so[0m
[35m[1mConsolidate compiler generated dependencies of target swarm_msgs__rosidl_typesupport_introspection_cpp[0m
[ 52%] [32mBuilding CXX object CMakeFiles/swarm_msgs__rosidl_typesupport_introspection_cpp.dir/rosidl_typesupport_introspection_cpp/swarm_msgs/msg/detail/gmm_params__type_support.cpp.o[0m
[ 52%] [32mBuilding CXX object CMakeFiles/swarm_msgs__rosidl_typesupport_introspection_cpp.dir/rosidl_typesupport_introspection_cpp/swarm_msgs/msg/detail/gossip__type_support.cpp.o[0m
[ 54%] [32mBuilding CXX object CMakeFiles/swarm_msgs__rosidl_typesupport_introspection_cpp.dir/rosidl_typesupport_introspection_cpp/swarm_msgs/msg/detail/robot_state__type_support.cpp.o[0m
[ 56%] [32mBuilding CXX object CMakeFiles/swarm_msgs__rosidl_typesupport_introspection_cpp.dir/rosidl_typesupport_introspection_cpp/swarm_msgs/msg/detail/formation_info__type_support.cpp.o[0m
[35m[1mConsolidate compiler generated dependencies of target swarm_msgs__rosidl_typesupport_fastrtps_c[0m
[ 56%] Built target swarm_msgs__rosidl_typesupport_c
[35m[1mConsolidate compiler generated dependencies of target swarm_msgs__rosidl_typesupport_fastrtps_cpp[0m
[ 58%] [32mBuilding CXX object CMakeFiles/swarm_msgs__rosidl_typesupport_fastrtps_c.dir/rosidl_typesupport_fastrtps_c/swarm_msgs/msg/detail/formation_info__type_support_c.cpp.o[0m
[ 61%] [32mBuilding CXX object CMakeFiles/swarm_msgs__rosidl_typesupport_fastrtps_c.dir/rosidl_typesupport_fastrtps_c/swarm_msgs/msg/detail/gmm_params__type_support_c.cpp.o[0m
[ 61%] [32mBuilding CXX object CMakeFiles/swarm_msgs__rosidl_typesupport_fastrtps_c.dir/rosidl_typesupport_fastrtps_c/swarm_msgs/msg/detail/robot_state__type_support_c.cpp.o[0m
[ 63%] [32mBuilding CXX object CMakeFiles/swarm_msgs__rosidl_typesupport_fastrtps_c.dir/rosidl_typesupport_fastrtps_c/swarm_msgs/msg/detail/gossip__type_support_c.cpp.o[0m
[ 65%] [32mBuilding CXX object CMakeFiles/swarm_msgs__rosidl_typesupport_fastrtps_cpp.dir/rosidl_typesupport_fastrtps_cpp/swarm_msgs/msg/detail/dds_fastrtps/robot_state__type_support.cpp.o[0m
[ 67%] [32mBuilding CXX object CMakeFiles/swarm_msgs__rosidl_typesupport_fastrtps_cpp.dir/rosidl_typesupport_fastrtps_cpp/swarm_msgs/msg/detail/dds_fastrtps/gmm_params__type_support.cpp.o[0m
[ 69%] [32mBuilding CXX object CMakeFiles/swarm_msgs__rosidl_typesupport_fastrtps_cpp.dir/rosidl_typesupport_fastrtps_cpp/swarm_msgs/msg/detail/dds_fastrtps/gossip__type_support.cpp.o[0m
[ 70%] [32m[1mLinking CXX shared library libswarm_msgs__rosidl_typesupport_cpp.so[0m
[ 70%] Built target swarm_msgs__rosidl_typesupport_cpp
[ 72%] [32mBuilding CXX object CMakeFiles/swarm_msgs__rosidl_typesupport_fastrtps_cpp.dir/rosidl_typesupport_fastrtps_cpp/swarm_msgs/msg/detail/dds_fastrtps/formation_info__type_support.cpp.o[0m
[ 74%] [32m[1mLinking CXX shared library libswarm_msgs__rosidl_typesupport_fastrtps_c.so[0m
[ 74%] Built target swarm_msgs__rosidl_typesupport_fastrtps_c
[ 76%] [32m[1mLinking CXX shared library libswarm_msgs__rosidl_typesupport_introspection_cpp.so[0m
[ 78%] [32m[1mLinking CXX shared library libswarm_msgs__rosidl_typesupport_fastrtps_cpp.so[0m
[ 78%] Built target swarm_msgs__rosidl_typesupport_introspection_cpp
[ 78%] Built target swarm_msgs__rosidl_typesupport_fastrtps_cpp
[ 78%] Built target swarm_msgs
[ 80%] [34m[1mGenerating Python code for ROS interfaces[0m
[ 80%] Built target swarm_msgs__py
[35m[1mConsolidate compiler generated dependencies of target swarm_msgs__rosidl_generator_py[0m
[ 81%] [32mBuilding C object CMakeFiles/swarm_msgs__rosidl_generator_py.dir/rosidl_generator_py/swarm_msgs/msg/_gossip_s.c.o[0m
[ 83%] [32mBuilding C object CMakeFiles/swarm_msgs__rosidl_generator_py.dir/rosidl_generator_py/swarm_msgs/msg/_gmm_params_s.c.o[0m
[ 87%] [32mBuilding C object CMakeFiles/swarm_msgs__rosidl_generator_py.dir/rosidl_generator_py/swarm_msgs/msg/_robot_state_s.c.o[0m
[ 87%] [32mBuilding C object CMakeFiles/swarm_msgs__rosidl_generator_py.dir/rosidl_generator_py/swarm_msgs/msg/_formation_info_s.c.o[0m
[ 89%] [32m[1mLinking C shared library rosidl_generator_py/swarm_msgs/libswarm_msgs__rosidl_generator_py.so[0m
[ 89%] Built target swarm_msgs__rosidl_generator_py
[35m[1mConsolidate compiler generated dependencies of target swarm_msgs__rosidl_typesupport_introspection_c__pyext[0m
[35m[1mConsolidate compiler generated dependencies of target swarm_msgs__rosidl_typesupport_fastrtps_c__pyext[0m
[35m[1mConsolidate compiler generated dependencies of target swarm_msgs__rosidl_typesupport_c__pyext[0m
[ 90%] [32mBuilding C object CMakeFiles/swarm_msgs__rosidl_typesupport_c__pyext.dir/rosidl_generator_py/swarm_msgs/_swarm_msgs_s.ep.rosidl_typesupport_c.c.o[0m
[ 94%] [32mBuilding C object CMakeFiles/swarm_msgs__rosidl_typesupport_fastrtps_c__pyext.dir/rosidl_generator_py/swarm_msgs/_swarm_msgs_s.ep.rosidl_typesupport_fastrtps_c.c.o[0m
[ 94%] [32mBuilding C object CMakeFiles/swarm_msgs__rosidl_typesupport_introspection_c__pyext.dir/rosidl_generator_py/swarm_msgs/_swarm_msgs_s.ep.rosidl_typesupport_introspection_c.c.o[0m
[ 96%] [32m[1mLinking C shared library rosidl_generator_py/swarm_msgs/swarm_msgs_s__rosidl_typesupport_c.cpython-310-x86_64-linux-gnu.so[0m
[ 98%] [32m[1mLinking C shared library rosidl_generator_py/swarm_msgs/swarm_msgs_s__rosidl_typesupport_fastrtps_c.cpython-310-x86_64-linux-gnu.so[0m
[100%] [32m[1mLinking C shared library rosidl_generator_py/swarm_msgs/swarm_msgs_s__rosidl_typesupport_introspection_c.cpython-310-x86_64-linux-gnu.so[0m
[100%] Built target swarm_msgs__rosidl_typesupport_fastrtps_c__pyext
[100%] Built target swarm_msgs__rosidl_typesupport_c__pyext
[100%] Built target swarm_msgs__rosidl_typesupport_introspection_c__pyext
-- Install configuration: ""
-- Installing: /home/janhavi/swarm_ws/install/swarm_msgs/share/ament_index/resource_index/rosidl_interfaces/swarm_msgs
-- Up-to-date: /home/janhavi/swarm_ws/install/swarm_msgs/include/swarm_msgs/swarm_msgs
-- Up-to-date: /home/janhavi/swarm_ws/install/swarm_msgs/include/swarm_msgs/swarm_msgs/msg
-- Installing: /home/janhavi/swarm_ws/install/swarm_msgs/include/swarm_msgs/swarm_msgs/msg/formation_info.h
-- Installing: /home/janhavi/swarm_ws/install/swarm_msgs/include/swarm_msgs/swarm_msgs/msg/gmm_params.h
-- Installing: /home/janhavi/swarm_ws/install/swarm_msgs/include/swarm_msgs/swarm_msgs/msg/robot_state.h
-- Installing: /home/janhavi/swarm_ws/install/swarm_msgs/include/swarm_msgs/swarm_msgs/msg/gossip.h
-- Up-to-date: /home/janhavi/swarm_ws/install/swarm_msgs/include/swarm_msgs/swarm_msgs/msg/detail
-- Installing: /home/janhavi/swarm_ws/install/swarm_msgs/include/swarm_msgs/swarm_msgs/msg/detail/gossip__functions.h
-- Installing: /home/janhavi/swarm_ws/install/swarm_msgs/include/swarm_msgs/swarm_msgs/msg/detail/gmm_params__functions.h
-- Installing: /home/janhavi/swarm_ws/install/swarm_msgs/include/swarm_msgs/swarm_msgs/msg/detail/formation_info__functions.c
-- Installing: /home/janhavi/swarm_ws/install/swarm_msgs/include/swarm_msgs/swarm_msgs/msg/detail/robot_state__functions.h
-- Installing: /home/janhavi/swarm_ws/install/swarm_msgs/include/swarm_msgs/swarm_msgs/msg/detail/robot_state__struct.h
-- Installing: /home/janhavi/swarm_ws/install/swarm_msgs/include/swarm_msgs/swarm_msgs/msg/detail/gmm_params__struct.h
-- Installing: /home/janhavi/swarm_ws/install/swarm_msgs/include/swarm_msgs/swarm_msgs/msg/detail/formation_info__struct.h
-- Installing: /home/janhavi/swarm_ws/install/swarm_msgs/include/swarm_msgs/swarm_msgs/msg/detail/formation_info__functions.h
-- Installing: /home/janhavi/swarm_ws/install/swarm_msgs/include/swarm_msgs/swarm_msgs/msg/detail/robot_state__type_support.h
-- Installing: /home/janhavi/swarm_ws/install/swarm_msgs/include/swarm_msgs/swarm_msgs/msg/detail/robot_state__functions.c
-- Installing: /home/janhavi/swarm_ws/install/swarm_msgs/include/swarm_msgs/swarm_msgs/msg/detail/formation_info__type_support.h
-- Installing: /home/janhavi/swarm_ws/install/swarm_msgs/include/swarm_msgs/swarm_msgs/msg/detail/gossip__struct.h
-- Installing: /home/janhavi/swarm_ws/install/swarm_msgs/include/swarm_msgs/swarm_msgs/msg/detail/gmm_params__type_support.h
-- Installing: /home/janhavi/swarm_ws/install/swarm_msgs/include/swarm_msgs/swarm_msgs/msg/detail/gossip__functions.c
-- Installing: /home/janhavi/swarm_ws/install/swarm_msgs/include/swarm_msgs/swarm_msgs/msg/detail/gossip__type_support.h
-- Installing: /home/janhavi/swarm_ws/install/swarm_msgs/include/swarm_msgs/swarm_msgs/msg/detail/gmm_params__functions.c
-- Up-to-date: /home/janhavi/swarm_ws/install/swarm_msgs/include/swarm_msgs/swarm_msgs/msg/rosidl_generator_c__visibility_control.h
-- Up-to-date: /home/janhavi/swarm_ws/install/swarm_msgs/share/swarm_msgs/environment/library_path.sh
-- Installing: /home/janhavi/swarm_ws/install/swarm_msgs/share/swarm_msgs/environment/library_path.dsv
-- Installing: /home/janhavi/swarm_ws/install/swarm_msgs/lib/libswarm_msgs__rosidl_generator_c.so
-- Set runtime path of "/home/janhavi/swarm_ws/install/swarm_msgs/lib/libswarm_msgs__rosidl_generator_c.so" to ""
-- Up-to-date: /home/janhavi/swarm_ws/install/swarm_msgs/include/swarm_msgs/swarm_msgs
-- Up-to-date: /home/janhavi/swarm_ws/install/swarm_msgs/include/swarm_msgs/swarm_msgs/msg
-- Up-to-date: /home/janhavi/swarm_ws/install/swarm_msgs/include/swarm_msgs/swarm_msgs/msg/rosidl_typesupport_fastrtps_c__visibility_control.h
-- Up-to-date: /home/janhavi/swarm_ws/install/swarm_msgs/include/swarm_msgs/swarm_msgs/msg/detail
-- Installing: /home/janhavi/swarm_ws/install/swarm_msgs/include/swarm_msgs/swarm_msgs/msg/detail/formation_info__rosidl_typesupport_fastrtps_c.h
-- Installing: /home/janhavi/swarm_ws/install/swarm_msgs/include/swarm_msgs/swarm_msgs/msg/detail/gmm_params__rosidl_typesupport_fastrtps_c.h
-- Installing: /home/janhavi/swarm_ws/install/swarm_msgs/include/swarm_msgs/swarm_msgs/msg/detail/gossip__rosidl_typesupport_fastrtps_c.h
-- Installing: /home/janhavi/swarm_ws/install/swarm_msgs/include/swarm_msgs/swarm_msgs/msg/detail/robot_state__rosidl_typesupport_fastrtps_c.h
-- Installing: /home/janhavi/swarm_ws/install/swarm_msgs/lib/libswarm_msgs__rosidl_typesupport_fastrtps_c.so
-- Set runtime path of "/home/janhavi/swarm_ws/install/swarm_msgs/lib/libswarm_msgs__rosidl_typesupport_fastrtps_c.so" to ""
-- Up-to-date: /home/janhavi/swarm_ws/install/swarm_msgs/include/swarm_msgs/swarm_msgs
-- Up-to-date: /home/janhavi/swarm_ws/install/swarm_msgs/include/swarm_msgs/swarm_msgs/msg
-- Installing: /home/janhavi/swarm_ws/install/swarm_msgs/include/swarm_msgs/swarm_msgs/msg/formation_info.hpp
-- Installing: /home/janhavi/swarm_ws/install/swarm_msgs/include/swarm_msgs/swarm_msgs/msg/gmm_params.hpp
-- Installing: /home/janhavi/swarm_ws/install/swarm_msgs/include/swarm_msgs/swarm_msgs/msg/gossip.hpp
-- Up-to-date: /home/janhavi/swarm_ws/install/swarm_msgs/include/swarm_msgs/swarm_msgs/msg/rosidl_generator_cpp__visibility_control.hpp
-- Up-to-date: /home/janhavi/swarm_ws/install/swarm_msgs/include/swarm_msgs/swarm_msgs/msg/detail
-- Installing: /home/janhavi/swarm_ws/install/swarm_msgs/include/swarm_msgs/swarm_msgs/msg/detail/formation_info__traits.hpp
-- Installing: /home/janhavi/swarm_ws/install/swarm_msgs/include/swarm_msgs/swarm_msgs/msg/detail/formation_info__struct.hpp
-- Installing: /home/janhavi/swarm_ws/install/swarm_msgs/include/swarm_msgs/swarm_msgs/msg/detail/robot_state__struct.hpp
-- Installing: /home/janhavi/swarm_ws/install/swarm_msgs/include/swarm_msgs/swarm_msgs/msg/detail/formation_info__type_support.hpp
-- Installing: /home/janhavi/swarm_ws/install/swarm_msgs/include/swarm_msgs/swarm_msgs/msg/detail/gossip__struct.hpp
-- Installing: /home/janhavi/swarm_ws/install/swarm_msgs/include/swarm_msgs/swarm_msgs/msg/detail/robot_state__type_support.hpp
-- Installing: /home/janhavi/swarm_ws/install/swarm_msgs/include/swarm_msgs/swarm_msgs/msg/detail/gossip__builder.hpp
-- Installing: /home/janhavi/swarm_ws/install/swarm_msgs/include/swarm_msgs/swarm_msgs/msg/detail/gmm_params__type_support.hpp
-- Installing: /home/janhavi/swarm_ws/install/swarm_msgs/include/swarm_msgs/swarm_msgs/msg/detail/gossip__type_support.hpp
-- Installing: /home/janhavi/swarm_ws/install/swarm_msgs/include/swarm_msgs/swarm_msgs/msg/detail/formation_info__builder.hpp
-- Installing: /home/janhavi/swarm_ws/install/swarm_msgs/include/swarm_msgs/swarm_msgs/msg/detail/gmm_params__struct.hpp
-- Installing: /home/janhavi/swarm_ws/install/swarm_msgs/include/swarm_msgs/swarm_msgs/msg/detail/robot_state__builder.hpp
-- Installing: /home/janhavi/swarm_ws/install/swarm_msgs/include/swarm_msgs/swarm_msgs/msg/detail/gossip__traits.hpp
-- Installing: /home/janhavi/swarm_ws/install/swarm_msgs/include/swarm_msgs/swarm_msgs/msg/detail/gmm_params__builder.hpp
-- Installing: /home/janhavi/swarm_ws/install/swarm_msgs/include/swarm_msgs/swarm_msgs/msg/detail/gmm_params__traits.hpp
-- Installing: /home/janhavi/swarm_ws/install/swarm_msgs/include/swarm_msgs/swarm_msgs/msg/detail/robot_state__traits.hpp
-- Installing: /home/janhavi/swarm_ws/install/swarm_msgs/include/swarm_msgs/swarm_msgs/msg/robot_state.hpp
-- Up-to-date: /home/janhavi/swarm_ws/install/swarm_msgs/include/swarm_msgs/swarm_msgs
-- Up-to-date: /home/janhavi/swarm_ws/install/swarm_msgs/include/swarm_msgs/swarm_msgs/msg
-- Up-to-date: /home/janhavi/swarm_ws/install/swarm_msgs/include/swarm_msgs/swarm_msgs/msg/detail
-- Up-to-date: /home/janhavi/swarm_ws/install/swarm_msgs/include/swarm_msgs/swarm_msgs/msg/detail/dds_fastrtps
-- Installing: /home/janhavi/swarm_ws/install/swarm_msgs/include/swarm_msgs/swarm_msgs/msg/detail/gossip__rosidl_typesupport_fastrtps_cpp.hpp
-- Installing: /home/janhavi/swarm_ws/install/swarm_msgs/include/swarm_msgs/swarm_msgs/msg/detail/formation_info__rosidl_typesupport_fastrtps_cpp.hpp
-- Installing: /home/janhavi/swarm_ws/install/swarm_msgs/include/swarm_msgs/swarm_msgs/msg/detail/robot_state__rosidl_typesupport_fastrtps_cpp.hpp
-- Installing: /home/janhavi/swarm_ws/install/swarm_msgs/include/swarm_msgs/swarm_msgs/msg/detail/gmm_params__rosidl_typesupport_fastrtps_cpp.hpp
-- Up-to-date: /home/janhavi/swarm_ws/install/swarm_msgs/include/swarm_msgs/swarm_msgs/msg/rosidl_typesupport_fastrtps_cpp__visibility_control.h
-- Installing: /home/janhavi/swarm_ws/install/swarm_msgs/lib/libswarm_msgs__rosidl_typesupport_fastrtps_cpp.so
-- Set runtime path of "/home/janhavi/swarm_ws/install/swarm_msgs/lib/libswarm_msgs__rosidl_typesupport_fastrtps_cpp.so" to ""
-- Up-to-date: /home/janhavi/swarm_ws/install/swarm_msgs/include/swarm_msgs/swarm_msgs
-- Up-to-date: /home/janhavi/swarm_ws/install/swarm_msgs/include/swarm_msgs/swarm_msgs/msg
-- Up-to-date: /home/janhavi/swarm_ws/install/swarm_msgs/include/swarm_msgs/swarm_msgs/msg/rosidl_typesupport_introspection_c__visibility_control.h
-- Up-to-date: /home/janhavi/swarm_ws/install/swarm_msgs/include/swarm_msgs/swarm_msgs/msg/detail
-- Installing: /home/janhavi/swarm_ws/install/swarm_msgs/include/swarm_msgs/swarm_msgs/msg/detail/gossip__rosidl_typesupport_introspection_c.h
-- Installing: /home/janhavi/swarm_ws/install/swarm_msgs/include/swarm_msgs/swarm_msgs/msg/detail/formation_info__rosidl_typesupport_introspection_c.h
-- Installing: /home/janhavi/swarm_ws/install/swarm_msgs/include/swarm_msgs/swarm_msgs/msg/detail/gmm_params__rosidl_typesupport_introspection_c.h
-- Installing: /home/janhavi/swarm_ws/install/swarm_msgs/include/swarm_msgs/swarm_msgs/msg/detail/gmm_params__type_support.c
-- Installing: /home/janhavi/swarm_ws/install/swarm_msgs/include/swarm_msgs/swarm_msgs/msg/detail/robot_state__rosidl_typesupport_introspection_c.h
-- Installing: /home/janhavi/swarm_ws/install/swarm_msgs/include/swarm_msgs/swarm_msgs/msg/detail/robot_state__type_support.c
-- Installing: /home/janhavi/swarm_ws/install/swarm_msgs/include/swarm_msgs/swarm_msgs/msg/detail/gossip__type_support.c
-- Installing: /home/janhavi/swarm_ws/install/swarm_msgs/include/swarm_msgs/swarm_msgs/msg/detail/formation_info__type_support.c
-- Installing: /home/janhavi/swarm_ws/install/swarm_msgs/lib/libswarm_msgs__rosidl_typesupport_introspection_c.so
-- Set runtime path of "/home/janhavi/swarm_ws/install/swarm_msgs/lib/libswarm_msgs__rosidl_typesupport_introspection_c.so" to ""
-- Installing: /home/janhavi/swarm_ws/install/swarm_msgs/lib/libswarm_msgs__rosidl_typesupport_c.so
-- Set runtime path of "/home/janhavi/swarm_ws/install/swarm_msgs/lib/libswarm_msgs__rosidl_typesupport_c.so" to ""
-- Up-to-date: /home/janhavi/swarm_ws/install/swarm_msgs/include/swarm_msgs/swarm_msgs
-- Up-to-date: /home/janhavi/swarm_ws/install/swarm_msgs/include/swarm_msgs/swarm_msgs/msg
-- Up-to-date: /home/janhavi/swarm_ws/install/swarm_msgs/include/swarm_msgs/swarm_msgs/msg/detail
-- Installing: /home/janhavi/swarm_ws/install/swarm_msgs/include/swarm_msgs/swarm_msgs/msg/detail/formation_info__rosidl_typesupport_introspection_cpp.hpp
-- Installing: /home/janhavi/swarm_ws/install/swarm_msgs/include/swarm_msgs/swarm_msgs/msg/detail/gmm_params__type_support.cpp
-- Installing: /home/janhavi/swarm_ws/install/swarm_msgs/include/swarm_msgs/swarm_msgs/msg/detail/gossip__rosidl_typesupport_introspection_cpp.hpp
-- Installing: /home/janhavi/swarm_ws/install/swarm_msgs/include/swarm_msgs/swarm_msgs/msg/detail/gmm_params__rosidl_typesupport_introspection_cpp.hpp
-- Installing: /home/janhavi/swarm_ws/install/swarm_msgs/include/swarm_msgs/swarm_msgs/msg/detail/robot_state__rosidl_typesupport_introspection_cpp.hpp
-- Installing: /home/janhavi/swarm_ws/install/swarm_msgs/include/swarm_msgs/swarm_msgs/msg/detail/gossip__type_support.cpp
-- Installing: /home/janhavi/swarm_ws/install/swarm_msgs/include/swarm_msgs/swarm_msgs/msg/detail/formation_info__type_support.cpp
-- Installing: /home/janhavi/swarm_ws/install/swarm_msgs/include/swarm_msgs/swarm_msgs/msg/detail/robot_state__type_support.cpp
-- Installing: /home/janhavi/swarm_ws/install/swarm_msgs/lib/libswarm_msgs__rosidl_typesupport_introspection_cpp.so
-- Set runtime path of "/home/janhavi/swarm_ws/install/swarm_msgs/lib/libswarm_msgs__rosidl_typesupport_introspection_cpp.so" to ""
-- Installing: /home/janhavi/swarm_ws/install/swarm_msgs/lib/libswarm_msgs__rosidl_typesupport_cpp.so
-- Set runtime path of "/home/janhavi/swarm_ws/install/swarm_msgs/lib/libswarm_msgs__rosidl_typesupport_cpp.so" to ""
-- Up-to-date: /home/janhavi/swarm_ws/install/swarm_msgs/share/swarm_msgs/environment/pythonpath.sh
-- Installing: /home/janhavi/swarm_ws/install/swarm_msgs/share/swarm_msgs/environment/pythonpath.dsv
-- Up-to-date: /home/janhavi/swarm_ws/install/swarm_msgs/local/lib/python3.10/dist-packages/swarm_msgs-0.0.0-py3.10.egg-info
-- Installing: /home/janhavi/swarm_ws/install/swarm_msgs/local/lib/python3.10/dist-packages/swarm_msgs-0.0.0-py3.10.egg-info/PKG-INFO
-- Installing: /home/janhavi/swarm_ws/install/swarm_msgs/local/lib/python3.10/dist-packages/swarm_msgs-0.0.0-py3.10.egg-info/dependency_links.txt
-- Installing: /home/janhavi/swarm_ws/install/swarm_msgs/local/lib/python3.10/dist-packages/swarm_msgs-0.0.0-py3.10.egg-info/SOURCES.txt
-- Installing: /home/janhavi/swarm_ws/install/swarm_msgs/local/lib/python3.10/dist-packages/swarm_msgs-0.0.0-py3.10.egg-info/top_level.txt
-- Up-to-date: /home/janhavi/swarm_ws/install/swarm_msgs/local/lib/python3.10/dist-packages/swarm_msgs
-- Installing: /home/janhavi/swarm_ws/install/swarm_msgs/local/lib/python3.10/dist-packages/swarm_msgs/_swarm_msgs_s.ep.rosidl_typesupport_fastrtps_c.c
-- Installing: /home/janhavi/swarm_ws/install/swarm_msgs/local/lib/python3.10/dist-packages/swarm_msgs/_swarm_msgs_s.ep.rosidl_typesupport_introspection_c.c
-- Installing: /home/janhavi/swarm_ws/install/swarm_msgs/local/lib/python3.10/dist-packages/swarm_msgs/libswarm_msgs__rosidl_generator_py.so
-- Installing: /home/janhavi/swarm_ws/install/swarm_msgs/local/lib/python3.10/dist-packages/swarm_msgs/__init__.py
-- Installing: /home/janhavi/swarm_ws/install/swarm_msgs/local/lib/python3.10/dist-packages/swarm_msgs/swarm_msgs_s__rosidl_typesupport_fastrtps_c.cpython-310-x86_64-linux-gnu.so
-- Installing: /home/janhavi/swarm_ws/install/swarm_msgs/local/lib/python3.10/dist-packages/swarm_msgs/_swarm_msgs_s.ep.rosidl_typesupport_c.c
-- Installing: /home/janhavi/swarm_ws/install/swarm_msgs/local/lib/python3.10/dist-packages/swarm_msgs/swarm_msgs_s__rosidl_typesupport_c.cpython-310-x86_64-linux-gnu.so
-- Up-to-date: /home/janhavi/swarm_ws/install/swarm_msgs/local/lib/python3.10/dist-packages/swarm_msgs/msg
-- Installing: /home/janhavi/swarm_ws/install/swarm_msgs/local/lib/python3.10/dist-packages/swarm_msgs/msg/_gmm_params_s.c
-- Installing: /home/janhavi/swarm_ws/install/swarm_msgs/local/lib/python3.10/dist-packages/swarm_msgs/msg/_gossip.py
-- Installing: /home/janhavi/swarm_ws/install/swarm_msgs/local/lib/python3.10/dist-packages/swarm_msgs/msg/_gmm_params.py
-- Installing: /home/janhavi/swarm_ws/install/swarm_msgs/local/lib/python3.10/dist-packages/swarm_msgs/msg/_formation_info.py
-- Installing: /home/janhavi/swarm_ws/install/swarm_msgs/local/lib/python3.10/dist-packages/swarm_msgs/msg/_robot_state.py
-- Installing: /home/janhavi/swarm_ws/install/swarm_msgs/local/lib/python3.10/dist-packages/swarm_msgs/msg/_robot_state_s.c
-- Installing: /home/janhavi/swarm_ws/install/swarm_msgs/local/lib/python3.10/dist-packages/swarm_msgs/msg/__init__.py
-- Installing: /home/janhavi/swarm_ws/install/swarm_msgs/local/lib/python3.10/dist-packages/swarm_msgs/msg/_formation_info_s.c
-- Installing: /home/janhavi/swarm_ws/install/swarm_msgs/local/lib/python3.10/dist-packages/swarm_msgs/msg/_gossip_s.c
-- Installing: /home/janhavi/swarm_ws/install/swarm_msgs/local/lib/python3.10/dist-packages/swarm_msgs/swarm_msgs_s__rosidl_typesupport_introspection_c.cpython-310-x86_64-linux-gnu.so
Listing '/home/janhavi/swarm_ws/install/swarm_msgs/local/lib/python3.10/dist-packages/swarm_msgs'...
Compiling '/home/janhavi/swarm_ws/install/swarm_msgs/local/lib/python3.10/dist-packages/swarm_msgs/__init__.py'...
Listing '/home/janhavi/swarm_ws/install/swarm_msgs/local/lib/python3.10/dist-packages/swarm_msgs/msg'...
Compiling '/home/janhavi/swarm_ws/install/swarm_msgs/local/lib/python3.10/dist-packages/swarm_msgs/msg/__init__.py'...
Compiling '/home/janhavi/swarm_ws/install/swarm_msgs/local/lib/python3.10/dist-packages/swarm_msgs/msg/_formation_info.py'...
Compiling '/home/janhavi/swarm_ws/install/swarm_msgs/local/lib/python3.10/dist-packages/swarm_msgs/msg/_gmm_params.py'...
Compiling '/home/janhavi/swarm_ws/install/swarm_msgs/local/lib/python3.10/dist-packages/swarm_msgs/msg/_gossip.py'...
Compiling '/home/janhavi/swarm_ws/install/swarm_msgs/local/lib/python3.10/dist-packages/swarm_msgs/msg/_robot_state.py'...
-- Installing: /home/janhavi/swarm_ws/install/swarm_msgs/local/lib/python3.10/dist-packages/swarm_msgs/swarm_msgs_s__rosidl_typesupport_fastrtps_c.cpython-310-x86_64-linux-gnu.so
-- Set runtime path of "/home/janhavi/swarm_ws/install/swarm_msgs/local/lib/python3.10/dist-packages/swarm_msgs/swarm_msgs_s__rosidl_typesupport_fastrtps_c.cpython-310-x86_64-linux-gnu.so" to ""
-- Installing: /home/janhavi/swarm_ws/install/swarm_msgs/local/lib/python3.10/dist-packages/swarm_msgs/swarm_msgs_s__rosidl_typesupport_introspection_c.cpython-310-x86_64-linux-gnu.so
-- Set runtime path of "/home/janhavi/swarm_ws/install/swarm_msgs/local/lib/python3.10/dist-packages/swarm_msgs/swarm_msgs_s__rosidl_typesupport_introspection_c.cpython-310-x86_64-linux-gnu.so" to ""
-- Installing: /home/janhavi/swarm_ws/install/swarm_msgs/local/lib/python3.10/dist-packages/swarm_msgs/swarm_msgs_s__rosidl_typesupport_c.cpython-310-x86_64-linux-gnu.so
-- Set runtime path of "/home/janhavi/swarm_ws/install/swarm_msgs/local/lib/python3.10/dist-packages/swarm_msgs/swarm_msgs_s__rosidl_typesupport_c.cpython-310-x86_64-linux-gnu.so" to ""
-- Installing: /home/janhavi/swarm_ws/install/swarm_msgs/lib/libswarm_msgs__rosidl_generator_py.so
-- Set runtime path of "/home/janhavi/swarm_ws/install/swarm_msgs/lib/libswarm_msgs__rosidl_generator_py.so" to ""
-- Up-to-date: /home/janhavi/swarm_ws/install/swarm_msgs/share/swarm_msgs/msg/RobotState.idl
-- Up-to-date: /home/janhavi/swarm_ws/install/swarm_msgs/share/swarm_msgs/msg/GMMParams.idl
-- Up-to-date: /home/janhavi/swarm_ws/install/swarm_msgs/share/swarm_msgs/msg/Gossip.idl
-- Installing: /home/janhavi/swarm_ws/install/swarm_msgs/share/swarm_msgs/msg/FormationInfo.idl
-- Up-to-date: /home/janhavi/swarm_ws/install/swarm_msgs/share/swarm_msgs/msg/RobotState.msg
-- Up-to-date: /home/janhavi/swarm_ws/install/swarm_msgs/share/swarm_msgs/msg/GMMParams.msg
-- Up-to-date: /home/janhavi/swarm_ws/install/swarm_msgs/share/swarm_msgs/msg/Gossip.msg
-- Installing: /home/janhavi/swarm_ws/install/swarm_msgs/share/swarm_msgs/msg/FormationInfo.msg
-- Up-to-date: /home/janhavi/swarm_ws/install/swarm_msgs/share/ament_index/resource_index/package_run_dependencies/swarm_msgs
-- Up-to-date: /home/janhavi/swarm_ws/install/swarm_msgs/share/ament_index/resource_index/parent_prefix_path/swarm_msgs
-- Up-to-date: /home/janhavi/swarm_ws/install/swarm_msgs/share/swarm_msgs/environment/ament_prefix_path.sh
-- Installing: /home/janhavi/swarm_ws/install/swarm_msgs/share/swarm_msgs/environment/ament_prefix_path.dsv
-- Up-to-date: /home/janhavi/swarm_ws/install/swarm_msgs/share/swarm_msgs/environment/path.sh
-- Installing: /home/janhavi/swarm_ws/install/swarm_msgs/share/swarm_msgs/environment/path.dsv
-- Up-to-date: /home/janhavi/swarm_ws/install/swarm_msgs/share/swarm_msgs/local_setup.bash
-- Up-to-date: /home/janhavi/swarm_ws/install/swarm_msgs/share/swarm_msgs/local_setup.sh
-- Up-to-date: /home/janhavi/swarm_ws/install/swarm_msgs/share/swarm_msgs/local_setup.zsh
-- Installing: /home/janhavi/swarm_ws/install/swarm_msgs/share/swarm_msgs/local_setup.dsv
-- Installing: /home/janhavi/swarm_ws/install/swarm_msgs/share/swarm_msgs/package.dsv
-- Up-to-date: /home/janhavi/swarm_ws/install/swarm_msgs/share/ament_index/resource_index/packages/swarm_msgs
-- Up-to-date: /home/janhavi/swarm_ws/install/swarm_msgs/share/swarm_msgs/cmake/export_swarm_msgs__rosidl_generator_cExport.cmake
-- Up-to-date: /home/janhavi/swarm_ws/install/swarm_msgs/share/swarm_msgs/cmake/export_swarm_msgs__rosidl_generator_cExport-noconfig.cmake
-- Up-to-date: /home/janhavi/swarm_ws/install/swarm_msgs/share/swarm_msgs/cmake/export_swarm_msgs__rosidl_typesupport_fastrtps_cExport.cmake
-- Up-to-date: /home/janhavi/swarm_ws/install/swarm_msgs/share/swarm_msgs/cmake/export_swarm_msgs__rosidl_typesupport_fastrtps_cExport-noconfig.cmake
-- Up-to-date: /home/janhavi/swarm_ws/install/swarm_msgs/share/swarm_msgs/cmake/export_swarm_msgs__rosidl_generator_cppExport.cmake
-- Up-to-date: /home/janhavi/swarm_ws/install/swarm_msgs/share/swarm_msgs/cmake/export_swarm_msgs__rosidl_typesupport_fastrtps_cppExport.cmake
-- Up-to-date: /home/janhavi/swarm_ws/install/swarm_msgs/share/swarm_msgs/cmake/export_swarm_msgs__rosidl_typesupport_fastrtps_cppExport-noconfig.cmake
-- Up-to-date: /home/janhavi/swarm_ws/install/swarm_msgs/share/swarm_msgs/cmake/swarm_msgs__rosidl_typesupport_introspection_cExport.cmake
-- Up-to-date: /home/janhavi/swarm_ws/install/swarm_msgs/share/swarm_msgs/cmake/swarm_msgs__rosidl_typesupport_introspection_cExport-noconfig.cmake
-- Up-to-date: /home/janhavi/swarm_ws/install/swarm_msgs/share/swarm_msgs/cmake/swarm_msgs__rosidl_typesupport_cExport.cmake
-- Up-to-date: /home/janhavi/swarm_ws/install/swarm_msgs/share/swarm_msgs/cmake/swarm_msgs__rosidl_typesupport_cExport-noconfig.cmake
-- Up-to-date: /home/janhavi/swarm_ws/install/swarm_msgs/share/swarm_msgs/cmake/swarm_msgs__rosidl_typesupport_introspection_cppExport.cmake
-- Up-to-date: /home/janhavi/swarm_ws/install/swarm_msgs/share/swarm_msgs/cmake/swarm_msgs__rosidl_typesupport_introspection_cppExport-noconfig.cmake
-- Up-to-date: /home/janhavi/swarm_ws/install/swarm_msgs/share/swarm_msgs/cmake/swarm_msgs__rosidl_typesupport_cppExport.cmake
-- Up-to-date: /home/janhavi/swarm_ws/install/swarm_msgs/share/swarm_msgs/cmake/swarm_msgs__rosidl_typesupport_cppExport-noconfig.cmake
-- Up-to-date: /home/janhavi/swarm_ws/install/swarm_msgs/share/swarm_msgs/cmake/export_swarm_msgs__rosidl_generator_pyExport.cmake
-- Up-to-date: /home/janhavi/swarm_ws/install/swarm_msgs/share/swarm_msgs/cmake/export_swarm_msgs__rosidl_generator_pyExport-noconfig.cmake
-- Installing: /home/janhavi/swarm_ws/install/swarm_msgs/share/swarm_msgs/cmake/rosidl_cmake-extras.cmake
-- Up-to-date: /home/janhavi/swarm_ws/install/swarm_msgs/share/swarm_msgs/cmake/ament_cmake_export_dependencies-extras.cmake
-- Up-to-date: /home/janhavi/swarm_ws/install/swarm_msgs/share/swarm_msgs/cmake/ament_cmake_export_include_directories-extras.cmake
-- Up-to-date: /home/janhavi/swarm_ws/install/swarm_msgs/share/swarm_msgs/cmake/ament_cmake_export_libraries-extras.cmake
-- Up-to-date: /home/janhavi/swarm_ws/install/swarm_msgs/share/swarm_msgs/cmake/ament_cmake_export_targets-extras.cmake
-- Up-to-date: /home/janhavi/swarm_ws/install/swarm_msgs/share/swarm_msgs/cmake/rosidl_cmake_export_typesupport_targets-extras.cmake
-- Up-to-date: /home/janhavi/swarm_ws/install/swarm_msgs/share/swarm_msgs/cmake/rosidl_cmake_export_typesupport_libraries-extras.cmake
-- Up-to-date: /home/janhavi/swarm_ws/install/swarm_msgs/share/swarm_msgs/cmake/swarm_msgsConfig.cmake
-- Up-to-date: /home/janhavi/swarm_ws/install/swarm_msgs/share/swarm_msgs/cmake/swarm_msgsConfig-version.cmake
-- Up-to-date: /home/janhavi/swarm_ws/install/swarm_msgs/share/swarm_msgs/package.xml
