[0.015s] Invoking command in '/home/janhavi/swarm_ws/build/swarm_msgs': CMAKE_PREFIX_PATH=/opt/ros/humble /usr/bin/cmake --build /home/janhavi/swarm_ws/build/swarm_msgs -- -j12 -l12
[0.033s] -- Found ament_cmake: 1.3.11 (/opt/ros/humble/share/ament_cmake/cmake)
[0.114s] -- Found builtin_interfaces: 1.2.1 (/opt/ros/humble/share/builtin_interfaces/cmake)
[0.127s] -- Found rosidl_generator_c: 3.1.6 (/opt/ros/humble/share/rosidl_generator_c/cmake)
[0.129s] -- Found rosidl_adapter: 3.1.6 (/opt/ros/humble/share/rosidl_adapter/cmake)
[0.131s] -- Found rosidl_generator_cpp: 3.1.6 (/opt/ros/humble/share/rosidl_generator_cpp/cmake)
[0.136s] -- Using all available rosidl_typesupport_c: rosidl_typesupport_fastrtps_c;rosidl_typesupport_introspection_c
[0.143s] -- Using all available rosidl_typesupport_cpp: rosidl_typesupport_fastrtps_cpp;rosidl_typesupport_introspection_cpp
[0.149s] -- Found std_msgs: 4.2.4 (/opt/ros/humble/share/std_msgs/cmake)
[0.155s] -- Found geometry_msgs: 4.2.4 (/opt/ros/humble/share/geometry_msgs/cmake)
[0.162s] -- Found rosidl_default_generators: 1.2.0 (/opt/ros/humble/share/rosidl_default_generators/cmake)
[0.166s] -- Found ament_lint_auto: 0.12.11 (/opt/ros/humble/share/ament_lint_auto/cmake)
[0.350s] -- Found ament_cmake_ros: 0.10.0 (/opt/ros/humble/share/ament_cmake_ros/cmake)
[0.613s] -- Using all available rosidl_typesupport_c: rosidl_typesupport_fastrtps_c;rosidl_typesupport_introspection_c
[0.720s] -- Using all available rosidl_typesupport_cpp: rosidl_typesupport_fastrtps_cpp;rosidl_typesupport_introspection_cpp
[0.735s] -- Found python_cmake_module: 0.10.0 (/opt/ros/humble/share/python_cmake_module/cmake)
[0.750s] -- Using PYTHON_EXECUTABLE: /usr/bin/python3
[0.750s] -- Using PYTHON_INCLUDE_DIRS: /usr/include/python3.10
[0.750s] -- Using PYTHON_LIBRARIES: /usr/lib/x86_64-linux-gnu/libpython3.10.so
[0.773s] -- Added test 'lint_cmake' to check CMake code style
[0.774s] -- Added test 'xmllint' to check XML markup files
[0.776s] -- Configuring done
[0.796s] -- Generating done
[0.803s] -- Build files have been written to: /home/janhavi/swarm_ws/build/swarm_msgs
[0.822s] [  1%] [34m[1mGenerating C code for ROS interfaces[0m
[0.830s] [  3%] [34m[1mGenerating C++ code for ROS interfaces[0m
[0.840s] [  3%] Built target ament_cmake_python_copy_swarm_msgs
[1.009s] running egg_info
[1.032s] writing swarm_msgs.egg-info/PKG-INFO
[1.032s] writing dependency_links to swarm_msgs.egg-info/dependency_links.txt
[1.033s] writing top-level names to swarm_msgs.egg-info/top_level.txt
[1.097s] reading manifest file 'swarm_msgs.egg-info/SOURCES.txt'
[1.098s] writing manifest file 'swarm_msgs.egg-info/SOURCES.txt'
[1.134s] [  3%] Built target ament_cmake_python_build_swarm_msgs_egg
[1.136s] [35m[1mConsolidate compiler generated dependencies of target swarm_msgs__rosidl_generator_c[0m
[1.145s] [  5%] [32mBuilding C object CMakeFiles/swarm_msgs__rosidl_generator_c.dir/rosidl_generator_c/swarm_msgs/msg/detail/gossip__functions.c.o[0m
[1.145s] [  7%] [32mBuilding C object CMakeFiles/swarm_msgs__rosidl_generator_c.dir/rosidl_generator_c/swarm_msgs/msg/detail/robot_state__functions.c.o[0m
[1.146s] [  9%] [32mBuilding C object CMakeFiles/swarm_msgs__rosidl_generator_c.dir/rosidl_generator_c/swarm_msgs/msg/detail/formation_info__functions.c.o[0m
[1.146s] [ 10%] [32mBuilding C object CMakeFiles/swarm_msgs__rosidl_generator_c.dir/rosidl_generator_c/swarm_msgs/msg/detail/gmm_params__functions.c.o[0m
[1.190s] [ 12%] [32m[1mLinking C shared library libswarm_msgs__rosidl_generator_c.so[0m
[1.225s] [ 12%] Built target swarm_msgs__rosidl_generator_c
[1.231s] [ 12%] Built target swarm_msgs__cpp
[1.232s] [ 14%] [34m[1mGenerating C type support dispatch for ROS interfaces[0m
[1.233s] [ 16%] [34m[1mGenerating C introspection for ROS interfaces[0m
[1.234s] [ 18%] [34m[1mGenerating C type support for eProsima Fast-RTPS[0m
[1.239s] [ 20%] [34m[1mGenerating C++ type support dispatch for ROS interfaces[0m
[1.240s] [ 21%] [34m[1mGenerating C++ type support for eProsima Fast-RTPS[0m
[1.240s] [ 23%] [34m[1mGenerating C++ introspection for ROS interfaces[0m
[1.488s] [35m[1mConsolidate compiler generated dependencies of target swarm_msgs__rosidl_typesupport_cpp[0m
[1.503s] [ 25%] [32mBuilding CXX object CMakeFiles/swarm_msgs__rosidl_typesupport_cpp.dir/rosidl_typesupport_cpp/swarm_msgs/msg/robot_state__type_support.cpp.o[0m
[1.507s] [ 27%] [32mBuilding CXX object CMakeFiles/swarm_msgs__rosidl_typesupport_cpp.dir/rosidl_typesupport_cpp/swarm_msgs/msg/gossip__type_support.cpp.o[0m
[1.508s] [ 29%] [32mBuilding CXX object CMakeFiles/swarm_msgs__rosidl_typesupport_cpp.dir/rosidl_typesupport_cpp/swarm_msgs/msg/gmm_params__type_support.cpp.o[0m
[1.510s] [ 30%] [32mBuilding CXX object CMakeFiles/swarm_msgs__rosidl_typesupport_cpp.dir/rosidl_typesupport_cpp/swarm_msgs/msg/formation_info__type_support.cpp.o[0m
[1.512s] [35m[1mConsolidate compiler generated dependencies of target swarm_msgs__rosidl_typesupport_introspection_c[0m
[1.523s] [ 36%] [32mBuilding C object CMakeFiles/swarm_msgs__rosidl_typesupport_introspection_c.dir/rosidl_typesupport_introspection_c/swarm_msgs/msg/detail/formation_info__type_support.c.o[0m
[1.523s] [ 36%] [32mBuilding C object CMakeFiles/swarm_msgs__rosidl_typesupport_introspection_c.dir/rosidl_typesupport_introspection_c/swarm_msgs/msg/detail/robot_state__type_support.c.o[0m
[1.523s] [ 36%] [32mBuilding C object CMakeFiles/swarm_msgs__rosidl_typesupport_introspection_c.dir/rosidl_typesupport_introspection_c/swarm_msgs/msg/detail/gmm_params__type_support.c.o[0m
[1.527s] [ 38%] [32mBuilding C object CMakeFiles/swarm_msgs__rosidl_typesupport_introspection_c.dir/rosidl_typesupport_introspection_c/swarm_msgs/msg/detail/gossip__type_support.c.o[0m
[1.569s] [ 40%] [32m[1mLinking C shared library libswarm_msgs__rosidl_typesupport_introspection_c.so[0m
[1.591s] [ 40%] Built target swarm_msgs__rosidl_typesupport_introspection_c
[1.669s] [35m[1mConsolidate compiler generated dependencies of target swarm_msgs__rosidl_typesupport_c[0m
[1.682s] [ 43%] [32mBuilding CXX object CMakeFiles/swarm_msgs__rosidl_typesupport_c.dir/rosidl_typesupport_c/swarm_msgs/msg/robot_state__type_support.cpp.o[0m
[1.683s] [ 43%] [32mBuilding CXX object CMakeFiles/swarm_msgs__rosidl_typesupport_c.dir/rosidl_typesupport_c/swarm_msgs/msg/formation_info__type_support.cpp.o[0m
[1.684s] [ 45%] [32mBuilding CXX object CMakeFiles/swarm_msgs__rosidl_typesupport_c.dir/rosidl_typesupport_c/swarm_msgs/msg/gossip__type_support.cpp.o[0m
[1.684s] [ 47%] [32mBuilding CXX object CMakeFiles/swarm_msgs__rosidl_typesupport_c.dir/rosidl_typesupport_c/swarm_msgs/msg/gmm_params__type_support.cpp.o[0m
[1.719s] [ 49%] [32m[1mLinking CXX shared library libswarm_msgs__rosidl_typesupport_c.so[0m
[1.738s] [35m[1mConsolidate compiler generated dependencies of target swarm_msgs__rosidl_typesupport_introspection_cpp[0m
[1.757s] [ 52%] [32mBuilding CXX object CMakeFiles/swarm_msgs__rosidl_typesupport_introspection_cpp.dir/rosidl_typesupport_introspection_cpp/swarm_msgs/msg/detail/gmm_params__type_support.cpp.o[0m
[1.757s] [ 52%] [32mBuilding CXX object CMakeFiles/swarm_msgs__rosidl_typesupport_introspection_cpp.dir/rosidl_typesupport_introspection_cpp/swarm_msgs/msg/detail/gossip__type_support.cpp.o[0m
[1.757s] [ 54%] [32mBuilding CXX object CMakeFiles/swarm_msgs__rosidl_typesupport_introspection_cpp.dir/rosidl_typesupport_introspection_cpp/swarm_msgs/msg/detail/robot_state__type_support.cpp.o[0m
[1.761s] [ 56%] [32mBuilding CXX object CMakeFiles/swarm_msgs__rosidl_typesupport_introspection_cpp.dir/rosidl_typesupport_introspection_cpp/swarm_msgs/msg/detail/formation_info__type_support.cpp.o[0m
[1.764s] [35m[1mConsolidate compiler generated dependencies of target swarm_msgs__rosidl_typesupport_fastrtps_c[0m
[1.769s] [ 56%] Built target swarm_msgs__rosidl_typesupport_c
[1.779s] [35m[1mConsolidate compiler generated dependencies of target swarm_msgs__rosidl_typesupport_fastrtps_cpp[0m
[1.783s] [ 58%] [32mBuilding CXX object CMakeFiles/swarm_msgs__rosidl_typesupport_fastrtps_c.dir/rosidl_typesupport_fastrtps_c/swarm_msgs/msg/detail/formation_info__type_support_c.cpp.o[0m
[1.784s] [ 61%] [32mBuilding CXX object CMakeFiles/swarm_msgs__rosidl_typesupport_fastrtps_c.dir/rosidl_typesupport_fastrtps_c/swarm_msgs/msg/detail/gmm_params__type_support_c.cpp.o[0m
[1.784s] [ 61%] [32mBuilding CXX object CMakeFiles/swarm_msgs__rosidl_typesupport_fastrtps_c.dir/rosidl_typesupport_fastrtps_c/swarm_msgs/msg/detail/robot_state__type_support_c.cpp.o[0m
[1.784s] [ 63%] [32mBuilding CXX object CMakeFiles/swarm_msgs__rosidl_typesupport_fastrtps_c.dir/rosidl_typesupport_fastrtps_c/swarm_msgs/msg/detail/gossip__type_support_c.cpp.o[0m
[1.797s] [ 65%] [32mBuilding CXX object CMakeFiles/swarm_msgs__rosidl_typesupport_fastrtps_cpp.dir/rosidl_typesupport_fastrtps_cpp/swarm_msgs/msg/detail/dds_fastrtps/robot_state__type_support.cpp.o[0m
[1.798s] [ 67%] [32mBuilding CXX object CMakeFiles/swarm_msgs__rosidl_typesupport_fastrtps_cpp.dir/rosidl_typesupport_fastrtps_cpp/swarm_msgs/msg/detail/dds_fastrtps/gmm_params__type_support.cpp.o[0m
[1.835s] [ 69%] [32mBuilding CXX object CMakeFiles/swarm_msgs__rosidl_typesupport_fastrtps_cpp.dir/rosidl_typesupport_fastrtps_cpp/swarm_msgs/msg/detail/dds_fastrtps/gossip__type_support.cpp.o[0m
[1.861s] [ 70%] [32m[1mLinking CXX shared library libswarm_msgs__rosidl_typesupport_cpp.so[0m
[1.915s] [ 70%] Built target swarm_msgs__rosidl_typesupport_cpp
[1.925s] [ 72%] [32mBuilding CXX object CMakeFiles/swarm_msgs__rosidl_typesupport_fastrtps_cpp.dir/rosidl_typesupport_fastrtps_cpp/swarm_msgs/msg/detail/dds_fastrtps/formation_info__type_support.cpp.o[0m
[2.276s] [ 74%] [32m[1mLinking CXX shared library libswarm_msgs__rosidl_typesupport_fastrtps_c.so[0m
[2.342s] [ 74%] Built target swarm_msgs__rosidl_typesupport_fastrtps_c
[2.400s] [ 76%] [32m[1mLinking CXX shared library libswarm_msgs__rosidl_typesupport_introspection_cpp.so[0m
[2.440s] [ 78%] [32m[1mLinking CXX shared library libswarm_msgs__rosidl_typesupport_fastrtps_cpp.so[0m
[2.458s] [ 78%] Built target swarm_msgs__rosidl_typesupport_introspection_cpp
[2.495s] [ 78%] Built target swarm_msgs__rosidl_typesupport_fastrtps_cpp
[2.513s] [ 78%] Built target swarm_msgs
[2.528s] [ 80%] [34m[1mGenerating Python code for ROS interfaces[0m
[2.960s] [ 80%] Built target swarm_msgs__py
[2.968s] [35m[1mConsolidate compiler generated dependencies of target swarm_msgs__rosidl_generator_py[0m
[2.977s] [ 81%] [32mBuilding C object CMakeFiles/swarm_msgs__rosidl_generator_py.dir/rosidl_generator_py/swarm_msgs/msg/_gossip_s.c.o[0m
[2.979s] [ 83%] [32mBuilding C object CMakeFiles/swarm_msgs__rosidl_generator_py.dir/rosidl_generator_py/swarm_msgs/msg/_gmm_params_s.c.o[0m
[2.979s] [ 87%] [32mBuilding C object CMakeFiles/swarm_msgs__rosidl_generator_py.dir/rosidl_generator_py/swarm_msgs/msg/_robot_state_s.c.o[0m
[2.979s] [ 87%] [32mBuilding C object CMakeFiles/swarm_msgs__rosidl_generator_py.dir/rosidl_generator_py/swarm_msgs/msg/_formation_info_s.c.o[0m
[3.080s] [ 89%] [32m[1mLinking C shared library rosidl_generator_py/swarm_msgs/libswarm_msgs__rosidl_generator_py.so[0m
[3.109s] [ 89%] Built target swarm_msgs__rosidl_generator_py
[3.118s] [35m[1mConsolidate compiler generated dependencies of target swarm_msgs__rosidl_typesupport_introspection_c__pyext[0m
[3.118s] [35m[1mConsolidate compiler generated dependencies of target swarm_msgs__rosidl_typesupport_fastrtps_c__pyext[0m
[3.118s] [35m[1mConsolidate compiler generated dependencies of target swarm_msgs__rosidl_typesupport_c__pyext[0m
[3.128s] [ 90%] [32mBuilding C object CMakeFiles/swarm_msgs__rosidl_typesupport_c__pyext.dir/rosidl_generator_py/swarm_msgs/_swarm_msgs_s.ep.rosidl_typesupport_c.c.o[0m
[3.128s] [ 94%] [32mBuilding C object CMakeFiles/swarm_msgs__rosidl_typesupport_fastrtps_c__pyext.dir/rosidl_generator_py/swarm_msgs/_swarm_msgs_s.ep.rosidl_typesupport_fastrtps_c.c.o[0m
[3.129s] [ 94%] [32mBuilding C object CMakeFiles/swarm_msgs__rosidl_typesupport_introspection_c__pyext.dir/rosidl_generator_py/swarm_msgs/_swarm_msgs_s.ep.rosidl_typesupport_introspection_c.c.o[0m
[3.193s] [ 96%] [32m[1mLinking C shared library rosidl_generator_py/swarm_msgs/swarm_msgs_s__rosidl_typesupport_c.cpython-310-x86_64-linux-gnu.so[0m
[3.196s] [ 98%] [32m[1mLinking C shared library rosidl_generator_py/swarm_msgs/swarm_msgs_s__rosidl_typesupport_fastrtps_c.cpython-310-x86_64-linux-gnu.so[0m
[3.227s] [100%] [32m[1mLinking C shared library rosidl_generator_py/swarm_msgs/swarm_msgs_s__rosidl_typesupport_introspection_c.cpython-310-x86_64-linux-gnu.so[0m
[3.227s] [100%] Built target swarm_msgs__rosidl_typesupport_fastrtps_c__pyext
[3.230s] [100%] Built target swarm_msgs__rosidl_typesupport_c__pyext
[3.259s] [100%] Built target swarm_msgs__rosidl_typesupport_introspection_c__pyext
[3.269s] Invoked command in '/home/janhavi/swarm_ws/build/swarm_msgs' returned '0': CMAKE_PREFIX_PATH=/opt/ros/humble /usr/bin/cmake --build /home/janhavi/swarm_ws/build/swarm_msgs -- -j12 -l12
[3.270s] Invoking command in '/home/janhavi/swarm_ws/build/swarm_msgs': CMAKE_PREFIX_PATH=/opt/ros/humble /usr/bin/cmake --install /home/janhavi/swarm_ws/build/swarm_msgs
[3.277s] -- Install configuration: ""
[3.277s] -- Installing: /home/janhavi/swarm_ws/install/swarm_msgs/share/ament_index/resource_index/rosidl_interfaces/swarm_msgs
[3.278s] -- Up-to-date: /home/janhavi/swarm_ws/install/swarm_msgs/include/swarm_msgs/swarm_msgs
[3.278s] -- Up-to-date: /home/janhavi/swarm_ws/install/swarm_msgs/include/swarm_msgs/swarm_msgs/msg
[3.278s] -- Installing: /home/janhavi/swarm_ws/install/swarm_msgs/include/swarm_msgs/swarm_msgs/msg/formation_info.h
[3.278s] -- Installing: /home/janhavi/swarm_ws/install/swarm_msgs/include/swarm_msgs/swarm_msgs/msg/gmm_params.h
[3.278s] -- Installing: /home/janhavi/swarm_ws/install/swarm_msgs/include/swarm_msgs/swarm_msgs/msg/robot_state.h
[3.278s] -- Installing: /home/janhavi/swarm_ws/install/swarm_msgs/include/swarm_msgs/swarm_msgs/msg/gossip.h
[3.278s] -- Up-to-date: /home/janhavi/swarm_ws/install/swarm_msgs/include/swarm_msgs/swarm_msgs/msg/detail
[3.278s] -- Installing: /home/janhavi/swarm_ws/install/swarm_msgs/include/swarm_msgs/swarm_msgs/msg/detail/gossip__functions.h
[3.278s] -- Installing: /home/janhavi/swarm_ws/install/swarm_msgs/include/swarm_msgs/swarm_msgs/msg/detail/gmm_params__functions.h
[3.278s] -- Installing: /home/janhavi/swarm_ws/install/swarm_msgs/include/swarm_msgs/swarm_msgs/msg/detail/formation_info__functions.c
[3.278s] -- Installing: /home/janhavi/swarm_ws/install/swarm_msgs/include/swarm_msgs/swarm_msgs/msg/detail/robot_state__functions.h
[3.278s] -- Installing: /home/janhavi/swarm_ws/install/swarm_msgs/include/swarm_msgs/swarm_msgs/msg/detail/robot_state__struct.h
[3.278s] -- Installing: /home/janhavi/swarm_ws/install/swarm_msgs/include/swarm_msgs/swarm_msgs/msg/detail/gmm_params__struct.h
[3.278s] -- Installing: /home/janhavi/swarm_ws/install/swarm_msgs/include/swarm_msgs/swarm_msgs/msg/detail/formation_info__struct.h
[3.278s] -- Installing: /home/janhavi/swarm_ws/install/swarm_msgs/include/swarm_msgs/swarm_msgs/msg/detail/formation_info__functions.h
[3.279s] -- Installing: /home/janhavi/swarm_ws/install/swarm_msgs/include/swarm_msgs/swarm_msgs/msg/detail/robot_state__type_support.h
[3.279s] -- Installing: /home/janhavi/swarm_ws/install/swarm_msgs/include/swarm_msgs/swarm_msgs/msg/detail/robot_state__functions.c
[3.279s] -- Installing: /home/janhavi/swarm_ws/install/swarm_msgs/include/swarm_msgs/swarm_msgs/msg/detail/formation_info__type_support.h
[3.279s] -- Installing: /home/janhavi/swarm_ws/install/swarm_msgs/include/swarm_msgs/swarm_msgs/msg/detail/gossip__struct.h
[3.279s] -- Installing: /home/janhavi/swarm_ws/install/swarm_msgs/include/swarm_msgs/swarm_msgs/msg/detail/gmm_params__type_support.h
[3.279s] -- Installing: /home/janhavi/swarm_ws/install/swarm_msgs/include/swarm_msgs/swarm_msgs/msg/detail/gossip__functions.c
[3.279s] -- Installing: /home/janhavi/swarm_ws/install/swarm_msgs/include/swarm_msgs/swarm_msgs/msg/detail/gossip__type_support.h
[3.279s] -- Installing: /home/janhavi/swarm_ws/install/swarm_msgs/include/swarm_msgs/swarm_msgs/msg/detail/gmm_params__functions.c
[3.279s] -- Up-to-date: /home/janhavi/swarm_ws/install/swarm_msgs/include/swarm_msgs/swarm_msgs/msg/rosidl_generator_c__visibility_control.h
[3.279s] -- Up-to-date: /home/janhavi/swarm_ws/install/swarm_msgs/share/swarm_msgs/environment/library_path.sh
[3.279s] -- Installing: /home/janhavi/swarm_ws/install/swarm_msgs/share/swarm_msgs/environment/library_path.dsv
[3.279s] -- Installing: /home/janhavi/swarm_ws/install/swarm_msgs/lib/libswarm_msgs__rosidl_generator_c.so
[3.279s] -- Set runtime path of "/home/janhavi/swarm_ws/install/swarm_msgs/lib/libswarm_msgs__rosidl_generator_c.so" to ""
[3.279s] -- Up-to-date: /home/janhavi/swarm_ws/install/swarm_msgs/include/swarm_msgs/swarm_msgs
[3.279s] -- Up-to-date: /home/janhavi/swarm_ws/install/swarm_msgs/include/swarm_msgs/swarm_msgs/msg
[3.280s] -- Up-to-date: /home/janhavi/swarm_ws/install/swarm_msgs/include/swarm_msgs/swarm_msgs/msg/rosidl_typesupport_fastrtps_c__visibility_control.h
[3.280s] -- Up-to-date: /home/janhavi/swarm_ws/install/swarm_msgs/include/swarm_msgs/swarm_msgs/msg/detail
[3.280s] -- Installing: /home/janhavi/swarm_ws/install/swarm_msgs/include/swarm_msgs/swarm_msgs/msg/detail/formation_info__rosidl_typesupport_fastrtps_c.h
[3.280s] -- Installing: /home/janhavi/swarm_ws/install/swarm_msgs/include/swarm_msgs/swarm_msgs/msg/detail/gmm_params__rosidl_typesupport_fastrtps_c.h
[3.280s] -- Installing: /home/janhavi/swarm_ws/install/swarm_msgs/include/swarm_msgs/swarm_msgs/msg/detail/gossip__rosidl_typesupport_fastrtps_c.h
[3.280s] -- Installing: /home/janhavi/swarm_ws/install/swarm_msgs/include/swarm_msgs/swarm_msgs/msg/detail/robot_state__rosidl_typesupport_fastrtps_c.h
[3.280s] -- Installing: /home/janhavi/swarm_ws/install/swarm_msgs/lib/libswarm_msgs__rosidl_typesupport_fastrtps_c.so
[3.280s] -- Set runtime path of "/home/janhavi/swarm_ws/install/swarm_msgs/lib/libswarm_msgs__rosidl_typesupport_fastrtps_c.so" to ""
[3.280s] -- Up-to-date: /home/janhavi/swarm_ws/install/swarm_msgs/include/swarm_msgs/swarm_msgs
[3.280s] -- Up-to-date: /home/janhavi/swarm_ws/install/swarm_msgs/include/swarm_msgs/swarm_msgs/msg
[3.280s] -- Installing: /home/janhavi/swarm_ws/install/swarm_msgs/include/swarm_msgs/swarm_msgs/msg/formation_info.hpp
[3.280s] -- Installing: /home/janhavi/swarm_ws/install/swarm_msgs/include/swarm_msgs/swarm_msgs/msg/gmm_params.hpp
[3.280s] -- Installing: /home/janhavi/swarm_ws/install/swarm_msgs/include/swarm_msgs/swarm_msgs/msg/gossip.hpp
[3.280s] -- Up-to-date: /home/janhavi/swarm_ws/install/swarm_msgs/include/swarm_msgs/swarm_msgs/msg/rosidl_generator_cpp__visibility_control.hpp
[3.281s] -- Up-to-date: /home/janhavi/swarm_ws/install/swarm_msgs/include/swarm_msgs/swarm_msgs/msg/detail
[3.281s] -- Installing: /home/janhavi/swarm_ws/install/swarm_msgs/include/swarm_msgs/swarm_msgs/msg/detail/formation_info__traits.hpp
[3.281s] -- Installing: /home/janhavi/swarm_ws/install/swarm_msgs/include/swarm_msgs/swarm_msgs/msg/detail/formation_info__struct.hpp
[3.281s] -- Installing: /home/janhavi/swarm_ws/install/swarm_msgs/include/swarm_msgs/swarm_msgs/msg/detail/robot_state__struct.hpp
[3.281s] -- Installing: /home/janhavi/swarm_ws/install/swarm_msgs/include/swarm_msgs/swarm_msgs/msg/detail/formation_info__type_support.hpp
[3.281s] -- Installing: /home/janhavi/swarm_ws/install/swarm_msgs/include/swarm_msgs/swarm_msgs/msg/detail/gossip__struct.hpp
[3.281s] -- Installing: /home/janhavi/swarm_ws/install/swarm_msgs/include/swarm_msgs/swarm_msgs/msg/detail/robot_state__type_support.hpp
[3.281s] -- Installing: /home/janhavi/swarm_ws/install/swarm_msgs/include/swarm_msgs/swarm_msgs/msg/detail/gossip__builder.hpp
[3.281s] -- Installing: /home/janhavi/swarm_ws/install/swarm_msgs/include/swarm_msgs/swarm_msgs/msg/detail/gmm_params__type_support.hpp
[3.281s] -- Installing: /home/janhavi/swarm_ws/install/swarm_msgs/include/swarm_msgs/swarm_msgs/msg/detail/gossip__type_support.hpp
[3.281s] -- Installing: /home/janhavi/swarm_ws/install/swarm_msgs/include/swarm_msgs/swarm_msgs/msg/detail/formation_info__builder.hpp
[3.281s] -- Installing: /home/janhavi/swarm_ws/install/swarm_msgs/include/swarm_msgs/swarm_msgs/msg/detail/gmm_params__struct.hpp
[3.281s] -- Installing: /home/janhavi/swarm_ws/install/swarm_msgs/include/swarm_msgs/swarm_msgs/msg/detail/robot_state__builder.hpp
[3.281s] -- Installing: /home/janhavi/swarm_ws/install/swarm_msgs/include/swarm_msgs/swarm_msgs/msg/detail/gossip__traits.hpp
[3.282s] -- Installing: /home/janhavi/swarm_ws/install/swarm_msgs/include/swarm_msgs/swarm_msgs/msg/detail/gmm_params__builder.hpp
[3.282s] -- Installing: /home/janhavi/swarm_ws/install/swarm_msgs/include/swarm_msgs/swarm_msgs/msg/detail/gmm_params__traits.hpp
[3.282s] -- Installing: /home/janhavi/swarm_ws/install/swarm_msgs/include/swarm_msgs/swarm_msgs/msg/detail/robot_state__traits.hpp
[3.282s] -- Installing: /home/janhavi/swarm_ws/install/swarm_msgs/include/swarm_msgs/swarm_msgs/msg/robot_state.hpp
[3.282s] -- Up-to-date: /home/janhavi/swarm_ws/install/swarm_msgs/include/swarm_msgs/swarm_msgs
[3.282s] -- Up-to-date: /home/janhavi/swarm_ws/install/swarm_msgs/include/swarm_msgs/swarm_msgs/msg
[3.282s] -- Up-to-date: /home/janhavi/swarm_ws/install/swarm_msgs/include/swarm_msgs/swarm_msgs/msg/detail
[3.282s] -- Up-to-date: /home/janhavi/swarm_ws/install/swarm_msgs/include/swarm_msgs/swarm_msgs/msg/detail/dds_fastrtps
[3.282s] -- Installing: /home/janhavi/swarm_ws/install/swarm_msgs/include/swarm_msgs/swarm_msgs/msg/detail/gossip__rosidl_typesupport_fastrtps_cpp.hpp
[3.282s] -- Installing: /home/janhavi/swarm_ws/install/swarm_msgs/include/swarm_msgs/swarm_msgs/msg/detail/formation_info__rosidl_typesupport_fastrtps_cpp.hpp
[3.282s] -- Installing: /home/janhavi/swarm_ws/install/swarm_msgs/include/swarm_msgs/swarm_msgs/msg/detail/robot_state__rosidl_typesupport_fastrtps_cpp.hpp
[3.282s] -- Installing: /home/janhavi/swarm_ws/install/swarm_msgs/include/swarm_msgs/swarm_msgs/msg/detail/gmm_params__rosidl_typesupport_fastrtps_cpp.hpp
[3.282s] -- Up-to-date: /home/janhavi/swarm_ws/install/swarm_msgs/include/swarm_msgs/swarm_msgs/msg/rosidl_typesupport_fastrtps_cpp__visibility_control.h
[3.282s] -- Installing: /home/janhavi/swarm_ws/install/swarm_msgs/lib/libswarm_msgs__rosidl_typesupport_fastrtps_cpp.so
[3.282s] -- Set runtime path of "/home/janhavi/swarm_ws/install/swarm_msgs/lib/libswarm_msgs__rosidl_typesupport_fastrtps_cpp.so" to ""
[3.283s] -- Up-to-date: /home/janhavi/swarm_ws/install/swarm_msgs/include/swarm_msgs/swarm_msgs
[3.283s] -- Up-to-date: /home/janhavi/swarm_ws/install/swarm_msgs/include/swarm_msgs/swarm_msgs/msg
[3.283s] -- Up-to-date: /home/janhavi/swarm_ws/install/swarm_msgs/include/swarm_msgs/swarm_msgs/msg/rosidl_typesupport_introspection_c__visibility_control.h
[3.283s] -- Up-to-date: /home/janhavi/swarm_ws/install/swarm_msgs/include/swarm_msgs/swarm_msgs/msg/detail
[3.283s] -- Installing: /home/janhavi/swarm_ws/install/swarm_msgs/include/swarm_msgs/swarm_msgs/msg/detail/gossip__rosidl_typesupport_introspection_c.h
[3.283s] -- Installing: /home/janhavi/swarm_ws/install/swarm_msgs/include/swarm_msgs/swarm_msgs/msg/detail/formation_info__rosidl_typesupport_introspection_c.h
[3.283s] -- Installing: /home/janhavi/swarm_ws/install/swarm_msgs/include/swarm_msgs/swarm_msgs/msg/detail/gmm_params__rosidl_typesupport_introspection_c.h
[3.283s] -- Installing: /home/janhavi/swarm_ws/install/swarm_msgs/include/swarm_msgs/swarm_msgs/msg/detail/gmm_params__type_support.c
[3.283s] -- Installing: /home/janhavi/swarm_ws/install/swarm_msgs/include/swarm_msgs/swarm_msgs/msg/detail/robot_state__rosidl_typesupport_introspection_c.h
[3.283s] -- Installing: /home/janhavi/swarm_ws/install/swarm_msgs/include/swarm_msgs/swarm_msgs/msg/detail/robot_state__type_support.c
[3.283s] -- Installing: /home/janhavi/swarm_ws/install/swarm_msgs/include/swarm_msgs/swarm_msgs/msg/detail/gossip__type_support.c
[3.283s] -- Installing: /home/janhavi/swarm_ws/install/swarm_msgs/include/swarm_msgs/swarm_msgs/msg/detail/formation_info__type_support.c
[3.283s] -- Installing: /home/janhavi/swarm_ws/install/swarm_msgs/lib/libswarm_msgs__rosidl_typesupport_introspection_c.so
[3.283s] -- Set runtime path of "/home/janhavi/swarm_ws/install/swarm_msgs/lib/libswarm_msgs__rosidl_typesupport_introspection_c.so" to ""
[3.283s] -- Installing: /home/janhavi/swarm_ws/install/swarm_msgs/lib/libswarm_msgs__rosidl_typesupport_c.so
[3.283s] -- Set runtime path of "/home/janhavi/swarm_ws/install/swarm_msgs/lib/libswarm_msgs__rosidl_typesupport_c.so" to ""
[3.284s] -- Up-to-date: /home/janhavi/swarm_ws/install/swarm_msgs/include/swarm_msgs/swarm_msgs
[3.284s] -- Up-to-date: /home/janhavi/swarm_ws/install/swarm_msgs/include/swarm_msgs/swarm_msgs/msg
[3.284s] -- Up-to-date: /home/janhavi/swarm_ws/install/swarm_msgs/include/swarm_msgs/swarm_msgs/msg/detail
[3.284s] -- Installing: /home/janhavi/swarm_ws/install/swarm_msgs/include/swarm_msgs/swarm_msgs/msg/detail/formation_info__rosidl_typesupport_introspection_cpp.hpp
[3.284s] -- Installing: /home/janhavi/swarm_ws/install/swarm_msgs/include/swarm_msgs/swarm_msgs/msg/detail/gmm_params__type_support.cpp
[3.284s] -- Installing: /home/janhavi/swarm_ws/install/swarm_msgs/include/swarm_msgs/swarm_msgs/msg/detail/gossip__rosidl_typesupport_introspection_cpp.hpp
[3.284s] -- Installing: /home/janhavi/swarm_ws/install/swarm_msgs/include/swarm_msgs/swarm_msgs/msg/detail/gmm_params__rosidl_typesupport_introspection_cpp.hpp
[3.284s] -- Installing: /home/janhavi/swarm_ws/install/swarm_msgs/include/swarm_msgs/swarm_msgs/msg/detail/robot_state__rosidl_typesupport_introspection_cpp.hpp
[3.284s] -- Installing: /home/janhavi/swarm_ws/install/swarm_msgs/include/swarm_msgs/swarm_msgs/msg/detail/gossip__type_support.cpp
[3.284s] -- Installing: /home/janhavi/swarm_ws/install/swarm_msgs/include/swarm_msgs/swarm_msgs/msg/detail/formation_info__type_support.cpp
[3.284s] -- Installing: /home/janhavi/swarm_ws/install/swarm_msgs/include/swarm_msgs/swarm_msgs/msg/detail/robot_state__type_support.cpp
[3.284s] -- Installing: /home/janhavi/swarm_ws/install/swarm_msgs/lib/libswarm_msgs__rosidl_typesupport_introspection_cpp.so
[3.284s] -- Set runtime path of "/home/janhavi/swarm_ws/install/swarm_msgs/lib/libswarm_msgs__rosidl_typesupport_introspection_cpp.so" to ""
[3.284s] -- Installing: /home/janhavi/swarm_ws/install/swarm_msgs/lib/libswarm_msgs__rosidl_typesupport_cpp.so
[3.284s] -- Set runtime path of "/home/janhavi/swarm_ws/install/swarm_msgs/lib/libswarm_msgs__rosidl_typesupport_cpp.so" to ""
[3.284s] -- Up-to-date: /home/janhavi/swarm_ws/install/swarm_msgs/share/swarm_msgs/environment/pythonpath.sh
[3.284s] -- Installing: /home/janhavi/swarm_ws/install/swarm_msgs/share/swarm_msgs/environment/pythonpath.dsv
[3.284s] -- Up-to-date: /home/janhavi/swarm_ws/install/swarm_msgs/local/lib/python3.10/dist-packages/swarm_msgs-0.0.0-py3.10.egg-info
[3.285s] -- Installing: /home/janhavi/swarm_ws/install/swarm_msgs/local/lib/python3.10/dist-packages/swarm_msgs-0.0.0-py3.10.egg-info/PKG-INFO
[3.285s] -- Installing: /home/janhavi/swarm_ws/install/swarm_msgs/local/lib/python3.10/dist-packages/swarm_msgs-0.0.0-py3.10.egg-info/dependency_links.txt
[3.285s] -- Installing: /home/janhavi/swarm_ws/install/swarm_msgs/local/lib/python3.10/dist-packages/swarm_msgs-0.0.0-py3.10.egg-info/SOURCES.txt
[3.285s] -- Installing: /home/janhavi/swarm_ws/install/swarm_msgs/local/lib/python3.10/dist-packages/swarm_msgs-0.0.0-py3.10.egg-info/top_level.txt
[3.285s] -- Up-to-date: /home/janhavi/swarm_ws/install/swarm_msgs/local/lib/python3.10/dist-packages/swarm_msgs
[3.285s] -- Installing: /home/janhavi/swarm_ws/install/swarm_msgs/local/lib/python3.10/dist-packages/swarm_msgs/_swarm_msgs_s.ep.rosidl_typesupport_fastrtps_c.c
[3.285s] -- Installing: /home/janhavi/swarm_ws/install/swarm_msgs/local/lib/python3.10/dist-packages/swarm_msgs/_swarm_msgs_s.ep.rosidl_typesupport_introspection_c.c
[3.285s] -- Installing: /home/janhavi/swarm_ws/install/swarm_msgs/local/lib/python3.10/dist-packages/swarm_msgs/libswarm_msgs__rosidl_generator_py.so
[3.285s] -- Installing: /home/janhavi/swarm_ws/install/swarm_msgs/local/lib/python3.10/dist-packages/swarm_msgs/__init__.py
[3.285s] -- Installing: /home/janhavi/swarm_ws/install/swarm_msgs/local/lib/python3.10/dist-packages/swarm_msgs/swarm_msgs_s__rosidl_typesupport_fastrtps_c.cpython-310-x86_64-linux-gnu.so
[3.285s] -- Installing: /home/janhavi/swarm_ws/install/swarm_msgs/local/lib/python3.10/dist-packages/swarm_msgs/_swarm_msgs_s.ep.rosidl_typesupport_c.c
[3.285s] -- Installing: /home/janhavi/swarm_ws/install/swarm_msgs/local/lib/python3.10/dist-packages/swarm_msgs/swarm_msgs_s__rosidl_typesupport_c.cpython-310-x86_64-linux-gnu.so
[3.285s] -- Up-to-date: /home/janhavi/swarm_ws/install/swarm_msgs/local/lib/python3.10/dist-packages/swarm_msgs/msg
[3.285s] -- Installing: /home/janhavi/swarm_ws/install/swarm_msgs/local/lib/python3.10/dist-packages/swarm_msgs/msg/_gmm_params_s.c
[3.285s] -- Installing: /home/janhavi/swarm_ws/install/swarm_msgs/local/lib/python3.10/dist-packages/swarm_msgs/msg/_gossip.py
[3.285s] -- Installing: /home/janhavi/swarm_ws/install/swarm_msgs/local/lib/python3.10/dist-packages/swarm_msgs/msg/_gmm_params.py
[3.285s] -- Installing: /home/janhavi/swarm_ws/install/swarm_msgs/local/lib/python3.10/dist-packages/swarm_msgs/msg/_formation_info.py
[3.286s] -- Installing: /home/janhavi/swarm_ws/install/swarm_msgs/local/lib/python3.10/dist-packages/swarm_msgs/msg/_robot_state.py
[3.286s] -- Installing: /home/janhavi/swarm_ws/install/swarm_msgs/local/lib/python3.10/dist-packages/swarm_msgs/msg/_robot_state_s.c
[3.286s] -- Installing: /home/janhavi/swarm_ws/install/swarm_msgs/local/lib/python3.10/dist-packages/swarm_msgs/msg/__init__.py
[3.286s] -- Installing: /home/janhavi/swarm_ws/install/swarm_msgs/local/lib/python3.10/dist-packages/swarm_msgs/msg/_formation_info_s.c
[3.286s] -- Installing: /home/janhavi/swarm_ws/install/swarm_msgs/local/lib/python3.10/dist-packages/swarm_msgs/msg/_gossip_s.c
[3.286s] -- Installing: /home/janhavi/swarm_ws/install/swarm_msgs/local/lib/python3.10/dist-packages/swarm_msgs/swarm_msgs_s__rosidl_typesupport_introspection_c.cpython-310-x86_64-linux-gnu.so
[3.308s] Listing '/home/janhavi/swarm_ws/install/swarm_msgs/local/lib/python3.10/dist-packages/swarm_msgs'...
[3.308s] Compiling '/home/janhavi/swarm_ws/install/swarm_msgs/local/lib/python3.10/dist-packages/swarm_msgs/__init__.py'...
[3.308s] Listing '/home/janhavi/swarm_ws/install/swarm_msgs/local/lib/python3.10/dist-packages/swarm_msgs/msg'...
[3.308s] Compiling '/home/janhavi/swarm_ws/install/swarm_msgs/local/lib/python3.10/dist-packages/swarm_msgs/msg/__init__.py'...
[3.308s] Compiling '/home/janhavi/swarm_ws/install/swarm_msgs/local/lib/python3.10/dist-packages/swarm_msgs/msg/_formation_info.py'...
[3.308s] Compiling '/home/janhavi/swarm_ws/install/swarm_msgs/local/lib/python3.10/dist-packages/swarm_msgs/msg/_gmm_params.py'...
[3.308s] Compiling '/home/janhavi/swarm_ws/install/swarm_msgs/local/lib/python3.10/dist-packages/swarm_msgs/msg/_gossip.py'...
[3.308s] Compiling '/home/janhavi/swarm_ws/install/swarm_msgs/local/lib/python3.10/dist-packages/swarm_msgs/msg/_robot_state.py'...
[3.311s] -- Installing: /home/janhavi/swarm_ws/install/swarm_msgs/local/lib/python3.10/dist-packages/swarm_msgs/swarm_msgs_s__rosidl_typesupport_fastrtps_c.cpython-310-x86_64-linux-gnu.so
[3.311s] -- Set runtime path of "/home/janhavi/swarm_ws/install/swarm_msgs/local/lib/python3.10/dist-packages/swarm_msgs/swarm_msgs_s__rosidl_typesupport_fastrtps_c.cpython-310-x86_64-linux-gnu.so" to ""
[3.311s] -- Installing: /home/janhavi/swarm_ws/install/swarm_msgs/local/lib/python3.10/dist-packages/swarm_msgs/swarm_msgs_s__rosidl_typesupport_introspection_c.cpython-310-x86_64-linux-gnu.so
[3.312s] -- Set runtime path of "/home/janhavi/swarm_ws/install/swarm_msgs/local/lib/python3.10/dist-packages/swarm_msgs/swarm_msgs_s__rosidl_typesupport_introspection_c.cpython-310-x86_64-linux-gnu.so" to ""
[3.312s] -- Installing: /home/janhavi/swarm_ws/install/swarm_msgs/local/lib/python3.10/dist-packages/swarm_msgs/swarm_msgs_s__rosidl_typesupport_c.cpython-310-x86_64-linux-gnu.so
[3.312s] -- Set runtime path of "/home/janhavi/swarm_ws/install/swarm_msgs/local/lib/python3.10/dist-packages/swarm_msgs/swarm_msgs_s__rosidl_typesupport_c.cpython-310-x86_64-linux-gnu.so" to ""
[3.312s] -- Installing: /home/janhavi/swarm_ws/install/swarm_msgs/lib/libswarm_msgs__rosidl_generator_py.so
[3.312s] -- Set runtime path of "/home/janhavi/swarm_ws/install/swarm_msgs/lib/libswarm_msgs__rosidl_generator_py.so" to ""
[3.313s] -- Up-to-date: /home/janhavi/swarm_ws/install/swarm_msgs/share/swarm_msgs/msg/RobotState.idl
[3.313s] -- Up-to-date: /home/janhavi/swarm_ws/install/swarm_msgs/share/swarm_msgs/msg/GMMParams.idl
[3.313s] -- Up-to-date: /home/janhavi/swarm_ws/install/swarm_msgs/share/swarm_msgs/msg/Gossip.idl
[3.313s] -- Installing: /home/janhavi/swarm_ws/install/swarm_msgs/share/swarm_msgs/msg/FormationInfo.idl
[3.313s] -- Up-to-date: /home/janhavi/swarm_ws/install/swarm_msgs/share/swarm_msgs/msg/RobotState.msg
[3.313s] -- Up-to-date: /home/janhavi/swarm_ws/install/swarm_msgs/share/swarm_msgs/msg/GMMParams.msg
[3.313s] -- Up-to-date: /home/janhavi/swarm_ws/install/swarm_msgs/share/swarm_msgs/msg/Gossip.msg
[3.313s] -- Installing: /home/janhavi/swarm_ws/install/swarm_msgs/share/swarm_msgs/msg/FormationInfo.msg
[3.313s] -- Up-to-date: /home/janhavi/swarm_ws/install/swarm_msgs/share/ament_index/resource_index/package_run_dependencies/swarm_msgs
[3.313s] -- Up-to-date: /home/janhavi/swarm_ws/install/swarm_msgs/share/ament_index/resource_index/parent_prefix_path/swarm_msgs
[3.313s] -- Up-to-date: /home/janhavi/swarm_ws/install/swarm_msgs/share/swarm_msgs/environment/ament_prefix_path.sh
[3.313s] -- Installing: /home/janhavi/swarm_ws/install/swarm_msgs/share/swarm_msgs/environment/ament_prefix_path.dsv
[3.313s] -- Up-to-date: /home/janhavi/swarm_ws/install/swarm_msgs/share/swarm_msgs/environment/path.sh
[3.313s] -- Installing: /home/janhavi/swarm_ws/install/swarm_msgs/share/swarm_msgs/environment/path.dsv
[3.314s] -- Up-to-date: /home/janhavi/swarm_ws/install/swarm_msgs/share/swarm_msgs/local_setup.bash
[3.314s] -- Up-to-date: /home/janhavi/swarm_ws/install/swarm_msgs/share/swarm_msgs/local_setup.sh
[3.314s] -- Up-to-date: /home/janhavi/swarm_ws/install/swarm_msgs/share/swarm_msgs/local_setup.zsh
[3.314s] -- Installing: /home/janhavi/swarm_ws/install/swarm_msgs/share/swarm_msgs/local_setup.dsv
[3.314s] -- Installing: /home/janhavi/swarm_ws/install/swarm_msgs/share/swarm_msgs/package.dsv
[3.314s] -- Up-to-date: /home/janhavi/swarm_ws/install/swarm_msgs/share/ament_index/resource_index/packages/swarm_msgs
[3.314s] -- Up-to-date: /home/janhavi/swarm_ws/install/swarm_msgs/share/swarm_msgs/cmake/export_swarm_msgs__rosidl_generator_cExport.cmake
[3.314s] -- Up-to-date: /home/janhavi/swarm_ws/install/swarm_msgs/share/swarm_msgs/cmake/export_swarm_msgs__rosidl_generator_cExport-noconfig.cmake
[3.314s] -- Up-to-date: /home/janhavi/swarm_ws/install/swarm_msgs/share/swarm_msgs/cmake/export_swarm_msgs__rosidl_typesupport_fastrtps_cExport.cmake
[3.314s] -- Up-to-date: /home/janhavi/swarm_ws/install/swarm_msgs/share/swarm_msgs/cmake/export_swarm_msgs__rosidl_typesupport_fastrtps_cExport-noconfig.cmake
[3.314s] -- Up-to-date: /home/janhavi/swarm_ws/install/swarm_msgs/share/swarm_msgs/cmake/export_swarm_msgs__rosidl_generator_cppExport.cmake
[3.314s] -- Up-to-date: /home/janhavi/swarm_ws/install/swarm_msgs/share/swarm_msgs/cmake/export_swarm_msgs__rosidl_typesupport_fastrtps_cppExport.cmake
[3.314s] -- Up-to-date: /home/janhavi/swarm_ws/install/swarm_msgs/share/swarm_msgs/cmake/export_swarm_msgs__rosidl_typesupport_fastrtps_cppExport-noconfig.cmake
[3.315s] -- Up-to-date: /home/janhavi/swarm_ws/install/swarm_msgs/share/swarm_msgs/cmake/swarm_msgs__rosidl_typesupport_introspection_cExport.cmake
[3.315s] -- Up-to-date: /home/janhavi/swarm_ws/install/swarm_msgs/share/swarm_msgs/cmake/swarm_msgs__rosidl_typesupport_introspection_cExport-noconfig.cmake
[3.315s] -- Up-to-date: /home/janhavi/swarm_ws/install/swarm_msgs/share/swarm_msgs/cmake/swarm_msgs__rosidl_typesupport_cExport.cmake
[3.315s] -- Up-to-date: /home/janhavi/swarm_ws/install/swarm_msgs/share/swarm_msgs/cmake/swarm_msgs__rosidl_typesupport_cExport-noconfig.cmake
[3.315s] -- Up-to-date: /home/janhavi/swarm_ws/install/swarm_msgs/share/swarm_msgs/cmake/swarm_msgs__rosidl_typesupport_introspection_cppExport.cmake
[3.315s] -- Up-to-date: /home/janhavi/swarm_ws/install/swarm_msgs/share/swarm_msgs/cmake/swarm_msgs__rosidl_typesupport_introspection_cppExport-noconfig.cmake
[3.315s] -- Up-to-date: /home/janhavi/swarm_ws/install/swarm_msgs/share/swarm_msgs/cmake/swarm_msgs__rosidl_typesupport_cppExport.cmake
[3.315s] -- Up-to-date: /home/janhavi/swarm_ws/install/swarm_msgs/share/swarm_msgs/cmake/swarm_msgs__rosidl_typesupport_cppExport-noconfig.cmake
[3.315s] -- Up-to-date: /home/janhavi/swarm_ws/install/swarm_msgs/share/swarm_msgs/cmake/export_swarm_msgs__rosidl_generator_pyExport.cmake
[3.315s] -- Up-to-date: /home/janhavi/swarm_ws/install/swarm_msgs/share/swarm_msgs/cmake/export_swarm_msgs__rosidl_generator_pyExport-noconfig.cmake
[3.315s] -- Installing: /home/janhavi/swarm_ws/install/swarm_msgs/share/swarm_msgs/cmake/rosidl_cmake-extras.cmake
[3.315s] -- Up-to-date: /home/janhavi/swarm_ws/install/swarm_msgs/share/swarm_msgs/cmake/ament_cmake_export_dependencies-extras.cmake
[3.315s] -- Up-to-date: /home/janhavi/swarm_ws/install/swarm_msgs/share/swarm_msgs/cmake/ament_cmake_export_include_directories-extras.cmake
[3.315s] -- Up-to-date: /home/janhavi/swarm_ws/install/swarm_msgs/share/swarm_msgs/cmake/ament_cmake_export_libraries-extras.cmake
[3.315s] -- Up-to-date: /home/janhavi/swarm_ws/install/swarm_msgs/share/swarm_msgs/cmake/ament_cmake_export_targets-extras.cmake
[3.315s] -- Up-to-date: /home/janhavi/swarm_ws/install/swarm_msgs/share/swarm_msgs/cmake/rosidl_cmake_export_typesupport_targets-extras.cmake
[3.316s] -- Up-to-date: /home/janhavi/swarm_ws/install/swarm_msgs/share/swarm_msgs/cmake/rosidl_cmake_export_typesupport_libraries-extras.cmake
[3.316s] -- Up-to-date: /home/janhavi/swarm_ws/install/swarm_msgs/share/swarm_msgs/cmake/swarm_msgsConfig.cmake
[3.316s] -- Up-to-date: /home/janhavi/swarm_ws/install/swarm_msgs/share/swarm_msgs/cmake/swarm_msgsConfig-version.cmake
[3.316s] -- Up-to-date: /home/janhavi/swarm_ws/install/swarm_msgs/share/swarm_msgs/package.xml
[3.317s] Invoked command in '/home/janhavi/swarm_ws/build/swarm_msgs' returned '0': CMAKE_PREFIX_PATH=/opt/ros/humble /usr/bin/cmake --install /home/janhavi/swarm_ws/build/swarm_msgs
