[0.007s] Invoking command in '/home/janhavi/swarm_ws/build/swarm_msgs': CMAKE_PREFIX_PATH=${CMAKE_PREFIX_PATH}:/opt/ros/humble /usr/bin/cmake --build /home/janhavi/swarm_ws/build/swarm_msgs -- -j12 -l12
[0.050s] [  1%] Built target swarm_msgs__cpp
[0.075s] [  1%] Built target ament_cmake_python_copy_swarm_msgs
[0.092s] [ 12%] Built target swarm_msgs__rosidl_typesupport_introspection_cpp
[0.256s] running egg_info
[0.266s] writing swarm_msgs.egg-info/PKG-INFO
[0.267s] writing dependency_links to swarm_msgs.egg-info/dependency_links.txt
[0.267s] writing top-level names to swarm_msgs.egg-info/top_level.txt
[0.298s] reading manifest file 'swarm_msgs.egg-info/SOURCES.txt'
[0.299s] writing manifest file 'swarm_msgs.egg-info/SOURCES.txt'
[0.322s] [ 12%] Built target ament_cmake_python_build_swarm_msgs_egg
[0.342s] [ 23%] Built target swarm_msgs__rosidl_typesupport_fastrtps_cpp
[0.361s] [ 34%] Built target swarm_msgs__rosidl_typesupport_cpp
[0.385s] [ 45%] Built target swarm_msgs__rosidl_generator_c
[0.406s] [ 56%] Built target swarm_msgs__rosidl_typesupport_fastrtps_c
[0.423s] [ 67%] Built target swarm_msgs__rosidl_typesupport_c
[0.447s] [ 78%] Built target swarm_msgs__rosidl_typesupport_introspection_c
[0.464s] [ 78%] Built target swarm_msgs
[0.482s] [ 80%] Built target swarm_msgs__py
[0.498s] [ 89%] Built target swarm_msgs__rosidl_generator_py
[0.516s] [ 92%] Built target swarm_msgs__rosidl_typesupport_fastrtps_c__pyext
[0.535s] [ 96%] Built target swarm_msgs__rosidl_typesupport_c__pyext
[0.562s] [100%] Built target swarm_msgs__rosidl_typesupport_introspection_c__pyext
[0.570s] Invoked command in '/home/janhavi/swarm_ws/build/swarm_msgs' returned '0': CMAKE_PREFIX_PATH=${CMAKE_PREFIX_PATH}:/opt/ros/humble /usr/bin/cmake --build /home/janhavi/swarm_ws/build/swarm_msgs -- -j12 -l12
[0.580s] Invoking command in '/home/janhavi/swarm_ws/build/swarm_msgs': CMAKE_PREFIX_PATH=${CMAKE_PREFIX_PATH}:/opt/ros/humble /usr/bin/cmake --install /home/janhavi/swarm_ws/build/swarm_msgs
[0.585s] -- Install configuration: ""
[0.585s] -- Up-to-date: /home/janhavi/swarm_ws/install/swarm_msgs/share/ament_index/resource_index/rosidl_interfaces/swarm_msgs
[0.585s] -- Up-to-date: /home/janhavi/swarm_ws/install/swarm_msgs/include/swarm_msgs/swarm_msgs
[0.585s] -- Up-to-date: /home/janhavi/swarm_ws/install/swarm_msgs/include/swarm_msgs/swarm_msgs/msg
[0.585s] -- Up-to-date: /home/janhavi/swarm_ws/install/swarm_msgs/include/swarm_msgs/swarm_msgs/msg/formation_info.h
[0.585s] -- Up-to-date: /home/janhavi/swarm_ws/install/swarm_msgs/include/swarm_msgs/swarm_msgs/msg/gmm_params.h
[0.585s] -- Up-to-date: /home/janhavi/swarm_ws/install/swarm_msgs/include/swarm_msgs/swarm_msgs/msg/robot_state.h
[0.585s] -- Up-to-date: /home/janhavi/swarm_ws/install/swarm_msgs/include/swarm_msgs/swarm_msgs/msg/gossip.h
[0.586s] -- Up-to-date: /home/janhavi/swarm_ws/install/swarm_msgs/include/swarm_msgs/swarm_msgs/msg/detail
[0.586s] -- Up-to-date: /home/janhavi/swarm_ws/install/swarm_msgs/include/swarm_msgs/swarm_msgs/msg/detail/gossip__functions.h
[0.586s] -- Up-to-date: /home/janhavi/swarm_ws/install/swarm_msgs/include/swarm_msgs/swarm_msgs/msg/detail/gmm_params__functions.h
[0.586s] -- Up-to-date: /home/janhavi/swarm_ws/install/swarm_msgs/include/swarm_msgs/swarm_msgs/msg/detail/formation_info__functions.c
[0.586s] -- Up-to-date: /home/janhavi/swarm_ws/install/swarm_msgs/include/swarm_msgs/swarm_msgs/msg/detail/robot_state__functions.h
[0.586s] -- Up-to-date: /home/janhavi/swarm_ws/install/swarm_msgs/include/swarm_msgs/swarm_msgs/msg/detail/robot_state__struct.h
[0.586s] -- Up-to-date: /home/janhavi/swarm_ws/install/swarm_msgs/include/swarm_msgs/swarm_msgs/msg/detail/gmm_params__struct.h
[0.586s] -- Up-to-date: /home/janhavi/swarm_ws/install/swarm_msgs/include/swarm_msgs/swarm_msgs/msg/detail/formation_info__struct.h
[0.586s] -- Up-to-date: /home/janhavi/swarm_ws/install/swarm_msgs/include/swarm_msgs/swarm_msgs/msg/detail/formation_info__functions.h
[0.586s] -- Up-to-date: /home/janhavi/swarm_ws/install/swarm_msgs/include/swarm_msgs/swarm_msgs/msg/detail/robot_state__type_support.h
[0.586s] -- Up-to-date: /home/janhavi/swarm_ws/install/swarm_msgs/include/swarm_msgs/swarm_msgs/msg/detail/robot_state__functions.c
[0.586s] -- Up-to-date: /home/janhavi/swarm_ws/install/swarm_msgs/include/swarm_msgs/swarm_msgs/msg/detail/formation_info__type_support.h
[0.586s] -- Up-to-date: /home/janhavi/swarm_ws/install/swarm_msgs/include/swarm_msgs/swarm_msgs/msg/detail/gossip__struct.h
[0.587s] -- Up-to-date: /home/janhavi/swarm_ws/install/swarm_msgs/include/swarm_msgs/swarm_msgs/msg/detail/gmm_params__type_support.h
[0.587s] -- Up-to-date: /home/janhavi/swarm_ws/install/swarm_msgs/include/swarm_msgs/swarm_msgs/msg/detail/gossip__functions.c
[0.587s] -- Up-to-date: /home/janhavi/swarm_ws/install/swarm_msgs/include/swarm_msgs/swarm_msgs/msg/detail/gossip__type_support.h
[0.587s] -- Up-to-date: /home/janhavi/swarm_ws/install/swarm_msgs/include/swarm_msgs/swarm_msgs/msg/detail/gmm_params__functions.c
[0.587s] -- Up-to-date: /home/janhavi/swarm_ws/install/swarm_msgs/include/swarm_msgs/swarm_msgs/msg/rosidl_generator_c__visibility_control.h
[0.587s] -- Up-to-date: /home/janhavi/swarm_ws/install/swarm_msgs/share/swarm_msgs/environment/library_path.sh
[0.587s] -- Up-to-date: /home/janhavi/swarm_ws/install/swarm_msgs/share/swarm_msgs/environment/library_path.dsv
[0.587s] -- Up-to-date: /home/janhavi/swarm_ws/install/swarm_msgs/lib/libswarm_msgs__rosidl_generator_c.so
[0.587s] -- Up-to-date: /home/janhavi/swarm_ws/install/swarm_msgs/include/swarm_msgs/swarm_msgs
[0.587s] -- Up-to-date: /home/janhavi/swarm_ws/install/swarm_msgs/include/swarm_msgs/swarm_msgs/msg
[0.587s] -- Up-to-date: /home/janhavi/swarm_ws/install/swarm_msgs/include/swarm_msgs/swarm_msgs/msg/rosidl_typesupport_fastrtps_c__visibility_control.h
[0.587s] -- Up-to-date: /home/janhavi/swarm_ws/install/swarm_msgs/include/swarm_msgs/swarm_msgs/msg/detail
[0.587s] -- Up-to-date: /home/janhavi/swarm_ws/install/swarm_msgs/include/swarm_msgs/swarm_msgs/msg/detail/formation_info__rosidl_typesupport_fastrtps_c.h
[0.587s] -- Up-to-date: /home/janhavi/swarm_ws/install/swarm_msgs/include/swarm_msgs/swarm_msgs/msg/detail/gmm_params__rosidl_typesupport_fastrtps_c.h
[0.588s] -- Up-to-date: /home/janhavi/swarm_ws/install/swarm_msgs/include/swarm_msgs/swarm_msgs/msg/detail/gossip__rosidl_typesupport_fastrtps_c.h
[0.588s] -- Up-to-date: /home/janhavi/swarm_ws/install/swarm_msgs/include/swarm_msgs/swarm_msgs/msg/detail/robot_state__rosidl_typesupport_fastrtps_c.h
[0.588s] -- Up-to-date: /home/janhavi/swarm_ws/install/swarm_msgs/lib/libswarm_msgs__rosidl_typesupport_fastrtps_c.so
[0.588s] -- Up-to-date: /home/janhavi/swarm_ws/install/swarm_msgs/include/swarm_msgs/swarm_msgs
[0.588s] -- Up-to-date: /home/janhavi/swarm_ws/install/swarm_msgs/include/swarm_msgs/swarm_msgs/msg
[0.588s] -- Up-to-date: /home/janhavi/swarm_ws/install/swarm_msgs/include/swarm_msgs/swarm_msgs/msg/formation_info.hpp
[0.588s] -- Up-to-date: /home/janhavi/swarm_ws/install/swarm_msgs/include/swarm_msgs/swarm_msgs/msg/gmm_params.hpp
[0.588s] -- Up-to-date: /home/janhavi/swarm_ws/install/swarm_msgs/include/swarm_msgs/swarm_msgs/msg/gossip.hpp
[0.588s] -- Up-to-date: /home/janhavi/swarm_ws/install/swarm_msgs/include/swarm_msgs/swarm_msgs/msg/rosidl_generator_cpp__visibility_control.hpp
[0.588s] -- Up-to-date: /home/janhavi/swarm_ws/install/swarm_msgs/include/swarm_msgs/swarm_msgs/msg/detail
[0.588s] -- Up-to-date: /home/janhavi/swarm_ws/install/swarm_msgs/include/swarm_msgs/swarm_msgs/msg/detail/formation_info__traits.hpp
[0.588s] -- Up-to-date: /home/janhavi/swarm_ws/install/swarm_msgs/include/swarm_msgs/swarm_msgs/msg/detail/formation_info__struct.hpp
[0.588s] -- Up-to-date: /home/janhavi/swarm_ws/install/swarm_msgs/include/swarm_msgs/swarm_msgs/msg/detail/robot_state__struct.hpp
[0.588s] -- Up-to-date: /home/janhavi/swarm_ws/install/swarm_msgs/include/swarm_msgs/swarm_msgs/msg/detail/formation_info__type_support.hpp
[0.588s] -- Up-to-date: /home/janhavi/swarm_ws/install/swarm_msgs/include/swarm_msgs/swarm_msgs/msg/detail/gossip__struct.hpp
[0.588s] -- Up-to-date: /home/janhavi/swarm_ws/install/swarm_msgs/include/swarm_msgs/swarm_msgs/msg/detail/robot_state__type_support.hpp
[0.588s] -- Up-to-date: /home/janhavi/swarm_ws/install/swarm_msgs/include/swarm_msgs/swarm_msgs/msg/detail/gossip__builder.hpp
[0.589s] -- Up-to-date: /home/janhavi/swarm_ws/install/swarm_msgs/include/swarm_msgs/swarm_msgs/msg/detail/gmm_params__type_support.hpp
[0.589s] -- Up-to-date: /home/janhavi/swarm_ws/install/swarm_msgs/include/swarm_msgs/swarm_msgs/msg/detail/gossip__type_support.hpp
[0.589s] -- Up-to-date: /home/janhavi/swarm_ws/install/swarm_msgs/include/swarm_msgs/swarm_msgs/msg/detail/formation_info__builder.hpp
[0.589s] -- Up-to-date: /home/janhavi/swarm_ws/install/swarm_msgs/include/swarm_msgs/swarm_msgs/msg/detail/gmm_params__struct.hpp
[0.589s] -- Up-to-date: /home/janhavi/swarm_ws/install/swarm_msgs/include/swarm_msgs/swarm_msgs/msg/detail/robot_state__builder.hpp
[0.589s] -- Up-to-date: /home/janhavi/swarm_ws/install/swarm_msgs/include/swarm_msgs/swarm_msgs/msg/detail/gossip__traits.hpp
[0.589s] -- Up-to-date: /home/janhavi/swarm_ws/install/swarm_msgs/include/swarm_msgs/swarm_msgs/msg/detail/gmm_params__builder.hpp
[0.589s] -- Up-to-date: /home/janhavi/swarm_ws/install/swarm_msgs/include/swarm_msgs/swarm_msgs/msg/detail/gmm_params__traits.hpp
[0.589s] -- Up-to-date: /home/janhavi/swarm_ws/install/swarm_msgs/include/swarm_msgs/swarm_msgs/msg/detail/robot_state__traits.hpp
[0.589s] -- Up-to-date: /home/janhavi/swarm_ws/install/swarm_msgs/include/swarm_msgs/swarm_msgs/msg/robot_state.hpp
[0.589s] -- Up-to-date: /home/janhavi/swarm_ws/install/swarm_msgs/include/swarm_msgs/swarm_msgs
[0.589s] -- Up-to-date: /home/janhavi/swarm_ws/install/swarm_msgs/include/swarm_msgs/swarm_msgs/msg
[0.589s] -- Up-to-date: /home/janhavi/swarm_ws/install/swarm_msgs/include/swarm_msgs/swarm_msgs/msg/detail
[0.589s] -- Up-to-date: /home/janhavi/swarm_ws/install/swarm_msgs/include/swarm_msgs/swarm_msgs/msg/detail/dds_fastrtps
[0.589s] -- Up-to-date: /home/janhavi/swarm_ws/install/swarm_msgs/include/swarm_msgs/swarm_msgs/msg/detail/gossip__rosidl_typesupport_fastrtps_cpp.hpp
[0.589s] -- Up-to-date: /home/janhavi/swarm_ws/install/swarm_msgs/include/swarm_msgs/swarm_msgs/msg/detail/formation_info__rosidl_typesupport_fastrtps_cpp.hpp
[0.590s] -- Up-to-date: /home/janhavi/swarm_ws/install/swarm_msgs/include/swarm_msgs/swarm_msgs/msg/detail/robot_state__rosidl_typesupport_fastrtps_cpp.hpp
[0.590s] -- Up-to-date: /home/janhavi/swarm_ws/install/swarm_msgs/include/swarm_msgs/swarm_msgs/msg/detail/gmm_params__rosidl_typesupport_fastrtps_cpp.hpp
[0.590s] -- Up-to-date: /home/janhavi/swarm_ws/install/swarm_msgs/include/swarm_msgs/swarm_msgs/msg/rosidl_typesupport_fastrtps_cpp__visibility_control.h
[0.590s] -- Up-to-date: /home/janhavi/swarm_ws/install/swarm_msgs/lib/libswarm_msgs__rosidl_typesupport_fastrtps_cpp.so
[0.590s] -- Up-to-date: /home/janhavi/swarm_ws/install/swarm_msgs/include/swarm_msgs/swarm_msgs
[0.590s] -- Up-to-date: /home/janhavi/swarm_ws/install/swarm_msgs/include/swarm_msgs/swarm_msgs/msg
[0.590s] -- Up-to-date: /home/janhavi/swarm_ws/install/swarm_msgs/include/swarm_msgs/swarm_msgs/msg/rosidl_typesupport_introspection_c__visibility_control.h
[0.590s] -- Up-to-date: /home/janhavi/swarm_ws/install/swarm_msgs/include/swarm_msgs/swarm_msgs/msg/detail
[0.590s] -- Up-to-date: /home/janhavi/swarm_ws/install/swarm_msgs/include/swarm_msgs/swarm_msgs/msg/detail/gossip__rosidl_typesupport_introspection_c.h
[0.590s] -- Up-to-date: /home/janhavi/swarm_ws/install/swarm_msgs/include/swarm_msgs/swarm_msgs/msg/detail/formation_info__rosidl_typesupport_introspection_c.h
[0.591s] -- Up-to-date: /home/janhavi/swarm_ws/install/swarm_msgs/include/swarm_msgs/swarm_msgs/msg/detail/gmm_params__rosidl_typesupport_introspection_c.h
[0.591s] -- Up-to-date: /home/janhavi/swarm_ws/install/swarm_msgs/include/swarm_msgs/swarm_msgs/msg/detail/gmm_params__type_support.c
[0.591s] -- Up-to-date: /home/janhavi/swarm_ws/install/swarm_msgs/include/swarm_msgs/swarm_msgs/msg/detail/robot_state__rosidl_typesupport_introspection_c.h
[0.591s] -- Up-to-date: /home/janhavi/swarm_ws/install/swarm_msgs/include/swarm_msgs/swarm_msgs/msg/detail/robot_state__type_support.c
[0.591s] -- Up-to-date: /home/janhavi/swarm_ws/install/swarm_msgs/include/swarm_msgs/swarm_msgs/msg/detail/gossip__type_support.c
[0.591s] -- Up-to-date: /home/janhavi/swarm_ws/install/swarm_msgs/include/swarm_msgs/swarm_msgs/msg/detail/formation_info__type_support.c
[0.592s] -- Up-to-date: /home/janhavi/swarm_ws/install/swarm_msgs/lib/libswarm_msgs__rosidl_typesupport_introspection_c.so
[0.592s] -- Up-to-date: /home/janhavi/swarm_ws/install/swarm_msgs/lib/libswarm_msgs__rosidl_typesupport_c.so
[0.592s] -- Up-to-date: /home/janhavi/swarm_ws/install/swarm_msgs/include/swarm_msgs/swarm_msgs
[0.592s] -- Up-to-date: /home/janhavi/swarm_ws/install/swarm_msgs/include/swarm_msgs/swarm_msgs/msg
[0.592s] -- Up-to-date: /home/janhavi/swarm_ws/install/swarm_msgs/include/swarm_msgs/swarm_msgs/msg/detail
[0.592s] -- Up-to-date: /home/janhavi/swarm_ws/install/swarm_msgs/include/swarm_msgs/swarm_msgs/msg/detail/formation_info__rosidl_typesupport_introspection_cpp.hpp
[0.592s] -- Up-to-date: /home/janhavi/swarm_ws/install/swarm_msgs/include/swarm_msgs/swarm_msgs/msg/detail/gmm_params__type_support.cpp
[0.592s] -- Up-to-date: /home/janhavi/swarm_ws/install/swarm_msgs/include/swarm_msgs/swarm_msgs/msg/detail/gossip__rosidl_typesupport_introspection_cpp.hpp
[0.592s] -- Up-to-date: /home/janhavi/swarm_ws/install/swarm_msgs/include/swarm_msgs/swarm_msgs/msg/detail/gmm_params__rosidl_typesupport_introspection_cpp.hpp
[0.592s] -- Up-to-date: /home/janhavi/swarm_ws/install/swarm_msgs/include/swarm_msgs/swarm_msgs/msg/detail/robot_state__rosidl_typesupport_introspection_cpp.hpp
[0.592s] -- Up-to-date: /home/janhavi/swarm_ws/install/swarm_msgs/include/swarm_msgs/swarm_msgs/msg/detail/gossip__type_support.cpp
[0.592s] -- Up-to-date: /home/janhavi/swarm_ws/install/swarm_msgs/include/swarm_msgs/swarm_msgs/msg/detail/formation_info__type_support.cpp
[0.592s] -- Up-to-date: /home/janhavi/swarm_ws/install/swarm_msgs/include/swarm_msgs/swarm_msgs/msg/detail/robot_state__type_support.cpp
[0.593s] -- Up-to-date: /home/janhavi/swarm_ws/install/swarm_msgs/lib/libswarm_msgs__rosidl_typesupport_introspection_cpp.so
[0.593s] -- Up-to-date: /home/janhavi/swarm_ws/install/swarm_msgs/lib/libswarm_msgs__rosidl_typesupport_cpp.so
[0.593s] -- Up-to-date: /home/janhavi/swarm_ws/install/swarm_msgs/share/swarm_msgs/environment/pythonpath.sh
[0.593s] -- Up-to-date: /home/janhavi/swarm_ws/install/swarm_msgs/share/swarm_msgs/environment/pythonpath.dsv
[0.593s] -- Up-to-date: /home/janhavi/swarm_ws/install/swarm_msgs/local/lib/python3.10/dist-packages/swarm_msgs-0.0.0-py3.10.egg-info
[0.593s] -- Installing: /home/janhavi/swarm_ws/install/swarm_msgs/local/lib/python3.10/dist-packages/swarm_msgs-0.0.0-py3.10.egg-info/PKG-INFO
[0.593s] -- Installing: /home/janhavi/swarm_ws/install/swarm_msgs/local/lib/python3.10/dist-packages/swarm_msgs-0.0.0-py3.10.egg-info/dependency_links.txt
[0.593s] -- Installing: /home/janhavi/swarm_ws/install/swarm_msgs/local/lib/python3.10/dist-packages/swarm_msgs-0.0.0-py3.10.egg-info/SOURCES.txt
[0.593s] -- Installing: /home/janhavi/swarm_ws/install/swarm_msgs/local/lib/python3.10/dist-packages/swarm_msgs-0.0.0-py3.10.egg-info/top_level.txt
[0.593s] -- Up-to-date: /home/janhavi/swarm_ws/install/swarm_msgs/local/lib/python3.10/dist-packages/swarm_msgs
[0.593s] -- Up-to-date: /home/janhavi/swarm_ws/install/swarm_msgs/local/lib/python3.10/dist-packages/swarm_msgs/_swarm_msgs_s.ep.rosidl_typesupport_fastrtps_c.c
[0.593s] -- Up-to-date: /home/janhavi/swarm_ws/install/swarm_msgs/local/lib/python3.10/dist-packages/swarm_msgs/_swarm_msgs_s.ep.rosidl_typesupport_introspection_c.c
[0.593s] -- Up-to-date: /home/janhavi/swarm_ws/install/swarm_msgs/local/lib/python3.10/dist-packages/swarm_msgs/libswarm_msgs__rosidl_generator_py.so
[0.593s] -- Up-to-date: /home/janhavi/swarm_ws/install/swarm_msgs/local/lib/python3.10/dist-packages/swarm_msgs/__init__.py
[0.593s] -- Up-to-date: /home/janhavi/swarm_ws/install/swarm_msgs/local/lib/python3.10/dist-packages/swarm_msgs/swarm_msgs_s__rosidl_typesupport_fastrtps_c.cpython-310-x86_64-linux-gnu.so
[0.593s] -- Up-to-date: /home/janhavi/swarm_ws/install/swarm_msgs/local/lib/python3.10/dist-packages/swarm_msgs/_swarm_msgs_s.ep.rosidl_typesupport_c.c
[0.593s] -- Up-to-date: /home/janhavi/swarm_ws/install/swarm_msgs/local/lib/python3.10/dist-packages/swarm_msgs/swarm_msgs_s__rosidl_typesupport_c.cpython-310-x86_64-linux-gnu.so
[0.593s] -- Up-to-date: /home/janhavi/swarm_ws/install/swarm_msgs/local/lib/python3.10/dist-packages/swarm_msgs/msg
[0.594s] -- Up-to-date: /home/janhavi/swarm_ws/install/swarm_msgs/local/lib/python3.10/dist-packages/swarm_msgs/msg/_gmm_params_s.c
[0.594s] -- Up-to-date: /home/janhavi/swarm_ws/install/swarm_msgs/local/lib/python3.10/dist-packages/swarm_msgs/msg/_gossip.py
[0.594s] -- Up-to-date: /home/janhavi/swarm_ws/install/swarm_msgs/local/lib/python3.10/dist-packages/swarm_msgs/msg/_gmm_params.py
[0.594s] -- Up-to-date: /home/janhavi/swarm_ws/install/swarm_msgs/local/lib/python3.10/dist-packages/swarm_msgs/msg/_formation_info.py
[0.594s] -- Up-to-date: /home/janhavi/swarm_ws/install/swarm_msgs/local/lib/python3.10/dist-packages/swarm_msgs/msg/_robot_state.py
[0.594s] -- Up-to-date: /home/janhavi/swarm_ws/install/swarm_msgs/local/lib/python3.10/dist-packages/swarm_msgs/msg/_robot_state_s.c
[0.594s] -- Up-to-date: /home/janhavi/swarm_ws/install/swarm_msgs/local/lib/python3.10/dist-packages/swarm_msgs/msg/__init__.py
[0.594s] -- Up-to-date: /home/janhavi/swarm_ws/install/swarm_msgs/local/lib/python3.10/dist-packages/swarm_msgs/msg/_formation_info_s.c
[0.594s] -- Up-to-date: /home/janhavi/swarm_ws/install/swarm_msgs/local/lib/python3.10/dist-packages/swarm_msgs/msg/_gossip_s.c
[0.594s] -- Up-to-date: /home/janhavi/swarm_ws/install/swarm_msgs/local/lib/python3.10/dist-packages/swarm_msgs/swarm_msgs_s__rosidl_typesupport_introspection_c.cpython-310-x86_64-linux-gnu.so
[0.610s] Listing '/home/janhavi/swarm_ws/install/swarm_msgs/local/lib/python3.10/dist-packages/swarm_msgs'...
[0.611s] Listing '/home/janhavi/swarm_ws/install/swarm_msgs/local/lib/python3.10/dist-packages/swarm_msgs/msg'...
[0.614s] -- Up-to-date: /home/janhavi/swarm_ws/install/swarm_msgs/local/lib/python3.10/dist-packages/swarm_msgs/swarm_msgs_s__rosidl_typesupport_fastrtps_c.cpython-310-x86_64-linux-gnu.so
[0.614s] -- Up-to-date: /home/janhavi/swarm_ws/install/swarm_msgs/local/lib/python3.10/dist-packages/swarm_msgs/swarm_msgs_s__rosidl_typesupport_introspection_c.cpython-310-x86_64-linux-gnu.so
[0.614s] -- Up-to-date: /home/janhavi/swarm_ws/install/swarm_msgs/local/lib/python3.10/dist-packages/swarm_msgs/swarm_msgs_s__rosidl_typesupport_c.cpython-310-x86_64-linux-gnu.so
[0.615s] -- Up-to-date: /home/janhavi/swarm_ws/install/swarm_msgs/lib/libswarm_msgs__rosidl_generator_py.so
[0.615s] -- Up-to-date: /home/janhavi/swarm_ws/install/swarm_msgs/share/swarm_msgs/msg/RobotState.idl
[0.615s] -- Up-to-date: /home/janhavi/swarm_ws/install/swarm_msgs/share/swarm_msgs/msg/GMMParams.idl
[0.615s] -- Up-to-date: /home/janhavi/swarm_ws/install/swarm_msgs/share/swarm_msgs/msg/Gossip.idl
[0.615s] -- Up-to-date: /home/janhavi/swarm_ws/install/swarm_msgs/share/swarm_msgs/msg/FormationInfo.idl
[0.615s] -- Up-to-date: /home/janhavi/swarm_ws/install/swarm_msgs/share/swarm_msgs/msg/RobotState.msg
[0.616s] -- Up-to-date: /home/janhavi/swarm_ws/install/swarm_msgs/share/swarm_msgs/msg/GMMParams.msg
[0.616s] -- Up-to-date: /home/janhavi/swarm_ws/install/swarm_msgs/share/swarm_msgs/msg/Gossip.msg
[0.616s] -- Up-to-date: /home/janhavi/swarm_ws/install/swarm_msgs/share/swarm_msgs/msg/FormationInfo.msg
[0.616s] -- Up-to-date: /home/janhavi/swarm_ws/install/swarm_msgs/share/ament_index/resource_index/package_run_dependencies/swarm_msgs
[0.616s] -- Up-to-date: /home/janhavi/swarm_ws/install/swarm_msgs/share/ament_index/resource_index/parent_prefix_path/swarm_msgs
[0.616s] -- Up-to-date: /home/janhavi/swarm_ws/install/swarm_msgs/share/swarm_msgs/environment/ament_prefix_path.sh
[0.616s] -- Up-to-date: /home/janhavi/swarm_ws/install/swarm_msgs/share/swarm_msgs/environment/ament_prefix_path.dsv
[0.617s] -- Up-to-date: /home/janhavi/swarm_ws/install/swarm_msgs/share/swarm_msgs/environment/path.sh
[0.617s] -- Up-to-date: /home/janhavi/swarm_ws/install/swarm_msgs/share/swarm_msgs/environment/path.dsv
[0.617s] -- Up-to-date: /home/janhavi/swarm_ws/install/swarm_msgs/share/swarm_msgs/local_setup.bash
[0.617s] -- Up-to-date: /home/janhavi/swarm_ws/install/swarm_msgs/share/swarm_msgs/local_setup.sh
[0.617s] -- Up-to-date: /home/janhavi/swarm_ws/install/swarm_msgs/share/swarm_msgs/local_setup.zsh
[0.617s] -- Up-to-date: /home/janhavi/swarm_ws/install/swarm_msgs/share/swarm_msgs/local_setup.dsv
[0.617s] -- Installing: /home/janhavi/swarm_ws/install/swarm_msgs/share/swarm_msgs/package.dsv
[0.617s] -- Up-to-date: /home/janhavi/swarm_ws/install/swarm_msgs/share/ament_index/resource_index/packages/swarm_msgs
[0.617s] -- Up-to-date: /home/janhavi/swarm_ws/install/swarm_msgs/share/swarm_msgs/cmake/export_swarm_msgs__rosidl_generator_cExport.cmake
[0.618s] -- Up-to-date: /home/janhavi/swarm_ws/install/swarm_msgs/share/swarm_msgs/cmake/export_swarm_msgs__rosidl_generator_cExport-noconfig.cmake
[0.618s] -- Up-to-date: /home/janhavi/swarm_ws/install/swarm_msgs/share/swarm_msgs/cmake/export_swarm_msgs__rosidl_typesupport_fastrtps_cExport.cmake
[0.618s] -- Up-to-date: /home/janhavi/swarm_ws/install/swarm_msgs/share/swarm_msgs/cmake/export_swarm_msgs__rosidl_typesupport_fastrtps_cExport-noconfig.cmake
[0.618s] -- Up-to-date: /home/janhavi/swarm_ws/install/swarm_msgs/share/swarm_msgs/cmake/export_swarm_msgs__rosidl_generator_cppExport.cmake
[0.618s] -- Up-to-date: /home/janhavi/swarm_ws/install/swarm_msgs/share/swarm_msgs/cmake/export_swarm_msgs__rosidl_typesupport_fastrtps_cppExport.cmake
[0.618s] -- Up-to-date: /home/janhavi/swarm_ws/install/swarm_msgs/share/swarm_msgs/cmake/export_swarm_msgs__rosidl_typesupport_fastrtps_cppExport-noconfig.cmake
[0.618s] -- Up-to-date: /home/janhavi/swarm_ws/install/swarm_msgs/share/swarm_msgs/cmake/swarm_msgs__rosidl_typesupport_introspection_cExport.cmake
[0.618s] -- Up-to-date: /home/janhavi/swarm_ws/install/swarm_msgs/share/swarm_msgs/cmake/swarm_msgs__rosidl_typesupport_introspection_cExport-noconfig.cmake
[0.618s] -- Up-to-date: /home/janhavi/swarm_ws/install/swarm_msgs/share/swarm_msgs/cmake/swarm_msgs__rosidl_typesupport_cExport.cmake
[0.618s] -- Up-to-date: /home/janhavi/swarm_ws/install/swarm_msgs/share/swarm_msgs/cmake/swarm_msgs__rosidl_typesupport_cExport-noconfig.cmake
[0.618s] -- Up-to-date: /home/janhavi/swarm_ws/install/swarm_msgs/share/swarm_msgs/cmake/swarm_msgs__rosidl_typesupport_introspection_cppExport.cmake
[0.619s] -- Up-to-date: /home/janhavi/swarm_ws/install/swarm_msgs/share/swarm_msgs/cmake/swarm_msgs__rosidl_typesupport_introspection_cppExport-noconfig.cmake
[0.619s] -- Up-to-date: /home/janhavi/swarm_ws/install/swarm_msgs/share/swarm_msgs/cmake/swarm_msgs__rosidl_typesupport_cppExport.cmake
[0.619s] -- Up-to-date: /home/janhavi/swarm_ws/install/swarm_msgs/share/swarm_msgs/cmake/swarm_msgs__rosidl_typesupport_cppExport-noconfig.cmake
[0.619s] -- Up-to-date: /home/janhavi/swarm_ws/install/swarm_msgs/share/swarm_msgs/cmake/export_swarm_msgs__rosidl_generator_pyExport.cmake
[0.619s] -- Up-to-date: /home/janhavi/swarm_ws/install/swarm_msgs/share/swarm_msgs/cmake/export_swarm_msgs__rosidl_generator_pyExport-noconfig.cmake
[0.619s] -- Up-to-date: /home/janhavi/swarm_ws/install/swarm_msgs/share/swarm_msgs/cmake/rosidl_cmake-extras.cmake
[0.620s] -- Up-to-date: /home/janhavi/swarm_ws/install/swarm_msgs/share/swarm_msgs/cmake/ament_cmake_export_dependencies-extras.cmake
[0.620s] -- Up-to-date: /home/janhavi/swarm_ws/install/swarm_msgs/share/swarm_msgs/cmake/ament_cmake_export_include_directories-extras.cmake
[0.620s] -- Up-to-date: /home/janhavi/swarm_ws/install/swarm_msgs/share/swarm_msgs/cmake/ament_cmake_export_libraries-extras.cmake
[0.621s] -- Up-to-date: /home/janhavi/swarm_ws/install/swarm_msgs/share/swarm_msgs/cmake/ament_cmake_export_targets-extras.cmake
[0.621s] -- Up-to-date: /home/janhavi/swarm_ws/install/swarm_msgs/share/swarm_msgs/cmake/rosidl_cmake_export_typesupport_targets-extras.cmake
[0.621s] -- Up-to-date: /home/janhavi/swarm_ws/install/swarm_msgs/share/swarm_msgs/cmake/rosidl_cmake_export_typesupport_libraries-extras.cmake
[0.621s] -- Up-to-date: /home/janhavi/swarm_ws/install/swarm_msgs/share/swarm_msgs/cmake/swarm_msgsConfig.cmake
[0.621s] -- Up-to-date: /home/janhavi/swarm_ws/install/swarm_msgs/share/swarm_msgs/cmake/swarm_msgsConfig-version.cmake
[0.621s] -- Up-to-date: /home/janhavi/swarm_ws/install/swarm_msgs/share/swarm_msgs/package.xml
[0.621s] Invoked command in '/home/janhavi/swarm_ws/build/swarm_msgs' returned '0': CMAKE_PREFIX_PATH=${CMAKE_PREFIX_PATH}:/opt/ros/humble /usr/bin/cmake --install /home/janhavi/swarm_ws/build/swarm_msgs
