[0.006s] Invoking command in '/home/janhavi/swarm_ws/build/swarm_msgs': CMAKE_PREFIX_PATH=/opt/ros/humble /usr/bin/cmake /home/janhavi/swarm_ws/src/swarm_msgs -DCMAKE_INSTALL_PREFIX=/home/janhavi/swarm_ws/install/swarm_msgs
[0.077s] -- The C compiler identification is GNU 11.4.0
[0.155s] -- The CXX compiler identification is GNU 11.4.0
[0.162s] -- Detecting C compiler ABI info
[0.212s] -- Detecting C compiler ABI info - done
[0.216s] -- Check for working C compiler: /usr/bin/cc - skipped
[0.217s] -- Detecting C compile features
[0.217s] -- Detecting C compile features - done
[0.220s] -- Detecting CXX compiler ABI info
[0.280s] -- Detecting CXX compiler ABI info - done
[0.287s] -- Check for working CXX compiler: /usr/bin/c++ - skipped
[0.287s] -- Detecting CXX compile features
[0.288s] -- Detecting CXX compile features - done
[0.292s] -- Found ament_cmake: 1.3.11 (/opt/ros/humble/share/ament_cmake/cmake)
[0.554s] -- Found Python3: /usr/bin/python3 (found version "3.10.12") found components: Interpreter 
[0.630s] -- Found builtin_interfaces: 1.2.1 (/opt/ros/humble/share/builtin_interfaces/cmake)
[0.657s] -- Found rosidl_generator_c: 3.1.6 (/opt/ros/humble/share/rosidl_generator_c/cmake)
[0.661s] -- Found rosidl_adapter: 3.1.6 (/opt/ros/humble/share/rosidl_adapter/cmake)
[0.667s] -- Found rosidl_generator_cpp: 3.1.6 (/opt/ros/humble/share/rosidl_generator_cpp/cmake)
[0.677s] -- Using all available rosidl_typesupport_c: rosidl_typesupport_fastrtps_c;rosidl_typesupport_introspection_c
[0.689s] -- Using all available rosidl_typesupport_cpp: rosidl_typesupport_fastrtps_cpp;rosidl_typesupport_introspection_cpp
[0.700s] -- Found std_msgs: 4.2.4 (/opt/ros/humble/share/std_msgs/cmake)
[0.709s] -- Found geometry_msgs: 4.2.4 (/opt/ros/humble/share/geometry_msgs/cmake)
[0.719s] -- Found rosidl_default_generators: 1.2.0 (/opt/ros/humble/share/rosidl_default_generators/cmake)
[0.725s] -- Found ament_lint_auto: 0.12.11 (/opt/ros/humble/share/ament_lint_auto/cmake)
[0.888s] [31mCMake Error at /opt/ros/humble/share/rosidl_adapter/cmake/rosidl_adapt_interfaces.cmake:59 (message):
[0.888s]   execute_process(/usr/bin/python3 -m rosidl_adapter --package-name
[0.888s]   swarm_msgs --arguments-file
[0.888s]   /home/janhavi/swarm_ws/build/swarm_msgs/rosidl_adapter__arguments__swarm_msgs.json
[0.888s]   --output-dir
[0.888s]   /home/janhavi/swarm_ws/build/swarm_msgs/rosidl_adapter/swarm_msgs
[0.889s]   --output-file
[0.889s]   /home/janhavi/swarm_ws/build/swarm_msgs/rosidl_adapter/swarm_msgs.idls)
[0.889s]   returned error code 1:
[0.889s] 
[0.889s]   Error processing 'float64[][2] means' of 'swarm_msgs/GMMParams':
[0.889s]   ''float64[]' is an invalid message name.  It should have the pattern
[0.889s]   '^[A-Z][A-Za-z0-9]*$''
[0.889s] 
[0.889s]   Traceback (most recent call last):
[0.889s] 
[0.889s]     File "/usr/lib/python3.10/runpy.py", line 196, in _run_module_as_main
[0.889s]       return _run_code(code, main_globals, None,
[0.889s]     File "/usr/lib/python3.10/runpy.py", line 86, in _run_code
[0.889s]       exec(code, run_globals)
[0.889s]     File "/opt/ros/humble/local/lib/python3.10/dist-packages/rosidl_adapter/__main__.py", line 19, in <module>
[0.889s]       sys.exit(main())
[0.889s]     File "/opt/ros/humble/local/lib/python3.10/dist-packages/rosidl_adapter/main.py", line 53, in main
[0.889s]       abs_idl_file = convert_to_idl(
[0.890s]     File "/opt/ros/humble/local/lib/python3.10/dist-packages/rosidl_adapter/__init__.py", line 19, in convert_to_idl
[0.890s]       return convert_msg_to_idl(
[0.890s]     File "/opt/ros/humble/local/lib/python3.10/dist-packages/rosidl_adapter/msg/__init__.py", line 28, in convert_msg_to_idl
[0.890s]       msg = parse_message_string(package_name, input_file.stem, content)
[0.890s]     File "/opt/ros/humble/local/lib/python3.10/dist-packages/rosidl_adapter/parser.py", line 520, in parse_message_string
[0.890s]       Type(type_string, context_package_name=pkg_name),
[0.890s]     File "/opt/ros/humble/local/lib/python3.10/dist-packages/rosidl_adapter/parser.py", line 277, in __init__
[0.890s]       super(Type, self).__init__(
[0.890s]     File "/opt/ros/humble/local/lib/python3.10/dist-packages/rosidl_adapter/parser.py", line 205, in __init__
[0.890s]       raise InvalidResourceName(
[0.890s] 
[0.890s]   rosidl_adapter.parser.InvalidResourceName: 'float64[]' is an invalid
[0.890s]   message name.  It should have the pattern '^[A-Z][A-Za-z0-9]*$'
[0.890s] 
[0.890s] Call Stack (most recent call first):
[0.890s]   /opt/ros/humble/share/rosidl_cmake/cmake/rosidl_generate_interfaces.cmake:130 (rosidl_adapt_interfaces)
[0.891s]   CMakeLists.txt:34 (rosidl_generate_interfaces)
[0.891s] 
[0.891s] [0m
[0.891s] -- Configuring incomplete, errors occurred!
[0.891s] See also "/home/janhavi/swarm_ws/build/swarm_msgs/CMakeFiles/CMakeOutput.log".
[0.893s] Invoked command in '/home/janhavi/swarm_ws/build/swarm_msgs' returned '1': CMAKE_PREFIX_PATH=/opt/ros/humble /usr/bin/cmake /home/janhavi/swarm_ws/src/swarm_msgs -DCMAKE_INSTALL_PREFIX=/home/janhavi/swarm_ws/install/swarm_msgs
