[0.010s] Invoking command in '/home/janhavi/swarm_ws/build/swarm_data': CMAKE_PREFIX_PATH=${CMAKE_PREFIX_PATH}:/opt/ros/humble /usr/bin/cmake --build /home/janhavi/swarm_ws/build/swarm_data -- -j12 -l12
[0.026s] -- Found ament_cmake: 1.3.11 (/opt/ros/humble/share/ament_cmake/cmake)
[0.107s] -- Found rclpy: 3.3.15 (/opt/ros/humble/share/rclpy/cmake)
[0.107s] -- Found rclcpp: 16.0.11 (/opt/ros/humble/share/rclcpp/cmake)
[0.122s] -- Found rosidl_generator_c: 3.1.6 (/opt/ros/humble/share/rosidl_generator_c/cmake)
[0.123s] -- Found rosidl_adapter: 3.1.6 (/opt/ros/humble/share/rosidl_adapter/cmake)
[0.126s] -- Found rosidl_generator_cpp: 3.1.6 (/opt/ros/humble/share/rosidl_generator_cpp/cmake)
[0.131s] -- Using all available rosidl_typesupport_c: rosidl_typesupport_fastrtps_c;rosidl_typesupport_introspection_c
[0.138s] -- Using all available rosidl_typesupport_cpp: rosidl_typesupport_fastrtps_cpp;rosidl_typesupport_introspection_cpp
[0.155s] -- Found rmw_implementation_cmake: 6.1.2 (/opt/ros/humble/share/rmw_implementation_cmake/cmake)
[0.157s] -- Found rmw_cyclonedds_cpp: 1.3.4 (/opt/ros/humble/share/rmw_cyclonedds_cpp/cmake)
[0.168s] -- Using RMW implementation 'rmw_cyclonedds_cpp' as default
[0.194s] -- Found gazebo_msgs: 3.9.0 (/opt/ros/humble/share/gazebo_msgs/cmake)
[0.220s] -- Found sensor_msgs: 4.2.4 (/opt/ros/humble/share/sensor_msgs/cmake)
[0.229s] -- Found nav_msgs: 4.2.4 (/opt/ros/humble/share/nav_msgs/cmake)
[0.238s] -- Found ament_lint_auto: 0.12.11 (/opt/ros/humble/share/ament_lint_auto/cmake)
[0.277s] -- Added test 'flake8' to check Python code syntax and style conventions
[0.277s] -- Added test 'lint_cmake' to check CMake code style
[0.277s] -- Added test 'pep257' to check Python code against some of the docstring style conventions in PEP 257
[0.277s] -- Added test 'xmllint' to check XML markup files
[0.278s] -- Configuring done
[0.280s] -- Generating done
[0.281s] -- Build files have been written to: /home/janhavi/swarm_ws/build/swarm_data
[0.298s] Invoked command in '/home/janhavi/swarm_ws/build/swarm_data' returned '0': CMAKE_PREFIX_PATH=${CMAKE_PREFIX_PATH}:/opt/ros/humble /usr/bin/cmake --build /home/janhavi/swarm_ws/build/swarm_data -- -j12 -l12
[0.306s] Invoking command in '/home/janhavi/swarm_ws/build/swarm_data': CMAKE_PREFIX_PATH=${CMAKE_PREFIX_PATH}:/opt/ros/humble /usr/bin/cmake --install /home/janhavi/swarm_ws/build/swarm_data
[0.313s] -- Install configuration: ""
[0.313s] -- Installing: /home/janhavi/swarm_ws/install/swarm_data/lib/swarm_data/robot_spawner.py
[0.313s] -- Installing: /home/janhavi/swarm_ws/install/swarm_data/lib/swarm_data/obstacle_spawner.py
[0.313s] -- Installing: /home/janhavi/swarm_ws/install/swarm_data/lib/swarm_data/autopilot.py
[0.313s] -- Installing: /home/janhavi/swarm_ws/install/swarm_data/lib/swarm_data/dataset_create.py
[0.313s] -- Installing: /home/janhavi/swarm_ws/install/swarm_data/lib/swarm_data/swarm_transformer.py
[0.313s] -- Installing: /home/janhavi/swarm_ws/install/swarm_data/lib/swarm_data/gossip_manager.py
[0.313s] -- Installing: /home/janhavi/swarm_ws/install/swarm_data/share/swarm_data/launch
[0.313s] -- Installing: /home/janhavi/swarm_ws/install/swarm_data/share/swarm_data/launch/swarm_launch.launch.py
[0.314s] [31mCMake Error at cmake_install.cmake:57 (file):
[0.314s]   file INSTALL cannot find "/home/janhavi/swarm_ws/src/swarm_data/config": No
[0.314s]   such file or directory.
[0.314s] 
[0.314s] [0m
[0.315s] Invoked command in '/home/janhavi/swarm_ws/build/swarm_data' returned '1': CMAKE_PREFIX_PATH=${CMAKE_PREFIX_PATH}:/opt/ros/humble /usr/bin/cmake --install /home/janhavi/swarm_ws/build/swarm_data
