[0.006s] Invoking command in '/home/janhavi/swarm_ws/build/swarm_data': CMAKE_PREFIX_PATH=/opt/ros/humble /usr/bin/cmake /home/janhavi/swarm_ws/src/swarm_data -DCMAKE_INSTALL_PREFIX=/home/janhavi/swarm_ws/install/swarm_data
[0.081s] -- The C compiler identification is GNU 11.4.0
[0.161s] -- The CXX compiler identification is GNU 11.4.0
[0.171s] -- Detecting C compiler ABI info
[0.231s] -- Detecting C compiler ABI info - done
[0.236s] -- Check for working C compiler: /usr/bin/cc - skipped
[0.236s] -- Detecting C compile features
[0.237s] -- Detecting C compile features - done
[0.240s] -- Detecting CXX compiler ABI info
[0.298s] -- Detecting CXX compiler ABI info - done
[0.303s] -- Check for working CXX compiler: /usr/bin/c++ - skipped
[0.303s] -- Detecting CXX compile features
[0.303s] -- Detecting CXX compile features - done
[0.308s] -- Found ament_cmake: 1.3.11 (/opt/ros/humble/share/ament_cmake/cmake)
[0.576s] -- Found Python3: /usr/bin/python3 (found version "3.10.12") found components: Interpreter 
[0.649s] -- Found rclpy: 3.3.15 (/opt/ros/humble/share/rclpy/cmake)
[0.650s] -- Found ament_lint_auto: 0.12.11 (/opt/ros/humble/share/ament_lint_auto/cmake)
[0.700s] -- Added test 'flake8' to check Python code syntax and style conventions
[0.700s] -- Added test 'lint_cmake' to check CMake code style
[0.701s] -- Added test 'pep257' to check Python code against some of the docstring style conventions in PEP 257
[0.701s] -- Added test 'xmllint' to check XML markup files
[0.702s] -- Configuring done
[0.703s] -- Generating done
[0.704s] -- Build files have been written to: /home/janhavi/swarm_ws/build/swarm_data
[0.706s] Invoked command in '/home/janhavi/swarm_ws/build/swarm_data' returned '0': CMAKE_PREFIX_PATH=/opt/ros/humble /usr/bin/cmake /home/janhavi/swarm_ws/src/swarm_data -DCMAKE_INSTALL_PREFIX=/home/janhavi/swarm_ws/install/swarm_data
[0.708s] Invoking command in '/home/janhavi/swarm_ws/build/swarm_data': CMAKE_PREFIX_PATH=/opt/ros/humble /usr/bin/cmake --build /home/janhavi/swarm_ws/build/swarm_data -- -j12 -l12
[0.735s] Invoked command in '/home/janhavi/swarm_ws/build/swarm_data' returned '0': CMAKE_PREFIX_PATH=/opt/ros/humble /usr/bin/cmake --build /home/janhavi/swarm_ws/build/swarm_data -- -j12 -l12
[0.741s] Invoking command in '/home/janhavi/swarm_ws/build/swarm_data': CMAKE_PREFIX_PATH=/opt/ros/humble /usr/bin/cmake --install /home/janhavi/swarm_ws/build/swarm_data
[0.745s] -- Install configuration: ""
[0.745s] -- Installing: /home/janhavi/swarm_ws/install/swarm_data/share/ament_index/resource_index/package_run_dependencies/swarm_data
[0.746s] -- Installing: /home/janhavi/swarm_ws/install/swarm_data/share/ament_index/resource_index/parent_prefix_path/swarm_data
[0.746s] -- Installing: /home/janhavi/swarm_ws/install/swarm_data/share/swarm_data/environment/ament_prefix_path.sh
[0.746s] -- Installing: /home/janhavi/swarm_ws/install/swarm_data/share/swarm_data/environment/ament_prefix_path.dsv
[0.746s] -- Installing: /home/janhavi/swarm_ws/install/swarm_data/share/swarm_data/environment/path.sh
[0.746s] -- Installing: /home/janhavi/swarm_ws/install/swarm_data/share/swarm_data/environment/path.dsv
[0.746s] -- Installing: /home/janhavi/swarm_ws/install/swarm_data/share/swarm_data/local_setup.bash
[0.746s] -- Installing: /home/janhavi/swarm_ws/install/swarm_data/share/swarm_data/local_setup.sh
[0.746s] -- Installing: /home/janhavi/swarm_ws/install/swarm_data/share/swarm_data/local_setup.zsh
[0.746s] -- Installing: /home/janhavi/swarm_ws/install/swarm_data/share/swarm_data/local_setup.dsv
[0.746s] -- Installing: /home/janhavi/swarm_ws/install/swarm_data/share/swarm_data/package.dsv
[0.746s] -- Installing: /home/janhavi/swarm_ws/install/swarm_data/share/ament_index/resource_index/packages/swarm_data
[0.746s] -- Installing: /home/janhavi/swarm_ws/install/swarm_data/share/swarm_data/cmake/swarm_dataConfig.cmake
[0.746s] -- Installing: /home/janhavi/swarm_ws/install/swarm_data/share/swarm_data/cmake/swarm_dataConfig-version.cmake
[0.746s] -- Installing: /home/janhavi/swarm_ws/install/swarm_data/share/swarm_data/package.xml
[0.748s] Invoked command in '/home/janhavi/swarm_ws/build/swarm_data' returned '0': CMAKE_PREFIX_PATH=/opt/ros/humble /usr/bin/cmake --install /home/janhavi/swarm_ws/build/swarm_data
