[0.007s] Invoking command in '/home/janhavi/swarm_ws/build/swarm_data': CMAKE_PREFIX_PATH=${CMAKE_PREFIX_PATH}:/opt/ros/humble /usr/bin/cmake --build /home/janhavi/swarm_ws/build/swarm_data -- -j12 -l12
[0.027s] -- Found ament_cmake: 1.3.11 (/opt/ros/humble/share/ament_cmake/cmake)
[0.117s] -- Found rclpy: 3.3.15 (/opt/ros/humble/share/rclpy/cmake)
[0.117s] -- Found rclcpp: 16.0.11 (/opt/ros/humble/share/rclcpp/cmake)
[0.143s] -- Found rosidl_generator_c: 3.1.6 (/opt/ros/humble/share/rosidl_generator_c/cmake)
[0.145s] -- Found rosidl_adapter: 3.1.6 (/opt/ros/humble/share/rosidl_adapter/cmake)
[0.149s] -- Found rosidl_generator_cpp: 3.1.6 (/opt/ros/humble/share/rosidl_generator_cpp/cmake)
[0.156s] -- Using all available rosidl_typesupport_c: rosidl_typesupport_fastrtps_c;rosidl_typesupport_introspection_c
[0.165s] -- Using all available rosidl_typesupport_cpp: rosidl_typesupport_fastrtps_cpp;rosidl_typesupport_introspection_cpp
[0.187s] -- Found rmw_implementation_cmake: 6.1.2 (/opt/ros/humble/share/rmw_implementation_cmake/cmake)
[0.189s] -- Found rmw_cyclonedds_cpp: 1.3.4 (/opt/ros/humble/share/rmw_cyclonedds_cpp/cmake)
[0.210s] -- Using RMW implementation 'rmw_cyclonedds_cpp' as default
[0.249s] -- Found gazebo_msgs: 3.9.0 (/opt/ros/humble/share/gazebo_msgs/cmake)
[0.282s] -- Found sensor_msgs: 4.2.4 (/opt/ros/humble/share/sensor_msgs/cmake)
[0.302s] -- Found nav_msgs: 4.2.4 (/opt/ros/humble/share/nav_msgs/cmake)
[0.316s] -- Found ament_lint_auto: 0.12.11 (/opt/ros/humble/share/ament_lint_auto/cmake)
[0.366s] -- Added test 'flake8' to check Python code syntax and style conventions
[0.366s] -- Added test 'lint_cmake' to check CMake code style
[0.367s] -- Added test 'pep257' to check Python code against some of the docstring style conventions in PEP 257
[0.368s] -- Added test 'xmllint' to check XML markup files
[0.369s] -- Configuring done
[0.373s] -- Generating done
[0.374s] -- Build files have been written to: /home/janhavi/swarm_ws/build/swarm_data
[0.393s] Invoked command in '/home/janhavi/swarm_ws/build/swarm_data' returned '0': CMAKE_PREFIX_PATH=${CMAKE_PREFIX_PATH}:/opt/ros/humble /usr/bin/cmake --build /home/janhavi/swarm_ws/build/swarm_data -- -j12 -l12
[0.399s] Invoking command in '/home/janhavi/swarm_ws/build/swarm_data': CMAKE_PREFIX_PATH=${CMAKE_PREFIX_PATH}:/opt/ros/humble /usr/bin/cmake --install /home/janhavi/swarm_ws/build/swarm_data
[0.406s] -- Install configuration: ""
[0.406s] -- Up-to-date: /home/janhavi/swarm_ws/install/swarm_data/lib/swarm_data/robot_spawner.py
[0.406s] -- Up-to-date: /home/janhavi/swarm_ws/install/swarm_data/lib/swarm_data/obstacle_spawner.py
[0.406s] -- Up-to-date: /home/janhavi/swarm_ws/install/swarm_data/lib/swarm_data/autopilot.py
[0.406s] -- Up-to-date: /home/janhavi/swarm_ws/install/swarm_data/lib/swarm_data/dataset_create.py
[0.406s] -- Up-to-date: /home/janhavi/swarm_ws/install/swarm_data/lib/swarm_data/swarm_transformer.py
[0.406s] -- Up-to-date: /home/janhavi/swarm_ws/install/swarm_data/lib/swarm_data/gossip_manager.py
[0.406s] -- Up-to-date: /home/janhavi/swarm_ws/install/swarm_data/share/swarm_data/launch
[0.406s] -- Up-to-date: /home/janhavi/swarm_ws/install/swarm_data/share/swarm_data/launch/swarm_launch.launch.py
[0.406s] -- Installing: /home/janhavi/swarm_ws/install/swarm_data/share/swarm_data/worlds
[0.406s] -- Installing: /home/janhavi/swarm_ws/install/swarm_data/share/swarm_data/worlds/swarm.world
[0.406s] -- Up-to-date: /home/janhavi/swarm_ws/install/swarm_data/share/ament_index/resource_index/package_run_dependencies/swarm_data
[0.406s] -- Up-to-date: /home/janhavi/swarm_ws/install/swarm_data/share/ament_index/resource_index/parent_prefix_path/swarm_data
[0.406s] -- Up-to-date: /home/janhavi/swarm_ws/install/swarm_data/share/swarm_data/environment/ament_prefix_path.sh
[0.406s] -- Installing: /home/janhavi/swarm_ws/install/swarm_data/share/swarm_data/environment/ament_prefix_path.dsv
[0.407s] -- Up-to-date: /home/janhavi/swarm_ws/install/swarm_data/share/swarm_data/environment/path.sh
[0.407s] -- Installing: /home/janhavi/swarm_ws/install/swarm_data/share/swarm_data/environment/path.dsv
[0.407s] -- Up-to-date: /home/janhavi/swarm_ws/install/swarm_data/share/swarm_data/local_setup.bash
[0.407s] -- Up-to-date: /home/janhavi/swarm_ws/install/swarm_data/share/swarm_data/local_setup.sh
[0.407s] -- Up-to-date: /home/janhavi/swarm_ws/install/swarm_data/share/swarm_data/local_setup.zsh
[0.407s] -- Installing: /home/janhavi/swarm_ws/install/swarm_data/share/swarm_data/local_setup.dsv
[0.407s] -- Installing: /home/janhavi/swarm_ws/install/swarm_data/share/swarm_data/package.dsv
[0.407s] -- Up-to-date: /home/janhavi/swarm_ws/install/swarm_data/share/ament_index/resource_index/packages/swarm_data
[0.407s] -- Up-to-date: /home/janhavi/swarm_ws/install/swarm_data/share/swarm_data/cmake/swarm_dataConfig.cmake
[0.407s] -- Up-to-date: /home/janhavi/swarm_ws/install/swarm_data/share/swarm_data/cmake/swarm_dataConfig-version.cmake
[0.407s] -- Up-to-date: /home/janhavi/swarm_ws/install/swarm_data/share/swarm_data/package.xml
[0.408s] Invoked command in '/home/janhavi/swarm_ws/build/swarm_data' returned '0': CMAKE_PREFIX_PATH=${CMAKE_PREFIX_PATH}:/opt/ros/humble /usr/bin/cmake --install /home/janhavi/swarm_ws/build/swarm_data
