[0.008s] Invoking command in '/home/janhavi/swarm_ws/build/swarm_data': CMAKE_PREFIX_PATH=${CMAKE_PREFIX_PATH}:/opt/ros/humble /usr/bin/cmake --build /home/janhavi/swarm_ws/build/swarm_data -- -j12 -l12
[0.038s] Invoked command in '/home/janhavi/swarm_ws/build/swarm_data' returned '0': CMAKE_PREFIX_PATH=${CMAKE_PREFIX_PATH}:/opt/ros/humble /usr/bin/cmake --build /home/janhavi/swarm_ws/build/swarm_data -- -j12 -l12
[0.046s] Invoking command in '/home/janhavi/swarm_ws/build/swarm_data': CMAKE_PREFIX_PATH=${CMAKE_PREFIX_PATH}:/opt/ros/humble /usr/bin/cmake --install /home/janhavi/swarm_ws/build/swarm_data
[0.052s] -- Install configuration: ""
[0.052s] -- Installing: /home/janhavi/swarm_ws/install/swarm_data/lib/swarm_data/robot_spawner.py
[0.052s] -- Up-to-date: /home/janhavi/swarm_ws/install/swarm_data/lib/swarm_data/obstacle_spawner.py
[0.052s] -- Up-to-date: /home/janhavi/swarm_ws/install/swarm_data/lib/swarm_data/autopilot.py
[0.052s] -- Up-to-date: /home/janhavi/swarm_ws/install/swarm_data/lib/swarm_data/dataset_create.py
[0.052s] -- Up-to-date: /home/janhavi/swarm_ws/install/swarm_data/lib/swarm_data/swarm_transformer.py
[0.052s] -- Installing: /home/janhavi/swarm_ws/install/swarm_data/lib/swarm_data/gossip_manager.py
[0.052s] -- Up-to-date: /home/janhavi/swarm_ws/install/swarm_data/share/swarm_data/launch
[0.052s] -- Up-to-date: /home/janhavi/swarm_ws/install/swarm_data/share/swarm_data/launch/robot_spawn_launch.launch.py
[0.053s] -- Up-to-date: /home/janhavi/swarm_ws/install/swarm_data/share/swarm_data/launch/obstacle_spawn_launch.launch.py
[0.053s] -- Up-to-date: /home/janhavi/swarm_ws/install/swarm_data/share/swarm_data/launch/swarm_launch.launch.py
[0.053s] -- Up-to-date: /home/janhavi/swarm_ws/install/swarm_data/share/swarm_data/worlds
[0.053s] -- Up-to-date: /home/janhavi/swarm_ws/install/swarm_data/share/swarm_data/worlds/swarm.world
[0.053s] -- Up-to-date: /home/janhavi/swarm_ws/install/swarm_data/share/ament_index/resource_index/package_run_dependencies/swarm_data
[0.053s] -- Up-to-date: /home/janhavi/swarm_ws/install/swarm_data/share/ament_index/resource_index/parent_prefix_path/swarm_data
[0.053s] -- Up-to-date: /home/janhavi/swarm_ws/install/swarm_data/share/swarm_data/environment/ament_prefix_path.sh
[0.053s] -- Up-to-date: /home/janhavi/swarm_ws/install/swarm_data/share/swarm_data/environment/ament_prefix_path.dsv
[0.054s] -- Up-to-date: /home/janhavi/swarm_ws/install/swarm_data/share/swarm_data/environment/path.sh
[0.054s] -- Up-to-date: /home/janhavi/swarm_ws/install/swarm_data/share/swarm_data/environment/path.dsv
[0.054s] -- Up-to-date: /home/janhavi/swarm_ws/install/swarm_data/share/swarm_data/local_setup.bash
[0.054s] -- Up-to-date: /home/janhavi/swarm_ws/install/swarm_data/share/swarm_data/local_setup.sh
[0.054s] -- Up-to-date: /home/janhavi/swarm_ws/install/swarm_data/share/swarm_data/local_setup.zsh
[0.054s] -- Up-to-date: /home/janhavi/swarm_ws/install/swarm_data/share/swarm_data/local_setup.dsv
[0.055s] -- Installing: /home/janhavi/swarm_ws/install/swarm_data/share/swarm_data/package.dsv
[0.055s] -- Up-to-date: /home/janhavi/swarm_ws/install/swarm_data/share/ament_index/resource_index/packages/swarm_data
[0.055s] -- Up-to-date: /home/janhavi/swarm_ws/install/swarm_data/share/swarm_data/cmake/swarm_dataConfig.cmake
[0.055s] -- Up-to-date: /home/janhavi/swarm_ws/install/swarm_data/share/swarm_data/cmake/swarm_dataConfig-version.cmake
[0.055s] -- Up-to-date: /home/janhavi/swarm_ws/install/swarm_data/share/swarm_data/package.xml
[0.056s] Invoked command in '/home/janhavi/swarm_ws/build/swarm_data' returned '0': CMAKE_PREFIX_PATH=${CMAKE_PREFIX_PATH}:/opt/ros/humble /usr/bin/cmake --install /home/janhavi/swarm_ws/build/swarm_data
