[0.010s] Invoking command in '/home/janhavi/swarm_ws/build/swarm_msgs': CMAKE_PREFIX_PATH=/opt/ros/humble /usr/bin/cmake /home/janhavi/swarm_ws/src/swarm_msgs -DCMAKE_INSTALL_PREFIX=/home/janhavi/swarm_ws/install/swarm_msgs
[0.020s] -- Found ament_cmake: 1.3.11 (/opt/ros/humble/share/ament_cmake/cmake)
[0.103s] -- Found builtin_interfaces: 1.2.1 (/opt/ros/humble/share/builtin_interfaces/cmake)
[0.116s] -- Found rosidl_generator_c: 3.1.6 (/opt/ros/humble/share/rosidl_generator_c/cmake)
[0.118s] -- Found rosidl_adapter: 3.1.6 (/opt/ros/humble/share/rosidl_adapter/cmake)
[0.121s] -- Found rosidl_generator_cpp: 3.1.6 (/opt/ros/humble/share/rosidl_generator_cpp/cmake)
[0.126s] -- Using all available rosidl_typesupport_c: rosidl_typesupport_fastrtps_c;rosidl_typesupport_introspection_c
[0.133s] -- Using all available rosidl_typesupport_cpp: rosidl_typesupport_fastrtps_cpp;rosidl_typesupport_introspection_cpp
[0.139s] -- Found std_msgs: 4.2.4 (/opt/ros/humble/share/std_msgs/cmake)
[0.145s] -- Found geometry_msgs: 4.2.4 (/opt/ros/humble/share/geometry_msgs/cmake)
[0.152s] -- Found rosidl_default_generators: 1.2.0 (/opt/ros/humble/share/rosidl_default_generators/cmake)
[0.155s] -- Found ament_lint_auto: 0.12.11 (/opt/ros/humble/share/ament_lint_auto/cmake)
[0.352s] -- Found ament_cmake_ros: 0.10.0 (/opt/ros/humble/share/ament_cmake_ros/cmake)
[0.623s] -- Using all available rosidl_typesupport_c: rosidl_typesupport_fastrtps_c;rosidl_typesupport_introspection_c
[0.723s] -- Using all available rosidl_typesupport_cpp: rosidl_typesupport_fastrtps_cpp;rosidl_typesupport_introspection_cpp
[0.740s] -- Found PythonInterp: /usr/bin/python3 (found suitable version "3.10.12", minimum required is "3.6") 
[0.741s] -- Found python_cmake_module: 0.10.0 (/opt/ros/humble/share/python_cmake_module/cmake)
[0.759s] -- Found PythonLibs: /usr/lib/x86_64-linux-gnu/libpython3.10.so (found suitable version "3.10.12", minimum required is "3.5") 
[0.759s] -- Using PYTHON_EXECUTABLE: /usr/bin/python3
[0.760s] -- Using PYTHON_INCLUDE_DIRS: /usr/include/python3.10
[0.760s] -- Using PYTHON_LIBRARIES: /usr/lib/x86_64-linux-gnu/libpython3.10.so
[0.775s] -- Found PythonExtra: .so  
[0.817s] -- Added test 'lint_cmake' to check CMake code style
[0.818s] -- Added test 'xmllint' to check XML markup files
[0.822s] -- Configuring done
[0.841s] -- Generating done
[0.848s] -- Build files have been written to: /home/janhavi/swarm_ws/build/swarm_msgs
[0.852s] Invoked command in '/home/janhavi/swarm_ws/build/swarm_msgs' returned '0': CMAKE_PREFIX_PATH=/opt/ros/humble /usr/bin/cmake /home/janhavi/swarm_ws/src/swarm_msgs -DCMAKE_INSTALL_PREFIX=/home/janhavi/swarm_ws/install/swarm_msgs
[0.854s] Invoking command in '/home/janhavi/swarm_ws/build/swarm_msgs': CMAKE_PREFIX_PATH=/opt/ros/humble /usr/bin/cmake --build /home/janhavi/swarm_ws/build/swarm_msgs -- -j12 -l12
[0.887s] [  2%] [34m[1mGenerating C code for ROS interfaces[0m
[0.894s] [  4%] [34m[1mGenerating C++ code for ROS interfaces[0m
[0.902s] [  4%] Built target ament_cmake_python_copy_swarm_msgs
[1.071s] running egg_info
[1.090s] creating swarm_msgs.egg-info
[1.090s] writing swarm_msgs.egg-info/PKG-INFO
[1.090s] writing dependency_links to swarm_msgs.egg-info/dependency_links.txt
[1.091s] writing top-level names to swarm_msgs.egg-info/top_level.txt
[1.091s] writing manifest file 'swarm_msgs.egg-info/SOURCES.txt'
[1.130s] reading manifest file 'swarm_msgs.egg-info/SOURCES.txt'
[1.131s] writing manifest file 'swarm_msgs.egg-info/SOURCES.txt'
[1.155s] [  4%] Built target ament_cmake_python_build_swarm_msgs_egg
[1.206s] [  4%] Built target swarm_msgs__cpp
[1.214s] [  6%] [34m[1mGenerating C++ type support dispatch for ROS interfaces[0m
[1.215s] [ 10%] [34m[1mGenerating C++ introspection for ROS interfaces[0m
[1.215s] [ 10%] [34m[1mGenerating C++ type support for eProsima Fast-RTPS[0m
[1.229s] [ 14%] [32mBuilding C object CMakeFiles/swarm_msgs__rosidl_generator_c.dir/rosidl_generator_c/swarm_msgs/msg/detail/gmm_params__functions.c.o[0m
[1.230s] [ 14%] [32mBuilding C object CMakeFiles/swarm_msgs__rosidl_generator_c.dir/rosidl_generator_c/swarm_msgs/msg/detail/robot_state__functions.c.o[0m
[1.230s] [ 17%] [32mBuilding C object CMakeFiles/swarm_msgs__rosidl_generator_c.dir/rosidl_generator_c/swarm_msgs/msg/detail/gossip__functions.c.o[0m
[1.283s] [ 19%] [32m[1mLinking C shared library libswarm_msgs__rosidl_generator_c.so[0m
[1.314s] [ 19%] Built target swarm_msgs__rosidl_generator_c
[1.321s] [ 21%] [34m[1mGenerating C type support dispatch for ROS interfaces[0m
[1.322s] [ 23%] [34m[1mGenerating C type support for eProsima Fast-RTPS[0m
[1.323s] [ 25%] [34m[1mGenerating C introspection for ROS interfaces[0m
[1.526s] [ 27%] [32mBuilding CXX object CMakeFiles/swarm_msgs__rosidl_typesupport_introspection_cpp.dir/rosidl_typesupport_introspection_cpp/swarm_msgs/msg/detail/robot_state__type_support.cpp.o[0m
[1.529s] [ 31%] [32mBuilding CXX object CMakeFiles/swarm_msgs__rosidl_typesupport_introspection_cpp.dir/rosidl_typesupport_introspection_cpp/swarm_msgs/msg/detail/gmm_params__type_support.cpp.o[0m
[1.529s] [ 31%] [32mBuilding CXX object CMakeFiles/swarm_msgs__rosidl_typesupport_introspection_cpp.dir/rosidl_typesupport_introspection_cpp/swarm_msgs/msg/detail/gossip__type_support.cpp.o[0m
[1.549s] [ 34%] [32mBuilding CXX object CMakeFiles/swarm_msgs__rosidl_typesupport_c.dir/rosidl_typesupport_c/swarm_msgs/msg/gossip__type_support.cpp.o[0m
[1.552s] [ 38%] [32mBuilding CXX object CMakeFiles/swarm_msgs__rosidl_typesupport_c.dir/rosidl_typesupport_c/swarm_msgs/msg/robot_state__type_support.cpp.o[0m
[1.552s] [ 38%] [32mBuilding CXX object CMakeFiles/swarm_msgs__rosidl_typesupport_c.dir/rosidl_typesupport_c/swarm_msgs/msg/gmm_params__type_support.cpp.o[0m
[1.582s] [ 44%] [32mBuilding CXX object CMakeFiles/swarm_msgs__rosidl_typesupport_cpp.dir/rosidl_typesupport_cpp/swarm_msgs/msg/gmm_params__type_support.cpp.o[0m
[1.582s] [ 44%] [32mBuilding CXX object CMakeFiles/swarm_msgs__rosidl_typesupport_cpp.dir/rosidl_typesupport_cpp/swarm_msgs/msg/gossip__type_support.cpp.o[0m
[1.582s] [ 44%] [32mBuilding CXX object CMakeFiles/swarm_msgs__rosidl_typesupport_cpp.dir/rosidl_typesupport_cpp/swarm_msgs/msg/robot_state__type_support.cpp.o[0m
[1.588s] [ 46%] [32m[1mLinking CXX shared library libswarm_msgs__rosidl_typesupport_c.so[0m
[1.641s] [ 46%] Built target swarm_msgs__rosidl_typesupport_c
[1.674s] [ 48%] [32mBuilding CXX object CMakeFiles/swarm_msgs__rosidl_typesupport_fastrtps_cpp.dir/rosidl_typesupport_fastrtps_cpp/swarm_msgs/msg/detail/dds_fastrtps/gmm_params__type_support.cpp.o[0m
[1.674s] [ 53%] [32mBuilding CXX object CMakeFiles/swarm_msgs__rosidl_typesupport_fastrtps_cpp.dir/rosidl_typesupport_fastrtps_cpp/swarm_msgs/msg/detail/dds_fastrtps/gossip__type_support.cpp.o[0m
[1.674s] [ 53%] [32mBuilding CXX object CMakeFiles/swarm_msgs__rosidl_typesupport_fastrtps_cpp.dir/rosidl_typesupport_fastrtps_cpp/swarm_msgs/msg/detail/dds_fastrtps/robot_state__type_support.cpp.o[0m
[1.681s] [ 55%] [32mBuilding CXX object CMakeFiles/swarm_msgs__rosidl_typesupport_fastrtps_c.dir/rosidl_typesupport_fastrtps_c/swarm_msgs/msg/detail/robot_state__type_support_c.cpp.o[0m
[1.682s] [ 57%] [32mBuilding CXX object CMakeFiles/swarm_msgs__rosidl_typesupport_fastrtps_c.dir/rosidl_typesupport_fastrtps_c/swarm_msgs/msg/detail/gmm_params__type_support_c.cpp.o[0m
[1.749s] [ 59%] [32mBuilding C object CMakeFiles/swarm_msgs__rosidl_typesupport_introspection_c.dir/rosidl_typesupport_introspection_c/swarm_msgs/msg/detail/robot_state__type_support.c.o[0m
[1.799s] [ 61%] [32mBuilding C object CMakeFiles/swarm_msgs__rosidl_typesupport_introspection_c.dir/rosidl_typesupport_introspection_c/swarm_msgs/msg/detail/gmm_params__type_support.c.o[0m
[1.854s] [ 63%] [32mBuilding C object CMakeFiles/swarm_msgs__rosidl_typesupport_introspection_c.dir/rosidl_typesupport_introspection_c/swarm_msgs/msg/detail/gossip__type_support.c.o[0m
[1.904s] [ 65%] [32m[1mLinking C shared library libswarm_msgs__rosidl_typesupport_introspection_c.so[0m
[1.927s] [ 68%] [32mBuilding CXX object CMakeFiles/swarm_msgs__rosidl_typesupport_fastrtps_c.dir/rosidl_typesupport_fastrtps_c/swarm_msgs/msg/detail/gossip__type_support_c.cpp.o[0m
[1.942s] [ 70%] [32m[1mLinking CXX shared library libswarm_msgs__rosidl_typesupport_cpp.so[0m
[1.960s] [ 70%] Built target swarm_msgs__rosidl_typesupport_introspection_c
[1.987s] [ 70%] Built target swarm_msgs__rosidl_typesupport_cpp
[2.175s] [ 72%] [32m[1mLinking CXX shared library libswarm_msgs__rosidl_typesupport_introspection_cpp.so[0m
[2.223s] [ 74%] [32m[1mLinking CXX shared library libswarm_msgs__rosidl_typesupport_fastrtps_cpp.so[0m
[2.249s] [ 74%] Built target swarm_msgs__rosidl_typesupport_introspection_cpp
[2.256s] [ 76%] [32m[1mLinking CXX shared library libswarm_msgs__rosidl_typesupport_fastrtps_c.so[0m
[2.282s] [ 76%] Built target swarm_msgs__rosidl_typesupport_fastrtps_cpp
[2.309s] [ 76%] Built target swarm_msgs__rosidl_typesupport_fastrtps_c
[2.322s] [ 76%] Built target swarm_msgs
[2.339s] [ 78%] [34m[1mGenerating Python code for ROS interfaces[0m
[2.707s] [ 78%] Built target swarm_msgs__py
[2.724s] [ 80%] [32mBuilding C object CMakeFiles/swarm_msgs__rosidl_generator_py.dir/rosidl_generator_py/swarm_msgs/msg/_robot_state_s.c.o[0m
[2.724s] [ 85%] [32mBuilding C object CMakeFiles/swarm_msgs__rosidl_generator_py.dir/rosidl_generator_py/swarm_msgs/msg/_gmm_params_s.c.o[0m
[2.724s] [ 85%] [32mBuilding C object CMakeFiles/swarm_msgs__rosidl_generator_py.dir/rosidl_generator_py/swarm_msgs/msg/_gossip_s.c.o[0m
[2.827s] [ 87%] [32m[1mLinking C shared library rosidl_generator_py/swarm_msgs/libswarm_msgs__rosidl_generator_py.so[0m
[2.862s] [ 87%] Built target swarm_msgs__rosidl_generator_py
[2.877s] [ 89%] [32mBuilding C object CMakeFiles/swarm_msgs__rosidl_typesupport_fastrtps_c__pyext.dir/rosidl_generator_py/swarm_msgs/_swarm_msgs_s.ep.rosidl_typesupport_fastrtps_c.c.o[0m
[2.878s] [ 91%] [32mBuilding C object CMakeFiles/swarm_msgs__rosidl_typesupport_introspection_c__pyext.dir/rosidl_generator_py/swarm_msgs/_swarm_msgs_s.ep.rosidl_typesupport_introspection_c.c.o[0m
[2.878s] [ 93%] [32mBuilding C object CMakeFiles/swarm_msgs__rosidl_typesupport_c__pyext.dir/rosidl_generator_py/swarm_msgs/_swarm_msgs_s.ep.rosidl_typesupport_c.c.o[0m
[2.942s] [ 95%] [32m[1mLinking C shared library rosidl_generator_py/swarm_msgs/swarm_msgs_s__rosidl_typesupport_introspection_c.cpython-310-x86_64-linux-gnu.so[0m
[2.952s] [ 97%] [32m[1mLinking C shared library rosidl_generator_py/swarm_msgs/swarm_msgs_s__rosidl_typesupport_c.cpython-310-x86_64-linux-gnu.so[0m
[2.963s] [100%] [32m[1mLinking C shared library rosidl_generator_py/swarm_msgs/swarm_msgs_s__rosidl_typesupport_fastrtps_c.cpython-310-x86_64-linux-gnu.so[0m
[2.972s] [100%] Built target swarm_msgs__rosidl_typesupport_introspection_c__pyext
[2.983s] [100%] Built target swarm_msgs__rosidl_typesupport_c__pyext
[2.995s] [100%] Built target swarm_msgs__rosidl_typesupport_fastrtps_c__pyext
[3.003s] Invoked command in '/home/janhavi/swarm_ws/build/swarm_msgs' returned '0': CMAKE_PREFIX_PATH=/opt/ros/humble /usr/bin/cmake --build /home/janhavi/swarm_ws/build/swarm_msgs -- -j12 -l12
[3.004s] Invoking command in '/home/janhavi/swarm_ws/build/swarm_msgs': CMAKE_PREFIX_PATH=/opt/ros/humble /usr/bin/cmake --install /home/janhavi/swarm_ws/build/swarm_msgs
[3.009s] -- Install configuration: ""
[3.009s] -- Installing: /home/janhavi/swarm_ws/install/swarm_msgs/share/ament_index/resource_index/rosidl_interfaces/swarm_msgs
[3.009s] -- Installing: /home/janhavi/swarm_ws/install/swarm_msgs/include/swarm_msgs/swarm_msgs
[3.009s] -- Installing: /home/janhavi/swarm_ws/install/swarm_msgs/include/swarm_msgs/swarm_msgs/msg
[3.009s] -- Installing: /home/janhavi/swarm_ws/install/swarm_msgs/include/swarm_msgs/swarm_msgs/msg/gmm_params.h
[3.009s] -- Installing: /home/janhavi/swarm_ws/install/swarm_msgs/include/swarm_msgs/swarm_msgs/msg/robot_state.h
[3.009s] -- Installing: /home/janhavi/swarm_ws/install/swarm_msgs/include/swarm_msgs/swarm_msgs/msg/gossip.h
[3.010s] -- Installing: /home/janhavi/swarm_ws/install/swarm_msgs/include/swarm_msgs/swarm_msgs/msg/detail
[3.010s] -- Installing: /home/janhavi/swarm_ws/install/swarm_msgs/include/swarm_msgs/swarm_msgs/msg/detail/gossip__functions.h
[3.010s] -- Installing: /home/janhavi/swarm_ws/install/swarm_msgs/include/swarm_msgs/swarm_msgs/msg/detail/gmm_params__functions.h
[3.010s] -- Installing: /home/janhavi/swarm_ws/install/swarm_msgs/include/swarm_msgs/swarm_msgs/msg/detail/robot_state__functions.h
[3.010s] -- Installing: /home/janhavi/swarm_ws/install/swarm_msgs/include/swarm_msgs/swarm_msgs/msg/detail/robot_state__struct.h
[3.010s] -- Installing: /home/janhavi/swarm_ws/install/swarm_msgs/include/swarm_msgs/swarm_msgs/msg/detail/gmm_params__struct.h
[3.010s] -- Installing: /home/janhavi/swarm_ws/install/swarm_msgs/include/swarm_msgs/swarm_msgs/msg/detail/robot_state__type_support.h
[3.010s] -- Installing: /home/janhavi/swarm_ws/install/swarm_msgs/include/swarm_msgs/swarm_msgs/msg/detail/robot_state__functions.c
[3.010s] -- Installing: /home/janhavi/swarm_ws/install/swarm_msgs/include/swarm_msgs/swarm_msgs/msg/detail/gossip__struct.h
[3.010s] -- Installing: /home/janhavi/swarm_ws/install/swarm_msgs/include/swarm_msgs/swarm_msgs/msg/detail/gmm_params__type_support.h
[3.010s] -- Installing: /home/janhavi/swarm_ws/install/swarm_msgs/include/swarm_msgs/swarm_msgs/msg/detail/gossip__functions.c
[3.010s] -- Installing: /home/janhavi/swarm_ws/install/swarm_msgs/include/swarm_msgs/swarm_msgs/msg/detail/gossip__type_support.h
[3.010s] -- Installing: /home/janhavi/swarm_ws/install/swarm_msgs/include/swarm_msgs/swarm_msgs/msg/detail/gmm_params__functions.c
[3.010s] -- Installing: /home/janhavi/swarm_ws/install/swarm_msgs/include/swarm_msgs/swarm_msgs/msg/rosidl_generator_c__visibility_control.h
[3.011s] -- Installing: /home/janhavi/swarm_ws/install/swarm_msgs/share/swarm_msgs/environment/library_path.sh
[3.011s] -- Installing: /home/janhavi/swarm_ws/install/swarm_msgs/share/swarm_msgs/environment/library_path.dsv
[3.011s] -- Installing: /home/janhavi/swarm_ws/install/swarm_msgs/lib/libswarm_msgs__rosidl_generator_c.so
[3.011s] -- Set runtime path of "/home/janhavi/swarm_ws/install/swarm_msgs/lib/libswarm_msgs__rosidl_generator_c.so" to ""
[3.011s] -- Up-to-date: /home/janhavi/swarm_ws/install/swarm_msgs/include/swarm_msgs/swarm_msgs
[3.011s] -- Up-to-date: /home/janhavi/swarm_ws/install/swarm_msgs/include/swarm_msgs/swarm_msgs/msg
[3.011s] -- Installing: /home/janhavi/swarm_ws/install/swarm_msgs/include/swarm_msgs/swarm_msgs/msg/rosidl_typesupport_fastrtps_c__visibility_control.h
[3.011s] -- Up-to-date: /home/janhavi/swarm_ws/install/swarm_msgs/include/swarm_msgs/swarm_msgs/msg/detail
[3.011s] -- Installing: /home/janhavi/swarm_ws/install/swarm_msgs/include/swarm_msgs/swarm_msgs/msg/detail/gmm_params__rosidl_typesupport_fastrtps_c.h
[3.011s] -- Installing: /home/janhavi/swarm_ws/install/swarm_msgs/include/swarm_msgs/swarm_msgs/msg/detail/gossip__rosidl_typesupport_fastrtps_c.h
[3.011s] -- Installing: /home/janhavi/swarm_ws/install/swarm_msgs/include/swarm_msgs/swarm_msgs/msg/detail/robot_state__rosidl_typesupport_fastrtps_c.h
[3.011s] -- Installing: /home/janhavi/swarm_ws/install/swarm_msgs/lib/libswarm_msgs__rosidl_typesupport_fastrtps_c.so
[3.011s] -- Set runtime path of "/home/janhavi/swarm_ws/install/swarm_msgs/lib/libswarm_msgs__rosidl_typesupport_fastrtps_c.so" to ""
[3.011s] -- Up-to-date: /home/janhavi/swarm_ws/install/swarm_msgs/include/swarm_msgs/swarm_msgs
[3.012s] -- Up-to-date: /home/janhavi/swarm_ws/install/swarm_msgs/include/swarm_msgs/swarm_msgs/msg
[3.012s] -- Installing: /home/janhavi/swarm_ws/install/swarm_msgs/include/swarm_msgs/swarm_msgs/msg/gmm_params.hpp
[3.012s] -- Installing: /home/janhavi/swarm_ws/install/swarm_msgs/include/swarm_msgs/swarm_msgs/msg/gossip.hpp
[3.012s] -- Installing: /home/janhavi/swarm_ws/install/swarm_msgs/include/swarm_msgs/swarm_msgs/msg/rosidl_generator_cpp__visibility_control.hpp
[3.012s] -- Up-to-date: /home/janhavi/swarm_ws/install/swarm_msgs/include/swarm_msgs/swarm_msgs/msg/detail
[3.012s] -- Installing: /home/janhavi/swarm_ws/install/swarm_msgs/include/swarm_msgs/swarm_msgs/msg/detail/robot_state__struct.hpp
[3.012s] -- Installing: /home/janhavi/swarm_ws/install/swarm_msgs/include/swarm_msgs/swarm_msgs/msg/detail/gossip__struct.hpp
[3.012s] -- Installing: /home/janhavi/swarm_ws/install/swarm_msgs/include/swarm_msgs/swarm_msgs/msg/detail/robot_state__type_support.hpp
[3.012s] -- Installing: /home/janhavi/swarm_ws/install/swarm_msgs/include/swarm_msgs/swarm_msgs/msg/detail/gossip__builder.hpp
[3.012s] -- Installing: /home/janhavi/swarm_ws/install/swarm_msgs/include/swarm_msgs/swarm_msgs/msg/detail/gmm_params__type_support.hpp
[3.012s] -- Installing: /home/janhavi/swarm_ws/install/swarm_msgs/include/swarm_msgs/swarm_msgs/msg/detail/gossip__type_support.hpp
[3.012s] -- Installing: /home/janhavi/swarm_ws/install/swarm_msgs/include/swarm_msgs/swarm_msgs/msg/detail/gmm_params__struct.hpp
[3.012s] -- Installing: /home/janhavi/swarm_ws/install/swarm_msgs/include/swarm_msgs/swarm_msgs/msg/detail/robot_state__builder.hpp
[3.012s] -- Installing: /home/janhavi/swarm_ws/install/swarm_msgs/include/swarm_msgs/swarm_msgs/msg/detail/gossip__traits.hpp
[3.012s] -- Installing: /home/janhavi/swarm_ws/install/swarm_msgs/include/swarm_msgs/swarm_msgs/msg/detail/gmm_params__builder.hpp
[3.012s] -- Installing: /home/janhavi/swarm_ws/install/swarm_msgs/include/swarm_msgs/swarm_msgs/msg/detail/gmm_params__traits.hpp
[3.013s] -- Installing: /home/janhavi/swarm_ws/install/swarm_msgs/include/swarm_msgs/swarm_msgs/msg/detail/robot_state__traits.hpp
[3.013s] -- Installing: /home/janhavi/swarm_ws/install/swarm_msgs/include/swarm_msgs/swarm_msgs/msg/robot_state.hpp
[3.013s] -- Up-to-date: /home/janhavi/swarm_ws/install/swarm_msgs/include/swarm_msgs/swarm_msgs
[3.013s] -- Up-to-date: /home/janhavi/swarm_ws/install/swarm_msgs/include/swarm_msgs/swarm_msgs/msg
[3.013s] -- Up-to-date: /home/janhavi/swarm_ws/install/swarm_msgs/include/swarm_msgs/swarm_msgs/msg/detail
[3.013s] -- Installing: /home/janhavi/swarm_ws/install/swarm_msgs/include/swarm_msgs/swarm_msgs/msg/detail/dds_fastrtps
[3.013s] -- Installing: /home/janhavi/swarm_ws/install/swarm_msgs/include/swarm_msgs/swarm_msgs/msg/detail/gossip__rosidl_typesupport_fastrtps_cpp.hpp
[3.013s] -- Installing: /home/janhavi/swarm_ws/install/swarm_msgs/include/swarm_msgs/swarm_msgs/msg/detail/robot_state__rosidl_typesupport_fastrtps_cpp.hpp
[3.013s] -- Installing: /home/janhavi/swarm_ws/install/swarm_msgs/include/swarm_msgs/swarm_msgs/msg/detail/gmm_params__rosidl_typesupport_fastrtps_cpp.hpp
[3.013s] -- Installing: /home/janhavi/swarm_ws/install/swarm_msgs/include/swarm_msgs/swarm_msgs/msg/rosidl_typesupport_fastrtps_cpp__visibility_control.h
[3.013s] -- Installing: /home/janhavi/swarm_ws/install/swarm_msgs/lib/libswarm_msgs__rosidl_typesupport_fastrtps_cpp.so
[3.013s] -- Set runtime path of "/home/janhavi/swarm_ws/install/swarm_msgs/lib/libswarm_msgs__rosidl_typesupport_fastrtps_cpp.so" to ""
[3.013s] -- Up-to-date: /home/janhavi/swarm_ws/install/swarm_msgs/include/swarm_msgs/swarm_msgs
[3.013s] -- Up-to-date: /home/janhavi/swarm_ws/install/swarm_msgs/include/swarm_msgs/swarm_msgs/msg
[3.013s] -- Installing: /home/janhavi/swarm_ws/install/swarm_msgs/include/swarm_msgs/swarm_msgs/msg/rosidl_typesupport_introspection_c__visibility_control.h
[3.014s] -- Up-to-date: /home/janhavi/swarm_ws/install/swarm_msgs/include/swarm_msgs/swarm_msgs/msg/detail
[3.014s] -- Installing: /home/janhavi/swarm_ws/install/swarm_msgs/include/swarm_msgs/swarm_msgs/msg/detail/gossip__rosidl_typesupport_introspection_c.h
[3.014s] -- Installing: /home/janhavi/swarm_ws/install/swarm_msgs/include/swarm_msgs/swarm_msgs/msg/detail/gmm_params__rosidl_typesupport_introspection_c.h
[3.014s] -- Installing: /home/janhavi/swarm_ws/install/swarm_msgs/include/swarm_msgs/swarm_msgs/msg/detail/gmm_params__type_support.c
[3.014s] -- Installing: /home/janhavi/swarm_ws/install/swarm_msgs/include/swarm_msgs/swarm_msgs/msg/detail/robot_state__rosidl_typesupport_introspection_c.h
[3.014s] -- Installing: /home/janhavi/swarm_ws/install/swarm_msgs/include/swarm_msgs/swarm_msgs/msg/detail/robot_state__type_support.c
[3.014s] -- Installing: /home/janhavi/swarm_ws/install/swarm_msgs/include/swarm_msgs/swarm_msgs/msg/detail/gossip__type_support.c
[3.014s] -- Installing: /home/janhavi/swarm_ws/install/swarm_msgs/lib/libswarm_msgs__rosidl_typesupport_introspection_c.so
[3.014s] -- Set runtime path of "/home/janhavi/swarm_ws/install/swarm_msgs/lib/libswarm_msgs__rosidl_typesupport_introspection_c.so" to ""
[3.014s] -- Installing: /home/janhavi/swarm_ws/install/swarm_msgs/lib/libswarm_msgs__rosidl_typesupport_c.so
[3.014s] -- Set runtime path of "/home/janhavi/swarm_ws/install/swarm_msgs/lib/libswarm_msgs__rosidl_typesupport_c.so" to ""
[3.014s] -- Up-to-date: /home/janhavi/swarm_ws/install/swarm_msgs/include/swarm_msgs/swarm_msgs
[3.014s] -- Up-to-date: /home/janhavi/swarm_ws/install/swarm_msgs/include/swarm_msgs/swarm_msgs/msg
[3.014s] -- Up-to-date: /home/janhavi/swarm_ws/install/swarm_msgs/include/swarm_msgs/swarm_msgs/msg/detail
[3.014s] -- Installing: /home/janhavi/swarm_ws/install/swarm_msgs/include/swarm_msgs/swarm_msgs/msg/detail/gmm_params__type_support.cpp
[3.014s] -- Installing: /home/janhavi/swarm_ws/install/swarm_msgs/include/swarm_msgs/swarm_msgs/msg/detail/gossip__rosidl_typesupport_introspection_cpp.hpp
[3.015s] -- Installing: /home/janhavi/swarm_ws/install/swarm_msgs/include/swarm_msgs/swarm_msgs/msg/detail/gmm_params__rosidl_typesupport_introspection_cpp.hpp
[3.015s] -- Installing: /home/janhavi/swarm_ws/install/swarm_msgs/include/swarm_msgs/swarm_msgs/msg/detail/robot_state__rosidl_typesupport_introspection_cpp.hpp
[3.015s] -- Installing: /home/janhavi/swarm_ws/install/swarm_msgs/include/swarm_msgs/swarm_msgs/msg/detail/gossip__type_support.cpp
[3.015s] -- Installing: /home/janhavi/swarm_ws/install/swarm_msgs/include/swarm_msgs/swarm_msgs/msg/detail/robot_state__type_support.cpp
[3.015s] -- Installing: /home/janhavi/swarm_ws/install/swarm_msgs/lib/libswarm_msgs__rosidl_typesupport_introspection_cpp.so
[3.015s] -- Set runtime path of "/home/janhavi/swarm_ws/install/swarm_msgs/lib/libswarm_msgs__rosidl_typesupport_introspection_cpp.so" to ""
[3.015s] -- Installing: /home/janhavi/swarm_ws/install/swarm_msgs/lib/libswarm_msgs__rosidl_typesupport_cpp.so
[3.015s] -- Set runtime path of "/home/janhavi/swarm_ws/install/swarm_msgs/lib/libswarm_msgs__rosidl_typesupport_cpp.so" to ""
[3.015s] -- Installing: /home/janhavi/swarm_ws/install/swarm_msgs/share/swarm_msgs/environment/pythonpath.sh
[3.015s] -- Installing: /home/janhavi/swarm_ws/install/swarm_msgs/share/swarm_msgs/environment/pythonpath.dsv
[3.015s] -- Installing: /home/janhavi/swarm_ws/install/swarm_msgs/local/lib/python3.10/dist-packages/swarm_msgs-0.0.0-py3.10.egg-info
[3.015s] -- Installing: /home/janhavi/swarm_ws/install/swarm_msgs/local/lib/python3.10/dist-packages/swarm_msgs-0.0.0-py3.10.egg-info/PKG-INFO
[3.015s] -- Installing: /home/janhavi/swarm_ws/install/swarm_msgs/local/lib/python3.10/dist-packages/swarm_msgs-0.0.0-py3.10.egg-info/dependency_links.txt
[3.015s] -- Installing: /home/janhavi/swarm_ws/install/swarm_msgs/local/lib/python3.10/dist-packages/swarm_msgs-0.0.0-py3.10.egg-info/SOURCES.txt
[3.015s] -- Installing: /home/janhavi/swarm_ws/install/swarm_msgs/local/lib/python3.10/dist-packages/swarm_msgs-0.0.0-py3.10.egg-info/top_level.txt
[3.015s] -- Installing: /home/janhavi/swarm_ws/install/swarm_msgs/local/lib/python3.10/dist-packages/swarm_msgs
[3.015s] -- Installing: /home/janhavi/swarm_ws/install/swarm_msgs/local/lib/python3.10/dist-packages/swarm_msgs/_swarm_msgs_s.ep.rosidl_typesupport_fastrtps_c.c
[3.015s] -- Installing: /home/janhavi/swarm_ws/install/swarm_msgs/local/lib/python3.10/dist-packages/swarm_msgs/_swarm_msgs_s.ep.rosidl_typesupport_introspection_c.c
[3.016s] -- Installing: /home/janhavi/swarm_ws/install/swarm_msgs/local/lib/python3.10/dist-packages/swarm_msgs/libswarm_msgs__rosidl_generator_py.so
[3.016s] -- Installing: /home/janhavi/swarm_ws/install/swarm_msgs/local/lib/python3.10/dist-packages/swarm_msgs/__init__.py
[3.016s] -- Installing: /home/janhavi/swarm_ws/install/swarm_msgs/local/lib/python3.10/dist-packages/swarm_msgs/swarm_msgs_s__rosidl_typesupport_fastrtps_c.cpython-310-x86_64-linux-gnu.so
[3.016s] -- Installing: /home/janhavi/swarm_ws/install/swarm_msgs/local/lib/python3.10/dist-packages/swarm_msgs/_swarm_msgs_s.ep.rosidl_typesupport_c.c
[3.016s] -- Installing: /home/janhavi/swarm_ws/install/swarm_msgs/local/lib/python3.10/dist-packages/swarm_msgs/swarm_msgs_s__rosidl_typesupport_c.cpython-310-x86_64-linux-gnu.so
[3.016s] -- Installing: /home/janhavi/swarm_ws/install/swarm_msgs/local/lib/python3.10/dist-packages/swarm_msgs/msg
[3.016s] -- Installing: /home/janhavi/swarm_ws/install/swarm_msgs/local/lib/python3.10/dist-packages/swarm_msgs/msg/_gmm_params_s.c
[3.016s] -- Installing: /home/janhavi/swarm_ws/install/swarm_msgs/local/lib/python3.10/dist-packages/swarm_msgs/msg/_gossip.py
[3.016s] -- Installing: /home/janhavi/swarm_ws/install/swarm_msgs/local/lib/python3.10/dist-packages/swarm_msgs/msg/_gmm_params.py
[3.016s] -- Installing: /home/janhavi/swarm_ws/install/swarm_msgs/local/lib/python3.10/dist-packages/swarm_msgs/msg/_robot_state.py
[3.016s] -- Installing: /home/janhavi/swarm_ws/install/swarm_msgs/local/lib/python3.10/dist-packages/swarm_msgs/msg/_robot_state_s.c
[3.016s] -- Installing: /home/janhavi/swarm_ws/install/swarm_msgs/local/lib/python3.10/dist-packages/swarm_msgs/msg/__init__.py
[3.016s] -- Installing: /home/janhavi/swarm_ws/install/swarm_msgs/local/lib/python3.10/dist-packages/swarm_msgs/msg/_gossip_s.c
[3.016s] -- Installing: /home/janhavi/swarm_ws/install/swarm_msgs/local/lib/python3.10/dist-packages/swarm_msgs/swarm_msgs_s__rosidl_typesupport_introspection_c.cpython-310-x86_64-linux-gnu.so
[3.040s] Listing '/home/janhavi/swarm_ws/install/swarm_msgs/local/lib/python3.10/dist-packages/swarm_msgs'...
[3.040s] Compiling '/home/janhavi/swarm_ws/install/swarm_msgs/local/lib/python3.10/dist-packages/swarm_msgs/__init__.py'...
[3.040s] Listing '/home/janhavi/swarm_ws/install/swarm_msgs/local/lib/python3.10/dist-packages/swarm_msgs/msg'...
[3.040s] Compiling '/home/janhavi/swarm_ws/install/swarm_msgs/local/lib/python3.10/dist-packages/swarm_msgs/msg/__init__.py'...
[3.040s] Compiling '/home/janhavi/swarm_ws/install/swarm_msgs/local/lib/python3.10/dist-packages/swarm_msgs/msg/_gmm_params.py'...
[3.040s] Compiling '/home/janhavi/swarm_ws/install/swarm_msgs/local/lib/python3.10/dist-packages/swarm_msgs/msg/_gossip.py'...
[3.040s] Compiling '/home/janhavi/swarm_ws/install/swarm_msgs/local/lib/python3.10/dist-packages/swarm_msgs/msg/_robot_state.py'...
[3.043s] -- Installing: /home/janhavi/swarm_ws/install/swarm_msgs/local/lib/python3.10/dist-packages/swarm_msgs/swarm_msgs_s__rosidl_typesupport_fastrtps_c.cpython-310-x86_64-linux-gnu.so
[3.043s] -- Set runtime path of "/home/janhavi/swarm_ws/install/swarm_msgs/local/lib/python3.10/dist-packages/swarm_msgs/swarm_msgs_s__rosidl_typesupport_fastrtps_c.cpython-310-x86_64-linux-gnu.so" to ""
[3.043s] -- Installing: /home/janhavi/swarm_ws/install/swarm_msgs/local/lib/python3.10/dist-packages/swarm_msgs/swarm_msgs_s__rosidl_typesupport_introspection_c.cpython-310-x86_64-linux-gnu.so
[3.043s] -- Set runtime path of "/home/janhavi/swarm_ws/install/swarm_msgs/local/lib/python3.10/dist-packages/swarm_msgs/swarm_msgs_s__rosidl_typesupport_introspection_c.cpython-310-x86_64-linux-gnu.so" to ""
[3.043s] -- Installing: /home/janhavi/swarm_ws/install/swarm_msgs/local/lib/python3.10/dist-packages/swarm_msgs/swarm_msgs_s__rosidl_typesupport_c.cpython-310-x86_64-linux-gnu.so
[3.044s] -- Set runtime path of "/home/janhavi/swarm_ws/install/swarm_msgs/local/lib/python3.10/dist-packages/swarm_msgs/swarm_msgs_s__rosidl_typesupport_c.cpython-310-x86_64-linux-gnu.so" to ""
[3.044s] -- Installing: /home/janhavi/swarm_ws/install/swarm_msgs/lib/libswarm_msgs__rosidl_generator_py.so
[3.044s] -- Set runtime path of "/home/janhavi/swarm_ws/install/swarm_msgs/lib/libswarm_msgs__rosidl_generator_py.so" to ""
[3.044s] -- Installing: /home/janhavi/swarm_ws/install/swarm_msgs/share/swarm_msgs/msg/RobotState.idl
[3.044s] -- Installing: /home/janhavi/swarm_ws/install/swarm_msgs/share/swarm_msgs/msg/GMMParams.idl
[3.044s] -- Installing: /home/janhavi/swarm_ws/install/swarm_msgs/share/swarm_msgs/msg/Gossip.idl
[3.044s] -- Installing: /home/janhavi/swarm_ws/install/swarm_msgs/share/swarm_msgs/msg/RobotState.msg
[3.044s] -- Installing: /home/janhavi/swarm_ws/install/swarm_msgs/share/swarm_msgs/msg/GMMParams.msg
[3.044s] -- Installing: /home/janhavi/swarm_ws/install/swarm_msgs/share/swarm_msgs/msg/Gossip.msg
[3.045s] -- Installing: /home/janhavi/swarm_ws/install/swarm_msgs/share/ament_index/resource_index/package_run_dependencies/swarm_msgs
[3.045s] -- Installing: /home/janhavi/swarm_ws/install/swarm_msgs/share/ament_index/resource_index/parent_prefix_path/swarm_msgs
[3.045s] -- Installing: /home/janhavi/swarm_ws/install/swarm_msgs/share/swarm_msgs/environment/ament_prefix_path.sh
[3.045s] -- Installing: /home/janhavi/swarm_ws/install/swarm_msgs/share/swarm_msgs/environment/ament_prefix_path.dsv
[3.045s] -- Installing: /home/janhavi/swarm_ws/install/swarm_msgs/share/swarm_msgs/environment/path.sh
[3.045s] -- Installing: /home/janhavi/swarm_ws/install/swarm_msgs/share/swarm_msgs/environment/path.dsv
[3.045s] -- Installing: /home/janhavi/swarm_ws/install/swarm_msgs/share/swarm_msgs/local_setup.bash
[3.046s] -- Installing: /home/janhavi/swarm_ws/install/swarm_msgs/share/swarm_msgs/local_setup.sh
[3.046s] -- Installing: /home/janhavi/swarm_ws/install/swarm_msgs/share/swarm_msgs/local_setup.zsh
[3.046s] -- Installing: /home/janhavi/swarm_ws/install/swarm_msgs/share/swarm_msgs/local_setup.dsv
[3.046s] -- Installing: /home/janhavi/swarm_ws/install/swarm_msgs/share/swarm_msgs/package.dsv
[3.046s] -- Installing: /home/janhavi/swarm_ws/install/swarm_msgs/share/ament_index/resource_index/packages/swarm_msgs
[3.046s] -- Installing: /home/janhavi/swarm_ws/install/swarm_msgs/share/swarm_msgs/cmake/export_swarm_msgs__rosidl_generator_cExport.cmake
[3.046s] -- Installing: /home/janhavi/swarm_ws/install/swarm_msgs/share/swarm_msgs/cmake/export_swarm_msgs__rosidl_generator_cExport-noconfig.cmake
[3.046s] -- Installing: /home/janhavi/swarm_ws/install/swarm_msgs/share/swarm_msgs/cmake/export_swarm_msgs__rosidl_typesupport_fastrtps_cExport.cmake
[3.046s] -- Installing: /home/janhavi/swarm_ws/install/swarm_msgs/share/swarm_msgs/cmake/export_swarm_msgs__rosidl_typesupport_fastrtps_cExport-noconfig.cmake
[3.047s] -- Installing: /home/janhavi/swarm_ws/install/swarm_msgs/share/swarm_msgs/cmake/export_swarm_msgs__rosidl_generator_cppExport.cmake
[3.047s] -- Installing: /home/janhavi/swarm_ws/install/swarm_msgs/share/swarm_msgs/cmake/export_swarm_msgs__rosidl_typesupport_fastrtps_cppExport.cmake
[3.047s] -- Installing: /home/janhavi/swarm_ws/install/swarm_msgs/share/swarm_msgs/cmake/export_swarm_msgs__rosidl_typesupport_fastrtps_cppExport-noconfig.cmake
[3.047s] -- Installing: /home/janhavi/swarm_ws/install/swarm_msgs/share/swarm_msgs/cmake/swarm_msgs__rosidl_typesupport_introspection_cExport.cmake
[3.047s] -- Installing: /home/janhavi/swarm_ws/install/swarm_msgs/share/swarm_msgs/cmake/swarm_msgs__rosidl_typesupport_introspection_cExport-noconfig.cmake
[3.047s] -- Installing: /home/janhavi/swarm_ws/install/swarm_msgs/share/swarm_msgs/cmake/swarm_msgs__rosidl_typesupport_cExport.cmake
[3.047s] -- Installing: /home/janhavi/swarm_ws/install/swarm_msgs/share/swarm_msgs/cmake/swarm_msgs__rosidl_typesupport_cExport-noconfig.cmake
[3.047s] -- Installing: /home/janhavi/swarm_ws/install/swarm_msgs/share/swarm_msgs/cmake/swarm_msgs__rosidl_typesupport_introspection_cppExport.cmake
[3.047s] -- Installing: /home/janhavi/swarm_ws/install/swarm_msgs/share/swarm_msgs/cmake/swarm_msgs__rosidl_typesupport_introspection_cppExport-noconfig.cmake
[3.048s] -- Installing: /home/janhavi/swarm_ws/install/swarm_msgs/share/swarm_msgs/cmake/swarm_msgs__rosidl_typesupport_cppExport.cmake
[3.048s] -- Installing: /home/janhavi/swarm_ws/install/swarm_msgs/share/swarm_msgs/cmake/swarm_msgs__rosidl_typesupport_cppExport-noconfig.cmake
[3.048s] -- Installing: /home/janhavi/swarm_ws/install/swarm_msgs/share/swarm_msgs/cmake/export_swarm_msgs__rosidl_generator_pyExport.cmake
[3.048s] -- Installing: /home/janhavi/swarm_ws/install/swarm_msgs/share/swarm_msgs/cmake/export_swarm_msgs__rosidl_generator_pyExport-noconfig.cmake
[3.048s] -- Installing: /home/janhavi/swarm_ws/install/swarm_msgs/share/swarm_msgs/cmake/rosidl_cmake-extras.cmake
[3.048s] -- Installing: /home/janhavi/swarm_ws/install/swarm_msgs/share/swarm_msgs/cmake/ament_cmake_export_dependencies-extras.cmake
[3.048s] -- Installing: /home/janhavi/swarm_ws/install/swarm_msgs/share/swarm_msgs/cmake/ament_cmake_export_include_directories-extras.cmake
[3.048s] -- Installing: /home/janhavi/swarm_ws/install/swarm_msgs/share/swarm_msgs/cmake/ament_cmake_export_libraries-extras.cmake
[3.048s] -- Installing: /home/janhavi/swarm_ws/install/swarm_msgs/share/swarm_msgs/cmake/ament_cmake_export_targets-extras.cmake
[3.049s] -- Installing: /home/janhavi/swarm_ws/install/swarm_msgs/share/swarm_msgs/cmake/rosidl_cmake_export_typesupport_targets-extras.cmake
[3.049s] -- Installing: /home/janhavi/swarm_ws/install/swarm_msgs/share/swarm_msgs/cmake/rosidl_cmake_export_typesupport_libraries-extras.cmake
[3.049s] -- Installing: /home/janhavi/swarm_ws/install/swarm_msgs/share/swarm_msgs/cmake/swarm_msgsConfig.cmake
[3.049s] -- Installing: /home/janhavi/swarm_ws/install/swarm_msgs/share/swarm_msgs/cmake/swarm_msgsConfig-version.cmake
[3.049s] -- Installing: /home/janhavi/swarm_ws/install/swarm_msgs/share/swarm_msgs/package.xml
[3.051s] Invoked command in '/home/janhavi/swarm_ws/build/swarm_msgs' returned '0': CMAKE_PREFIX_PATH=/opt/ros/humble /usr/bin/cmake --install /home/janhavi/swarm_ws/build/swarm_msgs
