[0.056s] DEBUG:colcon:Command line arguments: ['/usr/bin/colcon', 'build']
[0.056s] DEBUG:colcon:Parsed command line arguments: Namespace(log_base=None, log_level=None, verb_name='build', build_base='build', install_base='install', merge_install=False, symlink_install=False, test_result_base=None, continue_on_error=False, executor='parallel', parallel_workers=12, event_handlers=None, ignore_user_meta=False, metas=['./colcon.meta'], base_paths=['.'], packages_ignore=None, packages_ignore_regex=None, paths=None, packages_up_to=None, packages_up_to_regex=None, packages_above=None, packages_above_and_dependencies=None, packages_above_depth=None, packages_select_by_dep=None, packages_skip_by_dep=None, packages_skip_up_to=None, packages_select_build_failed=False, packages_skip_build_finished=False, packages_select_test_failures=False, packages_skip_test_passed=False, packages_select=None, packages_skip=None, packages_select_regex=None, packages_skip_regex=None, packages_start=None, packages_end=None, allow_overriding=[], cmake_args=None, cmake_target=None, cmake_target_skip_unavailable=False, cmake_clean_cache=False, cmake_clean_first=False, cmake_force_configure=False, ament_cmake_args=None, catkin_cmake_args=None, catkin_skip_building_tests=False, verb_parser=<colcon_defaults.argument_parser.defaults.DefaultArgumentsDecorator object at 0x7abe363b0520>, verb_extension=<colcon_core.verb.build.BuildVerb object at 0x7abe36325e10>, main=<bound method BuildVerb.main of <colcon_core.verb.build.BuildVerb object at 0x7abe36325e10>>)
[0.091s] Level 1:colcon.colcon_core.package_discovery:discover_packages(colcon_meta) check parameters
[0.091s] Level 1:colcon.colcon_core.package_discovery:discover_packages(recursive) check parameters
[0.091s] Level 1:colcon.colcon_core.package_discovery:discover_packages(ignore) check parameters
[0.091s] Level 1:colcon.colcon_core.package_discovery:discover_packages(path) check parameters
[0.091s] Level 1:colcon.colcon_core.package_discovery:discover_packages(colcon_meta) discover
[0.091s] Level 1:colcon.colcon_core.package_discovery:discover_packages(recursive) discover
[0.091s] INFO:colcon.colcon_core.package_discovery:Crawling recursively for packages in '/home/janhavi/swarm_ws'
[0.091s] Level 1:colcon.colcon_core.package_identification:_identify(.) by extensions ['ignore', 'ignore_ament_install']
[0.091s] Level 1:colcon.colcon_core.package_identification:_identify(.) by extension 'ignore'
[0.091s] Level 1:colcon.colcon_core.package_identification:_identify(.) by extension 'ignore_ament_install'
[0.091s] Level 1:colcon.colcon_core.package_identification:_identify(.) by extensions ['colcon_pkg']
[0.091s] Level 1:colcon.colcon_core.package_identification:_identify(.) by extension 'colcon_pkg'
[0.091s] Level 1:colcon.colcon_core.package_identification:_identify(.) by extensions ['colcon_meta']
[0.091s] Level 1:colcon.colcon_core.package_identification:_identify(.) by extension 'colcon_meta'
[0.091s] Level 1:colcon.colcon_core.package_identification:_identify(.) by extensions ['ros']
[0.091s] Level 1:colcon.colcon_core.package_identification:_identify(.) by extension 'ros'
[0.099s] Level 1:colcon.colcon_core.package_identification:_identify(.) by extensions ['cmake', 'python']
[0.099s] Level 1:colcon.colcon_core.package_identification:_identify(.) by extension 'cmake'
[0.099s] Level 1:colcon.colcon_core.package_identification:_identify(.) by extension 'python'
[0.099s] Level 1:colcon.colcon_core.package_identification:_identify(.) by extensions ['python_setup_py']
[0.099s] Level 1:colcon.colcon_core.package_identification:_identify(.) by extension 'python_setup_py'
[0.099s] Level 1:colcon.colcon_core.package_identification:_identify(build) by extensions ['ignore', 'ignore_ament_install']
[0.099s] Level 1:colcon.colcon_core.package_identification:_identify(build) by extension 'ignore'
[0.099s] Level 1:colcon.colcon_core.package_identification:_identify(build) ignored
[0.099s] Level 1:colcon.colcon_core.package_identification:_identify(dataset_001_l1500) by extensions ['ignore', 'ignore_ament_install']
[0.099s] Level 1:colcon.colcon_core.package_identification:_identify(dataset_001_l1500) by extension 'ignore'
[0.099s] Level 1:colcon.colcon_core.package_identification:_identify(dataset_001_l1500) by extension 'ignore_ament_install'
[0.100s] Level 1:colcon.colcon_core.package_identification:_identify(dataset_001_l1500) by extensions ['colcon_pkg']
[0.100s] Level 1:colcon.colcon_core.package_identification:_identify(dataset_001_l1500) by extension 'colcon_pkg'
[0.100s] Level 1:colcon.colcon_core.package_identification:_identify(dataset_001_l1500) by extensions ['colcon_meta']
[0.100s] Level 1:colcon.colcon_core.package_identification:_identify(dataset_001_l1500) by extension 'colcon_meta'
[0.100s] Level 1:colcon.colcon_core.package_identification:_identify(dataset_001_l1500) by extensions ['ros']
[0.100s] Level 1:colcon.colcon_core.package_identification:_identify(dataset_001_l1500) by extension 'ros'
[0.100s] Level 1:colcon.colcon_core.package_identification:_identify(dataset_001_l1500) by extensions ['cmake', 'python']
[0.100s] Level 1:colcon.colcon_core.package_identification:_identify(dataset_001_l1500) by extension 'cmake'
[0.100s] Level 1:colcon.colcon_core.package_identification:_identify(dataset_001_l1500) by extension 'python'
[0.100s] Level 1:colcon.colcon_core.package_identification:_identify(dataset_001_l1500) by extensions ['python_setup_py']
[0.100s] Level 1:colcon.colcon_core.package_identification:_identify(dataset_001_l1500) by extension 'python_setup_py'
[0.100s] Level 1:colcon.colcon_core.package_identification:_identify(dataset_001_l1500/autopilot_pause) by extensions ['ignore', 'ignore_ament_install']
[0.100s] Level 1:colcon.colcon_core.package_identification:_identify(dataset_001_l1500/autopilot_pause) by extension 'ignore'
[0.100s] Level 1:colcon.colcon_core.package_identification:_identify(dataset_001_l1500/autopilot_pause) by extension 'ignore_ament_install'
[0.100s] Level 1:colcon.colcon_core.package_identification:_identify(dataset_001_l1500/autopilot_pause) by extensions ['colcon_pkg']
[0.100s] Level 1:colcon.colcon_core.package_identification:_identify(dataset_001_l1500/autopilot_pause) by extension 'colcon_pkg'
[0.100s] Level 1:colcon.colcon_core.package_identification:_identify(dataset_001_l1500/autopilot_pause) by extensions ['colcon_meta']
[0.100s] Level 1:colcon.colcon_core.package_identification:_identify(dataset_001_l1500/autopilot_pause) by extension 'colcon_meta'
[0.100s] Level 1:colcon.colcon_core.package_identification:_identify(dataset_001_l1500/autopilot_pause) by extensions ['ros']
[0.100s] Level 1:colcon.colcon_core.package_identification:_identify(dataset_001_l1500/autopilot_pause) by extension 'ros'
[0.100s] Level 1:colcon.colcon_core.package_identification:_identify(dataset_001_l1500/autopilot_pause) by extensions ['cmake', 'python']
[0.100s] Level 1:colcon.colcon_core.package_identification:_identify(dataset_001_l1500/autopilot_pause) by extension 'cmake'
[0.100s] Level 1:colcon.colcon_core.package_identification:_identify(dataset_001_l1500/autopilot_pause) by extension 'python'
[0.100s] Level 1:colcon.colcon_core.package_identification:_identify(dataset_001_l1500/autopilot_pause) by extensions ['python_setup_py']
[0.100s] Level 1:colcon.colcon_core.package_identification:_identify(dataset_001_l1500/autopilot_pause) by extension 'python_setup_py'
[0.100s] Level 1:colcon.colcon_core.package_identification:_identify(dataset_001_l1500_maybe) by extensions ['ignore', 'ignore_ament_install']
[0.100s] Level 1:colcon.colcon_core.package_identification:_identify(dataset_001_l1500_maybe) by extension 'ignore'
[0.100s] Level 1:colcon.colcon_core.package_identification:_identify(dataset_001_l1500_maybe) by extension 'ignore_ament_install'
[0.100s] Level 1:colcon.colcon_core.package_identification:_identify(dataset_001_l1500_maybe) by extensions ['colcon_pkg']
[0.100s] Level 1:colcon.colcon_core.package_identification:_identify(dataset_001_l1500_maybe) by extension 'colcon_pkg'
[0.100s] Level 1:colcon.colcon_core.package_identification:_identify(dataset_001_l1500_maybe) by extensions ['colcon_meta']
[0.100s] Level 1:colcon.colcon_core.package_identification:_identify(dataset_001_l1500_maybe) by extension 'colcon_meta'
[0.100s] Level 1:colcon.colcon_core.package_identification:_identify(dataset_001_l1500_maybe) by extensions ['ros']
[0.100s] Level 1:colcon.colcon_core.package_identification:_identify(dataset_001_l1500_maybe) by extension 'ros'
[0.100s] Level 1:colcon.colcon_core.package_identification:_identify(dataset_001_l1500_maybe) by extensions ['cmake', 'python']
[0.100s] Level 1:colcon.colcon_core.package_identification:_identify(dataset_001_l1500_maybe) by extension 'cmake'
[0.100s] Level 1:colcon.colcon_core.package_identification:_identify(dataset_001_l1500_maybe) by extension 'python'
[0.100s] Level 1:colcon.colcon_core.package_identification:_identify(dataset_001_l1500_maybe) by extensions ['python_setup_py']
[0.100s] Level 1:colcon.colcon_core.package_identification:_identify(dataset_001_l1500_maybe) by extension 'python_setup_py'
[0.100s] Level 1:colcon.colcon_core.package_identification:_identify(dataset_001_l1500_maybe/autopilot_pause) by extensions ['ignore', 'ignore_ament_install']
[0.100s] Level 1:colcon.colcon_core.package_identification:_identify(dataset_001_l1500_maybe/autopilot_pause) by extension 'ignore'
[0.100s] Level 1:colcon.colcon_core.package_identification:_identify(dataset_001_l1500_maybe/autopilot_pause) by extension 'ignore_ament_install'
[0.100s] Level 1:colcon.colcon_core.package_identification:_identify(dataset_001_l1500_maybe/autopilot_pause) by extensions ['colcon_pkg']
[0.101s] Level 1:colcon.colcon_core.package_identification:_identify(dataset_001_l1500_maybe/autopilot_pause) by extension 'colcon_pkg'
[0.101s] Level 1:colcon.colcon_core.package_identification:_identify(dataset_001_l1500_maybe/autopilot_pause) by extensions ['colcon_meta']
[0.101s] Level 1:colcon.colcon_core.package_identification:_identify(dataset_001_l1500_maybe/autopilot_pause) by extension 'colcon_meta'
[0.101s] Level 1:colcon.colcon_core.package_identification:_identify(dataset_001_l1500_maybe/autopilot_pause) by extensions ['ros']
[0.101s] Level 1:colcon.colcon_core.package_identification:_identify(dataset_001_l1500_maybe/autopilot_pause) by extension 'ros'
[0.101s] Level 1:colcon.colcon_core.package_identification:_identify(dataset_001_l1500_maybe/autopilot_pause) by extensions ['cmake', 'python']
[0.101s] Level 1:colcon.colcon_core.package_identification:_identify(dataset_001_l1500_maybe/autopilot_pause) by extension 'cmake'
[0.101s] Level 1:colcon.colcon_core.package_identification:_identify(dataset_001_l1500_maybe/autopilot_pause) by extension 'python'
[0.101s] Level 1:colcon.colcon_core.package_identification:_identify(dataset_001_l1500_maybe/autopilot_pause) by extensions ['python_setup_py']
[0.101s] Level 1:colcon.colcon_core.package_identification:_identify(dataset_001_l1500_maybe/autopilot_pause) by extension 'python_setup_py'
[0.101s] Level 1:colcon.colcon_core.package_identification:_identify(dataset_001_l1500_maybe2) by extensions ['ignore', 'ignore_ament_install']
[0.101s] Level 1:colcon.colcon_core.package_identification:_identify(dataset_001_l1500_maybe2) by extension 'ignore'
[0.101s] Level 1:colcon.colcon_core.package_identification:_identify(dataset_001_l1500_maybe2) by extension 'ignore_ament_install'
[0.101s] Level 1:colcon.colcon_core.package_identification:_identify(dataset_001_l1500_maybe2) by extensions ['colcon_pkg']
[0.101s] Level 1:colcon.colcon_core.package_identification:_identify(dataset_001_l1500_maybe2) by extension 'colcon_pkg'
[0.101s] Level 1:colcon.colcon_core.package_identification:_identify(dataset_001_l1500_maybe2) by extensions ['colcon_meta']
[0.101s] Level 1:colcon.colcon_core.package_identification:_identify(dataset_001_l1500_maybe2) by extension 'colcon_meta'
[0.101s] Level 1:colcon.colcon_core.package_identification:_identify(dataset_001_l1500_maybe2) by extensions ['ros']
[0.101s] Level 1:colcon.colcon_core.package_identification:_identify(dataset_001_l1500_maybe2) by extension 'ros'
[0.101s] Level 1:colcon.colcon_core.package_identification:_identify(dataset_001_l1500_maybe2) by extensions ['cmake', 'python']
[0.101s] Level 1:colcon.colcon_core.package_identification:_identify(dataset_001_l1500_maybe2) by extension 'cmake'
[0.101s] Level 1:colcon.colcon_core.package_identification:_identify(dataset_001_l1500_maybe2) by extension 'python'
[0.101s] Level 1:colcon.colcon_core.package_identification:_identify(dataset_001_l1500_maybe2) by extensions ['python_setup_py']
[0.101s] Level 1:colcon.colcon_core.package_identification:_identify(dataset_001_l1500_maybe2) by extension 'python_setup_py'
[0.101s] Level 1:colcon.colcon_core.package_identification:_identify(dataset_001_l1500_maybe2/autopilot_pause) by extensions ['ignore', 'ignore_ament_install']
[0.101s] Level 1:colcon.colcon_core.package_identification:_identify(dataset_001_l1500_maybe2/autopilot_pause) by extension 'ignore'
[0.101s] Level 1:colcon.colcon_core.package_identification:_identify(dataset_001_l1500_maybe2/autopilot_pause) by extension 'ignore_ament_install'
[0.101s] Level 1:colcon.colcon_core.package_identification:_identify(dataset_001_l1500_maybe2/autopilot_pause) by extensions ['colcon_pkg']
[0.101s] Level 1:colcon.colcon_core.package_identification:_identify(dataset_001_l1500_maybe2/autopilot_pause) by extension 'colcon_pkg'
[0.101s] Level 1:colcon.colcon_core.package_identification:_identify(dataset_001_l1500_maybe2/autopilot_pause) by extensions ['colcon_meta']
[0.101s] Level 1:colcon.colcon_core.package_identification:_identify(dataset_001_l1500_maybe2/autopilot_pause) by extension 'colcon_meta'
[0.101s] Level 1:colcon.colcon_core.package_identification:_identify(dataset_001_l1500_maybe2/autopilot_pause) by extensions ['ros']
[0.101s] Level 1:colcon.colcon_core.package_identification:_identify(dataset_001_l1500_maybe2/autopilot_pause) by extension 'ros'
[0.101s] Level 1:colcon.colcon_core.package_identification:_identify(dataset_001_l1500_maybe2/autopilot_pause) by extensions ['cmake', 'python']
[0.101s] Level 1:colcon.colcon_core.package_identification:_identify(dataset_001_l1500_maybe2/autopilot_pause) by extension 'cmake'
[0.101s] Level 1:colcon.colcon_core.package_identification:_identify(dataset_001_l1500_maybe2/autopilot_pause) by extension 'python'
[0.101s] Level 1:colcon.colcon_core.package_identification:_identify(dataset_001_l1500_maybe2/autopilot_pause) by extensions ['python_setup_py']
[0.101s] Level 1:colcon.colcon_core.package_identification:_identify(dataset_001_l1500_maybe2/autopilot_pause) by extension 'python_setup_py'
[0.101s] Level 1:colcon.colcon_core.package_identification:_identify(install) by extensions ['ignore', 'ignore_ament_install']
[0.101s] Level 1:colcon.colcon_core.package_identification:_identify(install) by extension 'ignore'
[0.101s] Level 1:colcon.colcon_core.package_identification:_identify(install) ignored
[0.102s] Level 1:colcon.colcon_core.package_identification:_identify(log) by extensions ['ignore', 'ignore_ament_install']
[0.102s] Level 1:colcon.colcon_core.package_identification:_identify(log) by extension 'ignore'
[0.102s] Level 1:colcon.colcon_core.package_identification:_identify(log) ignored
[0.102s] Level 1:colcon.colcon_core.package_identification:_identify(src) by extensions ['ignore', 'ignore_ament_install']
[0.102s] Level 1:colcon.colcon_core.package_identification:_identify(src) by extension 'ignore'
[0.102s] Level 1:colcon.colcon_core.package_identification:_identify(src) by extension 'ignore_ament_install'
[0.102s] Level 1:colcon.colcon_core.package_identification:_identify(src) by extensions ['colcon_pkg']
[0.102s] Level 1:colcon.colcon_core.package_identification:_identify(src) by extension 'colcon_pkg'
[0.102s] Level 1:colcon.colcon_core.package_identification:_identify(src) by extensions ['colcon_meta']
[0.102s] Level 1:colcon.colcon_core.package_identification:_identify(src) by extension 'colcon_meta'
[0.102s] Level 1:colcon.colcon_core.package_identification:_identify(src) by extensions ['ros']
[0.102s] Level 1:colcon.colcon_core.package_identification:_identify(src) by extension 'ros'
[0.102s] Level 1:colcon.colcon_core.package_identification:_identify(src) by extensions ['cmake', 'python']
[0.102s] Level 1:colcon.colcon_core.package_identification:_identify(src) by extension 'cmake'
[0.102s] Level 1:colcon.colcon_core.package_identification:_identify(src) by extension 'python'
[0.102s] Level 1:colcon.colcon_core.package_identification:_identify(src) by extensions ['python_setup_py']
[0.102s] Level 1:colcon.colcon_core.package_identification:_identify(src) by extension 'python_setup_py'
[0.102s] Level 1:colcon.colcon_core.package_identification:_identify(src/swarm_data) by extensions ['ignore', 'ignore_ament_install']
[0.102s] Level 1:colcon.colcon_core.package_identification:_identify(src/swarm_data) by extension 'ignore'
[0.102s] Level 1:colcon.colcon_core.package_identification:_identify(src/swarm_data) by extension 'ignore_ament_install'
[0.102s] Level 1:colcon.colcon_core.package_identification:_identify(src/swarm_data) by extensions ['colcon_pkg']
[0.102s] Level 1:colcon.colcon_core.package_identification:_identify(src/swarm_data) by extension 'colcon_pkg'
[0.102s] Level 1:colcon.colcon_core.package_identification:_identify(src/swarm_data) by extensions ['colcon_meta']
[0.102s] Level 1:colcon.colcon_core.package_identification:_identify(src/swarm_data) by extension 'colcon_meta'
[0.102s] Level 1:colcon.colcon_core.package_identification:_identify(src/swarm_data) by extensions ['ros']
[0.102s] Level 1:colcon.colcon_core.package_identification:_identify(src/swarm_data) by extension 'ros'
[0.104s] DEBUG:colcon.colcon_core.package_identification:Package 'src/swarm_data' with type 'ros.ament_cmake' and name 'swarm_data'
[0.104s] Level 1:colcon.colcon_core.package_identification:_identify(src/swarm_msgs) by extensions ['ignore', 'ignore_ament_install']
[0.104s] Level 1:colcon.colcon_core.package_identification:_identify(src/swarm_msgs) by extension 'ignore'
[0.104s] Level 1:colcon.colcon_core.package_identification:_identify(src/swarm_msgs) by extension 'ignore_ament_install'
[0.104s] Level 1:colcon.colcon_core.package_identification:_identify(src/swarm_msgs) by extensions ['colcon_pkg']
[0.104s] Level 1:colcon.colcon_core.package_identification:_identify(src/swarm_msgs) by extension 'colcon_pkg'
[0.104s] Level 1:colcon.colcon_core.package_identification:_identify(src/swarm_msgs) by extensions ['colcon_meta']
[0.104s] Level 1:colcon.colcon_core.package_identification:_identify(src/swarm_msgs) by extension 'colcon_meta'
[0.104s] Level 1:colcon.colcon_core.package_identification:_identify(src/swarm_msgs) by extensions ['ros']
[0.104s] Level 1:colcon.colcon_core.package_identification:_identify(src/swarm_msgs) by extension 'ros'
[0.104s] DEBUG:colcon.colcon_core.package_identification:Package 'src/swarm_msgs' with type 'ros.ament_cmake' and name 'swarm_msgs'
[0.104s] Level 1:colcon.colcon_core.package_identification:_identify(training_bags) by extensions ['ignore', 'ignore_ament_install']
[0.105s] Level 1:colcon.colcon_core.package_identification:_identify(training_bags) by extension 'ignore'
[0.105s] Level 1:colcon.colcon_core.package_identification:_identify(training_bags) by extension 'ignore_ament_install'
[0.105s] Level 1:colcon.colcon_core.package_identification:_identify(training_bags) by extensions ['colcon_pkg']
[0.105s] Level 1:colcon.colcon_core.package_identification:_identify(training_bags) by extension 'colcon_pkg'
[0.105s] Level 1:colcon.colcon_core.package_identification:_identify(training_bags) by extensions ['colcon_meta']
[0.105s] Level 1:colcon.colcon_core.package_identification:_identify(training_bags) by extension 'colcon_meta'
[0.105s] Level 1:colcon.colcon_core.package_identification:_identify(training_bags) by extensions ['ros']
[0.105s] Level 1:colcon.colcon_core.package_identification:_identify(training_bags) by extension 'ros'
[0.105s] Level 1:colcon.colcon_core.package_identification:_identify(training_bags) by extensions ['cmake', 'python']
[0.105s] Level 1:colcon.colcon_core.package_identification:_identify(training_bags) by extension 'cmake'
[0.105s] Level 1:colcon.colcon_core.package_identification:_identify(training_bags) by extension 'python'
[0.105s] Level 1:colcon.colcon_core.package_identification:_identify(training_bags) by extensions ['python_setup_py']
[0.105s] Level 1:colcon.colcon_core.package_identification:_identify(training_bags) by extension 'python_setup_py'
[0.105s] Level 1:colcon.colcon_core.package_identification:_identify(training_bags/episode1) by extensions ['ignore', 'ignore_ament_install']
[0.105s] Level 1:colcon.colcon_core.package_identification:_identify(training_bags/episode1) by extension 'ignore'
[0.105s] Level 1:colcon.colcon_core.package_identification:_identify(training_bags/episode1) by extension 'ignore_ament_install'
[0.105s] Level 1:colcon.colcon_core.package_identification:_identify(training_bags/episode1) by extensions ['colcon_pkg']
[0.105s] Level 1:colcon.colcon_core.package_identification:_identify(training_bags/episode1) by extension 'colcon_pkg'
[0.105s] Level 1:colcon.colcon_core.package_identification:_identify(training_bags/episode1) by extensions ['colcon_meta']
[0.105s] Level 1:colcon.colcon_core.package_identification:_identify(training_bags/episode1) by extension 'colcon_meta'
[0.105s] Level 1:colcon.colcon_core.package_identification:_identify(training_bags/episode1) by extensions ['ros']
[0.105s] Level 1:colcon.colcon_core.package_identification:_identify(training_bags/episode1) by extension 'ros'
[0.105s] Level 1:colcon.colcon_core.package_identification:_identify(training_bags/episode1) by extensions ['cmake', 'python']
[0.105s] Level 1:colcon.colcon_core.package_identification:_identify(training_bags/episode1) by extension 'cmake'
[0.105s] Level 1:colcon.colcon_core.package_identification:_identify(training_bags/episode1) by extension 'python'
[0.105s] Level 1:colcon.colcon_core.package_identification:_identify(training_bags/episode1) by extensions ['python_setup_py']
[0.105s] Level 1:colcon.colcon_core.package_identification:_identify(training_bags/episode1) by extension 'python_setup_py'
[0.105s] Level 1:colcon.colcon_core.package_identification:_identify(training_bags/episode10) by extensions ['ignore', 'ignore_ament_install']
[0.105s] Level 1:colcon.colcon_core.package_identification:_identify(training_bags/episode10) by extension 'ignore'
[0.105s] Level 1:colcon.colcon_core.package_identification:_identify(training_bags/episode10) by extension 'ignore_ament_install'
[0.105s] Level 1:colcon.colcon_core.package_identification:_identify(training_bags/episode10) by extensions ['colcon_pkg']
[0.105s] Level 1:colcon.colcon_core.package_identification:_identify(training_bags/episode10) by extension 'colcon_pkg'
[0.105s] Level 1:colcon.colcon_core.package_identification:_identify(training_bags/episode10) by extensions ['colcon_meta']
[0.105s] Level 1:colcon.colcon_core.package_identification:_identify(training_bags/episode10) by extension 'colcon_meta'
[0.105s] Level 1:colcon.colcon_core.package_identification:_identify(training_bags/episode10) by extensions ['ros']
[0.105s] Level 1:colcon.colcon_core.package_identification:_identify(training_bags/episode10) by extension 'ros'
[0.105s] Level 1:colcon.colcon_core.package_identification:_identify(training_bags/episode10) by extensions ['cmake', 'python']
[0.105s] Level 1:colcon.colcon_core.package_identification:_identify(training_bags/episode10) by extension 'cmake'
[0.105s] Level 1:colcon.colcon_core.package_identification:_identify(training_bags/episode10) by extension 'python'
[0.105s] Level 1:colcon.colcon_core.package_identification:_identify(training_bags/episode10) by extensions ['python_setup_py']
[0.105s] Level 1:colcon.colcon_core.package_identification:_identify(training_bags/episode10) by extension 'python_setup_py'
[0.106s] Level 1:colcon.colcon_core.package_identification:_identify(training_bags/episode11) by extensions ['ignore', 'ignore_ament_install']
[0.106s] Level 1:colcon.colcon_core.package_identification:_identify(training_bags/episode11) by extension 'ignore'
[0.106s] Level 1:colcon.colcon_core.package_identification:_identify(training_bags/episode11) by extension 'ignore_ament_install'
[0.106s] Level 1:colcon.colcon_core.package_identification:_identify(training_bags/episode11) by extensions ['colcon_pkg']
[0.106s] Level 1:colcon.colcon_core.package_identification:_identify(training_bags/episode11) by extension 'colcon_pkg'
[0.106s] Level 1:colcon.colcon_core.package_identification:_identify(training_bags/episode11) by extensions ['colcon_meta']
[0.106s] Level 1:colcon.colcon_core.package_identification:_identify(training_bags/episode11) by extension 'colcon_meta'
[0.106s] Level 1:colcon.colcon_core.package_identification:_identify(training_bags/episode11) by extensions ['ros']
[0.106s] Level 1:colcon.colcon_core.package_identification:_identify(training_bags/episode11) by extension 'ros'
[0.106s] Level 1:colcon.colcon_core.package_identification:_identify(training_bags/episode11) by extensions ['cmake', 'python']
[0.106s] Level 1:colcon.colcon_core.package_identification:_identify(training_bags/episode11) by extension 'cmake'
[0.106s] Level 1:colcon.colcon_core.package_identification:_identify(training_bags/episode11) by extension 'python'
[0.106s] Level 1:colcon.colcon_core.package_identification:_identify(training_bags/episode11) by extensions ['python_setup_py']
[0.106s] Level 1:colcon.colcon_core.package_identification:_identify(training_bags/episode11) by extension 'python_setup_py'
[0.106s] Level 1:colcon.colcon_core.package_identification:_identify(training_bags/episode12) by extensions ['ignore', 'ignore_ament_install']
[0.106s] Level 1:colcon.colcon_core.package_identification:_identify(training_bags/episode12) by extension 'ignore'
[0.106s] Level 1:colcon.colcon_core.package_identification:_identify(training_bags/episode12) by extension 'ignore_ament_install'
[0.106s] Level 1:colcon.colcon_core.package_identification:_identify(training_bags/episode12) by extensions ['colcon_pkg']
[0.106s] Level 1:colcon.colcon_core.package_identification:_identify(training_bags/episode12) by extension 'colcon_pkg'
[0.106s] Level 1:colcon.colcon_core.package_identification:_identify(training_bags/episode12) by extensions ['colcon_meta']
[0.106s] Level 1:colcon.colcon_core.package_identification:_identify(training_bags/episode12) by extension 'colcon_meta'
[0.106s] Level 1:colcon.colcon_core.package_identification:_identify(training_bags/episode12) by extensions ['ros']
[0.106s] Level 1:colcon.colcon_core.package_identification:_identify(training_bags/episode12) by extension 'ros'
[0.106s] Level 1:colcon.colcon_core.package_identification:_identify(training_bags/episode12) by extensions ['cmake', 'python']
[0.106s] Level 1:colcon.colcon_core.package_identification:_identify(training_bags/episode12) by extension 'cmake'
[0.106s] Level 1:colcon.colcon_core.package_identification:_identify(training_bags/episode12) by extension 'python'
[0.106s] Level 1:colcon.colcon_core.package_identification:_identify(training_bags/episode12) by extensions ['python_setup_py']
[0.106s] Level 1:colcon.colcon_core.package_identification:_identify(training_bags/episode12) by extension 'python_setup_py'
[0.106s] Level 1:colcon.colcon_core.package_identification:_identify(training_bags/episode13) by extensions ['ignore', 'ignore_ament_install']
[0.106s] Level 1:colcon.colcon_core.package_identification:_identify(training_bags/episode13) by extension 'ignore'
[0.106s] Level 1:colcon.colcon_core.package_identification:_identify(training_bags/episode13) by extension 'ignore_ament_install'
[0.106s] Level 1:colcon.colcon_core.package_identification:_identify(training_bags/episode13) by extensions ['colcon_pkg']
[0.106s] Level 1:colcon.colcon_core.package_identification:_identify(training_bags/episode13) by extension 'colcon_pkg'
[0.106s] Level 1:colcon.colcon_core.package_identification:_identify(training_bags/episode13) by extensions ['colcon_meta']
[0.106s] Level 1:colcon.colcon_core.package_identification:_identify(training_bags/episode13) by extension 'colcon_meta'
[0.106s] Level 1:colcon.colcon_core.package_identification:_identify(training_bags/episode13) by extensions ['ros']
[0.106s] Level 1:colcon.colcon_core.package_identification:_identify(training_bags/episode13) by extension 'ros'
[0.106s] Level 1:colcon.colcon_core.package_identification:_identify(training_bags/episode13) by extensions ['cmake', 'python']
[0.106s] Level 1:colcon.colcon_core.package_identification:_identify(training_bags/episode13) by extension 'cmake'
[0.106s] Level 1:colcon.colcon_core.package_identification:_identify(training_bags/episode13) by extension 'python'
[0.106s] Level 1:colcon.colcon_core.package_identification:_identify(training_bags/episode13) by extensions ['python_setup_py']
[0.106s] Level 1:colcon.colcon_core.package_identification:_identify(training_bags/episode13) by extension 'python_setup_py'
[0.106s] Level 1:colcon.colcon_core.package_identification:_identify(training_bags/episode14) by extensions ['ignore', 'ignore_ament_install']
[0.106s] Level 1:colcon.colcon_core.package_identification:_identify(training_bags/episode14) by extension 'ignore'
[0.107s] Level 1:colcon.colcon_core.package_identification:_identify(training_bags/episode14) by extension 'ignore_ament_install'
[0.107s] Level 1:colcon.colcon_core.package_identification:_identify(training_bags/episode14) by extensions ['colcon_pkg']
[0.107s] Level 1:colcon.colcon_core.package_identification:_identify(training_bags/episode14) by extension 'colcon_pkg'
[0.107s] Level 1:colcon.colcon_core.package_identification:_identify(training_bags/episode14) by extensions ['colcon_meta']
[0.107s] Level 1:colcon.colcon_core.package_identification:_identify(training_bags/episode14) by extension 'colcon_meta'
[0.107s] Level 1:colcon.colcon_core.package_identification:_identify(training_bags/episode14) by extensions ['ros']
[0.107s] Level 1:colcon.colcon_core.package_identification:_identify(training_bags/episode14) by extension 'ros'
[0.107s] Level 1:colcon.colcon_core.package_identification:_identify(training_bags/episode14) by extensions ['cmake', 'python']
[0.107s] Level 1:colcon.colcon_core.package_identification:_identify(training_bags/episode14) by extension 'cmake'
[0.107s] Level 1:colcon.colcon_core.package_identification:_identify(training_bags/episode14) by extension 'python'
[0.107s] Level 1:colcon.colcon_core.package_identification:_identify(training_bags/episode14) by extensions ['python_setup_py']
[0.107s] Level 1:colcon.colcon_core.package_identification:_identify(training_bags/episode14) by extension 'python_setup_py'
[0.107s] Level 1:colcon.colcon_core.package_identification:_identify(training_bags/episode15) by extensions ['ignore', 'ignore_ament_install']
[0.107s] Level 1:colcon.colcon_core.package_identification:_identify(training_bags/episode15) by extension 'ignore'
[0.107s] Level 1:colcon.colcon_core.package_identification:_identify(training_bags/episode15) by extension 'ignore_ament_install'
[0.107s] Level 1:colcon.colcon_core.package_identification:_identify(training_bags/episode15) by extensions ['colcon_pkg']
[0.107s] Level 1:colcon.colcon_core.package_identification:_identify(training_bags/episode15) by extension 'colcon_pkg'
[0.107s] Level 1:colcon.colcon_core.package_identification:_identify(training_bags/episode15) by extensions ['colcon_meta']
[0.107s] Level 1:colcon.colcon_core.package_identification:_identify(training_bags/episode15) by extension 'colcon_meta'
[0.107s] Level 1:colcon.colcon_core.package_identification:_identify(training_bags/episode15) by extensions ['ros']
[0.107s] Level 1:colcon.colcon_core.package_identification:_identify(training_bags/episode15) by extension 'ros'
[0.107s] Level 1:colcon.colcon_core.package_identification:_identify(training_bags/episode15) by extensions ['cmake', 'python']
[0.107s] Level 1:colcon.colcon_core.package_identification:_identify(training_bags/episode15) by extension 'cmake'
[0.107s] Level 1:colcon.colcon_core.package_identification:_identify(training_bags/episode15) by extension 'python'
[0.107s] Level 1:colcon.colcon_core.package_identification:_identify(training_bags/episode15) by extensions ['python_setup_py']
[0.107s] Level 1:colcon.colcon_core.package_identification:_identify(training_bags/episode15) by extension 'python_setup_py'
[0.107s] Level 1:colcon.colcon_core.package_identification:_identify(training_bags/episode16) by extensions ['ignore', 'ignore_ament_install']
[0.107s] Level 1:colcon.colcon_core.package_identification:_identify(training_bags/episode16) by extension 'ignore'
[0.107s] Level 1:colcon.colcon_core.package_identification:_identify(training_bags/episode16) by extension 'ignore_ament_install'
[0.107s] Level 1:colcon.colcon_core.package_identification:_identify(training_bags/episode16) by extensions ['colcon_pkg']
[0.107s] Level 1:colcon.colcon_core.package_identification:_identify(training_bags/episode16) by extension 'colcon_pkg'
[0.107s] Level 1:colcon.colcon_core.package_identification:_identify(training_bags/episode16) by extensions ['colcon_meta']
[0.107s] Level 1:colcon.colcon_core.package_identification:_identify(training_bags/episode16) by extension 'colcon_meta'
[0.107s] Level 1:colcon.colcon_core.package_identification:_identify(training_bags/episode16) by extensions ['ros']
[0.107s] Level 1:colcon.colcon_core.package_identification:_identify(training_bags/episode16) by extension 'ros'
[0.107s] Level 1:colcon.colcon_core.package_identification:_identify(training_bags/episode16) by extensions ['cmake', 'python']
[0.107s] Level 1:colcon.colcon_core.package_identification:_identify(training_bags/episode16) by extension 'cmake'
[0.107s] Level 1:colcon.colcon_core.package_identification:_identify(training_bags/episode16) by extension 'python'
[0.107s] Level 1:colcon.colcon_core.package_identification:_identify(training_bags/episode16) by extensions ['python_setup_py']
[0.107s] Level 1:colcon.colcon_core.package_identification:_identify(training_bags/episode16) by extension 'python_setup_py'
[0.107s] Level 1:colcon.colcon_core.package_identification:_identify(training_bags/episode17) by extensions ['ignore', 'ignore_ament_install']
[0.107s] Level 1:colcon.colcon_core.package_identification:_identify(training_bags/episode17) by extension 'ignore'
[0.107s] Level 1:colcon.colcon_core.package_identification:_identify(training_bags/episode17) by extension 'ignore_ament_install'
[0.107s] Level 1:colcon.colcon_core.package_identification:_identify(training_bags/episode17) by extensions ['colcon_pkg']
[0.107s] Level 1:colcon.colcon_core.package_identification:_identify(training_bags/episode17) by extension 'colcon_pkg'
[0.107s] Level 1:colcon.colcon_core.package_identification:_identify(training_bags/episode17) by extensions ['colcon_meta']
[0.108s] Level 1:colcon.colcon_core.package_identification:_identify(training_bags/episode17) by extension 'colcon_meta'
[0.108s] Level 1:colcon.colcon_core.package_identification:_identify(training_bags/episode17) by extensions ['ros']
[0.108s] Level 1:colcon.colcon_core.package_identification:_identify(training_bags/episode17) by extension 'ros'
[0.108s] Level 1:colcon.colcon_core.package_identification:_identify(training_bags/episode17) by extensions ['cmake', 'python']
[0.108s] Level 1:colcon.colcon_core.package_identification:_identify(training_bags/episode17) by extension 'cmake'
[0.108s] Level 1:colcon.colcon_core.package_identification:_identify(training_bags/episode17) by extension 'python'
[0.108s] Level 1:colcon.colcon_core.package_identification:_identify(training_bags/episode17) by extensions ['python_setup_py']
[0.108s] Level 1:colcon.colcon_core.package_identification:_identify(training_bags/episode17) by extension 'python_setup_py'
[0.108s] Level 1:colcon.colcon_core.package_identification:_identify(training_bags/episode18) by extensions ['ignore', 'ignore_ament_install']
[0.108s] Level 1:colcon.colcon_core.package_identification:_identify(training_bags/episode18) by extension 'ignore'
[0.108s] Level 1:colcon.colcon_core.package_identification:_identify(training_bags/episode18) by extension 'ignore_ament_install'
[0.108s] Level 1:colcon.colcon_core.package_identification:_identify(training_bags/episode18) by extensions ['colcon_pkg']
[0.108s] Level 1:colcon.colcon_core.package_identification:_identify(training_bags/episode18) by extension 'colcon_pkg'
[0.108s] Level 1:colcon.colcon_core.package_identification:_identify(training_bags/episode18) by extensions ['colcon_meta']
[0.108s] Level 1:colcon.colcon_core.package_identification:_identify(training_bags/episode18) by extension 'colcon_meta'
[0.108s] Level 1:colcon.colcon_core.package_identification:_identify(training_bags/episode18) by extensions ['ros']
[0.108s] Level 1:colcon.colcon_core.package_identification:_identify(training_bags/episode18) by extension 'ros'
[0.108s] Level 1:colcon.colcon_core.package_identification:_identify(training_bags/episode18) by extensions ['cmake', 'python']
[0.108s] Level 1:colcon.colcon_core.package_identification:_identify(training_bags/episode18) by extension 'cmake'
[0.108s] Level 1:colcon.colcon_core.package_identification:_identify(training_bags/episode18) by extension 'python'
[0.108s] Level 1:colcon.colcon_core.package_identification:_identify(training_bags/episode18) by extensions ['python_setup_py']
[0.108s] Level 1:colcon.colcon_core.package_identification:_identify(training_bags/episode18) by extension 'python_setup_py'
[0.108s] Level 1:colcon.colcon_core.package_identification:_identify(training_bags/episode19) by extensions ['ignore', 'ignore_ament_install']
[0.108s] Level 1:colcon.colcon_core.package_identification:_identify(training_bags/episode19) by extension 'ignore'
[0.108s] Level 1:colcon.colcon_core.package_identification:_identify(training_bags/episode19) by extension 'ignore_ament_install'
[0.108s] Level 1:colcon.colcon_core.package_identification:_identify(training_bags/episode19) by extensions ['colcon_pkg']
[0.108s] Level 1:colcon.colcon_core.package_identification:_identify(training_bags/episode19) by extension 'colcon_pkg'
[0.108s] Level 1:colcon.colcon_core.package_identification:_identify(training_bags/episode19) by extensions ['colcon_meta']
[0.108s] Level 1:colcon.colcon_core.package_identification:_identify(training_bags/episode19) by extension 'colcon_meta'
[0.108s] Level 1:colcon.colcon_core.package_identification:_identify(training_bags/episode19) by extensions ['ros']
[0.108s] Level 1:colcon.colcon_core.package_identification:_identify(training_bags/episode19) by extension 'ros'
[0.108s] Level 1:colcon.colcon_core.package_identification:_identify(training_bags/episode19) by extensions ['cmake', 'python']
[0.108s] Level 1:colcon.colcon_core.package_identification:_identify(training_bags/episode19) by extension 'cmake'
[0.108s] Level 1:colcon.colcon_core.package_identification:_identify(training_bags/episode19) by extension 'python'
[0.108s] Level 1:colcon.colcon_core.package_identification:_identify(training_bags/episode19) by extensions ['python_setup_py']
[0.108s] Level 1:colcon.colcon_core.package_identification:_identify(training_bags/episode19) by extension 'python_setup_py'
[0.108s] Level 1:colcon.colcon_core.package_identification:_identify(training_bags/episode2) by extensions ['ignore', 'ignore_ament_install']
[0.108s] Level 1:colcon.colcon_core.package_identification:_identify(training_bags/episode2) by extension 'ignore'
[0.108s] Level 1:colcon.colcon_core.package_identification:_identify(training_bags/episode2) by extension 'ignore_ament_install'
[0.108s] Level 1:colcon.colcon_core.package_identification:_identify(training_bags/episode2) by extensions ['colcon_pkg']
[0.108s] Level 1:colcon.colcon_core.package_identification:_identify(training_bags/episode2) by extension 'colcon_pkg'
[0.108s] Level 1:colcon.colcon_core.package_identification:_identify(training_bags/episode2) by extensions ['colcon_meta']
[0.108s] Level 1:colcon.colcon_core.package_identification:_identify(training_bags/episode2) by extension 'colcon_meta'
[0.108s] Level 1:colcon.colcon_core.package_identification:_identify(training_bags/episode2) by extensions ['ros']
[0.108s] Level 1:colcon.colcon_core.package_identification:_identify(training_bags/episode2) by extension 'ros'
[0.108s] Level 1:colcon.colcon_core.package_identification:_identify(training_bags/episode2) by extensions ['cmake', 'python']
[0.109s] Level 1:colcon.colcon_core.package_identification:_identify(training_bags/episode2) by extension 'cmake'
[0.109s] Level 1:colcon.colcon_core.package_identification:_identify(training_bags/episode2) by extension 'python'
[0.109s] Level 1:colcon.colcon_core.package_identification:_identify(training_bags/episode2) by extensions ['python_setup_py']
[0.109s] Level 1:colcon.colcon_core.package_identification:_identify(training_bags/episode2) by extension 'python_setup_py'
[0.109s] Level 1:colcon.colcon_core.package_identification:_identify(training_bags/episode20) by extensions ['ignore', 'ignore_ament_install']
[0.109s] Level 1:colcon.colcon_core.package_identification:_identify(training_bags/episode20) by extension 'ignore'
[0.109s] Level 1:colcon.colcon_core.package_identification:_identify(training_bags/episode20) by extension 'ignore_ament_install'
[0.109s] Level 1:colcon.colcon_core.package_identification:_identify(training_bags/episode20) by extensions ['colcon_pkg']
[0.109s] Level 1:colcon.colcon_core.package_identification:_identify(training_bags/episode20) by extension 'colcon_pkg'
[0.109s] Level 1:colcon.colcon_core.package_identification:_identify(training_bags/episode20) by extensions ['colcon_meta']
[0.109s] Level 1:colcon.colcon_core.package_identification:_identify(training_bags/episode20) by extension 'colcon_meta'
[0.109s] Level 1:colcon.colcon_core.package_identification:_identify(training_bags/episode20) by extensions ['ros']
[0.109s] Level 1:colcon.colcon_core.package_identification:_identify(training_bags/episode20) by extension 'ros'
[0.109s] Level 1:colcon.colcon_core.package_identification:_identify(training_bags/episode20) by extensions ['cmake', 'python']
[0.109s] Level 1:colcon.colcon_core.package_identification:_identify(training_bags/episode20) by extension 'cmake'
[0.109s] Level 1:colcon.colcon_core.package_identification:_identify(training_bags/episode20) by extension 'python'
[0.109s] Level 1:colcon.colcon_core.package_identification:_identify(training_bags/episode20) by extensions ['python_setup_py']
[0.109s] Level 1:colcon.colcon_core.package_identification:_identify(training_bags/episode20) by extension 'python_setup_py'
[0.109s] Level 1:colcon.colcon_core.package_identification:_identify(training_bags/episode21) by extensions ['ignore', 'ignore_ament_install']
[0.109s] Level 1:colcon.colcon_core.package_identification:_identify(training_bags/episode21) by extension 'ignore'
[0.109s] Level 1:colcon.colcon_core.package_identification:_identify(training_bags/episode21) by extension 'ignore_ament_install'
[0.109s] Level 1:colcon.colcon_core.package_identification:_identify(training_bags/episode21) by extensions ['colcon_pkg']
[0.109s] Level 1:colcon.colcon_core.package_identification:_identify(training_bags/episode21) by extension 'colcon_pkg'
[0.109s] Level 1:colcon.colcon_core.package_identification:_identify(training_bags/episode21) by extensions ['colcon_meta']
[0.109s] Level 1:colcon.colcon_core.package_identification:_identify(training_bags/episode21) by extension 'colcon_meta'
[0.109s] Level 1:colcon.colcon_core.package_identification:_identify(training_bags/episode21) by extensions ['ros']
[0.109s] Level 1:colcon.colcon_core.package_identification:_identify(training_bags/episode21) by extension 'ros'
[0.109s] Level 1:colcon.colcon_core.package_identification:_identify(training_bags/episode21) by extensions ['cmake', 'python']
[0.109s] Level 1:colcon.colcon_core.package_identification:_identify(training_bags/episode21) by extension 'cmake'
[0.109s] Level 1:colcon.colcon_core.package_identification:_identify(training_bags/episode21) by extension 'python'
[0.109s] Level 1:colcon.colcon_core.package_identification:_identify(training_bags/episode21) by extensions ['python_setup_py']
[0.109s] Level 1:colcon.colcon_core.package_identification:_identify(training_bags/episode21) by extension 'python_setup_py'
[0.109s] Level 1:colcon.colcon_core.package_identification:_identify(training_bags/episode22) by extensions ['ignore', 'ignore_ament_install']
[0.109s] Level 1:colcon.colcon_core.package_identification:_identify(training_bags/episode22) by extension 'ignore'
[0.109s] Level 1:colcon.colcon_core.package_identification:_identify(training_bags/episode22) by extension 'ignore_ament_install'
[0.109s] Level 1:colcon.colcon_core.package_identification:_identify(training_bags/episode22) by extensions ['colcon_pkg']
[0.109s] Level 1:colcon.colcon_core.package_identification:_identify(training_bags/episode22) by extension 'colcon_pkg'
[0.109s] Level 1:colcon.colcon_core.package_identification:_identify(training_bags/episode22) by extensions ['colcon_meta']
[0.109s] Level 1:colcon.colcon_core.package_identification:_identify(training_bags/episode22) by extension 'colcon_meta'
[0.109s] Level 1:colcon.colcon_core.package_identification:_identify(training_bags/episode22) by extensions ['ros']
[0.109s] Level 1:colcon.colcon_core.package_identification:_identify(training_bags/episode22) by extension 'ros'
[0.109s] Level 1:colcon.colcon_core.package_identification:_identify(training_bags/episode22) by extensions ['cmake', 'python']
[0.109s] Level 1:colcon.colcon_core.package_identification:_identify(training_bags/episode22) by extension 'cmake'
[0.109s] Level 1:colcon.colcon_core.package_identification:_identify(training_bags/episode22) by extension 'python'
[0.109s] Level 1:colcon.colcon_core.package_identification:_identify(training_bags/episode22) by extensions ['python_setup_py']
[0.109s] Level 1:colcon.colcon_core.package_identification:_identify(training_bags/episode22) by extension 'python_setup_py'
[0.110s] Level 1:colcon.colcon_core.package_identification:_identify(training_bags/episode23) by extensions ['ignore', 'ignore_ament_install']
[0.110s] Level 1:colcon.colcon_core.package_identification:_identify(training_bags/episode23) by extension 'ignore'
[0.110s] Level 1:colcon.colcon_core.package_identification:_identify(training_bags/episode23) by extension 'ignore_ament_install'
[0.110s] Level 1:colcon.colcon_core.package_identification:_identify(training_bags/episode23) by extensions ['colcon_pkg']
[0.110s] Level 1:colcon.colcon_core.package_identification:_identify(training_bags/episode23) by extension 'colcon_pkg'
[0.110s] Level 1:colcon.colcon_core.package_identification:_identify(training_bags/episode23) by extensions ['colcon_meta']
[0.110s] Level 1:colcon.colcon_core.package_identification:_identify(training_bags/episode23) by extension 'colcon_meta'
[0.110s] Level 1:colcon.colcon_core.package_identification:_identify(training_bags/episode23) by extensions ['ros']
[0.110s] Level 1:colcon.colcon_core.package_identification:_identify(training_bags/episode23) by extension 'ros'
[0.110s] Level 1:colcon.colcon_core.package_identification:_identify(training_bags/episode23) by extensions ['cmake', 'python']
[0.110s] Level 1:colcon.colcon_core.package_identification:_identify(training_bags/episode23) by extension 'cmake'
[0.110s] Level 1:colcon.colcon_core.package_identification:_identify(training_bags/episode23) by extension 'python'
[0.110s] Level 1:colcon.colcon_core.package_identification:_identify(training_bags/episode23) by extensions ['python_setup_py']
[0.110s] Level 1:colcon.colcon_core.package_identification:_identify(training_bags/episode23) by extension 'python_setup_py'
[0.110s] Level 1:colcon.colcon_core.package_identification:_identify(training_bags/episode24) by extensions ['ignore', 'ignore_ament_install']
[0.110s] Level 1:colcon.colcon_core.package_identification:_identify(training_bags/episode24) by extension 'ignore'
[0.110s] Level 1:colcon.colcon_core.package_identification:_identify(training_bags/episode24) by extension 'ignore_ament_install'
[0.110s] Level 1:colcon.colcon_core.package_identification:_identify(training_bags/episode24) by extensions ['colcon_pkg']
[0.110s] Level 1:colcon.colcon_core.package_identification:_identify(training_bags/episode24) by extension 'colcon_pkg'
[0.110s] Level 1:colcon.colcon_core.package_identification:_identify(training_bags/episode24) by extensions ['colcon_meta']
[0.110s] Level 1:colcon.colcon_core.package_identification:_identify(training_bags/episode24) by extension 'colcon_meta'
[0.110s] Level 1:colcon.colcon_core.package_identification:_identify(training_bags/episode24) by extensions ['ros']
[0.110s] Level 1:colcon.colcon_core.package_identification:_identify(training_bags/episode24) by extension 'ros'
[0.110s] Level 1:colcon.colcon_core.package_identification:_identify(training_bags/episode24) by extensions ['cmake', 'python']
[0.110s] Level 1:colcon.colcon_core.package_identification:_identify(training_bags/episode24) by extension 'cmake'
[0.110s] Level 1:colcon.colcon_core.package_identification:_identify(training_bags/episode24) by extension 'python'
[0.110s] Level 1:colcon.colcon_core.package_identification:_identify(training_bags/episode24) by extensions ['python_setup_py']
[0.110s] Level 1:colcon.colcon_core.package_identification:_identify(training_bags/episode24) by extension 'python_setup_py'
[0.110s] Level 1:colcon.colcon_core.package_identification:_identify(training_bags/episode25) by extensions ['ignore', 'ignore_ament_install']
[0.110s] Level 1:colcon.colcon_core.package_identification:_identify(training_bags/episode25) by extension 'ignore'
[0.110s] Level 1:colcon.colcon_core.package_identification:_identify(training_bags/episode25) by extension 'ignore_ament_install'
[0.110s] Level 1:colcon.colcon_core.package_identification:_identify(training_bags/episode25) by extensions ['colcon_pkg']
[0.110s] Level 1:colcon.colcon_core.package_identification:_identify(training_bags/episode25) by extension 'colcon_pkg'
[0.110s] Level 1:colcon.colcon_core.package_identification:_identify(training_bags/episode25) by extensions ['colcon_meta']
[0.110s] Level 1:colcon.colcon_core.package_identification:_identify(training_bags/episode25) by extension 'colcon_meta'
[0.110s] Level 1:colcon.colcon_core.package_identification:_identify(training_bags/episode25) by extensions ['ros']
[0.110s] Level 1:colcon.colcon_core.package_identification:_identify(training_bags/episode25) by extension 'ros'
[0.110s] Level 1:colcon.colcon_core.package_identification:_identify(training_bags/episode25) by extensions ['cmake', 'python']
[0.110s] Level 1:colcon.colcon_core.package_identification:_identify(training_bags/episode25) by extension 'cmake'
[0.110s] Level 1:colcon.colcon_core.package_identification:_identify(training_bags/episode25) by extension 'python'
[0.110s] Level 1:colcon.colcon_core.package_identification:_identify(training_bags/episode25) by extensions ['python_setup_py']
[0.110s] Level 1:colcon.colcon_core.package_identification:_identify(training_bags/episode25) by extension 'python_setup_py'
[0.110s] Level 1:colcon.colcon_core.package_identification:_identify(training_bags/episode3) by extensions ['ignore', 'ignore_ament_install']
[0.110s] Level 1:colcon.colcon_core.package_identification:_identify(training_bags/episode3) by extension 'ignore'
[0.111s] Level 1:colcon.colcon_core.package_identification:_identify(training_bags/episode3) by extension 'ignore_ament_install'
[0.111s] Level 1:colcon.colcon_core.package_identification:_identify(training_bags/episode3) by extensions ['colcon_pkg']
[0.111s] Level 1:colcon.colcon_core.package_identification:_identify(training_bags/episode3) by extension 'colcon_pkg'
[0.111s] Level 1:colcon.colcon_core.package_identification:_identify(training_bags/episode3) by extensions ['colcon_meta']
[0.111s] Level 1:colcon.colcon_core.package_identification:_identify(training_bags/episode3) by extension 'colcon_meta'
[0.111s] Level 1:colcon.colcon_core.package_identification:_identify(training_bags/episode3) by extensions ['ros']
[0.111s] Level 1:colcon.colcon_core.package_identification:_identify(training_bags/episode3) by extension 'ros'
[0.111s] Level 1:colcon.colcon_core.package_identification:_identify(training_bags/episode3) by extensions ['cmake', 'python']
[0.111s] Level 1:colcon.colcon_core.package_identification:_identify(training_bags/episode3) by extension 'cmake'
[0.111s] Level 1:colcon.colcon_core.package_identification:_identify(training_bags/episode3) by extension 'python'
[0.111s] Level 1:colcon.colcon_core.package_identification:_identify(training_bags/episode3) by extensions ['python_setup_py']
[0.111s] Level 1:colcon.colcon_core.package_identification:_identify(training_bags/episode3) by extension 'python_setup_py'
[0.111s] Level 1:colcon.colcon_core.package_identification:_identify(training_bags/episode4) by extensions ['ignore', 'ignore_ament_install']
[0.111s] Level 1:colcon.colcon_core.package_identification:_identify(training_bags/episode4) by extension 'ignore'
[0.111s] Level 1:colcon.colcon_core.package_identification:_identify(training_bags/episode4) by extension 'ignore_ament_install'
[0.111s] Level 1:colcon.colcon_core.package_identification:_identify(training_bags/episode4) by extensions ['colcon_pkg']
[0.111s] Level 1:colcon.colcon_core.package_identification:_identify(training_bags/episode4) by extension 'colcon_pkg'
[0.111s] Level 1:colcon.colcon_core.package_identification:_identify(training_bags/episode4) by extensions ['colcon_meta']
[0.111s] Level 1:colcon.colcon_core.package_identification:_identify(training_bags/episode4) by extension 'colcon_meta'
[0.111s] Level 1:colcon.colcon_core.package_identification:_identify(training_bags/episode4) by extensions ['ros']
[0.111s] Level 1:colcon.colcon_core.package_identification:_identify(training_bags/episode4) by extension 'ros'
[0.111s] Level 1:colcon.colcon_core.package_identification:_identify(training_bags/episode4) by extensions ['cmake', 'python']
[0.111s] Level 1:colcon.colcon_core.package_identification:_identify(training_bags/episode4) by extension 'cmake'
[0.111s] Level 1:colcon.colcon_core.package_identification:_identify(training_bags/episode4) by extension 'python'
[0.111s] Level 1:colcon.colcon_core.package_identification:_identify(training_bags/episode4) by extensions ['python_setup_py']
[0.111s] Level 1:colcon.colcon_core.package_identification:_identify(training_bags/episode4) by extension 'python_setup_py'
[0.111s] Level 1:colcon.colcon_core.package_identification:_identify(training_bags/episode5) by extensions ['ignore', 'ignore_ament_install']
[0.111s] Level 1:colcon.colcon_core.package_identification:_identify(training_bags/episode5) by extension 'ignore'
[0.111s] Level 1:colcon.colcon_core.package_identification:_identify(training_bags/episode5) by extension 'ignore_ament_install'
[0.111s] Level 1:colcon.colcon_core.package_identification:_identify(training_bags/episode5) by extensions ['colcon_pkg']
[0.111s] Level 1:colcon.colcon_core.package_identification:_identify(training_bags/episode5) by extension 'colcon_pkg'
[0.111s] Level 1:colcon.colcon_core.package_identification:_identify(training_bags/episode5) by extensions ['colcon_meta']
[0.111s] Level 1:colcon.colcon_core.package_identification:_identify(training_bags/episode5) by extension 'colcon_meta'
[0.111s] Level 1:colcon.colcon_core.package_identification:_identify(training_bags/episode5) by extensions ['ros']
[0.111s] Level 1:colcon.colcon_core.package_identification:_identify(training_bags/episode5) by extension 'ros'
[0.111s] Level 1:colcon.colcon_core.package_identification:_identify(training_bags/episode5) by extensions ['cmake', 'python']
[0.111s] Level 1:colcon.colcon_core.package_identification:_identify(training_bags/episode5) by extension 'cmake'
[0.111s] Level 1:colcon.colcon_core.package_identification:_identify(training_bags/episode5) by extension 'python'
[0.111s] Level 1:colcon.colcon_core.package_identification:_identify(training_bags/episode5) by extensions ['python_setup_py']
[0.111s] Level 1:colcon.colcon_core.package_identification:_identify(training_bags/episode5) by extension 'python_setup_py'
[0.111s] Level 1:colcon.colcon_core.package_identification:_identify(training_bags/episode6) by extensions ['ignore', 'ignore_ament_install']
[0.111s] Level 1:colcon.colcon_core.package_identification:_identify(training_bags/episode6) by extension 'ignore'
[0.111s] Level 1:colcon.colcon_core.package_identification:_identify(training_bags/episode6) by extension 'ignore_ament_install'
[0.111s] Level 1:colcon.colcon_core.package_identification:_identify(training_bags/episode6) by extensions ['colcon_pkg']
[0.111s] Level 1:colcon.colcon_core.package_identification:_identify(training_bags/episode6) by extension 'colcon_pkg'
[0.112s] Level 1:colcon.colcon_core.package_identification:_identify(training_bags/episode6) by extensions ['colcon_meta']
[0.112s] Level 1:colcon.colcon_core.package_identification:_identify(training_bags/episode6) by extension 'colcon_meta'
[0.112s] Level 1:colcon.colcon_core.package_identification:_identify(training_bags/episode6) by extensions ['ros']
[0.112s] Level 1:colcon.colcon_core.package_identification:_identify(training_bags/episode6) by extension 'ros'
[0.112s] Level 1:colcon.colcon_core.package_identification:_identify(training_bags/episode6) by extensions ['cmake', 'python']
[0.112s] Level 1:colcon.colcon_core.package_identification:_identify(training_bags/episode6) by extension 'cmake'
[0.112s] Level 1:colcon.colcon_core.package_identification:_identify(training_bags/episode6) by extension 'python'
[0.112s] Level 1:colcon.colcon_core.package_identification:_identify(training_bags/episode6) by extensions ['python_setup_py']
[0.112s] Level 1:colcon.colcon_core.package_identification:_identify(training_bags/episode6) by extension 'python_setup_py'
[0.112s] Level 1:colcon.colcon_core.package_identification:_identify(training_bags/episode7) by extensions ['ignore', 'ignore_ament_install']
[0.112s] Level 1:colcon.colcon_core.package_identification:_identify(training_bags/episode7) by extension 'ignore'
[0.112s] Level 1:colcon.colcon_core.package_identification:_identify(training_bags/episode7) by extension 'ignore_ament_install'
[0.112s] Level 1:colcon.colcon_core.package_identification:_identify(training_bags/episode7) by extensions ['colcon_pkg']
[0.112s] Level 1:colcon.colcon_core.package_identification:_identify(training_bags/episode7) by extension 'colcon_pkg'
[0.112s] Level 1:colcon.colcon_core.package_identification:_identify(training_bags/episode7) by extensions ['colcon_meta']
[0.112s] Level 1:colcon.colcon_core.package_identification:_identify(training_bags/episode7) by extension 'colcon_meta'
[0.112s] Level 1:colcon.colcon_core.package_identification:_identify(training_bags/episode7) by extensions ['ros']
[0.112s] Level 1:colcon.colcon_core.package_identification:_identify(training_bags/episode7) by extension 'ros'
[0.112s] Level 1:colcon.colcon_core.package_identification:_identify(training_bags/episode7) by extensions ['cmake', 'python']
[0.112s] Level 1:colcon.colcon_core.package_identification:_identify(training_bags/episode7) by extension 'cmake'
[0.112s] Level 1:colcon.colcon_core.package_identification:_identify(training_bags/episode7) by extension 'python'
[0.112s] Level 1:colcon.colcon_core.package_identification:_identify(training_bags/episode7) by extensions ['python_setup_py']
[0.112s] Level 1:colcon.colcon_core.package_identification:_identify(training_bags/episode7) by extension 'python_setup_py'
[0.112s] Level 1:colcon.colcon_core.package_identification:_identify(training_bags/episode8) by extensions ['ignore', 'ignore_ament_install']
[0.112s] Level 1:colcon.colcon_core.package_identification:_identify(training_bags/episode8) by extension 'ignore'
[0.112s] Level 1:colcon.colcon_core.package_identification:_identify(training_bags/episode8) by extension 'ignore_ament_install'
[0.112s] Level 1:colcon.colcon_core.package_identification:_identify(training_bags/episode8) by extensions ['colcon_pkg']
[0.112s] Level 1:colcon.colcon_core.package_identification:_identify(training_bags/episode8) by extension 'colcon_pkg'
[0.112s] Level 1:colcon.colcon_core.package_identification:_identify(training_bags/episode8) by extensions ['colcon_meta']
[0.112s] Level 1:colcon.colcon_core.package_identification:_identify(training_bags/episode8) by extension 'colcon_meta'
[0.112s] Level 1:colcon.colcon_core.package_identification:_identify(training_bags/episode8) by extensions ['ros']
[0.112s] Level 1:colcon.colcon_core.package_identification:_identify(training_bags/episode8) by extension 'ros'
[0.112s] Level 1:colcon.colcon_core.package_identification:_identify(training_bags/episode8) by extensions ['cmake', 'python']
[0.112s] Level 1:colcon.colcon_core.package_identification:_identify(training_bags/episode8) by extension 'cmake'
[0.112s] Level 1:colcon.colcon_core.package_identification:_identify(training_bags/episode8) by extension 'python'
[0.112s] Level 1:colcon.colcon_core.package_identification:_identify(training_bags/episode8) by extensions ['python_setup_py']
[0.112s] Level 1:colcon.colcon_core.package_identification:_identify(training_bags/episode8) by extension 'python_setup_py'
[0.112s] Level 1:colcon.colcon_core.package_identification:_identify(training_bags/episode9) by extensions ['ignore', 'ignore_ament_install']
[0.112s] Level 1:colcon.colcon_core.package_identification:_identify(training_bags/episode9) by extension 'ignore'
[0.112s] Level 1:colcon.colcon_core.package_identification:_identify(training_bags/episode9) by extension 'ignore_ament_install'
[0.112s] Level 1:colcon.colcon_core.package_identification:_identify(training_bags/episode9) by extensions ['colcon_pkg']
[0.112s] Level 1:colcon.colcon_core.package_identification:_identify(training_bags/episode9) by extension 'colcon_pkg'
[0.112s] Level 1:colcon.colcon_core.package_identification:_identify(training_bags/episode9) by extensions ['colcon_meta']
[0.112s] Level 1:colcon.colcon_core.package_identification:_identify(training_bags/episode9) by extension 'colcon_meta'
[0.112s] Level 1:colcon.colcon_core.package_identification:_identify(training_bags/episode9) by extensions ['ros']
[0.112s] Level 1:colcon.colcon_core.package_identification:_identify(training_bags/episode9) by extension 'ros'
[0.113s] Level 1:colcon.colcon_core.package_identification:_identify(training_bags/episode9) by extensions ['cmake', 'python']
[0.113s] Level 1:colcon.colcon_core.package_identification:_identify(training_bags/episode9) by extension 'cmake'
[0.113s] Level 1:colcon.colcon_core.package_identification:_identify(training_bags/episode9) by extension 'python'
[0.113s] Level 1:colcon.colcon_core.package_identification:_identify(training_bags/episode9) by extensions ['python_setup_py']
[0.113s] Level 1:colcon.colcon_core.package_identification:_identify(training_bags/episode9) by extension 'python_setup_py'
[0.113s] Level 1:colcon.colcon_core.package_discovery:discover_packages(recursive) using defaults
[0.113s] Level 1:colcon.colcon_core.package_discovery:discover_packages(ignore) discover
[0.113s] Level 1:colcon.colcon_core.package_discovery:discover_packages(ignore) using defaults
[0.113s] Level 1:colcon.colcon_core.package_discovery:discover_packages(path) discover
[0.113s] Level 1:colcon.colcon_core.package_discovery:discover_packages(path) using defaults
[0.125s] Level 1:colcon.colcon_core.package_discovery:discover_packages(prefix_path) check parameters
[0.125s] Level 1:colcon.colcon_core.package_discovery:discover_packages(prefix_path) discover
[0.126s] DEBUG:colcon.colcon_installed_package_information.package_discovery:Found 2 installed packages in /home/janhavi/swarm_ws/install
[0.127s] DEBUG:colcon.colcon_installed_package_information.package_discovery:Found 432 installed packages in /opt/ros/humble
[0.128s] Level 1:colcon.colcon_core.package_discovery:discover_packages(prefix_path) using defaults
[0.159s] Level 5:colcon.colcon_core.verb:set package 'swarm_msgs' build argument 'cmake_args' from command line to 'None'
[0.159s] Level 5:colcon.colcon_core.verb:set package 'swarm_msgs' build argument 'cmake_target' from command line to 'None'
[0.159s] Level 5:colcon.colcon_core.verb:set package 'swarm_msgs' build argument 'cmake_target_skip_unavailable' from command line to 'False'
[0.159s] Level 5:colcon.colcon_core.verb:set package 'swarm_msgs' build argument 'cmake_clean_cache' from command line to 'False'
[0.159s] Level 5:colcon.colcon_core.verb:set package 'swarm_msgs' build argument 'cmake_clean_first' from command line to 'False'
[0.159s] Level 5:colcon.colcon_core.verb:set package 'swarm_msgs' build argument 'cmake_force_configure' from command line to 'False'
[0.159s] Level 5:colcon.colcon_core.verb:set package 'swarm_msgs' build argument 'ament_cmake_args' from command line to 'None'
[0.159s] Level 5:colcon.colcon_core.verb:set package 'swarm_msgs' build argument 'catkin_cmake_args' from command line to 'None'
[0.159s] Level 5:colcon.colcon_core.verb:set package 'swarm_msgs' build argument 'catkin_skip_building_tests' from command line to 'False'
[0.159s] DEBUG:colcon.colcon_core.verb:Building package 'swarm_msgs' with the following arguments: {'ament_cmake_args': None, 'build_base': '/home/janhavi/swarm_ws/build/swarm_msgs', 'catkin_cmake_args': None, 'catkin_skip_building_tests': False, 'cmake_args': None, 'cmake_clean_cache': False, 'cmake_clean_first': False, 'cmake_force_configure': False, 'cmake_target': None, 'cmake_target_skip_unavailable': False, 'install_base': '/home/janhavi/swarm_ws/install/swarm_msgs', 'merge_install': False, 'path': '/home/janhavi/swarm_ws/src/swarm_msgs', 'symlink_install': False, 'test_result_base': None}
[0.159s] Level 5:colcon.colcon_core.verb:set package 'swarm_data' build argument 'cmake_args' from command line to 'None'
[0.159s] Level 5:colcon.colcon_core.verb:set package 'swarm_data' build argument 'cmake_target' from command line to 'None'
[0.159s] Level 5:colcon.colcon_core.verb:set package 'swarm_data' build argument 'cmake_target_skip_unavailable' from command line to 'False'
[0.159s] Level 5:colcon.colcon_core.verb:set package 'swarm_data' build argument 'cmake_clean_cache' from command line to 'False'
[0.159s] Level 5:colcon.colcon_core.verb:set package 'swarm_data' build argument 'cmake_clean_first' from command line to 'False'
[0.159s] Level 5:colcon.colcon_core.verb:set package 'swarm_data' build argument 'cmake_force_configure' from command line to 'False'
[0.159s] Level 5:colcon.colcon_core.verb:set package 'swarm_data' build argument 'ament_cmake_args' from command line to 'None'
[0.159s] Level 5:colcon.colcon_core.verb:set package 'swarm_data' build argument 'catkin_cmake_args' from command line to 'None'
[0.159s] Level 5:colcon.colcon_core.verb:set package 'swarm_data' build argument 'catkin_skip_building_tests' from command line to 'False'
[0.159s] DEBUG:colcon.colcon_core.verb:Building package 'swarm_data' with the following arguments: {'ament_cmake_args': None, 'build_base': '/home/janhavi/swarm_ws/build/swarm_data', 'catkin_cmake_args': None, 'catkin_skip_building_tests': False, 'cmake_args': None, 'cmake_clean_cache': False, 'cmake_clean_first': False, 'cmake_force_configure': False, 'cmake_target': None, 'cmake_target_skip_unavailable': False, 'install_base': '/home/janhavi/swarm_ws/install/swarm_data', 'merge_install': False, 'path': '/home/janhavi/swarm_ws/src/swarm_data', 'symlink_install': False, 'test_result_base': None}
[0.159s] INFO:colcon.colcon_core.executor:Executing jobs using 'parallel' executor
[0.160s] DEBUG:colcon.colcon_parallel_executor.executor.parallel:run_until_complete
[0.160s] INFO:colcon.colcon_ros.task.ament_cmake.build:Building ROS package in '/home/janhavi/swarm_ws/src/swarm_msgs' with build type 'ament_cmake'
[0.161s] INFO:colcon.colcon_cmake.task.cmake.build:Building CMake package in '/home/janhavi/swarm_ws/src/swarm_msgs'
[0.162s] INFO:colcon.colcon_core.plugin_system:Skipping extension 'colcon_core.shell.bat': Not used on non-Windows systems
[0.162s] INFO:colcon.colcon_core.shell:Skip shell extension 'powershell' for command environment: Not usable outside of PowerShell
[0.162s] DEBUG:colcon.colcon_core.shell:Skip shell extension 'dsv' for command environment
[0.168s] DEBUG:colcon.colcon_core.event_handler.log_command:Invoking command in '/home/janhavi/swarm_ws/build/swarm_msgs': CMAKE_PREFIX_PATH=${CMAKE_PREFIX_PATH}:/opt/ros/humble /usr/bin/cmake --build /home/janhavi/swarm_ws/build/swarm_msgs -- -j12 -l12
[0.442s] DEBUG:colcon.colcon_core.event_handler.log_command:Invoked command in '/home/janhavi/swarm_ws/build/swarm_msgs' returned '0': CMAKE_PREFIX_PATH=${CMAKE_PREFIX_PATH}:/opt/ros/humble /usr/bin/cmake --build /home/janhavi/swarm_ws/build/swarm_msgs -- -j12 -l12
[0.449s] DEBUG:colcon.colcon_core.event_handler.log_command:Invoking command in '/home/janhavi/swarm_ws/build/swarm_msgs': CMAKE_PREFIX_PATH=${CMAKE_PREFIX_PATH}:/opt/ros/humble /usr/bin/cmake --install /home/janhavi/swarm_ws/build/swarm_msgs
[0.484s] Level 1:colcon.colcon_core.environment:create_environment_scripts_only(swarm_msgs)
[0.485s] DEBUG:colcon.colcon_core.event_handler.log_command:Invoked command in '/home/janhavi/swarm_ws/build/swarm_msgs' returned '0': CMAKE_PREFIX_PATH=${CMAKE_PREFIX_PATH}:/opt/ros/humble /usr/bin/cmake --install /home/janhavi/swarm_ws/build/swarm_msgs
[0.486s] Level 1:colcon.colcon_core.environment:checking '/home/janhavi/swarm_ws/install/swarm_msgs' for CMake module files
[0.487s] Level 1:colcon.colcon_core.environment:checking '/home/janhavi/swarm_ws/install/swarm_msgs' for CMake config files
[0.488s] Level 1:colcon.colcon_core.shell:create_environment_hook('swarm_msgs', 'cmake_prefix_path')
[0.488s] INFO:colcon.colcon_core.shell:Creating environment hook '/home/janhavi/swarm_ws/install/swarm_msgs/share/swarm_msgs/hook/cmake_prefix_path.ps1'
[0.488s] INFO:colcon.colcon_core.shell:Creating environment descriptor '/home/janhavi/swarm_ws/install/swarm_msgs/share/swarm_msgs/hook/cmake_prefix_path.dsv'
[0.489s] INFO:colcon.colcon_core.shell:Creating environment hook '/home/janhavi/swarm_ws/install/swarm_msgs/share/swarm_msgs/hook/cmake_prefix_path.sh'
[0.490s] Level 1:colcon.colcon_core.environment:checking '/home/janhavi/swarm_ws/install/swarm_msgs/lib'
[0.490s] Level 1:colcon.colcon_core.shell:create_environment_hook('swarm_msgs', 'ld_library_path_lib')
[0.490s] INFO:colcon.colcon_core.shell:Creating environment hook '/home/janhavi/swarm_ws/install/swarm_msgs/share/swarm_msgs/hook/ld_library_path_lib.ps1'
[0.490s] INFO:colcon.colcon_core.shell:Creating environment descriptor '/home/janhavi/swarm_ws/install/swarm_msgs/share/swarm_msgs/hook/ld_library_path_lib.dsv'
[0.491s] INFO:colcon.colcon_core.shell:Creating environment hook '/home/janhavi/swarm_ws/install/swarm_msgs/share/swarm_msgs/hook/ld_library_path_lib.sh'
[0.491s] Level 1:colcon.colcon_core.environment:checking '/home/janhavi/swarm_ws/install/swarm_msgs/bin'
[0.491s] Level 1:colcon.colcon_core.environment:checking '/home/janhavi/swarm_ws/install/swarm_msgs/lib/pkgconfig/swarm_msgs.pc'
[0.491s] Level 1:colcon.colcon_core.environment:checking '/home/janhavi/swarm_ws/install/swarm_msgs/lib/python3.10/site-packages'
[0.491s] Level 1:colcon.colcon_core.environment:checking '/home/janhavi/swarm_ws/install/swarm_msgs/bin'
[0.492s] INFO:colcon.colcon_core.shell:Creating package script '/home/janhavi/swarm_ws/install/swarm_msgs/share/swarm_msgs/package.ps1'
[0.492s] INFO:colcon.colcon_core.shell:Creating package descriptor '/home/janhavi/swarm_ws/install/swarm_msgs/share/swarm_msgs/package.dsv'
[0.492s] INFO:colcon.colcon_core.shell:Creating package script '/home/janhavi/swarm_ws/install/swarm_msgs/share/swarm_msgs/package.sh'
[0.493s] INFO:colcon.colcon_core.shell:Creating package script '/home/janhavi/swarm_ws/install/swarm_msgs/share/swarm_msgs/package.bash'
[0.493s] INFO:colcon.colcon_core.shell:Creating package script '/home/janhavi/swarm_ws/install/swarm_msgs/share/swarm_msgs/package.zsh'
[0.493s] Level 1:colcon.colcon_core.environment:create_file_with_runtime_dependencies(/home/janhavi/swarm_ws/install/swarm_msgs/share/colcon-core/packages/swarm_msgs)
[0.494s] Level 1:colcon.colcon_core.environment:create_environment_scripts_only(swarm_msgs)
[0.494s] Level 1:colcon.colcon_core.environment:checking '/home/janhavi/swarm_ws/install/swarm_msgs' for CMake module files
[0.494s] Level 1:colcon.colcon_core.environment:checking '/home/janhavi/swarm_ws/install/swarm_msgs' for CMake config files
[0.494s] Level 1:colcon.colcon_core.shell:create_environment_hook('swarm_msgs', 'cmake_prefix_path')
[0.494s] INFO:colcon.colcon_core.shell:Creating environment hook '/home/janhavi/swarm_ws/install/swarm_msgs/share/swarm_msgs/hook/cmake_prefix_path.ps1'
[0.495s] INFO:colcon.colcon_core.shell:Creating environment descriptor '/home/janhavi/swarm_ws/install/swarm_msgs/share/swarm_msgs/hook/cmake_prefix_path.dsv'
[0.495s] INFO:colcon.colcon_core.shell:Creating environment hook '/home/janhavi/swarm_ws/install/swarm_msgs/share/swarm_msgs/hook/cmake_prefix_path.sh'
[0.495s] Level 1:colcon.colcon_core.environment:checking '/home/janhavi/swarm_ws/install/swarm_msgs/lib'
[0.495s] Level 1:colcon.colcon_core.shell:create_environment_hook('swarm_msgs', 'ld_library_path_lib')
[0.495s] INFO:colcon.colcon_core.shell:Creating environment hook '/home/janhavi/swarm_ws/install/swarm_msgs/share/swarm_msgs/hook/ld_library_path_lib.ps1'
[0.495s] INFO:colcon.colcon_core.shell:Creating environment descriptor '/home/janhavi/swarm_ws/install/swarm_msgs/share/swarm_msgs/hook/ld_library_path_lib.dsv'
[0.496s] INFO:colcon.colcon_core.shell:Creating environment hook '/home/janhavi/swarm_ws/install/swarm_msgs/share/swarm_msgs/hook/ld_library_path_lib.sh'
[0.496s] Level 1:colcon.colcon_core.environment:checking '/home/janhavi/swarm_ws/install/swarm_msgs/bin'
[0.496s] Level 1:colcon.colcon_core.environment:checking '/home/janhavi/swarm_ws/install/swarm_msgs/lib/pkgconfig/swarm_msgs.pc'
[0.496s] Level 1:colcon.colcon_core.environment:checking '/home/janhavi/swarm_ws/install/swarm_msgs/lib/python3.10/site-packages'
[0.496s] Level 1:colcon.colcon_core.environment:checking '/home/janhavi/swarm_ws/install/swarm_msgs/bin'
[0.496s] INFO:colcon.colcon_core.shell:Creating package script '/home/janhavi/swarm_ws/install/swarm_msgs/share/swarm_msgs/package.ps1'
[0.496s] INFO:colcon.colcon_core.shell:Creating package descriptor '/home/janhavi/swarm_ws/install/swarm_msgs/share/swarm_msgs/package.dsv'
[0.497s] INFO:colcon.colcon_core.shell:Creating package script '/home/janhavi/swarm_ws/install/swarm_msgs/share/swarm_msgs/package.sh'
[0.497s] INFO:colcon.colcon_core.shell:Creating package script '/home/janhavi/swarm_ws/install/swarm_msgs/share/swarm_msgs/package.bash'
[0.497s] INFO:colcon.colcon_core.shell:Creating package script '/home/janhavi/swarm_ws/install/swarm_msgs/share/swarm_msgs/package.zsh'
[0.497s] Level 1:colcon.colcon_core.environment:create_file_with_runtime_dependencies(/home/janhavi/swarm_ws/install/swarm_msgs/share/colcon-core/packages/swarm_msgs)
[0.497s] INFO:colcon.colcon_ros.task.ament_cmake.build:Building ROS package in '/home/janhavi/swarm_ws/src/swarm_data' with build type 'ament_cmake'
[0.498s] INFO:colcon.colcon_cmake.task.cmake.build:Building CMake package in '/home/janhavi/swarm_ws/src/swarm_data'
[0.498s] INFO:colcon.colcon_core.shell:Skip shell extension 'powershell' for command environment: Not usable outside of PowerShell
[0.498s] DEBUG:colcon.colcon_core.shell:Skip shell extension 'dsv' for command environment
[0.505s] DEBUG:colcon.colcon_core.event_handler.log_command:Invoking command in '/home/janhavi/swarm_ws/build/swarm_data': CMAKE_PREFIX_PATH=/home/janhavi/swarm_ws/install/swarm_msgs:/home/janhavi/swarm_ws/install/swarm_data:/opt/ros/humble LD_LIBRARY_PATH=/home/janhavi/swarm_ws/install/swarm_msgs/lib:/usr/lib/x86_64-linux-gnu/gazebo-11/plugins:/opt/ros/humble/opt/rviz_ogre_vendor/lib:/opt/ros/humble/lib/x86_64-linux-gnu:/opt/ros/humble/lib:/usr/lib/x86_64-linux-gnu/gazebo-11/plugins /usr/bin/cmake --build /home/janhavi/swarm_ws/build/swarm_data -- -j12 -l12
[0.535s] DEBUG:colcon.colcon_core.event_handler.log_command:Invoked command in '/home/janhavi/swarm_ws/build/swarm_data' returned '0': CMAKE_PREFIX_PATH=/home/janhavi/swarm_ws/install/swarm_msgs:/home/janhavi/swarm_ws/install/swarm_data:/opt/ros/humble LD_LIBRARY_PATH=/home/janhavi/swarm_ws/install/swarm_msgs/lib:/usr/lib/x86_64-linux-gnu/gazebo-11/plugins:/opt/ros/humble/opt/rviz_ogre_vendor/lib:/opt/ros/humble/lib/x86_64-linux-gnu:/opt/ros/humble/lib:/usr/lib/x86_64-linux-gnu/gazebo-11/plugins /usr/bin/cmake --build /home/janhavi/swarm_ws/build/swarm_data -- -j12 -l12
[0.536s] DEBUG:colcon.colcon_core.event_handler.log_command:Invoking command in '/home/janhavi/swarm_ws/build/swarm_data': CMAKE_PREFIX_PATH=/home/janhavi/swarm_ws/install/swarm_msgs:/home/janhavi/swarm_ws/install/swarm_data:/opt/ros/humble LD_LIBRARY_PATH=/home/janhavi/swarm_ws/install/swarm_msgs/lib:/usr/lib/x86_64-linux-gnu/gazebo-11/plugins:/opt/ros/humble/opt/rviz_ogre_vendor/lib:/opt/ros/humble/lib/x86_64-linux-gnu:/opt/ros/humble/lib:/usr/lib/x86_64-linux-gnu/gazebo-11/plugins /usr/bin/cmake --install /home/janhavi/swarm_ws/build/swarm_data
[0.544s] Level 1:colcon.colcon_core.environment:create_environment_scripts_only(swarm_data)
[0.544s] Level 1:colcon.colcon_core.environment:checking '/home/janhavi/swarm_ws/install/swarm_data' for CMake module files
[0.544s] DEBUG:colcon.colcon_core.event_handler.log_command:Invoked command in '/home/janhavi/swarm_ws/build/swarm_data' returned '0': CMAKE_PREFIX_PATH=/home/janhavi/swarm_ws/install/swarm_msgs:/home/janhavi/swarm_ws/install/swarm_data:/opt/ros/humble LD_LIBRARY_PATH=/home/janhavi/swarm_ws/install/swarm_msgs/lib:/usr/lib/x86_64-linux-gnu/gazebo-11/plugins:/opt/ros/humble/opt/rviz_ogre_vendor/lib:/opt/ros/humble/lib/x86_64-linux-gnu:/opt/ros/humble/lib:/usr/lib/x86_64-linux-gnu/gazebo-11/plugins /usr/bin/cmake --install /home/janhavi/swarm_ws/build/swarm_data
[0.544s] Level 1:colcon.colcon_core.environment:checking '/home/janhavi/swarm_ws/install/swarm_data' for CMake config files
[0.544s] Level 1:colcon.colcon_core.shell:create_environment_hook('swarm_data', 'cmake_prefix_path')
[0.545s] INFO:colcon.colcon_core.shell:Creating environment hook '/home/janhavi/swarm_ws/install/swarm_data/share/swarm_data/hook/cmake_prefix_path.ps1'
[0.545s] INFO:colcon.colcon_core.shell:Creating environment descriptor '/home/janhavi/swarm_ws/install/swarm_data/share/swarm_data/hook/cmake_prefix_path.dsv'
[0.545s] INFO:colcon.colcon_core.shell:Creating environment hook '/home/janhavi/swarm_ws/install/swarm_data/share/swarm_data/hook/cmake_prefix_path.sh'
[0.545s] Level 1:colcon.colcon_core.environment:checking '/home/janhavi/swarm_ws/install/swarm_data/lib'
[0.545s] Level 1:colcon.colcon_core.environment:checking '/home/janhavi/swarm_ws/install/swarm_data/bin'
[0.545s] Level 1:colcon.colcon_core.environment:checking '/home/janhavi/swarm_ws/install/swarm_data/lib/pkgconfig/swarm_data.pc'
[0.546s] Level 1:colcon.colcon_core.environment:checking '/home/janhavi/swarm_ws/install/swarm_data/lib/python3.10/site-packages'
[0.546s] Level 1:colcon.colcon_core.environment:checking '/home/janhavi/swarm_ws/install/swarm_data/bin'
[0.546s] INFO:colcon.colcon_core.shell:Creating package script '/home/janhavi/swarm_ws/install/swarm_data/share/swarm_data/package.ps1'
[0.546s] INFO:colcon.colcon_core.shell:Creating package descriptor '/home/janhavi/swarm_ws/install/swarm_data/share/swarm_data/package.dsv'
[0.546s] INFO:colcon.colcon_core.shell:Creating package script '/home/janhavi/swarm_ws/install/swarm_data/share/swarm_data/package.sh'
[0.547s] INFO:colcon.colcon_core.shell:Creating package script '/home/janhavi/swarm_ws/install/swarm_data/share/swarm_data/package.bash'
[0.547s] INFO:colcon.colcon_core.shell:Creating package script '/home/janhavi/swarm_ws/install/swarm_data/share/swarm_data/package.zsh'
[0.547s] Level 1:colcon.colcon_core.environment:create_file_with_runtime_dependencies(/home/janhavi/swarm_ws/install/swarm_data/share/colcon-core/packages/swarm_data)
[0.547s] Level 1:colcon.colcon_core.environment:create_environment_scripts_only(swarm_data)
[0.547s] Level 1:colcon.colcon_core.environment:checking '/home/janhavi/swarm_ws/install/swarm_data' for CMake module files
[0.548s] Level 1:colcon.colcon_core.environment:checking '/home/janhavi/swarm_ws/install/swarm_data' for CMake config files
[0.548s] Level 1:colcon.colcon_core.shell:create_environment_hook('swarm_data', 'cmake_prefix_path')
[0.548s] INFO:colcon.colcon_core.shell:Creating environment hook '/home/janhavi/swarm_ws/install/swarm_data/share/swarm_data/hook/cmake_prefix_path.ps1'
[0.548s] INFO:colcon.colcon_core.shell:Creating environment descriptor '/home/janhavi/swarm_ws/install/swarm_data/share/swarm_data/hook/cmake_prefix_path.dsv'
[0.548s] INFO:colcon.colcon_core.shell:Creating environment hook '/home/janhavi/swarm_ws/install/swarm_data/share/swarm_data/hook/cmake_prefix_path.sh'
[0.548s] Level 1:colcon.colcon_core.environment:checking '/home/janhavi/swarm_ws/install/swarm_data/lib'
[0.548s] Level 1:colcon.colcon_core.environment:checking '/home/janhavi/swarm_ws/install/swarm_data/bin'
[0.548s] Level 1:colcon.colcon_core.environment:checking '/home/janhavi/swarm_ws/install/swarm_data/lib/pkgconfig/swarm_data.pc'
[0.549s] Level 1:colcon.colcon_core.environment:checking '/home/janhavi/swarm_ws/install/swarm_data/lib/python3.10/site-packages'
[0.549s] Level 1:colcon.colcon_core.environment:checking '/home/janhavi/swarm_ws/install/swarm_data/bin'
[0.549s] INFO:colcon.colcon_core.shell:Creating package script '/home/janhavi/swarm_ws/install/swarm_data/share/swarm_data/package.ps1'
[0.549s] INFO:colcon.colcon_core.shell:Creating package descriptor '/home/janhavi/swarm_ws/install/swarm_data/share/swarm_data/package.dsv'
[0.549s] INFO:colcon.colcon_core.shell:Creating package script '/home/janhavi/swarm_ws/install/swarm_data/share/swarm_data/package.sh'
[0.550s] INFO:colcon.colcon_core.shell:Creating package script '/home/janhavi/swarm_ws/install/swarm_data/share/swarm_data/package.bash'
[0.550s] INFO:colcon.colcon_core.shell:Creating package script '/home/janhavi/swarm_ws/install/swarm_data/share/swarm_data/package.zsh'
[0.550s] Level 1:colcon.colcon_core.environment:create_file_with_runtime_dependencies(/home/janhavi/swarm_ws/install/swarm_data/share/colcon-core/packages/swarm_data)
[0.550s] DEBUG:colcon.colcon_parallel_executor.executor.parallel:closing loop
[0.550s] DEBUG:colcon.colcon_parallel_executor.executor.parallel:loop closed
[0.550s] DEBUG:colcon.colcon_parallel_executor.executor.parallel:run_until_complete finished with '0'
[0.550s] DEBUG:colcon.colcon_core.event_reactor:joining thread
[0.555s] INFO:colcon.colcon_core.plugin_system:Skipping extension 'colcon_notification.desktop_notification.terminal_notifier': Not used on non-Darwin systems
[0.555s] INFO:colcon.colcon_core.plugin_system:Skipping extension 'colcon_notification.desktop_notification.win32': Not used on non-Windows systems
[0.555s] INFO:colcon.colcon_notification.desktop_notification:Sending desktop notification using 'notify2'
[0.566s] DEBUG:colcon.colcon_core.event_reactor:joined thread
[0.567s] INFO:colcon.colcon_core.shell:Creating prefix script '/home/janhavi/swarm_ws/install/local_setup.ps1'
[0.567s] INFO:colcon.colcon_core.shell:Creating prefix util module '/home/janhavi/swarm_ws/install/_local_setup_util_ps1.py'
[0.568s] INFO:colcon.colcon_core.shell:Creating prefix chain script '/home/janhavi/swarm_ws/install/setup.ps1'
[0.568s] INFO:colcon.colcon_core.shell:Creating prefix script '/home/janhavi/swarm_ws/install/local_setup.sh'
[0.569s] INFO:colcon.colcon_core.shell:Creating prefix util module '/home/janhavi/swarm_ws/install/_local_setup_util_sh.py'
[0.569s] INFO:colcon.colcon_core.shell:Creating prefix chain script '/home/janhavi/swarm_ws/install/setup.sh'
[0.570s] INFO:colcon.colcon_core.shell:Creating prefix script '/home/janhavi/swarm_ws/install/local_setup.bash'
[0.570s] INFO:colcon.colcon_core.shell:Creating prefix chain script '/home/janhavi/swarm_ws/install/setup.bash'
[0.570s] INFO:colcon.colcon_core.shell:Creating prefix script '/home/janhavi/swarm_ws/install/local_setup.zsh'
[0.571s] INFO:colcon.colcon_core.shell:Creating prefix chain script '/home/janhavi/swarm_ws/install/setup.zsh'
