[0.077s] DEBUG:colcon:Command line arguments: ['/usr/bin/colcon', 'build']
[0.078s] DEBUG:colcon:Parsed command line arguments: Namespace(log_base=None, log_level=None, verb_name='build', build_base='build', install_base='install', merge_install=False, symlink_install=False, test_result_base=None, continue_on_error=False, executor='parallel', parallel_workers=12, event_handlers=None, ignore_user_meta=False, metas=['./colcon.meta'], base_paths=['.'], packages_ignore=None, packages_ignore_regex=None, paths=None, packages_up_to=None, packages_up_to_regex=None, packages_above=None, packages_above_and_dependencies=None, packages_above_depth=None, packages_select_by_dep=None, packages_skip_by_dep=None, packages_skip_up_to=None, packages_select_build_failed=False, packages_skip_build_finished=False, packages_select_test_failures=False, packages_skip_test_passed=False, packages_select=None, packages_skip=None, packages_select_regex=None, packages_skip_regex=None, packages_start=None, packages_end=None, allow_overriding=[], cmake_args=None, cmake_target=None, cmake_target_skip_unavailable=False, cmake_clean_cache=False, cmake_clean_first=False, cmake_force_configure=False, ament_cmake_args=None, catkin_cmake_args=None, catkin_skip_building_tests=False, verb_parser=<colcon_defaults.argument_parser.defaults.DefaultArgumentsDecorator object at 0x7b008e8b84c0>, verb_extension=<colcon_core.verb.build.BuildVerb object at 0x7b008e831db0>, main=<bound method BuildVerb.main of <colcon_core.verb.build.BuildVerb object at 0x7b008e831db0>>)
[0.123s] Level 1:colcon.colcon_core.package_discovery:discover_packages(colcon_meta) check parameters
[0.123s] Level 1:colcon.colcon_core.package_discovery:discover_packages(recursive) check parameters
[0.123s] Level 1:colcon.colcon_core.package_discovery:discover_packages(ignore) check parameters
[0.123s] Level 1:colcon.colcon_core.package_discovery:discover_packages(path) check parameters
[0.123s] Level 1:colcon.colcon_core.package_discovery:discover_packages(colcon_meta) discover
[0.123s] Level 1:colcon.colcon_core.package_discovery:discover_packages(recursive) discover
[0.123s] INFO:colcon.colcon_core.package_discovery:Crawling recursively for packages in '/home/janhavi/swarm_ws'
[0.123s] Level 1:colcon.colcon_core.package_identification:_identify(.) by extensions ['ignore', 'ignore_ament_install']
[0.123s] Level 1:colcon.colcon_core.package_identification:_identify(.) by extension 'ignore'
[0.124s] Level 1:colcon.colcon_core.package_identification:_identify(.) by extension 'ignore_ament_install'
[0.124s] Level 1:colcon.colcon_core.package_identification:_identify(.) by extensions ['colcon_pkg']
[0.124s] Level 1:colcon.colcon_core.package_identification:_identify(.) by extension 'colcon_pkg'
[0.124s] Level 1:colcon.colcon_core.package_identification:_identify(.) by extensions ['colcon_meta']
[0.124s] Level 1:colcon.colcon_core.package_identification:_identify(.) by extension 'colcon_meta'
[0.124s] Level 1:colcon.colcon_core.package_identification:_identify(.) by extensions ['ros']
[0.124s] Level 1:colcon.colcon_core.package_identification:_identify(.) by extension 'ros'
[0.134s] Level 1:colcon.colcon_core.package_identification:_identify(.) by extensions ['cmake', 'python']
[0.134s] Level 1:colcon.colcon_core.package_identification:_identify(.) by extension 'cmake'
[0.134s] Level 1:colcon.colcon_core.package_identification:_identify(.) by extension 'python'
[0.134s] Level 1:colcon.colcon_core.package_identification:_identify(.) by extensions ['python_setup_py']
[0.134s] Level 1:colcon.colcon_core.package_identification:_identify(.) by extension 'python_setup_py'
[0.134s] Level 1:colcon.colcon_core.package_identification:_identify(build) by extensions ['ignore', 'ignore_ament_install']
[0.134s] Level 1:colcon.colcon_core.package_identification:_identify(build) by extension 'ignore'
[0.135s] Level 1:colcon.colcon_core.package_identification:_identify(build) ignored
[0.135s] Level 1:colcon.colcon_core.package_identification:_identify(install) by extensions ['ignore', 'ignore_ament_install']
[0.135s] Level 1:colcon.colcon_core.package_identification:_identify(install) by extension 'ignore'
[0.135s] Level 1:colcon.colcon_core.package_identification:_identify(install) ignored
[0.135s] Level 1:colcon.colcon_core.package_identification:_identify(log) by extensions ['ignore', 'ignore_ament_install']
[0.135s] Level 1:colcon.colcon_core.package_identification:_identify(log) by extension 'ignore'
[0.135s] Level 1:colcon.colcon_core.package_identification:_identify(log) ignored
[0.135s] Level 1:colcon.colcon_core.package_identification:_identify(src) by extensions ['ignore', 'ignore_ament_install']
[0.135s] Level 1:colcon.colcon_core.package_identification:_identify(src) by extension 'ignore'
[0.135s] Level 1:colcon.colcon_core.package_identification:_identify(src) by extension 'ignore_ament_install'
[0.135s] Level 1:colcon.colcon_core.package_identification:_identify(src) by extensions ['colcon_pkg']
[0.135s] Level 1:colcon.colcon_core.package_identification:_identify(src) by extension 'colcon_pkg'
[0.135s] Level 1:colcon.colcon_core.package_identification:_identify(src) by extensions ['colcon_meta']
[0.135s] Level 1:colcon.colcon_core.package_identification:_identify(src) by extension 'colcon_meta'
[0.135s] Level 1:colcon.colcon_core.package_identification:_identify(src) by extensions ['ros']
[0.135s] Level 1:colcon.colcon_core.package_identification:_identify(src) by extension 'ros'
[0.135s] Level 1:colcon.colcon_core.package_identification:_identify(src) by extensions ['cmake', 'python']
[0.135s] Level 1:colcon.colcon_core.package_identification:_identify(src) by extension 'cmake'
[0.135s] Level 1:colcon.colcon_core.package_identification:_identify(src) by extension 'python'
[0.135s] Level 1:colcon.colcon_core.package_identification:_identify(src) by extensions ['python_setup_py']
[0.135s] Level 1:colcon.colcon_core.package_identification:_identify(src) by extension 'python_setup_py'
[0.135s] Level 1:colcon.colcon_core.package_identification:_identify(src/swarm_data) by extensions ['ignore', 'ignore_ament_install']
[0.135s] Level 1:colcon.colcon_core.package_identification:_identify(src/swarm_data) by extension 'ignore'
[0.135s] Level 1:colcon.colcon_core.package_identification:_identify(src/swarm_data) by extension 'ignore_ament_install'
[0.135s] Level 1:colcon.colcon_core.package_identification:_identify(src/swarm_data) by extensions ['colcon_pkg']
[0.135s] Level 1:colcon.colcon_core.package_identification:_identify(src/swarm_data) by extension 'colcon_pkg'
[0.135s] Level 1:colcon.colcon_core.package_identification:_identify(src/swarm_data) by extensions ['colcon_meta']
[0.135s] Level 1:colcon.colcon_core.package_identification:_identify(src/swarm_data) by extension 'colcon_meta'
[0.135s] Level 1:colcon.colcon_core.package_identification:_identify(src/swarm_data) by extensions ['ros']
[0.136s] Level 1:colcon.colcon_core.package_identification:_identify(src/swarm_data) by extension 'ros'
[0.139s] DEBUG:colcon.colcon_core.package_identification:Package 'src/swarm_data' with type 'ros.ament_cmake' and name 'swarm_data'
[0.139s] Level 1:colcon.colcon_core.package_identification:_identify(src/swarm_msgs) by extensions ['ignore', 'ignore_ament_install']
[0.139s] Level 1:colcon.colcon_core.package_identification:_identify(src/swarm_msgs) by extension 'ignore'
[0.139s] Level 1:colcon.colcon_core.package_identification:_identify(src/swarm_msgs) by extension 'ignore_ament_install'
[0.139s] Level 1:colcon.colcon_core.package_identification:_identify(src/swarm_msgs) by extensions ['colcon_pkg']
[0.139s] Level 1:colcon.colcon_core.package_identification:_identify(src/swarm_msgs) by extension 'colcon_pkg'
[0.139s] Level 1:colcon.colcon_core.package_identification:_identify(src/swarm_msgs) by extensions ['colcon_meta']
[0.139s] Level 1:colcon.colcon_core.package_identification:_identify(src/swarm_msgs) by extension 'colcon_meta'
[0.139s] Level 1:colcon.colcon_core.package_identification:_identify(src/swarm_msgs) by extensions ['ros']
[0.139s] Level 1:colcon.colcon_core.package_identification:_identify(src/swarm_msgs) by extension 'ros'
[0.140s] DEBUG:colcon.colcon_core.package_identification:Package 'src/swarm_msgs' with type 'ros.ament_cmake' and name 'swarm_msgs'
[0.140s] Level 1:colcon.colcon_core.package_discovery:discover_packages(recursive) using defaults
[0.140s] Level 1:colcon.colcon_core.package_discovery:discover_packages(ignore) discover
[0.140s] Level 1:colcon.colcon_core.package_discovery:discover_packages(ignore) using defaults
[0.140s] Level 1:colcon.colcon_core.package_discovery:discover_packages(path) discover
[0.140s] Level 1:colcon.colcon_core.package_discovery:discover_packages(path) using defaults
[0.158s] Level 1:colcon.colcon_core.package_discovery:discover_packages(prefix_path) check parameters
[0.158s] Level 1:colcon.colcon_core.package_discovery:discover_packages(prefix_path) discover
[0.159s] DEBUG:colcon.colcon_installed_package_information.package_discovery:Found 2 installed packages in /home/janhavi/swarm_ws/install
[0.160s] DEBUG:colcon.colcon_installed_package_information.package_discovery:Found 432 installed packages in /opt/ros/humble
[0.161s] Level 1:colcon.colcon_core.package_discovery:discover_packages(prefix_path) using defaults
[0.201s] Level 5:colcon.colcon_core.verb:set package 'swarm_msgs' build argument 'cmake_args' from command line to 'None'
[0.201s] Level 5:colcon.colcon_core.verb:set package 'swarm_msgs' build argument 'cmake_target' from command line to 'None'
[0.201s] Level 5:colcon.colcon_core.verb:set package 'swarm_msgs' build argument 'cmake_target_skip_unavailable' from command line to 'False'
[0.201s] Level 5:colcon.colcon_core.verb:set package 'swarm_msgs' build argument 'cmake_clean_cache' from command line to 'False'
[0.201s] Level 5:colcon.colcon_core.verb:set package 'swarm_msgs' build argument 'cmake_clean_first' from command line to 'False'
[0.201s] Level 5:colcon.colcon_core.verb:set package 'swarm_msgs' build argument 'cmake_force_configure' from command line to 'False'
[0.201s] Level 5:colcon.colcon_core.verb:set package 'swarm_msgs' build argument 'ament_cmake_args' from command line to 'None'
[0.201s] Level 5:colcon.colcon_core.verb:set package 'swarm_msgs' build argument 'catkin_cmake_args' from command line to 'None'
[0.201s] Level 5:colcon.colcon_core.verb:set package 'swarm_msgs' build argument 'catkin_skip_building_tests' from command line to 'False'
[0.201s] DEBUG:colcon.colcon_core.verb:Building package 'swarm_msgs' with the following arguments: {'ament_cmake_args': None, 'build_base': '/home/janhavi/swarm_ws/build/swarm_msgs', 'catkin_cmake_args': None, 'catkin_skip_building_tests': False, 'cmake_args': None, 'cmake_clean_cache': False, 'cmake_clean_first': False, 'cmake_force_configure': False, 'cmake_target': None, 'cmake_target_skip_unavailable': False, 'install_base': '/home/janhavi/swarm_ws/install/swarm_msgs', 'merge_install': False, 'path': '/home/janhavi/swarm_ws/src/swarm_msgs', 'symlink_install': False, 'test_result_base': None}
[0.202s] Level 5:colcon.colcon_core.verb:set package 'swarm_data' build argument 'cmake_args' from command line to 'None'
[0.202s] Level 5:colcon.colcon_core.verb:set package 'swarm_data' build argument 'cmake_target' from command line to 'None'
[0.202s] Level 5:colcon.colcon_core.verb:set package 'swarm_data' build argument 'cmake_target_skip_unavailable' from command line to 'False'
[0.202s] Level 5:colcon.colcon_core.verb:set package 'swarm_data' build argument 'cmake_clean_cache' from command line to 'False'
[0.202s] Level 5:colcon.colcon_core.verb:set package 'swarm_data' build argument 'cmake_clean_first' from command line to 'False'
[0.202s] Level 5:colcon.colcon_core.verb:set package 'swarm_data' build argument 'cmake_force_configure' from command line to 'False'
[0.202s] Level 5:colcon.colcon_core.verb:set package 'swarm_data' build argument 'ament_cmake_args' from command line to 'None'
[0.202s] Level 5:colcon.colcon_core.verb:set package 'swarm_data' build argument 'catkin_cmake_args' from command line to 'None'
[0.202s] Level 5:colcon.colcon_core.verb:set package 'swarm_data' build argument 'catkin_skip_building_tests' from command line to 'False'
[0.202s] DEBUG:colcon.colcon_core.verb:Building package 'swarm_data' with the following arguments: {'ament_cmake_args': None, 'build_base': '/home/janhavi/swarm_ws/build/swarm_data', 'catkin_cmake_args': None, 'catkin_skip_building_tests': False, 'cmake_args': None, 'cmake_clean_cache': False, 'cmake_clean_first': False, 'cmake_force_configure': False, 'cmake_target': None, 'cmake_target_skip_unavailable': False, 'install_base': '/home/janhavi/swarm_ws/install/swarm_data', 'merge_install': False, 'path': '/home/janhavi/swarm_ws/src/swarm_data', 'symlink_install': False, 'test_result_base': None}
[0.202s] INFO:colcon.colcon_core.executor:Executing jobs using 'parallel' executor
[0.203s] DEBUG:colcon.colcon_parallel_executor.executor.parallel:run_until_complete
[0.203s] INFO:colcon.colcon_ros.task.ament_cmake.build:Building ROS package in '/home/janhavi/swarm_ws/src/swarm_msgs' with build type 'ament_cmake'
[0.203s] INFO:colcon.colcon_cmake.task.cmake.build:Building CMake package in '/home/janhavi/swarm_ws/src/swarm_msgs'
[0.204s] INFO:colcon.colcon_core.plugin_system:Skipping extension 'colcon_core.shell.bat': Not used on non-Windows systems
[0.205s] INFO:colcon.colcon_core.shell:Skip shell extension 'powershell' for command environment: Not usable outside of PowerShell
[0.205s] DEBUG:colcon.colcon_core.shell:Skip shell extension 'dsv' for command environment
[0.212s] DEBUG:colcon.colcon_core.event_handler.log_command:Invoking command in '/home/janhavi/swarm_ws/build/swarm_msgs': CMAKE_PREFIX_PATH=${CMAKE_PREFIX_PATH}:/opt/ros/humble /usr/bin/cmake --build /home/janhavi/swarm_ws/build/swarm_msgs -- -j12 -l12
[0.634s] DEBUG:colcon.colcon_core.event_handler.log_command:Invoked command in '/home/janhavi/swarm_ws/build/swarm_msgs' returned '0': CMAKE_PREFIX_PATH=${CMAKE_PREFIX_PATH}:/opt/ros/humble /usr/bin/cmake --build /home/janhavi/swarm_ws/build/swarm_msgs -- -j12 -l12
[0.646s] DEBUG:colcon.colcon_core.event_handler.log_command:Invoking command in '/home/janhavi/swarm_ws/build/swarm_msgs': CMAKE_PREFIX_PATH=${CMAKE_PREFIX_PATH}:/opt/ros/humble /usr/bin/cmake --install /home/janhavi/swarm_ws/build/swarm_msgs
[0.704s] Level 1:colcon.colcon_core.environment:create_environment_scripts_only(swarm_msgs)
[0.706s] DEBUG:colcon.colcon_core.event_handler.log_command:Invoked command in '/home/janhavi/swarm_ws/build/swarm_msgs' returned '0': CMAKE_PREFIX_PATH=${CMAKE_PREFIX_PATH}:/opt/ros/humble /usr/bin/cmake --install /home/janhavi/swarm_ws/build/swarm_msgs
[0.709s] Level 1:colcon.colcon_core.environment:checking '/home/janhavi/swarm_ws/install/swarm_msgs' for CMake module files
[0.710s] Level 1:colcon.colcon_core.environment:checking '/home/janhavi/swarm_ws/install/swarm_msgs' for CMake config files
[0.711s] Level 1:colcon.colcon_core.shell:create_environment_hook('swarm_msgs', 'cmake_prefix_path')
[0.711s] INFO:colcon.colcon_core.shell:Creating environment hook '/home/janhavi/swarm_ws/install/swarm_msgs/share/swarm_msgs/hook/cmake_prefix_path.ps1'
[0.712s] INFO:colcon.colcon_core.shell:Creating environment descriptor '/home/janhavi/swarm_ws/install/swarm_msgs/share/swarm_msgs/hook/cmake_prefix_path.dsv'
[0.713s] INFO:colcon.colcon_core.shell:Creating environment hook '/home/janhavi/swarm_ws/install/swarm_msgs/share/swarm_msgs/hook/cmake_prefix_path.sh'
[0.714s] Level 1:colcon.colcon_core.environment:checking '/home/janhavi/swarm_ws/install/swarm_msgs/lib'
[0.714s] Level 1:colcon.colcon_core.shell:create_environment_hook('swarm_msgs', 'ld_library_path_lib')
[0.714s] INFO:colcon.colcon_core.shell:Creating environment hook '/home/janhavi/swarm_ws/install/swarm_msgs/share/swarm_msgs/hook/ld_library_path_lib.ps1'
[0.715s] INFO:colcon.colcon_core.shell:Creating environment descriptor '/home/janhavi/swarm_ws/install/swarm_msgs/share/swarm_msgs/hook/ld_library_path_lib.dsv'
[0.715s] INFO:colcon.colcon_core.shell:Creating environment hook '/home/janhavi/swarm_ws/install/swarm_msgs/share/swarm_msgs/hook/ld_library_path_lib.sh'
[0.716s] Level 1:colcon.colcon_core.environment:checking '/home/janhavi/swarm_ws/install/swarm_msgs/bin'
[0.716s] Level 1:colcon.colcon_core.environment:checking '/home/janhavi/swarm_ws/install/swarm_msgs/lib/pkgconfig/swarm_msgs.pc'
[0.716s] Level 1:colcon.colcon_core.environment:checking '/home/janhavi/swarm_ws/install/swarm_msgs/lib/python3.10/site-packages'
[0.717s] Level 1:colcon.colcon_core.environment:checking '/home/janhavi/swarm_ws/install/swarm_msgs/bin'
[0.717s] INFO:colcon.colcon_core.shell:Creating package script '/home/janhavi/swarm_ws/install/swarm_msgs/share/swarm_msgs/package.ps1'
[0.718s] INFO:colcon.colcon_core.shell:Creating package descriptor '/home/janhavi/swarm_ws/install/swarm_msgs/share/swarm_msgs/package.dsv'
[0.719s] INFO:colcon.colcon_core.shell:Creating package script '/home/janhavi/swarm_ws/install/swarm_msgs/share/swarm_msgs/package.sh'
[0.720s] INFO:colcon.colcon_core.shell:Creating package script '/home/janhavi/swarm_ws/install/swarm_msgs/share/swarm_msgs/package.bash'
[0.721s] INFO:colcon.colcon_core.shell:Creating package script '/home/janhavi/swarm_ws/install/swarm_msgs/share/swarm_msgs/package.zsh'
[0.722s] Level 1:colcon.colcon_core.environment:create_file_with_runtime_dependencies(/home/janhavi/swarm_ws/install/swarm_msgs/share/colcon-core/packages/swarm_msgs)
[0.723s] Level 1:colcon.colcon_core.environment:create_environment_scripts_only(swarm_msgs)
[0.723s] Level 1:colcon.colcon_core.environment:checking '/home/janhavi/swarm_ws/install/swarm_msgs' for CMake module files
[0.724s] Level 1:colcon.colcon_core.environment:checking '/home/janhavi/swarm_ws/install/swarm_msgs' for CMake config files
[0.725s] Level 1:colcon.colcon_core.shell:create_environment_hook('swarm_msgs', 'cmake_prefix_path')
[0.725s] INFO:colcon.colcon_core.shell:Creating environment hook '/home/janhavi/swarm_ws/install/swarm_msgs/share/swarm_msgs/hook/cmake_prefix_path.ps1'
[0.726s] INFO:colcon.colcon_core.shell:Creating environment descriptor '/home/janhavi/swarm_ws/install/swarm_msgs/share/swarm_msgs/hook/cmake_prefix_path.dsv'
[0.726s] INFO:colcon.colcon_core.shell:Creating environment hook '/home/janhavi/swarm_ws/install/swarm_msgs/share/swarm_msgs/hook/cmake_prefix_path.sh'
[0.726s] Level 1:colcon.colcon_core.environment:checking '/home/janhavi/swarm_ws/install/swarm_msgs/lib'
[0.726s] Level 1:colcon.colcon_core.shell:create_environment_hook('swarm_msgs', 'ld_library_path_lib')
[0.727s] INFO:colcon.colcon_core.shell:Creating environment hook '/home/janhavi/swarm_ws/install/swarm_msgs/share/swarm_msgs/hook/ld_library_path_lib.ps1'
[0.727s] INFO:colcon.colcon_core.shell:Creating environment descriptor '/home/janhavi/swarm_ws/install/swarm_msgs/share/swarm_msgs/hook/ld_library_path_lib.dsv'
[0.727s] INFO:colcon.colcon_core.shell:Creating environment hook '/home/janhavi/swarm_ws/install/swarm_msgs/share/swarm_msgs/hook/ld_library_path_lib.sh'
[0.727s] Level 1:colcon.colcon_core.environment:checking '/home/janhavi/swarm_ws/install/swarm_msgs/bin'
[0.727s] Level 1:colcon.colcon_core.environment:checking '/home/janhavi/swarm_ws/install/swarm_msgs/lib/pkgconfig/swarm_msgs.pc'
[0.728s] Level 1:colcon.colcon_core.environment:checking '/home/janhavi/swarm_ws/install/swarm_msgs/lib/python3.10/site-packages'
[0.728s] Level 1:colcon.colcon_core.environment:checking '/home/janhavi/swarm_ws/install/swarm_msgs/bin'
[0.728s] INFO:colcon.colcon_core.shell:Creating package script '/home/janhavi/swarm_ws/install/swarm_msgs/share/swarm_msgs/package.ps1'
[0.729s] INFO:colcon.colcon_core.shell:Creating package descriptor '/home/janhavi/swarm_ws/install/swarm_msgs/share/swarm_msgs/package.dsv'
[0.729s] INFO:colcon.colcon_core.shell:Creating package script '/home/janhavi/swarm_ws/install/swarm_msgs/share/swarm_msgs/package.sh'
[0.729s] INFO:colcon.colcon_core.shell:Creating package script '/home/janhavi/swarm_ws/install/swarm_msgs/share/swarm_msgs/package.bash'
[0.730s] INFO:colcon.colcon_core.shell:Creating package script '/home/janhavi/swarm_ws/install/swarm_msgs/share/swarm_msgs/package.zsh'
[0.730s] Level 1:colcon.colcon_core.environment:create_file_with_runtime_dependencies(/home/janhavi/swarm_ws/install/swarm_msgs/share/colcon-core/packages/swarm_msgs)
[0.730s] INFO:colcon.colcon_ros.task.ament_cmake.build:Building ROS package in '/home/janhavi/swarm_ws/src/swarm_data' with build type 'ament_cmake'
[0.730s] INFO:colcon.colcon_cmake.task.cmake.build:Building CMake package in '/home/janhavi/swarm_ws/src/swarm_data'
[0.731s] INFO:colcon.colcon_core.shell:Skip shell extension 'powershell' for command environment: Not usable outside of PowerShell
[0.731s] DEBUG:colcon.colcon_core.shell:Skip shell extension 'dsv' for command environment
[0.742s] DEBUG:colcon.colcon_core.event_handler.log_command:Invoking command in '/home/janhavi/swarm_ws/build/swarm_data': CMAKE_PREFIX_PATH=/home/janhavi/swarm_ws/install/swarm_msgs:/home/janhavi/swarm_ws/install/swarm_data:/opt/ros/humble LD_LIBRARY_PATH=/home/janhavi/swarm_ws/install/swarm_msgs/lib:/usr/lib/x86_64-linux-gnu/gazebo-11/plugins:/opt/ros/humble/opt/rviz_ogre_vendor/lib:/opt/ros/humble/lib/x86_64-linux-gnu:/opt/ros/humble/lib:/usr/lib/x86_64-linux-gnu/gazebo-11/plugins /usr/bin/cmake --build /home/janhavi/swarm_ws/build/swarm_data -- -j12 -l12
[0.791s] DEBUG:colcon.colcon_core.event_handler.log_command:Invoked command in '/home/janhavi/swarm_ws/build/swarm_data' returned '0': CMAKE_PREFIX_PATH=/home/janhavi/swarm_ws/install/swarm_msgs:/home/janhavi/swarm_ws/install/swarm_data:/opt/ros/humble LD_LIBRARY_PATH=/home/janhavi/swarm_ws/install/swarm_msgs/lib:/usr/lib/x86_64-linux-gnu/gazebo-11/plugins:/opt/ros/humble/opt/rviz_ogre_vendor/lib:/opt/ros/humble/lib/x86_64-linux-gnu:/opt/ros/humble/lib:/usr/lib/x86_64-linux-gnu/gazebo-11/plugins /usr/bin/cmake --build /home/janhavi/swarm_ws/build/swarm_data -- -j12 -l12
[0.794s] DEBUG:colcon.colcon_core.event_handler.log_command:Invoking command in '/home/janhavi/swarm_ws/build/swarm_data': CMAKE_PREFIX_PATH=/home/janhavi/swarm_ws/install/swarm_msgs:/home/janhavi/swarm_ws/install/swarm_data:/opt/ros/humble LD_LIBRARY_PATH=/home/janhavi/swarm_ws/install/swarm_msgs/lib:/usr/lib/x86_64-linux-gnu/gazebo-11/plugins:/opt/ros/humble/opt/rviz_ogre_vendor/lib:/opt/ros/humble/lib/x86_64-linux-gnu:/opt/ros/humble/lib:/usr/lib/x86_64-linux-gnu/gazebo-11/plugins /usr/bin/cmake --install /home/janhavi/swarm_ws/build/swarm_data
[0.803s] Level 1:colcon.colcon_core.environment:create_environment_scripts_only(swarm_data)
[0.804s] Level 1:colcon.colcon_core.environment:checking '/home/janhavi/swarm_ws/install/swarm_data' for CMake module files
[0.805s] DEBUG:colcon.colcon_core.event_handler.log_command:Invoked command in '/home/janhavi/swarm_ws/build/swarm_data' returned '0': CMAKE_PREFIX_PATH=/home/janhavi/swarm_ws/install/swarm_msgs:/home/janhavi/swarm_ws/install/swarm_data:/opt/ros/humble LD_LIBRARY_PATH=/home/janhavi/swarm_ws/install/swarm_msgs/lib:/usr/lib/x86_64-linux-gnu/gazebo-11/plugins:/opt/ros/humble/opt/rviz_ogre_vendor/lib:/opt/ros/humble/lib/x86_64-linux-gnu:/opt/ros/humble/lib:/usr/lib/x86_64-linux-gnu/gazebo-11/plugins /usr/bin/cmake --install /home/janhavi/swarm_ws/build/swarm_data
[0.805s] Level 1:colcon.colcon_core.environment:checking '/home/janhavi/swarm_ws/install/swarm_data' for CMake config files
[0.805s] Level 1:colcon.colcon_core.shell:create_environment_hook('swarm_data', 'cmake_prefix_path')
[0.805s] INFO:colcon.colcon_core.shell:Creating environment hook '/home/janhavi/swarm_ws/install/swarm_data/share/swarm_data/hook/cmake_prefix_path.ps1'
[0.806s] INFO:colcon.colcon_core.shell:Creating environment descriptor '/home/janhavi/swarm_ws/install/swarm_data/share/swarm_data/hook/cmake_prefix_path.dsv'
[0.806s] INFO:colcon.colcon_core.shell:Creating environment hook '/home/janhavi/swarm_ws/install/swarm_data/share/swarm_data/hook/cmake_prefix_path.sh'
[0.807s] Level 1:colcon.colcon_core.environment:checking '/home/janhavi/swarm_ws/install/swarm_data/lib'
[0.807s] Level 1:colcon.colcon_core.environment:checking '/home/janhavi/swarm_ws/install/swarm_data/bin'
[0.807s] Level 1:colcon.colcon_core.environment:checking '/home/janhavi/swarm_ws/install/swarm_data/lib/pkgconfig/swarm_data.pc'
[0.807s] Level 1:colcon.colcon_core.environment:checking '/home/janhavi/swarm_ws/install/swarm_data/lib/python3.10/site-packages'
[0.807s] Level 1:colcon.colcon_core.environment:checking '/home/janhavi/swarm_ws/install/swarm_data/bin'
[0.808s] INFO:colcon.colcon_core.shell:Creating package script '/home/janhavi/swarm_ws/install/swarm_data/share/swarm_data/package.ps1'
[0.808s] INFO:colcon.colcon_core.shell:Creating package descriptor '/home/janhavi/swarm_ws/install/swarm_data/share/swarm_data/package.dsv'
[0.808s] INFO:colcon.colcon_core.shell:Creating package script '/home/janhavi/swarm_ws/install/swarm_data/share/swarm_data/package.sh'
[0.808s] INFO:colcon.colcon_core.shell:Creating package script '/home/janhavi/swarm_ws/install/swarm_data/share/swarm_data/package.bash'
[0.809s] INFO:colcon.colcon_core.shell:Creating package script '/home/janhavi/swarm_ws/install/swarm_data/share/swarm_data/package.zsh'
[0.809s] Level 1:colcon.colcon_core.environment:create_file_with_runtime_dependencies(/home/janhavi/swarm_ws/install/swarm_data/share/colcon-core/packages/swarm_data)
[0.809s] Level 1:colcon.colcon_core.environment:create_environment_scripts_only(swarm_data)
[0.810s] Level 1:colcon.colcon_core.environment:checking '/home/janhavi/swarm_ws/install/swarm_data' for CMake module files
[0.810s] Level 1:colcon.colcon_core.environment:checking '/home/janhavi/swarm_ws/install/swarm_data' for CMake config files
[0.810s] Level 1:colcon.colcon_core.shell:create_environment_hook('swarm_data', 'cmake_prefix_path')
[0.810s] INFO:colcon.colcon_core.shell:Creating environment hook '/home/janhavi/swarm_ws/install/swarm_data/share/swarm_data/hook/cmake_prefix_path.ps1'
[0.811s] INFO:colcon.colcon_core.shell:Creating environment descriptor '/home/janhavi/swarm_ws/install/swarm_data/share/swarm_data/hook/cmake_prefix_path.dsv'
[0.811s] INFO:colcon.colcon_core.shell:Creating environment hook '/home/janhavi/swarm_ws/install/swarm_data/share/swarm_data/hook/cmake_prefix_path.sh'
[0.811s] Level 1:colcon.colcon_core.environment:checking '/home/janhavi/swarm_ws/install/swarm_data/lib'
[0.811s] Level 1:colcon.colcon_core.environment:checking '/home/janhavi/swarm_ws/install/swarm_data/bin'
[0.811s] Level 1:colcon.colcon_core.environment:checking '/home/janhavi/swarm_ws/install/swarm_data/lib/pkgconfig/swarm_data.pc'
[0.812s] Level 1:colcon.colcon_core.environment:checking '/home/janhavi/swarm_ws/install/swarm_data/lib/python3.10/site-packages'
[0.812s] Level 1:colcon.colcon_core.environment:checking '/home/janhavi/swarm_ws/install/swarm_data/bin'
[0.812s] INFO:colcon.colcon_core.shell:Creating package script '/home/janhavi/swarm_ws/install/swarm_data/share/swarm_data/package.ps1'
[0.812s] INFO:colcon.colcon_core.shell:Creating package descriptor '/home/janhavi/swarm_ws/install/swarm_data/share/swarm_data/package.dsv'
[0.813s] INFO:colcon.colcon_core.shell:Creating package script '/home/janhavi/swarm_ws/install/swarm_data/share/swarm_data/package.sh'
[0.813s] INFO:colcon.colcon_core.shell:Creating package script '/home/janhavi/swarm_ws/install/swarm_data/share/swarm_data/package.bash'
[0.813s] INFO:colcon.colcon_core.shell:Creating package script '/home/janhavi/swarm_ws/install/swarm_data/share/swarm_data/package.zsh'
[0.813s] Level 1:colcon.colcon_core.environment:create_file_with_runtime_dependencies(/home/janhavi/swarm_ws/install/swarm_data/share/colcon-core/packages/swarm_data)
[0.814s] DEBUG:colcon.colcon_parallel_executor.executor.parallel:closing loop
[0.814s] DEBUG:colcon.colcon_parallel_executor.executor.parallel:loop closed
[0.814s] DEBUG:colcon.colcon_parallel_executor.executor.parallel:run_until_complete finished with '0'
[0.814s] DEBUG:colcon.colcon_core.event_reactor:joining thread
[0.821s] INFO:colcon.colcon_core.plugin_system:Skipping extension 'colcon_notification.desktop_notification.terminal_notifier': Not used on non-Darwin systems
[0.821s] INFO:colcon.colcon_core.plugin_system:Skipping extension 'colcon_notification.desktop_notification.win32': Not used on non-Windows systems
[0.821s] INFO:colcon.colcon_notification.desktop_notification:Sending desktop notification using 'notify2'
[0.833s] DEBUG:colcon.colcon_core.event_reactor:joined thread
[0.833s] INFO:colcon.colcon_core.shell:Creating prefix script '/home/janhavi/swarm_ws/install/local_setup.ps1'
[0.834s] INFO:colcon.colcon_core.shell:Creating prefix util module '/home/janhavi/swarm_ws/install/_local_setup_util_ps1.py'
[0.836s] INFO:colcon.colcon_core.shell:Creating prefix chain script '/home/janhavi/swarm_ws/install/setup.ps1'
[0.837s] INFO:colcon.colcon_core.shell:Creating prefix script '/home/janhavi/swarm_ws/install/local_setup.sh'
[0.837s] INFO:colcon.colcon_core.shell:Creating prefix util module '/home/janhavi/swarm_ws/install/_local_setup_util_sh.py'
[0.837s] INFO:colcon.colcon_core.shell:Creating prefix chain script '/home/janhavi/swarm_ws/install/setup.sh'
[0.838s] INFO:colcon.colcon_core.shell:Creating prefix script '/home/janhavi/swarm_ws/install/local_setup.bash'
[0.839s] INFO:colcon.colcon_core.shell:Creating prefix chain script '/home/janhavi/swarm_ws/install/setup.bash'
[0.840s] INFO:colcon.colcon_core.shell:Creating prefix script '/home/janhavi/swarm_ws/install/local_setup.zsh'
[0.840s] INFO:colcon.colcon_core.shell:Creating prefix chain script '/home/janhavi/swarm_ws/install/setup.zsh'
