[0.067s] DEBUG:colcon:Command line arguments: ['/usr/bin/colcon', 'build']
[0.068s] DEBUG:colcon:Parsed command line arguments: Namespace(log_base=None, log_level=None, verb_name='build', build_base='build', install_base='install', merge_install=False, symlink_install=False, test_result_base=None, continue_on_error=False, executor='parallel', parallel_workers=12, event_handlers=None, ignore_user_meta=False, metas=['./colcon.meta'], base_paths=['.'], packages_ignore=None, packages_ignore_regex=None, paths=None, packages_up_to=None, packages_up_to_regex=None, packages_above=None, packages_above_and_dependencies=None, packages_above_depth=None, packages_select_by_dep=None, packages_skip_by_dep=None, packages_skip_up_to=None, packages_select_build_failed=False, packages_skip_build_finished=False, packages_select_test_failures=False, packages_skip_test_passed=False, packages_select=None, packages_skip=None, packages_select_regex=None, packages_skip_regex=None, packages_start=None, packages_end=None, allow_overriding=[], cmake_args=None, cmake_target=None, cmake_target_skip_unavailable=False, cmake_clean_cache=False, cmake_clean_first=False, cmake_force_configure=False, ament_cmake_args=None, catkin_cmake_args=None, catkin_skip_building_tests=False, verb_parser=<colcon_defaults.argument_parser.defaults.DefaultArgumentsDecorator object at 0x778f4b4b03d0>, verb_extension=<colcon_core.verb.build.BuildVerb object at 0x778f4b425cf0>, main=<bound method BuildVerb.main of <colcon_core.verb.build.BuildVerb object at 0x778f4b425cf0>>)
[0.101s] Level 1:colcon.colcon_core.package_discovery:discover_packages(colcon_meta) check parameters
[0.101s] Level 1:colcon.colcon_core.package_discovery:discover_packages(recursive) check parameters
[0.101s] Level 1:colcon.colcon_core.package_discovery:discover_packages(ignore) check parameters
[0.101s] Level 1:colcon.colcon_core.package_discovery:discover_packages(path) check parameters
[0.101s] Level 1:colcon.colcon_core.package_discovery:discover_packages(colcon_meta) discover
[0.101s] Level 1:colcon.colcon_core.package_discovery:discover_packages(recursive) discover
[0.101s] INFO:colcon.colcon_core.package_discovery:Crawling recursively for packages in '/home/janhavi/swarm_ws'
[0.101s] Level 1:colcon.colcon_core.package_identification:_identify(.) by extensions ['ignore', 'ignore_ament_install']
[0.101s] Level 1:colcon.colcon_core.package_identification:_identify(.) by extension 'ignore'
[0.101s] Level 1:colcon.colcon_core.package_identification:_identify(.) by extension 'ignore_ament_install'
[0.101s] Level 1:colcon.colcon_core.package_identification:_identify(.) by extensions ['colcon_pkg']
[0.101s] Level 1:colcon.colcon_core.package_identification:_identify(.) by extension 'colcon_pkg'
[0.101s] Level 1:colcon.colcon_core.package_identification:_identify(.) by extensions ['colcon_meta']
[0.101s] Level 1:colcon.colcon_core.package_identification:_identify(.) by extension 'colcon_meta'
[0.101s] Level 1:colcon.colcon_core.package_identification:_identify(.) by extensions ['ros']
[0.101s] Level 1:colcon.colcon_core.package_identification:_identify(.) by extension 'ros'
[0.109s] Level 1:colcon.colcon_core.package_identification:_identify(.) by extensions ['cmake', 'python']
[0.109s] Level 1:colcon.colcon_core.package_identification:_identify(.) by extension 'cmake'
[0.109s] Level 1:colcon.colcon_core.package_identification:_identify(.) by extension 'python'
[0.109s] Level 1:colcon.colcon_core.package_identification:_identify(.) by extensions ['python_setup_py']
[0.109s] Level 1:colcon.colcon_core.package_identification:_identify(.) by extension 'python_setup_py'
[0.109s] Level 1:colcon.colcon_core.package_identification:_identify(build) by extensions ['ignore', 'ignore_ament_install']
[0.109s] Level 1:colcon.colcon_core.package_identification:_identify(build) by extension 'ignore'
[0.109s] Level 1:colcon.colcon_core.package_identification:_identify(build) ignored
[0.109s] Level 1:colcon.colcon_core.package_identification:_identify(install) by extensions ['ignore', 'ignore_ament_install']
[0.109s] Level 1:colcon.colcon_core.package_identification:_identify(install) by extension 'ignore'
[0.109s] Level 1:colcon.colcon_core.package_identification:_identify(install) ignored
[0.110s] Level 1:colcon.colcon_core.package_identification:_identify(log) by extensions ['ignore', 'ignore_ament_install']
[0.110s] Level 1:colcon.colcon_core.package_identification:_identify(log) by extension 'ignore'
[0.110s] Level 1:colcon.colcon_core.package_identification:_identify(log) ignored
[0.110s] Level 1:colcon.colcon_core.package_identification:_identify(src) by extensions ['ignore', 'ignore_ament_install']
[0.110s] Level 1:colcon.colcon_core.package_identification:_identify(src) by extension 'ignore'
[0.110s] Level 1:colcon.colcon_core.package_identification:_identify(src) by extension 'ignore_ament_install'
[0.110s] Level 1:colcon.colcon_core.package_identification:_identify(src) by extensions ['colcon_pkg']
[0.110s] Level 1:colcon.colcon_core.package_identification:_identify(src) by extension 'colcon_pkg'
[0.110s] Level 1:colcon.colcon_core.package_identification:_identify(src) by extensions ['colcon_meta']
[0.110s] Level 1:colcon.colcon_core.package_identification:_identify(src) by extension 'colcon_meta'
[0.110s] Level 1:colcon.colcon_core.package_identification:_identify(src) by extensions ['ros']
[0.110s] Level 1:colcon.colcon_core.package_identification:_identify(src) by extension 'ros'
[0.110s] Level 1:colcon.colcon_core.package_identification:_identify(src) by extensions ['cmake', 'python']
[0.110s] Level 1:colcon.colcon_core.package_identification:_identify(src) by extension 'cmake'
[0.110s] Level 1:colcon.colcon_core.package_identification:_identify(src) by extension 'python'
[0.110s] Level 1:colcon.colcon_core.package_identification:_identify(src) by extensions ['python_setup_py']
[0.110s] Level 1:colcon.colcon_core.package_identification:_identify(src) by extension 'python_setup_py'
[0.110s] Level 1:colcon.colcon_core.package_identification:_identify(src/swarm_data) by extensions ['ignore', 'ignore_ament_install']
[0.110s] Level 1:colcon.colcon_core.package_identification:_identify(src/swarm_data) by extension 'ignore'
[0.110s] Level 1:colcon.colcon_core.package_identification:_identify(src/swarm_data) by extension 'ignore_ament_install'
[0.110s] Level 1:colcon.colcon_core.package_identification:_identify(src/swarm_data) by extensions ['colcon_pkg']
[0.110s] Level 1:colcon.colcon_core.package_identification:_identify(src/swarm_data) by extension 'colcon_pkg'
[0.110s] Level 1:colcon.colcon_core.package_identification:_identify(src/swarm_data) by extensions ['colcon_meta']
[0.110s] Level 1:colcon.colcon_core.package_identification:_identify(src/swarm_data) by extension 'colcon_meta'
[0.110s] Level 1:colcon.colcon_core.package_identification:_identify(src/swarm_data) by extensions ['ros']
[0.110s] Level 1:colcon.colcon_core.package_identification:_identify(src/swarm_data) by extension 'ros'
[0.112s] DEBUG:colcon.colcon_core.package_identification:Package 'src/swarm_data' with type 'ros.ament_cmake' and name 'swarm_data'
[0.112s] Level 1:colcon.colcon_core.package_identification:_identify(src/swarm_msgs) by extensions ['ignore', 'ignore_ament_install']
[0.112s] Level 1:colcon.colcon_core.package_identification:_identify(src/swarm_msgs) by extension 'ignore'
[0.112s] Level 1:colcon.colcon_core.package_identification:_identify(src/swarm_msgs) by extension 'ignore_ament_install'
[0.112s] Level 1:colcon.colcon_core.package_identification:_identify(src/swarm_msgs) by extensions ['colcon_pkg']
[0.112s] Level 1:colcon.colcon_core.package_identification:_identify(src/swarm_msgs) by extension 'colcon_pkg'
[0.112s] Level 1:colcon.colcon_core.package_identification:_identify(src/swarm_msgs) by extensions ['colcon_meta']
[0.112s] Level 1:colcon.colcon_core.package_identification:_identify(src/swarm_msgs) by extension 'colcon_meta'
[0.112s] Level 1:colcon.colcon_core.package_identification:_identify(src/swarm_msgs) by extensions ['ros']
[0.112s] Level 1:colcon.colcon_core.package_identification:_identify(src/swarm_msgs) by extension 'ros'
[0.112s] DEBUG:colcon.colcon_core.package_identification:Package 'src/swarm_msgs' with type 'ros.ament_cmake' and name 'swarm_msgs'
[0.112s] Level 1:colcon.colcon_core.package_discovery:discover_packages(recursive) using defaults
[0.112s] Level 1:colcon.colcon_core.package_discovery:discover_packages(ignore) discover
[0.112s] Level 1:colcon.colcon_core.package_discovery:discover_packages(ignore) using defaults
[0.112s] Level 1:colcon.colcon_core.package_discovery:discover_packages(path) discover
[0.112s] Level 1:colcon.colcon_core.package_discovery:discover_packages(path) using defaults
[0.124s] Level 1:colcon.colcon_core.package_discovery:discover_packages(prefix_path) check parameters
[0.124s] Level 1:colcon.colcon_core.package_discovery:discover_packages(prefix_path) discover
[0.126s] DEBUG:colcon.colcon_installed_package_information.package_discovery:Found 432 installed packages in /opt/ros/humble
[0.127s] Level 1:colcon.colcon_core.package_discovery:discover_packages(prefix_path) using defaults
[0.157s] Level 5:colcon.colcon_core.verb:set package 'swarm_data' build argument 'cmake_args' from command line to 'None'
[0.157s] Level 5:colcon.colcon_core.verb:set package 'swarm_data' build argument 'cmake_target' from command line to 'None'
[0.157s] Level 5:colcon.colcon_core.verb:set package 'swarm_data' build argument 'cmake_target_skip_unavailable' from command line to 'False'
[0.157s] Level 5:colcon.colcon_core.verb:set package 'swarm_data' build argument 'cmake_clean_cache' from command line to 'False'
[0.157s] Level 5:colcon.colcon_core.verb:set package 'swarm_data' build argument 'cmake_clean_first' from command line to 'False'
[0.157s] Level 5:colcon.colcon_core.verb:set package 'swarm_data' build argument 'cmake_force_configure' from command line to 'False'
[0.157s] Level 5:colcon.colcon_core.verb:set package 'swarm_data' build argument 'ament_cmake_args' from command line to 'None'
[0.157s] Level 5:colcon.colcon_core.verb:set package 'swarm_data' build argument 'catkin_cmake_args' from command line to 'None'
[0.157s] Level 5:colcon.colcon_core.verb:set package 'swarm_data' build argument 'catkin_skip_building_tests' from command line to 'False'
[0.157s] DEBUG:colcon.colcon_core.verb:Building package 'swarm_data' with the following arguments: {'ament_cmake_args': None, 'build_base': '/home/janhavi/swarm_ws/build/swarm_data', 'catkin_cmake_args': None, 'catkin_skip_building_tests': False, 'cmake_args': None, 'cmake_clean_cache': False, 'cmake_clean_first': False, 'cmake_force_configure': False, 'cmake_target': None, 'cmake_target_skip_unavailable': False, 'install_base': '/home/janhavi/swarm_ws/install/swarm_data', 'merge_install': False, 'path': '/home/janhavi/swarm_ws/src/swarm_data', 'symlink_install': False, 'test_result_base': None}
[0.157s] Level 5:colcon.colcon_core.verb:set package 'swarm_msgs' build argument 'cmake_args' from command line to 'None'
[0.157s] Level 5:colcon.colcon_core.verb:set package 'swarm_msgs' build argument 'cmake_target' from command line to 'None'
[0.157s] Level 5:colcon.colcon_core.verb:set package 'swarm_msgs' build argument 'cmake_target_skip_unavailable' from command line to 'False'
[0.157s] Level 5:colcon.colcon_core.verb:set package 'swarm_msgs' build argument 'cmake_clean_cache' from command line to 'False'
[0.157s] Level 5:colcon.colcon_core.verb:set package 'swarm_msgs' build argument 'cmake_clean_first' from command line to 'False'
[0.157s] Level 5:colcon.colcon_core.verb:set package 'swarm_msgs' build argument 'cmake_force_configure' from command line to 'False'
[0.157s] Level 5:colcon.colcon_core.verb:set package 'swarm_msgs' build argument 'ament_cmake_args' from command line to 'None'
[0.157s] Level 5:colcon.colcon_core.verb:set package 'swarm_msgs' build argument 'catkin_cmake_args' from command line to 'None'
[0.157s] Level 5:colcon.colcon_core.verb:set package 'swarm_msgs' build argument 'catkin_skip_building_tests' from command line to 'False'
[0.158s] DEBUG:colcon.colcon_core.verb:Building package 'swarm_msgs' with the following arguments: {'ament_cmake_args': None, 'build_base': '/home/janhavi/swarm_ws/build/swarm_msgs', 'catkin_cmake_args': None, 'catkin_skip_building_tests': False, 'cmake_args': None, 'cmake_clean_cache': False, 'cmake_clean_first': False, 'cmake_force_configure': False, 'cmake_target': None, 'cmake_target_skip_unavailable': False, 'install_base': '/home/janhavi/swarm_ws/install/swarm_msgs', 'merge_install': False, 'path': '/home/janhavi/swarm_ws/src/swarm_msgs', 'symlink_install': False, 'test_result_base': None}
[0.158s] INFO:colcon.colcon_core.executor:Executing jobs using 'parallel' executor
[0.158s] DEBUG:colcon.colcon_parallel_executor.executor.parallel:run_until_complete
[0.158s] INFO:colcon.colcon_ros.task.ament_cmake.build:Building ROS package in '/home/janhavi/swarm_ws/src/swarm_data' with build type 'ament_cmake'
[0.158s] INFO:colcon.colcon_cmake.task.cmake.build:Building CMake package in '/home/janhavi/swarm_ws/src/swarm_data'
[0.160s] INFO:colcon.colcon_core.plugin_system:Skipping extension 'colcon_core.shell.bat': Not used on non-Windows systems
[0.160s] INFO:colcon.colcon_core.shell:Skip shell extension 'powershell' for command environment: Not usable outside of PowerShell
[0.160s] DEBUG:colcon.colcon_core.shell:Skip shell extension 'dsv' for command environment
[0.162s] INFO:colcon.colcon_ros.task.ament_cmake.build:Building ROS package in '/home/janhavi/swarm_ws/src/swarm_msgs' with build type 'ament_cmake'
[0.162s] INFO:colcon.colcon_cmake.task.cmake.build:Building CMake package in '/home/janhavi/swarm_ws/src/swarm_msgs'
[0.162s] INFO:colcon.colcon_core.shell:Skip shell extension 'powershell' for command environment: Not usable outside of PowerShell
[0.162s] DEBUG:colcon.colcon_core.shell:Skip shell extension 'dsv' for command environment
[0.175s] DEBUG:colcon.colcon_core.event_handler.log_command:Invoking command in '/home/janhavi/swarm_ws/build/swarm_data': CMAKE_PREFIX_PATH=/opt/ros/humble /usr/bin/cmake --build /home/janhavi/swarm_ws/build/swarm_data -- -j12 -l12
[0.177s] DEBUG:colcon.colcon_core.event_handler.log_command:Invoking command in '/home/janhavi/swarm_ws/build/swarm_msgs': CMAKE_PREFIX_PATH=/opt/ros/humble /usr/bin/cmake --build /home/janhavi/swarm_ws/build/swarm_msgs -- -j12 -l12
[0.207s] DEBUG:colcon.colcon_core.event_handler.log_command:Invoked command in '/home/janhavi/swarm_ws/build/swarm_data' returned '0': CMAKE_PREFIX_PATH=/opt/ros/humble /usr/bin/cmake --build /home/janhavi/swarm_ws/build/swarm_data -- -j12 -l12
[0.214s] DEBUG:colcon.colcon_core.event_handler.log_command:Invoking command in '/home/janhavi/swarm_ws/build/swarm_data': CMAKE_PREFIX_PATH=/opt/ros/humble /usr/bin/cmake --install /home/janhavi/swarm_ws/build/swarm_data
[0.223s] Level 1:colcon.colcon_core.environment:create_environment_scripts_only(swarm_data)
[0.223s] DEBUG:colcon.colcon_core.event_handler.log_command:Invoked command in '/home/janhavi/swarm_ws/build/swarm_data' returned '0': CMAKE_PREFIX_PATH=/opt/ros/humble /usr/bin/cmake --install /home/janhavi/swarm_ws/build/swarm_data
[0.225s] Level 1:colcon.colcon_core.environment:checking '/home/janhavi/swarm_ws/install/swarm_data' for CMake module files
[0.226s] Level 1:colcon.colcon_core.environment:checking '/home/janhavi/swarm_ws/install/swarm_data' for CMake config files
[0.226s] Level 1:colcon.colcon_core.shell:create_environment_hook('swarm_data', 'cmake_prefix_path')
[0.226s] INFO:colcon.colcon_core.shell:Creating environment hook '/home/janhavi/swarm_ws/install/swarm_data/share/swarm_data/hook/cmake_prefix_path.ps1'
[0.227s] INFO:colcon.colcon_core.shell:Creating environment descriptor '/home/janhavi/swarm_ws/install/swarm_data/share/swarm_data/hook/cmake_prefix_path.dsv'
[0.227s] INFO:colcon.colcon_core.shell:Creating environment hook '/home/janhavi/swarm_ws/install/swarm_data/share/swarm_data/hook/cmake_prefix_path.sh'
[0.228s] Level 1:colcon.colcon_core.environment:checking '/home/janhavi/swarm_ws/install/swarm_data/lib'
[0.228s] Level 1:colcon.colcon_core.environment:checking '/home/janhavi/swarm_ws/install/swarm_data/bin'
[0.228s] Level 1:colcon.colcon_core.environment:checking '/home/janhavi/swarm_ws/install/swarm_data/lib/pkgconfig/swarm_data.pc'
[0.228s] Level 1:colcon.colcon_core.environment:checking '/home/janhavi/swarm_ws/install/swarm_data/lib/python3.10/site-packages'
[0.228s] Level 1:colcon.colcon_core.environment:checking '/home/janhavi/swarm_ws/install/swarm_data/bin'
[0.229s] INFO:colcon.colcon_core.shell:Creating package script '/home/janhavi/swarm_ws/install/swarm_data/share/swarm_data/package.ps1'
[0.229s] INFO:colcon.colcon_core.shell:Creating package descriptor '/home/janhavi/swarm_ws/install/swarm_data/share/swarm_data/package.dsv'
[0.230s] INFO:colcon.colcon_core.shell:Creating package script '/home/janhavi/swarm_ws/install/swarm_data/share/swarm_data/package.sh'
[0.230s] INFO:colcon.colcon_core.shell:Creating package script '/home/janhavi/swarm_ws/install/swarm_data/share/swarm_data/package.bash'
[0.231s] INFO:colcon.colcon_core.shell:Creating package script '/home/janhavi/swarm_ws/install/swarm_data/share/swarm_data/package.zsh'
[0.232s] Level 1:colcon.colcon_core.environment:create_file_with_runtime_dependencies(/home/janhavi/swarm_ws/install/swarm_data/share/colcon-core/packages/swarm_data)
[0.232s] Level 1:colcon.colcon_core.environment:create_environment_scripts_only(swarm_data)
[0.232s] Level 1:colcon.colcon_core.environment:checking '/home/janhavi/swarm_ws/install/swarm_data' for CMake module files
[0.233s] Level 1:colcon.colcon_core.environment:checking '/home/janhavi/swarm_ws/install/swarm_data' for CMake config files
[0.233s] Level 1:colcon.colcon_core.shell:create_environment_hook('swarm_data', 'cmake_prefix_path')
[0.233s] INFO:colcon.colcon_core.shell:Creating environment hook '/home/janhavi/swarm_ws/install/swarm_data/share/swarm_data/hook/cmake_prefix_path.ps1'
[0.234s] INFO:colcon.colcon_core.shell:Creating environment descriptor '/home/janhavi/swarm_ws/install/swarm_data/share/swarm_data/hook/cmake_prefix_path.dsv'
[0.234s] INFO:colcon.colcon_core.shell:Creating environment hook '/home/janhavi/swarm_ws/install/swarm_data/share/swarm_data/hook/cmake_prefix_path.sh'
[0.234s] Level 1:colcon.colcon_core.environment:checking '/home/janhavi/swarm_ws/install/swarm_data/lib'
[0.234s] Level 1:colcon.colcon_core.environment:checking '/home/janhavi/swarm_ws/install/swarm_data/bin'
[0.234s] Level 1:colcon.colcon_core.environment:checking '/home/janhavi/swarm_ws/install/swarm_data/lib/pkgconfig/swarm_data.pc'
[0.234s] Level 1:colcon.colcon_core.environment:checking '/home/janhavi/swarm_ws/install/swarm_data/lib/python3.10/site-packages'
[0.234s] Level 1:colcon.colcon_core.environment:checking '/home/janhavi/swarm_ws/install/swarm_data/bin'
[0.235s] INFO:colcon.colcon_core.shell:Creating package script '/home/janhavi/swarm_ws/install/swarm_data/share/swarm_data/package.ps1'
[0.235s] INFO:colcon.colcon_core.shell:Creating package descriptor '/home/janhavi/swarm_ws/install/swarm_data/share/swarm_data/package.dsv'
[0.235s] INFO:colcon.colcon_core.shell:Creating package script '/home/janhavi/swarm_ws/install/swarm_data/share/swarm_data/package.sh'
[0.235s] INFO:colcon.colcon_core.shell:Creating package script '/home/janhavi/swarm_ws/install/swarm_data/share/swarm_data/package.bash'
[0.235s] INFO:colcon.colcon_core.shell:Creating package script '/home/janhavi/swarm_ws/install/swarm_data/share/swarm_data/package.zsh'
[0.236s] Level 1:colcon.colcon_core.environment:create_file_with_runtime_dependencies(/home/janhavi/swarm_ws/install/swarm_data/share/colcon-core/packages/swarm_data)
[3.431s] DEBUG:colcon.colcon_core.event_handler.log_command:Invoked command in '/home/janhavi/swarm_ws/build/swarm_msgs' returned '0': CMAKE_PREFIX_PATH=/opt/ros/humble /usr/bin/cmake --build /home/janhavi/swarm_ws/build/swarm_msgs -- -j12 -l12
[3.433s] DEBUG:colcon.colcon_core.event_handler.log_command:Invoking command in '/home/janhavi/swarm_ws/build/swarm_msgs': CMAKE_PREFIX_PATH=/opt/ros/humble /usr/bin/cmake --install /home/janhavi/swarm_ws/build/swarm_msgs
[3.479s] Level 1:colcon.colcon_core.environment:create_environment_scripts_only(swarm_msgs)
[3.479s] Level 1:colcon.colcon_core.environment:checking '/home/janhavi/swarm_ws/install/swarm_msgs' for CMake module files
[3.480s] DEBUG:colcon.colcon_core.event_handler.log_command:Invoked command in '/home/janhavi/swarm_ws/build/swarm_msgs' returned '0': CMAKE_PREFIX_PATH=/opt/ros/humble /usr/bin/cmake --install /home/janhavi/swarm_ws/build/swarm_msgs
[3.480s] Level 1:colcon.colcon_core.environment:checking '/home/janhavi/swarm_ws/install/swarm_msgs' for CMake config files
[3.481s] Level 1:colcon.colcon_core.shell:create_environment_hook('swarm_msgs', 'cmake_prefix_path')
[3.481s] INFO:colcon.colcon_core.shell:Creating environment hook '/home/janhavi/swarm_ws/install/swarm_msgs/share/swarm_msgs/hook/cmake_prefix_path.ps1'
[3.481s] INFO:colcon.colcon_core.shell:Creating environment descriptor '/home/janhavi/swarm_ws/install/swarm_msgs/share/swarm_msgs/hook/cmake_prefix_path.dsv'
[3.482s] INFO:colcon.colcon_core.shell:Creating environment hook '/home/janhavi/swarm_ws/install/swarm_msgs/share/swarm_msgs/hook/cmake_prefix_path.sh'
[3.482s] Level 1:colcon.colcon_core.environment:checking '/home/janhavi/swarm_ws/install/swarm_msgs/lib'
[3.482s] Level 1:colcon.colcon_core.shell:create_environment_hook('swarm_msgs', 'ld_library_path_lib')
[3.483s] INFO:colcon.colcon_core.shell:Creating environment hook '/home/janhavi/swarm_ws/install/swarm_msgs/share/swarm_msgs/hook/ld_library_path_lib.ps1'
[3.483s] INFO:colcon.colcon_core.shell:Creating environment descriptor '/home/janhavi/swarm_ws/install/swarm_msgs/share/swarm_msgs/hook/ld_library_path_lib.dsv'
[3.483s] INFO:colcon.colcon_core.shell:Creating environment hook '/home/janhavi/swarm_ws/install/swarm_msgs/share/swarm_msgs/hook/ld_library_path_lib.sh'
[3.484s] Level 1:colcon.colcon_core.environment:checking '/home/janhavi/swarm_ws/install/swarm_msgs/bin'
[3.484s] Level 1:colcon.colcon_core.environment:checking '/home/janhavi/swarm_ws/install/swarm_msgs/lib/pkgconfig/swarm_msgs.pc'
[3.484s] Level 1:colcon.colcon_core.environment:checking '/home/janhavi/swarm_ws/install/swarm_msgs/lib/python3.10/site-packages'
[3.484s] Level 1:colcon.colcon_core.environment:checking '/home/janhavi/swarm_ws/install/swarm_msgs/bin'
[3.484s] INFO:colcon.colcon_core.shell:Creating package script '/home/janhavi/swarm_ws/install/swarm_msgs/share/swarm_msgs/package.ps1'
[3.484s] INFO:colcon.colcon_core.shell:Creating package descriptor '/home/janhavi/swarm_ws/install/swarm_msgs/share/swarm_msgs/package.dsv'
[3.485s] INFO:colcon.colcon_core.shell:Creating package script '/home/janhavi/swarm_ws/install/swarm_msgs/share/swarm_msgs/package.sh'
[3.485s] INFO:colcon.colcon_core.shell:Creating package script '/home/janhavi/swarm_ws/install/swarm_msgs/share/swarm_msgs/package.bash'
[3.485s] INFO:colcon.colcon_core.shell:Creating package script '/home/janhavi/swarm_ws/install/swarm_msgs/share/swarm_msgs/package.zsh'
[3.485s] Level 1:colcon.colcon_core.environment:create_file_with_runtime_dependencies(/home/janhavi/swarm_ws/install/swarm_msgs/share/colcon-core/packages/swarm_msgs)
[3.486s] Level 1:colcon.colcon_core.environment:create_environment_scripts_only(swarm_msgs)
[3.486s] Level 1:colcon.colcon_core.environment:checking '/home/janhavi/swarm_ws/install/swarm_msgs' for CMake module files
[3.486s] Level 1:colcon.colcon_core.environment:checking '/home/janhavi/swarm_ws/install/swarm_msgs' for CMake config files
[3.486s] Level 1:colcon.colcon_core.shell:create_environment_hook('swarm_msgs', 'cmake_prefix_path')
[3.486s] INFO:colcon.colcon_core.shell:Creating environment hook '/home/janhavi/swarm_ws/install/swarm_msgs/share/swarm_msgs/hook/cmake_prefix_path.ps1'
[3.486s] INFO:colcon.colcon_core.shell:Creating environment descriptor '/home/janhavi/swarm_ws/install/swarm_msgs/share/swarm_msgs/hook/cmake_prefix_path.dsv'
[3.487s] INFO:colcon.colcon_core.shell:Creating environment hook '/home/janhavi/swarm_ws/install/swarm_msgs/share/swarm_msgs/hook/cmake_prefix_path.sh'
[3.487s] Level 1:colcon.colcon_core.environment:checking '/home/janhavi/swarm_ws/install/swarm_msgs/lib'
[3.487s] Level 1:colcon.colcon_core.shell:create_environment_hook('swarm_msgs', 'ld_library_path_lib')
[3.487s] INFO:colcon.colcon_core.shell:Creating environment hook '/home/janhavi/swarm_ws/install/swarm_msgs/share/swarm_msgs/hook/ld_library_path_lib.ps1'
[3.487s] INFO:colcon.colcon_core.shell:Creating environment descriptor '/home/janhavi/swarm_ws/install/swarm_msgs/share/swarm_msgs/hook/ld_library_path_lib.dsv'
[3.487s] INFO:colcon.colcon_core.shell:Creating environment hook '/home/janhavi/swarm_ws/install/swarm_msgs/share/swarm_msgs/hook/ld_library_path_lib.sh'
[3.488s] Level 1:colcon.colcon_core.environment:checking '/home/janhavi/swarm_ws/install/swarm_msgs/bin'
[3.488s] Level 1:colcon.colcon_core.environment:checking '/home/janhavi/swarm_ws/install/swarm_msgs/lib/pkgconfig/swarm_msgs.pc'
[3.488s] Level 1:colcon.colcon_core.environment:checking '/home/janhavi/swarm_ws/install/swarm_msgs/lib/python3.10/site-packages'
[3.488s] Level 1:colcon.colcon_core.environment:checking '/home/janhavi/swarm_ws/install/swarm_msgs/bin'
[3.488s] INFO:colcon.colcon_core.shell:Creating package script '/home/janhavi/swarm_ws/install/swarm_msgs/share/swarm_msgs/package.ps1'
[3.488s] INFO:colcon.colcon_core.shell:Creating package descriptor '/home/janhavi/swarm_ws/install/swarm_msgs/share/swarm_msgs/package.dsv'
[3.489s] INFO:colcon.colcon_core.shell:Creating package script '/home/janhavi/swarm_ws/install/swarm_msgs/share/swarm_msgs/package.sh'
[3.489s] INFO:colcon.colcon_core.shell:Creating package script '/home/janhavi/swarm_ws/install/swarm_msgs/share/swarm_msgs/package.bash'
[3.489s] INFO:colcon.colcon_core.shell:Creating package script '/home/janhavi/swarm_ws/install/swarm_msgs/share/swarm_msgs/package.zsh'
[3.489s] Level 1:colcon.colcon_core.environment:create_file_with_runtime_dependencies(/home/janhavi/swarm_ws/install/swarm_msgs/share/colcon-core/packages/swarm_msgs)
[3.489s] DEBUG:colcon.colcon_parallel_executor.executor.parallel:closing loop
[3.490s] DEBUG:colcon.colcon_parallel_executor.executor.parallel:loop closed
[3.490s] DEBUG:colcon.colcon_parallel_executor.executor.parallel:run_until_complete finished with '0'
[3.490s] DEBUG:colcon.colcon_core.event_reactor:joining thread
[3.494s] INFO:colcon.colcon_core.plugin_system:Skipping extension 'colcon_notification.desktop_notification.terminal_notifier': Not used on non-Darwin systems
[3.494s] INFO:colcon.colcon_core.plugin_system:Skipping extension 'colcon_notification.desktop_notification.win32': Not used on non-Windows systems
[3.494s] INFO:colcon.colcon_notification.desktop_notification:Sending desktop notification using 'notify2'
[3.504s] DEBUG:colcon.colcon_core.event_reactor:joined thread
[3.504s] INFO:colcon.colcon_core.shell:Creating prefix script '/home/janhavi/swarm_ws/install/local_setup.ps1'
[3.505s] INFO:colcon.colcon_core.shell:Creating prefix util module '/home/janhavi/swarm_ws/install/_local_setup_util_ps1.py'
[3.505s] INFO:colcon.colcon_core.shell:Creating prefix chain script '/home/janhavi/swarm_ws/install/setup.ps1'
[3.506s] INFO:colcon.colcon_core.shell:Creating prefix script '/home/janhavi/swarm_ws/install/local_setup.sh'
[3.506s] INFO:colcon.colcon_core.shell:Creating prefix util module '/home/janhavi/swarm_ws/install/_local_setup_util_sh.py'
[3.507s] INFO:colcon.colcon_core.shell:Creating prefix chain script '/home/janhavi/swarm_ws/install/setup.sh'
[3.507s] INFO:colcon.colcon_core.shell:Creating prefix script '/home/janhavi/swarm_ws/install/local_setup.bash'
[3.507s] INFO:colcon.colcon_core.shell:Creating prefix chain script '/home/janhavi/swarm_ws/install/setup.bash'
[3.508s] INFO:colcon.colcon_core.shell:Creating prefix script '/home/janhavi/swarm_ws/install/local_setup.zsh'
[3.508s] INFO:colcon.colcon_core.shell:Creating prefix chain script '/home/janhavi/swarm_ws/install/setup.zsh'
