[0.007s] Invoking command in '/home/janhavi/swarm_ws/build/swarm_data': AMENT_PREFIX_PATH=/home/janhavi/swarm_ws/install/swarm_msgs:${AMENT_PREFIX_PATH} CMAKE_PREFIX_PATH=/home/janhavi/swarm_ws/install/swarm_msgs:/opt/ros/humble LD_LIBRARY_PATH=/home/janhavi/swarm_ws/install/swarm_msgs/lib:/usr/lib/x86_64-linux-gnu/gazebo-11/plugins:/opt/ros/humble/opt/rviz_ogre_vendor/lib:/opt/ros/humble/lib/x86_64-linux-gnu:/opt/ros/humble/lib:/usr/lib/x86_64-linux-gnu/gazebo-11/plugins PYTHONPATH=/home/janhavi/swarm_ws/install/swarm_msgs/local/lib/python3.10/dist-packages:${PYTHONPATH} /usr/bin/cmake --build /home/janhavi/swarm_ws/build/swarm_data -- -j12 -l12
[0.027s] -- Found ament_cmake: 1.3.11 (/opt/ros/humble/share/ament_cmake/cmake)
[0.118s] -- Found rclpy: 3.3.15 (/opt/ros/humble/share/rclpy/cmake)
[0.118s] -- Found rclcpp: 16.0.11 (/opt/ros/humble/share/rclcpp/cmake)
[0.140s] -- Found rosidl_generator_c: 3.1.6 (/opt/ros/humble/share/rosidl_generator_c/cmake)
[0.142s] -- Found rosidl_adapter: 3.1.6 (/opt/ros/humble/share/rosidl_adapter/cmake)
[0.147s] -- Found rosidl_generator_cpp: 3.1.6 (/opt/ros/humble/share/rosidl_generator_cpp/cmake)
[0.154s] -- Using all available rosidl_typesupport_c: rosidl_typesupport_fastrtps_c;rosidl_typesupport_introspection_c
[0.162s] -- Using all available rosidl_typesupport_cpp: rosidl_typesupport_fastrtps_cpp;rosidl_typesupport_introspection_cpp
[0.185s] -- Found rmw_implementation_cmake: 6.1.2 (/opt/ros/humble/share/rmw_implementation_cmake/cmake)
[0.186s] -- Found rmw_cyclonedds_cpp: 1.3.4 (/opt/ros/humble/share/rmw_cyclonedds_cpp/cmake)
[0.201s] -- Using RMW implementation 'rmw_cyclonedds_cpp' as default
[0.237s] -- Found gazebo_msgs: 3.9.0 (/opt/ros/humble/share/gazebo_msgs/cmake)
[0.268s] -- Found sensor_msgs: 4.2.4 (/opt/ros/humble/share/sensor_msgs/cmake)
[0.280s] -- Found nav_msgs: 4.2.4 (/opt/ros/humble/share/nav_msgs/cmake)
[0.290s] -- Found swarm_msgs: 0.0.0 (/home/janhavi/swarm_ws/install/swarm_msgs/share/swarm_msgs/cmake)
[0.301s] -- Found ament_lint_auto: 0.12.11 (/opt/ros/humble/share/ament_lint_auto/cmake)
[0.348s] -- Added test 'flake8' to check Python code syntax and style conventions
[0.349s] -- Added test 'lint_cmake' to check CMake code style
[0.349s] -- Added test 'pep257' to check Python code against some of the docstring style conventions in PEP 257
[0.350s] -- Added test 'xmllint' to check XML markup files
[0.351s] -- Configuring done
[0.353s] -- Generating done
[0.355s] -- Build files have been written to: /home/janhavi/swarm_ws/build/swarm_data
[0.374s] Invoked command in '/home/janhavi/swarm_ws/build/swarm_data' returned '0': AMENT_PREFIX_PATH=/home/janhavi/swarm_ws/install/swarm_msgs:${AMENT_PREFIX_PATH} CMAKE_PREFIX_PATH=/home/janhavi/swarm_ws/install/swarm_msgs:/opt/ros/humble LD_LIBRARY_PATH=/home/janhavi/swarm_ws/install/swarm_msgs/lib:/usr/lib/x86_64-linux-gnu/gazebo-11/plugins:/opt/ros/humble/opt/rviz_ogre_vendor/lib:/opt/ros/humble/lib/x86_64-linux-gnu:/opt/ros/humble/lib:/usr/lib/x86_64-linux-gnu/gazebo-11/plugins PYTHONPATH=/home/janhavi/swarm_ws/install/swarm_msgs/local/lib/python3.10/dist-packages:${PYTHONPATH} /usr/bin/cmake --build /home/janhavi/swarm_ws/build/swarm_data -- -j12 -l12
[0.375s] Invoking command in '/home/janhavi/swarm_ws/build/swarm_data': AMENT_PREFIX_PATH=/home/janhavi/swarm_ws/install/swarm_msgs:${AMENT_PREFIX_PATH} CMAKE_PREFIX_PATH=/home/janhavi/swarm_ws/install/swarm_msgs:/opt/ros/humble LD_LIBRARY_PATH=/home/janhavi/swarm_ws/install/swarm_msgs/lib:/usr/lib/x86_64-linux-gnu/gazebo-11/plugins:/opt/ros/humble/opt/rviz_ogre_vendor/lib:/opt/ros/humble/lib/x86_64-linux-gnu:/opt/ros/humble/lib:/usr/lib/x86_64-linux-gnu/gazebo-11/plugins PYTHONPATH=/home/janhavi/swarm_ws/install/swarm_msgs/local/lib/python3.10/dist-packages:${PYTHONPATH} /usr/bin/cmake --install /home/janhavi/swarm_ws/build/swarm_data
[0.380s] -- Install configuration: ""
[0.380s] -- Up-to-date: /home/janhavi/swarm_ws/install/swarm_data/lib/swarm_data/robot_spawner.py
[0.380s] -- Up-to-date: /home/janhavi/swarm_ws/install/swarm_data/lib/swarm_data/obstacle_spawner.py
[0.380s] -- Up-to-date: /home/janhavi/swarm_ws/install/swarm_data/lib/swarm_data/autopilot.py
[0.380s] -- Up-to-date: /home/janhavi/swarm_ws/install/swarm_data/lib/swarm_data/dataset_create.py
[0.380s] -- Up-to-date: /home/janhavi/swarm_ws/install/swarm_data/lib/swarm_data/swarm_transformer.py
[0.380s] -- Up-to-date: /home/janhavi/swarm_ws/install/swarm_data/lib/swarm_data/gossip_manager.py
[0.380s] -- Up-to-date: /home/janhavi/swarm_ws/install/swarm_data/lib/swarm_data/formation_command.py
[0.380s] -- Up-to-date: /home/janhavi/swarm_ws/install/swarm_data/lib/swarm_data/expert_controller.py
[0.380s] -- Installing: /home/janhavi/swarm_ws/install/swarm_data/lib/swarm_data/fast_spawner.py
[0.380s] -- Up-to-date: /home/janhavi/swarm_ws/install/swarm_data/share/swarm_data/launch
[0.381s] -- Up-to-date: /home/janhavi/swarm_ws/install/swarm_data/share/swarm_data/launch/robot_spawn_launch.launch.py
[0.381s] -- Up-to-date: /home/janhavi/swarm_ws/install/swarm_data/share/swarm_data/launch/movement_launch.launch.py
[0.381s] -- Up-to-date: /home/janhavi/swarm_ws/install/swarm_data/share/swarm_data/launch/obstacle_spawn_launch.launch.py
[0.381s] -- Up-to-date: /home/janhavi/swarm_ws/install/swarm_data/share/swarm_data/launch/swarm_launch.launch.py
[0.381s] -- Up-to-date: /home/janhavi/swarm_ws/install/swarm_data/share/swarm_data/worlds
[0.381s] -- Up-to-date: /home/janhavi/swarm_ws/install/swarm_data/share/swarm_data/worlds/swarm.world
[0.381s] -- Up-to-date: /home/janhavi/swarm_ws/install/swarm_data/share/ament_index/resource_index/package_run_dependencies/swarm_data
[0.381s] -- Installing: /home/janhavi/swarm_ws/install/swarm_data/share/ament_index/resource_index/parent_prefix_path/swarm_data
[0.381s] -- Up-to-date: /home/janhavi/swarm_ws/install/swarm_data/share/swarm_data/environment/ament_prefix_path.sh
[0.381s] -- Installing: /home/janhavi/swarm_ws/install/swarm_data/share/swarm_data/environment/ament_prefix_path.dsv
[0.381s] -- Up-to-date: /home/janhavi/swarm_ws/install/swarm_data/share/swarm_data/environment/path.sh
[0.381s] -- Installing: /home/janhavi/swarm_ws/install/swarm_data/share/swarm_data/environment/path.dsv
[0.381s] -- Up-to-date: /home/janhavi/swarm_ws/install/swarm_data/share/swarm_data/local_setup.bash
[0.381s] -- Up-to-date: /home/janhavi/swarm_ws/install/swarm_data/share/swarm_data/local_setup.sh
[0.381s] -- Up-to-date: /home/janhavi/swarm_ws/install/swarm_data/share/swarm_data/local_setup.zsh
[0.381s] -- Installing: /home/janhavi/swarm_ws/install/swarm_data/share/swarm_data/local_setup.dsv
[0.381s] -- Installing: /home/janhavi/swarm_ws/install/swarm_data/share/swarm_data/package.dsv
[0.381s] -- Up-to-date: /home/janhavi/swarm_ws/install/swarm_data/share/ament_index/resource_index/packages/swarm_data
[0.381s] -- Up-to-date: /home/janhavi/swarm_ws/install/swarm_data/share/swarm_data/cmake/swarm_dataConfig.cmake
[0.381s] -- Up-to-date: /home/janhavi/swarm_ws/install/swarm_data/share/swarm_data/cmake/swarm_dataConfig-version.cmake
[0.381s] -- Up-to-date: /home/janhavi/swarm_ws/install/swarm_data/share/swarm_data/package.xml
[0.382s] Invoked command in '/home/janhavi/swarm_ws/build/swarm_data' returned '0': AMENT_PREFIX_PATH=/home/janhavi/swarm_ws/install/swarm_msgs:${AMENT_PREFIX_PATH} CMAKE_PREFIX_PATH=/home/janhavi/swarm_ws/install/swarm_msgs:/opt/ros/humble LD_LIBRARY_PATH=/home/janhavi/swarm_ws/install/swarm_msgs/lib:/usr/lib/x86_64-linux-gnu/gazebo-11/plugins:/opt/ros/humble/opt/rviz_ogre_vendor/lib:/opt/ros/humble/lib/x86_64-linux-gnu:/opt/ros/humble/lib:/usr/lib/x86_64-linux-gnu/gazebo-11/plugins PYTHONPATH=/home/janhavi/swarm_ws/install/swarm_msgs/local/lib/python3.10/dist-packages:${PYTHONPATH} /usr/bin/cmake --install /home/janhavi/swarm_ws/build/swarm_data
