[0.128s] DEBUG:colcon:Command line arguments: ['/usr/bin/colcon', 'build']
[0.128s] DEBUG:colcon:Parsed command line arguments: Namespace(log_base=None, log_level=None, verb_name='build', build_base='build', install_base='install', merge_install=False, symlink_install=False, test_result_base=None, continue_on_error=False, executor='parallel', parallel_workers=12, event_handlers=None, ignore_user_meta=False, metas=['./colcon.meta'], base_paths=['.'], packages_ignore=None, packages_ignore_regex=None, paths=None, packages_up_to=None, packages_up_to_regex=None, packages_above=None, packages_above_and_dependencies=None, packages_above_depth=None, packages_select_by_dep=None, packages_skip_by_dep=None, packages_skip_up_to=None, packages_select_build_failed=False, packages_skip_build_finished=False, packages_select_test_failures=False, packages_skip_test_passed=False, packages_select=None, packages_skip=None, packages_select_regex=None, packages_skip_regex=None, packages_start=None, packages_end=None, allow_overriding=[], cmake_args=None, cmake_target=None, cmake_target_skip_unavailable=False, cmake_clean_cache=False, cmake_clean_first=False, cmake_force_configure=False, ament_cmake_args=None, catkin_cmake_args=None, catkin_skip_building_tests=False, verb_parser=<colcon_defaults.argument_parser.defaults.DefaultArgumentsDecorator object at 0x73827d2b84c0>, verb_extension=<colcon_core.verb.build.BuildVerb object at 0x73827d231db0>, main=<bound method BuildVerb.main of <colcon_core.verb.build.BuildVerb object at 0x73827d231db0>>)
[0.181s] Level 1:colcon.colcon_core.package_discovery:discover_packages(colcon_meta) check parameters
[0.181s] Level 1:colcon.colcon_core.package_discovery:discover_packages(recursive) check parameters
[0.181s] Level 1:colcon.colcon_core.package_discovery:discover_packages(ignore) check parameters
[0.181s] Level 1:colcon.colcon_core.package_discovery:discover_packages(path) check parameters
[0.181s] Level 1:colcon.colcon_core.package_discovery:discover_packages(colcon_meta) discover
[0.181s] Level 1:colcon.colcon_core.package_discovery:discover_packages(recursive) discover
[0.181s] INFO:colcon.colcon_core.package_discovery:Crawling recursively for packages in '/home/janhavi/swarm_ws'
[0.181s] Level 1:colcon.colcon_core.package_identification:_identify(.) by extensions ['ignore', 'ignore_ament_install']
[0.181s] Level 1:colcon.colcon_core.package_identification:_identify(.) by extension 'ignore'
[0.181s] Level 1:colcon.colcon_core.package_identification:_identify(.) by extension 'ignore_ament_install'
[0.181s] Level 1:colcon.colcon_core.package_identification:_identify(.) by extensions ['colcon_pkg']
[0.182s] Level 1:colcon.colcon_core.package_identification:_identify(.) by extension 'colcon_pkg'
[0.182s] Level 1:colcon.colcon_core.package_identification:_identify(.) by extensions ['colcon_meta']
[0.182s] Level 1:colcon.colcon_core.package_identification:_identify(.) by extension 'colcon_meta'
[0.182s] Level 1:colcon.colcon_core.package_identification:_identify(.) by extensions ['ros']
[0.182s] Level 1:colcon.colcon_core.package_identification:_identify(.) by extension 'ros'
[0.192s] Level 1:colcon.colcon_core.package_identification:_identify(.) by extensions ['cmake', 'python']
[0.192s] Level 1:colcon.colcon_core.package_identification:_identify(.) by extension 'cmake'
[0.192s] Level 1:colcon.colcon_core.package_identification:_identify(.) by extension 'python'
[0.192s] Level 1:colcon.colcon_core.package_identification:_identify(.) by extensions ['python_setup_py']
[0.192s] Level 1:colcon.colcon_core.package_identification:_identify(.) by extension 'python_setup_py'
[0.192s] Level 1:colcon.colcon_core.package_identification:_identify(build) by extensions ['ignore', 'ignore_ament_install']
[0.192s] Level 1:colcon.colcon_core.package_identification:_identify(build) by extension 'ignore'
[0.192s] Level 1:colcon.colcon_core.package_identification:_identify(build) ignored
[0.192s] Level 1:colcon.colcon_core.package_identification:_identify(dataset_001_l1500) by extensions ['ignore', 'ignore_ament_install']
[0.192s] Level 1:colcon.colcon_core.package_identification:_identify(dataset_001_l1500) by extension 'ignore'
[0.192s] Level 1:colcon.colcon_core.package_identification:_identify(dataset_001_l1500) by extension 'ignore_ament_install'
[0.192s] Level 1:colcon.colcon_core.package_identification:_identify(dataset_001_l1500) by extensions ['colcon_pkg']
[0.192s] Level 1:colcon.colcon_core.package_identification:_identify(dataset_001_l1500) by extension 'colcon_pkg'
[0.192s] Level 1:colcon.colcon_core.package_identification:_identify(dataset_001_l1500) by extensions ['colcon_meta']
[0.192s] Level 1:colcon.colcon_core.package_identification:_identify(dataset_001_l1500) by extension 'colcon_meta'
[0.192s] Level 1:colcon.colcon_core.package_identification:_identify(dataset_001_l1500) by extensions ['ros']
[0.192s] Level 1:colcon.colcon_core.package_identification:_identify(dataset_001_l1500) by extension 'ros'
[0.192s] Level 1:colcon.colcon_core.package_identification:_identify(dataset_001_l1500) by extensions ['cmake', 'python']
[0.192s] Level 1:colcon.colcon_core.package_identification:_identify(dataset_001_l1500) by extension 'cmake'
[0.192s] Level 1:colcon.colcon_core.package_identification:_identify(dataset_001_l1500) by extension 'python'
[0.192s] Level 1:colcon.colcon_core.package_identification:_identify(dataset_001_l1500) by extensions ['python_setup_py']
[0.192s] Level 1:colcon.colcon_core.package_identification:_identify(dataset_001_l1500) by extension 'python_setup_py'
[0.192s] Level 1:colcon.colcon_core.package_identification:_identify(dataset_001_l1500/autopilot_pause) by extensions ['ignore', 'ignore_ament_install']
[0.193s] Level 1:colcon.colcon_core.package_identification:_identify(dataset_001_l1500/autopilot_pause) by extension 'ignore'
[0.193s] Level 1:colcon.colcon_core.package_identification:_identify(dataset_001_l1500/autopilot_pause) by extension 'ignore_ament_install'
[0.193s] Level 1:colcon.colcon_core.package_identification:_identify(dataset_001_l1500/autopilot_pause) by extensions ['colcon_pkg']
[0.193s] Level 1:colcon.colcon_core.package_identification:_identify(dataset_001_l1500/autopilot_pause) by extension 'colcon_pkg'
[0.193s] Level 1:colcon.colcon_core.package_identification:_identify(dataset_001_l1500/autopilot_pause) by extensions ['colcon_meta']
[0.193s] Level 1:colcon.colcon_core.package_identification:_identify(dataset_001_l1500/autopilot_pause) by extension 'colcon_meta'
[0.193s] Level 1:colcon.colcon_core.package_identification:_identify(dataset_001_l1500/autopilot_pause) by extensions ['ros']
[0.193s] Level 1:colcon.colcon_core.package_identification:_identify(dataset_001_l1500/autopilot_pause) by extension 'ros'
[0.193s] Level 1:colcon.colcon_core.package_identification:_identify(dataset_001_l1500/autopilot_pause) by extensions ['cmake', 'python']
[0.193s] Level 1:colcon.colcon_core.package_identification:_identify(dataset_001_l1500/autopilot_pause) by extension 'cmake'
[0.193s] Level 1:colcon.colcon_core.package_identification:_identify(dataset_001_l1500/autopilot_pause) by extension 'python'
[0.193s] Level 1:colcon.colcon_core.package_identification:_identify(dataset_001_l1500/autopilot_pause) by extensions ['python_setup_py']
[0.193s] Level 1:colcon.colcon_core.package_identification:_identify(dataset_001_l1500/autopilot_pause) by extension 'python_setup_py'
[0.193s] Level 1:colcon.colcon_core.package_identification:_identify(dataset_001_l1500_maybe) by extensions ['ignore', 'ignore_ament_install']
[0.193s] Level 1:colcon.colcon_core.package_identification:_identify(dataset_001_l1500_maybe) by extension 'ignore'
[0.193s] Level 1:colcon.colcon_core.package_identification:_identify(dataset_001_l1500_maybe) by extension 'ignore_ament_install'
[0.193s] Level 1:colcon.colcon_core.package_identification:_identify(dataset_001_l1500_maybe) by extensions ['colcon_pkg']
[0.193s] Level 1:colcon.colcon_core.package_identification:_identify(dataset_001_l1500_maybe) by extension 'colcon_pkg'
[0.193s] Level 1:colcon.colcon_core.package_identification:_identify(dataset_001_l1500_maybe) by extensions ['colcon_meta']
[0.193s] Level 1:colcon.colcon_core.package_identification:_identify(dataset_001_l1500_maybe) by extension 'colcon_meta'
[0.193s] Level 1:colcon.colcon_core.package_identification:_identify(dataset_001_l1500_maybe) by extensions ['ros']
[0.193s] Level 1:colcon.colcon_core.package_identification:_identify(dataset_001_l1500_maybe) by extension 'ros'
[0.193s] Level 1:colcon.colcon_core.package_identification:_identify(dataset_001_l1500_maybe) by extensions ['cmake', 'python']
[0.193s] Level 1:colcon.colcon_core.package_identification:_identify(dataset_001_l1500_maybe) by extension 'cmake'
[0.193s] Level 1:colcon.colcon_core.package_identification:_identify(dataset_001_l1500_maybe) by extension 'python'
[0.193s] Level 1:colcon.colcon_core.package_identification:_identify(dataset_001_l1500_maybe) by extensions ['python_setup_py']
[0.193s] Level 1:colcon.colcon_core.package_identification:_identify(dataset_001_l1500_maybe) by extension 'python_setup_py'
[0.193s] Level 1:colcon.colcon_core.package_identification:_identify(dataset_001_l1500_maybe/autopilot_pause) by extensions ['ignore', 'ignore_ament_install']
[0.193s] Level 1:colcon.colcon_core.package_identification:_identify(dataset_001_l1500_maybe/autopilot_pause) by extension 'ignore'
[0.193s] Level 1:colcon.colcon_core.package_identification:_identify(dataset_001_l1500_maybe/autopilot_pause) by extension 'ignore_ament_install'
[0.193s] Level 1:colcon.colcon_core.package_identification:_identify(dataset_001_l1500_maybe/autopilot_pause) by extensions ['colcon_pkg']
[0.193s] Level 1:colcon.colcon_core.package_identification:_identify(dataset_001_l1500_maybe/autopilot_pause) by extension 'colcon_pkg'
[0.193s] Level 1:colcon.colcon_core.package_identification:_identify(dataset_001_l1500_maybe/autopilot_pause) by extensions ['colcon_meta']
[0.193s] Level 1:colcon.colcon_core.package_identification:_identify(dataset_001_l1500_maybe/autopilot_pause) by extension 'colcon_meta'
[0.193s] Level 1:colcon.colcon_core.package_identification:_identify(dataset_001_l1500_maybe/autopilot_pause) by extensions ['ros']
[0.193s] Level 1:colcon.colcon_core.package_identification:_identify(dataset_001_l1500_maybe/autopilot_pause) by extension 'ros'
[0.193s] Level 1:colcon.colcon_core.package_identification:_identify(dataset_001_l1500_maybe/autopilot_pause) by extensions ['cmake', 'python']
[0.193s] Level 1:colcon.colcon_core.package_identification:_identify(dataset_001_l1500_maybe/autopilot_pause) by extension 'cmake'
[0.193s] Level 1:colcon.colcon_core.package_identification:_identify(dataset_001_l1500_maybe/autopilot_pause) by extension 'python'
[0.193s] Level 1:colcon.colcon_core.package_identification:_identify(dataset_001_l1500_maybe/autopilot_pause) by extensions ['python_setup_py']
[0.194s] Level 1:colcon.colcon_core.package_identification:_identify(dataset_001_l1500_maybe/autopilot_pause) by extension 'python_setup_py'
[0.194s] Level 1:colcon.colcon_core.package_identification:_identify(dataset_001_l1500_maybe2) by extensions ['ignore', 'ignore_ament_install']
[0.194s] Level 1:colcon.colcon_core.package_identification:_identify(dataset_001_l1500_maybe2) by extension 'ignore'
[0.194s] Level 1:colcon.colcon_core.package_identification:_identify(dataset_001_l1500_maybe2) by extension 'ignore_ament_install'
[0.194s] Level 1:colcon.colcon_core.package_identification:_identify(dataset_001_l1500_maybe2) by extensions ['colcon_pkg']
[0.194s] Level 1:colcon.colcon_core.package_identification:_identify(dataset_001_l1500_maybe2) by extension 'colcon_pkg'
[0.194s] Level 1:colcon.colcon_core.package_identification:_identify(dataset_001_l1500_maybe2) by extensions ['colcon_meta']
[0.194s] Level 1:colcon.colcon_core.package_identification:_identify(dataset_001_l1500_maybe2) by extension 'colcon_meta'
[0.194s] Level 1:colcon.colcon_core.package_identification:_identify(dataset_001_l1500_maybe2) by extensions ['ros']
[0.194s] Level 1:colcon.colcon_core.package_identification:_identify(dataset_001_l1500_maybe2) by extension 'ros'
[0.194s] Level 1:colcon.colcon_core.package_identification:_identify(dataset_001_l1500_maybe2) by extensions ['cmake', 'python']
[0.194s] Level 1:colcon.colcon_core.package_identification:_identify(dataset_001_l1500_maybe2) by extension 'cmake'
[0.194s] Level 1:colcon.colcon_core.package_identification:_identify(dataset_001_l1500_maybe2) by extension 'python'
[0.194s] Level 1:colcon.colcon_core.package_identification:_identify(dataset_001_l1500_maybe2) by extensions ['python_setup_py']
[0.194s] Level 1:colcon.colcon_core.package_identification:_identify(dataset_001_l1500_maybe2) by extension 'python_setup_py'
[0.194s] Level 1:colcon.colcon_core.package_identification:_identify(dataset_001_l1500_maybe2/autopilot_pause) by extensions ['ignore', 'ignore_ament_install']
[0.194s] Level 1:colcon.colcon_core.package_identification:_identify(dataset_001_l1500_maybe2/autopilot_pause) by extension 'ignore'
[0.194s] Level 1:colcon.colcon_core.package_identification:_identify(dataset_001_l1500_maybe2/autopilot_pause) by extension 'ignore_ament_install'
[0.194s] Level 1:colcon.colcon_core.package_identification:_identify(dataset_001_l1500_maybe2/autopilot_pause) by extensions ['colcon_pkg']
[0.194s] Level 1:colcon.colcon_core.package_identification:_identify(dataset_001_l1500_maybe2/autopilot_pause) by extension 'colcon_pkg'
[0.194s] Level 1:colcon.colcon_core.package_identification:_identify(dataset_001_l1500_maybe2/autopilot_pause) by extensions ['colcon_meta']
[0.194s] Level 1:colcon.colcon_core.package_identification:_identify(dataset_001_l1500_maybe2/autopilot_pause) by extension 'colcon_meta'
[0.194s] Level 1:colcon.colcon_core.package_identification:_identify(dataset_001_l1500_maybe2/autopilot_pause) by extensions ['ros']
[0.194s] Level 1:colcon.colcon_core.package_identification:_identify(dataset_001_l1500_maybe2/autopilot_pause) by extension 'ros'
[0.194s] Level 1:colcon.colcon_core.package_identification:_identify(dataset_001_l1500_maybe2/autopilot_pause) by extensions ['cmake', 'python']
[0.194s] Level 1:colcon.colcon_core.package_identification:_identify(dataset_001_l1500_maybe2/autopilot_pause) by extension 'cmake'
[0.194s] Level 1:colcon.colcon_core.package_identification:_identify(dataset_001_l1500_maybe2/autopilot_pause) by extension 'python'
[0.194s] Level 1:colcon.colcon_core.package_identification:_identify(dataset_001_l1500_maybe2/autopilot_pause) by extensions ['python_setup_py']
[0.194s] Level 1:colcon.colcon_core.package_identification:_identify(dataset_001_l1500_maybe2/autopilot_pause) by extension 'python_setup_py'
[0.194s] Level 1:colcon.colcon_core.package_identification:_identify(install) by extensions ['ignore', 'ignore_ament_install']
[0.194s] Level 1:colcon.colcon_core.package_identification:_identify(install) by extension 'ignore'
[0.194s] Level 1:colcon.colcon_core.package_identification:_identify(install) ignored
[0.194s] Level 1:colcon.colcon_core.package_identification:_identify(log) by extensions ['ignore', 'ignore_ament_install']
[0.194s] Level 1:colcon.colcon_core.package_identification:_identify(log) by extension 'ignore'
[0.195s] Level 1:colcon.colcon_core.package_identification:_identify(log) ignored
[0.195s] Level 1:colcon.colcon_core.package_identification:_identify(src) by extensions ['ignore', 'ignore_ament_install']
[0.195s] Level 1:colcon.colcon_core.package_identification:_identify(src) by extension 'ignore'
[0.195s] Level 1:colcon.colcon_core.package_identification:_identify(src) by extension 'ignore_ament_install'
[0.195s] Level 1:colcon.colcon_core.package_identification:_identify(src) by extensions ['colcon_pkg']
[0.195s] Level 1:colcon.colcon_core.package_identification:_identify(src) by extension 'colcon_pkg'
[0.195s] Level 1:colcon.colcon_core.package_identification:_identify(src) by extensions ['colcon_meta']
[0.195s] Level 1:colcon.colcon_core.package_identification:_identify(src) by extension 'colcon_meta'
[0.195s] Level 1:colcon.colcon_core.package_identification:_identify(src) by extensions ['ros']
[0.195s] Level 1:colcon.colcon_core.package_identification:_identify(src) by extension 'ros'
[0.195s] Level 1:colcon.colcon_core.package_identification:_identify(src) by extensions ['cmake', 'python']
[0.195s] Level 1:colcon.colcon_core.package_identification:_identify(src) by extension 'cmake'
[0.195s] Level 1:colcon.colcon_core.package_identification:_identify(src) by extension 'python'
[0.195s] Level 1:colcon.colcon_core.package_identification:_identify(src) by extensions ['python_setup_py']
[0.195s] Level 1:colcon.colcon_core.package_identification:_identify(src) by extension 'python_setup_py'
[0.195s] Level 1:colcon.colcon_core.package_identification:_identify(src/swarm_data) by extensions ['ignore', 'ignore_ament_install']
[0.195s] Level 1:colcon.colcon_core.package_identification:_identify(src/swarm_data) by extension 'ignore'
[0.195s] Level 1:colcon.colcon_core.package_identification:_identify(src/swarm_data) by extension 'ignore_ament_install'
[0.195s] Level 1:colcon.colcon_core.package_identification:_identify(src/swarm_data) by extensions ['colcon_pkg']
[0.195s] Level 1:colcon.colcon_core.package_identification:_identify(src/swarm_data) by extension 'colcon_pkg'
[0.195s] Level 1:colcon.colcon_core.package_identification:_identify(src/swarm_data) by extensions ['colcon_meta']
[0.195s] Level 1:colcon.colcon_core.package_identification:_identify(src/swarm_data) by extension 'colcon_meta'
[0.195s] Level 1:colcon.colcon_core.package_identification:_identify(src/swarm_data) by extensions ['ros']
[0.195s] Level 1:colcon.colcon_core.package_identification:_identify(src/swarm_data) by extension 'ros'
[0.197s] DEBUG:colcon.colcon_core.package_identification:Package 'src/swarm_data' with type 'ros.ament_cmake' and name 'swarm_data'
[0.197s] Level 1:colcon.colcon_core.package_identification:_identify(src/swarm_msgs) by extensions ['ignore', 'ignore_ament_install']
[0.197s] Level 1:colcon.colcon_core.package_identification:_identify(src/swarm_msgs) by extension 'ignore'
[0.197s] Level 1:colcon.colcon_core.package_identification:_identify(src/swarm_msgs) by extension 'ignore_ament_install'
[0.197s] Level 1:colcon.colcon_core.package_identification:_identify(src/swarm_msgs) by extensions ['colcon_pkg']
[0.197s] Level 1:colcon.colcon_core.package_identification:_identify(src/swarm_msgs) by extension 'colcon_pkg'
[0.197s] Level 1:colcon.colcon_core.package_identification:_identify(src/swarm_msgs) by extensions ['colcon_meta']
[0.197s] Level 1:colcon.colcon_core.package_identification:_identify(src/swarm_msgs) by extension 'colcon_meta'
[0.197s] Level 1:colcon.colcon_core.package_identification:_identify(src/swarm_msgs) by extensions ['ros']
[0.197s] Level 1:colcon.colcon_core.package_identification:_identify(src/swarm_msgs) by extension 'ros'
[0.198s] DEBUG:colcon.colcon_core.package_identification:Package 'src/swarm_msgs' with type 'ros.ament_cmake' and name 'swarm_msgs'
[0.198s] Level 1:colcon.colcon_core.package_identification:_identify(training_bags) by extensions ['ignore', 'ignore_ament_install']
[0.198s] Level 1:colcon.colcon_core.package_identification:_identify(training_bags) by extension 'ignore'
[0.198s] Level 1:colcon.colcon_core.package_identification:_identify(training_bags) by extension 'ignore_ament_install'
[0.198s] Level 1:colcon.colcon_core.package_identification:_identify(training_bags) by extensions ['colcon_pkg']
[0.198s] Level 1:colcon.colcon_core.package_identification:_identify(training_bags) by extension 'colcon_pkg'
[0.198s] Level 1:colcon.colcon_core.package_identification:_identify(training_bags) by extensions ['colcon_meta']
[0.198s] Level 1:colcon.colcon_core.package_identification:_identify(training_bags) by extension 'colcon_meta'
[0.198s] Level 1:colcon.colcon_core.package_identification:_identify(training_bags) by extensions ['ros']
[0.198s] Level 1:colcon.colcon_core.package_identification:_identify(training_bags) by extension 'ros'
[0.198s] Level 1:colcon.colcon_core.package_identification:_identify(training_bags) by extensions ['cmake', 'python']
[0.198s] Level 1:colcon.colcon_core.package_identification:_identify(training_bags) by extension 'cmake'
[0.198s] Level 1:colcon.colcon_core.package_identification:_identify(training_bags) by extension 'python'
[0.198s] Level 1:colcon.colcon_core.package_identification:_identify(training_bags) by extensions ['python_setup_py']
[0.198s] Level 1:colcon.colcon_core.package_identification:_identify(training_bags) by extension 'python_setup_py'
[0.198s] Level 1:colcon.colcon_core.package_identification:_identify(training_bags/episode1) by extensions ['ignore', 'ignore_ament_install']
[0.198s] Level 1:colcon.colcon_core.package_identification:_identify(training_bags/episode1) by extension 'ignore'
[0.198s] Level 1:colcon.colcon_core.package_identification:_identify(training_bags/episode1) by extension 'ignore_ament_install'
[0.199s] Level 1:colcon.colcon_core.package_identification:_identify(training_bags/episode1) by extensions ['colcon_pkg']
[0.199s] Level 1:colcon.colcon_core.package_identification:_identify(training_bags/episode1) by extension 'colcon_pkg'
[0.199s] Level 1:colcon.colcon_core.package_identification:_identify(training_bags/episode1) by extensions ['colcon_meta']
[0.199s] Level 1:colcon.colcon_core.package_identification:_identify(training_bags/episode1) by extension 'colcon_meta'
[0.199s] Level 1:colcon.colcon_core.package_identification:_identify(training_bags/episode1) by extensions ['ros']
[0.199s] Level 1:colcon.colcon_core.package_identification:_identify(training_bags/episode1) by extension 'ros'
[0.199s] Level 1:colcon.colcon_core.package_identification:_identify(training_bags/episode1) by extensions ['cmake', 'python']
[0.199s] Level 1:colcon.colcon_core.package_identification:_identify(training_bags/episode1) by extension 'cmake'
[0.199s] Level 1:colcon.colcon_core.package_identification:_identify(training_bags/episode1) by extension 'python'
[0.199s] Level 1:colcon.colcon_core.package_identification:_identify(training_bags/episode1) by extensions ['python_setup_py']
[0.199s] Level 1:colcon.colcon_core.package_identification:_identify(training_bags/episode1) by extension 'python_setup_py'
[0.199s] Level 1:colcon.colcon_core.package_identification:_identify(training_bags/episode10) by extensions ['ignore', 'ignore_ament_install']
[0.199s] Level 1:colcon.colcon_core.package_identification:_identify(training_bags/episode10) by extension 'ignore'
[0.199s] Level 1:colcon.colcon_core.package_identification:_identify(training_bags/episode10) by extension 'ignore_ament_install'
[0.199s] Level 1:colcon.colcon_core.package_identification:_identify(training_bags/episode10) by extensions ['colcon_pkg']
[0.199s] Level 1:colcon.colcon_core.package_identification:_identify(training_bags/episode10) by extension 'colcon_pkg'
[0.199s] Level 1:colcon.colcon_core.package_identification:_identify(training_bags/episode10) by extensions ['colcon_meta']
[0.199s] Level 1:colcon.colcon_core.package_identification:_identify(training_bags/episode10) by extension 'colcon_meta'
[0.199s] Level 1:colcon.colcon_core.package_identification:_identify(training_bags/episode10) by extensions ['ros']
[0.199s] Level 1:colcon.colcon_core.package_identification:_identify(training_bags/episode10) by extension 'ros'
[0.199s] Level 1:colcon.colcon_core.package_identification:_identify(training_bags/episode10) by extensions ['cmake', 'python']
[0.199s] Level 1:colcon.colcon_core.package_identification:_identify(training_bags/episode10) by extension 'cmake'
[0.199s] Level 1:colcon.colcon_core.package_identification:_identify(training_bags/episode10) by extension 'python'
[0.199s] Level 1:colcon.colcon_core.package_identification:_identify(training_bags/episode10) by extensions ['python_setup_py']
[0.199s] Level 1:colcon.colcon_core.package_identification:_identify(training_bags/episode10) by extension 'python_setup_py'
[0.199s] Level 1:colcon.colcon_core.package_identification:_identify(training_bags/episode2) by extensions ['ignore', 'ignore_ament_install']
[0.199s] Level 1:colcon.colcon_core.package_identification:_identify(training_bags/episode2) by extension 'ignore'
[0.199s] Level 1:colcon.colcon_core.package_identification:_identify(training_bags/episode2) by extension 'ignore_ament_install'
[0.199s] Level 1:colcon.colcon_core.package_identification:_identify(training_bags/episode2) by extensions ['colcon_pkg']
[0.199s] Level 1:colcon.colcon_core.package_identification:_identify(training_bags/episode2) by extension 'colcon_pkg'
[0.199s] Level 1:colcon.colcon_core.package_identification:_identify(training_bags/episode2) by extensions ['colcon_meta']
[0.199s] Level 1:colcon.colcon_core.package_identification:_identify(training_bags/episode2) by extension 'colcon_meta'
[0.199s] Level 1:colcon.colcon_core.package_identification:_identify(training_bags/episode2) by extensions ['ros']
[0.199s] Level 1:colcon.colcon_core.package_identification:_identify(training_bags/episode2) by extension 'ros'
[0.199s] Level 1:colcon.colcon_core.package_identification:_identify(training_bags/episode2) by extensions ['cmake', 'python']
[0.199s] Level 1:colcon.colcon_core.package_identification:_identify(training_bags/episode2) by extension 'cmake'
[0.200s] Level 1:colcon.colcon_core.package_identification:_identify(training_bags/episode2) by extension 'python'
[0.200s] Level 1:colcon.colcon_core.package_identification:_identify(training_bags/episode2) by extensions ['python_setup_py']
[0.200s] Level 1:colcon.colcon_core.package_identification:_identify(training_bags/episode2) by extension 'python_setup_py'
[0.200s] Level 1:colcon.colcon_core.package_identification:_identify(training_bags/episode3) by extensions ['ignore', 'ignore_ament_install']
[0.200s] Level 1:colcon.colcon_core.package_identification:_identify(training_bags/episode3) by extension 'ignore'
[0.200s] Level 1:colcon.colcon_core.package_identification:_identify(training_bags/episode3) by extension 'ignore_ament_install'
[0.200s] Level 1:colcon.colcon_core.package_identification:_identify(training_bags/episode3) by extensions ['colcon_pkg']
[0.200s] Level 1:colcon.colcon_core.package_identification:_identify(training_bags/episode3) by extension 'colcon_pkg'
[0.200s] Level 1:colcon.colcon_core.package_identification:_identify(training_bags/episode3) by extensions ['colcon_meta']
[0.200s] Level 1:colcon.colcon_core.package_identification:_identify(training_bags/episode3) by extension 'colcon_meta'
[0.200s] Level 1:colcon.colcon_core.package_identification:_identify(training_bags/episode3) by extensions ['ros']
[0.200s] Level 1:colcon.colcon_core.package_identification:_identify(training_bags/episode3) by extension 'ros'
[0.200s] Level 1:colcon.colcon_core.package_identification:_identify(training_bags/episode3) by extensions ['cmake', 'python']
[0.200s] Level 1:colcon.colcon_core.package_identification:_identify(training_bags/episode3) by extension 'cmake'
[0.200s] Level 1:colcon.colcon_core.package_identification:_identify(training_bags/episode3) by extension 'python'
[0.200s] Level 1:colcon.colcon_core.package_identification:_identify(training_bags/episode3) by extensions ['python_setup_py']
[0.200s] Level 1:colcon.colcon_core.package_identification:_identify(training_bags/episode3) by extension 'python_setup_py'
[0.200s] Level 1:colcon.colcon_core.package_identification:_identify(training_bags/episode4) by extensions ['ignore', 'ignore_ament_install']
[0.200s] Level 1:colcon.colcon_core.package_identification:_identify(training_bags/episode4) by extension 'ignore'
[0.200s] Level 1:colcon.colcon_core.package_identification:_identify(training_bags/episode4) by extension 'ignore_ament_install'
[0.200s] Level 1:colcon.colcon_core.package_identification:_identify(training_bags/episode4) by extensions ['colcon_pkg']
[0.200s] Level 1:colcon.colcon_core.package_identification:_identify(training_bags/episode4) by extension 'colcon_pkg'
[0.200s] Level 1:colcon.colcon_core.package_identification:_identify(training_bags/episode4) by extensions ['colcon_meta']
[0.200s] Level 1:colcon.colcon_core.package_identification:_identify(training_bags/episode4) by extension 'colcon_meta'
[0.200s] Level 1:colcon.colcon_core.package_identification:_identify(training_bags/episode4) by extensions ['ros']
[0.200s] Level 1:colcon.colcon_core.package_identification:_identify(training_bags/episode4) by extension 'ros'
[0.200s] Level 1:colcon.colcon_core.package_identification:_identify(training_bags/episode4) by extensions ['cmake', 'python']
[0.200s] Level 1:colcon.colcon_core.package_identification:_identify(training_bags/episode4) by extension 'cmake'
[0.200s] Level 1:colcon.colcon_core.package_identification:_identify(training_bags/episode4) by extension 'python'
[0.200s] Level 1:colcon.colcon_core.package_identification:_identify(training_bags/episode4) by extensions ['python_setup_py']
[0.200s] Level 1:colcon.colcon_core.package_identification:_identify(training_bags/episode4) by extension 'python_setup_py'
[0.200s] Level 1:colcon.colcon_core.package_identification:_identify(training_bags/episode5) by extensions ['ignore', 'ignore_ament_install']
[0.200s] Level 1:colcon.colcon_core.package_identification:_identify(training_bags/episode5) by extension 'ignore'
[0.200s] Level 1:colcon.colcon_core.package_identification:_identify(training_bags/episode5) by extension 'ignore_ament_install'
[0.200s] Level 1:colcon.colcon_core.package_identification:_identify(training_bags/episode5) by extensions ['colcon_pkg']
[0.201s] Level 1:colcon.colcon_core.package_identification:_identify(training_bags/episode5) by extension 'colcon_pkg'
[0.201s] Level 1:colcon.colcon_core.package_identification:_identify(training_bags/episode5) by extensions ['colcon_meta']
[0.201s] Level 1:colcon.colcon_core.package_identification:_identify(training_bags/episode5) by extension 'colcon_meta'
[0.201s] Level 1:colcon.colcon_core.package_identification:_identify(training_bags/episode5) by extensions ['ros']
[0.201s] Level 1:colcon.colcon_core.package_identification:_identify(training_bags/episode5) by extension 'ros'
[0.201s] Level 1:colcon.colcon_core.package_identification:_identify(training_bags/episode5) by extensions ['cmake', 'python']
[0.201s] Level 1:colcon.colcon_core.package_identification:_identify(training_bags/episode5) by extension 'cmake'
[0.201s] Level 1:colcon.colcon_core.package_identification:_identify(training_bags/episode5) by extension 'python'
[0.201s] Level 1:colcon.colcon_core.package_identification:_identify(training_bags/episode5) by extensions ['python_setup_py']
[0.201s] Level 1:colcon.colcon_core.package_identification:_identify(training_bags/episode5) by extension 'python_setup_py'
[0.201s] Level 1:colcon.colcon_core.package_identification:_identify(training_bags/episode6) by extensions ['ignore', 'ignore_ament_install']
[0.201s] Level 1:colcon.colcon_core.package_identification:_identify(training_bags/episode6) by extension 'ignore'
[0.201s] Level 1:colcon.colcon_core.package_identification:_identify(training_bags/episode6) by extension 'ignore_ament_install'
[0.201s] Level 1:colcon.colcon_core.package_identification:_identify(training_bags/episode6) by extensions ['colcon_pkg']
[0.201s] Level 1:colcon.colcon_core.package_identification:_identify(training_bags/episode6) by extension 'colcon_pkg'
[0.201s] Level 1:colcon.colcon_core.package_identification:_identify(training_bags/episode6) by extensions ['colcon_meta']
[0.201s] Level 1:colcon.colcon_core.package_identification:_identify(training_bags/episode6) by extension 'colcon_meta'
[0.201s] Level 1:colcon.colcon_core.package_identification:_identify(training_bags/episode6) by extensions ['ros']
[0.201s] Level 1:colcon.colcon_core.package_identification:_identify(training_bags/episode6) by extension 'ros'
[0.201s] Level 1:colcon.colcon_core.package_identification:_identify(training_bags/episode6) by extensions ['cmake', 'python']
[0.201s] Level 1:colcon.colcon_core.package_identification:_identify(training_bags/episode6) by extension 'cmake'
[0.201s] Level 1:colcon.colcon_core.package_identification:_identify(training_bags/episode6) by extension 'python'
[0.201s] Level 1:colcon.colcon_core.package_identification:_identify(training_bags/episode6) by extensions ['python_setup_py']
[0.201s] Level 1:colcon.colcon_core.package_identification:_identify(training_bags/episode6) by extension 'python_setup_py'
[0.201s] Level 1:colcon.colcon_core.package_identification:_identify(training_bags/episode7) by extensions ['ignore', 'ignore_ament_install']
[0.201s] Level 1:colcon.colcon_core.package_identification:_identify(training_bags/episode7) by extension 'ignore'
[0.201s] Level 1:colcon.colcon_core.package_identification:_identify(training_bags/episode7) by extension 'ignore_ament_install'
[0.201s] Level 1:colcon.colcon_core.package_identification:_identify(training_bags/episode7) by extensions ['colcon_pkg']
[0.201s] Level 1:colcon.colcon_core.package_identification:_identify(training_bags/episode7) by extension 'colcon_pkg'
[0.201s] Level 1:colcon.colcon_core.package_identification:_identify(training_bags/episode7) by extensions ['colcon_meta']
[0.201s] Level 1:colcon.colcon_core.package_identification:_identify(training_bags/episode7) by extension 'colcon_meta'
[0.201s] Level 1:colcon.colcon_core.package_identification:_identify(training_bags/episode7) by extensions ['ros']
[0.201s] Level 1:colcon.colcon_core.package_identification:_identify(training_bags/episode7) by extension 'ros'
[0.201s] Level 1:colcon.colcon_core.package_identification:_identify(training_bags/episode7) by extensions ['cmake', 'python']
[0.201s] Level 1:colcon.colcon_core.package_identification:_identify(training_bags/episode7) by extension 'cmake'
[0.201s] Level 1:colcon.colcon_core.package_identification:_identify(training_bags/episode7) by extension 'python'
[0.201s] Level 1:colcon.colcon_core.package_identification:_identify(training_bags/episode7) by extensions ['python_setup_py']
[0.201s] Level 1:colcon.colcon_core.package_identification:_identify(training_bags/episode7) by extension 'python_setup_py'
[0.201s] Level 1:colcon.colcon_core.package_identification:_identify(training_bags/episode8) by extensions ['ignore', 'ignore_ament_install']
[0.202s] Level 1:colcon.colcon_core.package_identification:_identify(training_bags/episode8) by extension 'ignore'
[0.202s] Level 1:colcon.colcon_core.package_identification:_identify(training_bags/episode8) by extension 'ignore_ament_install'
[0.202s] Level 1:colcon.colcon_core.package_identification:_identify(training_bags/episode8) by extensions ['colcon_pkg']
[0.202s] Level 1:colcon.colcon_core.package_identification:_identify(training_bags/episode8) by extension 'colcon_pkg'
[0.202s] Level 1:colcon.colcon_core.package_identification:_identify(training_bags/episode8) by extensions ['colcon_meta']
[0.202s] Level 1:colcon.colcon_core.package_identification:_identify(training_bags/episode8) by extension 'colcon_meta'
[0.202s] Level 1:colcon.colcon_core.package_identification:_identify(training_bags/episode8) by extensions ['ros']
[0.202s] Level 1:colcon.colcon_core.package_identification:_identify(training_bags/episode8) by extension 'ros'
[0.202s] Level 1:colcon.colcon_core.package_identification:_identify(training_bags/episode8) by extensions ['cmake', 'python']
[0.202s] Level 1:colcon.colcon_core.package_identification:_identify(training_bags/episode8) by extension 'cmake'
[0.202s] Level 1:colcon.colcon_core.package_identification:_identify(training_bags/episode8) by extension 'python'
[0.202s] Level 1:colcon.colcon_core.package_identification:_identify(training_bags/episode8) by extensions ['python_setup_py']
[0.202s] Level 1:colcon.colcon_core.package_identification:_identify(training_bags/episode8) by extension 'python_setup_py'
[0.202s] Level 1:colcon.colcon_core.package_identification:_identify(training_bags/episode9) by extensions ['ignore', 'ignore_ament_install']
[0.202s] Level 1:colcon.colcon_core.package_identification:_identify(training_bags/episode9) by extension 'ignore'
[0.202s] Level 1:colcon.colcon_core.package_identification:_identify(training_bags/episode9) by extension 'ignore_ament_install'
[0.202s] Level 1:colcon.colcon_core.package_identification:_identify(training_bags/episode9) by extensions ['colcon_pkg']
[0.202s] Level 1:colcon.colcon_core.package_identification:_identify(training_bags/episode9) by extension 'colcon_pkg'
[0.202s] Level 1:colcon.colcon_core.package_identification:_identify(training_bags/episode9) by extensions ['colcon_meta']
[0.202s] Level 1:colcon.colcon_core.package_identification:_identify(training_bags/episode9) by extension 'colcon_meta'
[0.202s] Level 1:colcon.colcon_core.package_identification:_identify(training_bags/episode9) by extensions ['ros']
[0.202s] Level 1:colcon.colcon_core.package_identification:_identify(training_bags/episode9) by extension 'ros'
[0.202s] Level 1:colcon.colcon_core.package_identification:_identify(training_bags/episode9) by extensions ['cmake', 'python']
[0.202s] Level 1:colcon.colcon_core.package_identification:_identify(training_bags/episode9) by extension 'cmake'
[0.202s] Level 1:colcon.colcon_core.package_identification:_identify(training_bags/episode9) by extension 'python'
[0.202s] Level 1:colcon.colcon_core.package_identification:_identify(training_bags/episode9) by extensions ['python_setup_py']
[0.202s] Level 1:colcon.colcon_core.package_identification:_identify(training_bags/episode9) by extension 'python_setup_py'
[0.202s] Level 1:colcon.colcon_core.package_discovery:discover_packages(recursive) using defaults
[0.202s] Level 1:colcon.colcon_core.package_discovery:discover_packages(ignore) discover
[0.202s] Level 1:colcon.colcon_core.package_discovery:discover_packages(ignore) using defaults
[0.202s] Level 1:colcon.colcon_core.package_discovery:discover_packages(path) discover
[0.202s] Level 1:colcon.colcon_core.package_discovery:discover_packages(path) using defaults
[0.218s] Level 1:colcon.colcon_core.package_discovery:discover_packages(prefix_path) check parameters
[0.218s] Level 1:colcon.colcon_core.package_discovery:discover_packages(prefix_path) discover
[0.219s] DEBUG:colcon.colcon_installed_package_information.package_discovery:Found 2 installed packages in /home/janhavi/swarm_ws/install
[0.220s] DEBUG:colcon.colcon_installed_package_information.package_discovery:Found 432 installed packages in /opt/ros/humble
[0.221s] Level 1:colcon.colcon_core.package_discovery:discover_packages(prefix_path) using defaults
[0.269s] Level 5:colcon.colcon_core.verb:set package 'swarm_msgs' build argument 'cmake_args' from command line to 'None'
[0.269s] Level 5:colcon.colcon_core.verb:set package 'swarm_msgs' build argument 'cmake_target' from command line to 'None'
[0.269s] Level 5:colcon.colcon_core.verb:set package 'swarm_msgs' build argument 'cmake_target_skip_unavailable' from command line to 'False'
[0.269s] Level 5:colcon.colcon_core.verb:set package 'swarm_msgs' build argument 'cmake_clean_cache' from command line to 'False'
[0.269s] Level 5:colcon.colcon_core.verb:set package 'swarm_msgs' build argument 'cmake_clean_first' from command line to 'False'
[0.269s] Level 5:colcon.colcon_core.verb:set package 'swarm_msgs' build argument 'cmake_force_configure' from command line to 'False'
[0.269s] Level 5:colcon.colcon_core.verb:set package 'swarm_msgs' build argument 'ament_cmake_args' from command line to 'None'
[0.269s] Level 5:colcon.colcon_core.verb:set package 'swarm_msgs' build argument 'catkin_cmake_args' from command line to 'None'
[0.269s] Level 5:colcon.colcon_core.verb:set package 'swarm_msgs' build argument 'catkin_skip_building_tests' from command line to 'False'
[0.269s] DEBUG:colcon.colcon_core.verb:Building package 'swarm_msgs' with the following arguments: {'ament_cmake_args': None, 'build_base': '/home/janhavi/swarm_ws/build/swarm_msgs', 'catkin_cmake_args': None, 'catkin_skip_building_tests': False, 'cmake_args': None, 'cmake_clean_cache': False, 'cmake_clean_first': False, 'cmake_force_configure': False, 'cmake_target': None, 'cmake_target_skip_unavailable': False, 'install_base': '/home/janhavi/swarm_ws/install/swarm_msgs', 'merge_install': False, 'path': '/home/janhavi/swarm_ws/src/swarm_msgs', 'symlink_install': False, 'test_result_base': None}
[0.270s] Level 5:colcon.colcon_core.verb:set package 'swarm_data' build argument 'cmake_args' from command line to 'None'
[0.270s] Level 5:colcon.colcon_core.verb:set package 'swarm_data' build argument 'cmake_target' from command line to 'None'
[0.270s] Level 5:colcon.colcon_core.verb:set package 'swarm_data' build argument 'cmake_target_skip_unavailable' from command line to 'False'
[0.270s] Level 5:colcon.colcon_core.verb:set package 'swarm_data' build argument 'cmake_clean_cache' from command line to 'False'
[0.270s] Level 5:colcon.colcon_core.verb:set package 'swarm_data' build argument 'cmake_clean_first' from command line to 'False'
[0.270s] Level 5:colcon.colcon_core.verb:set package 'swarm_data' build argument 'cmake_force_configure' from command line to 'False'
[0.270s] Level 5:colcon.colcon_core.verb:set package 'swarm_data' build argument 'ament_cmake_args' from command line to 'None'
[0.270s] Level 5:colcon.colcon_core.verb:set package 'swarm_data' build argument 'catkin_cmake_args' from command line to 'None'
[0.270s] Level 5:colcon.colcon_core.verb:set package 'swarm_data' build argument 'catkin_skip_building_tests' from command line to 'False'
[0.270s] DEBUG:colcon.colcon_core.verb:Building package 'swarm_data' with the following arguments: {'ament_cmake_args': None, 'build_base': '/home/janhavi/swarm_ws/build/swarm_data', 'catkin_cmake_args': None, 'catkin_skip_building_tests': False, 'cmake_args': None, 'cmake_clean_cache': False, 'cmake_clean_first': False, 'cmake_force_configure': False, 'cmake_target': None, 'cmake_target_skip_unavailable': False, 'install_base': '/home/janhavi/swarm_ws/install/swarm_data', 'merge_install': False, 'path': '/home/janhavi/swarm_ws/src/swarm_data', 'symlink_install': False, 'test_result_base': None}
[0.270s] INFO:colcon.colcon_core.executor:Executing jobs using 'parallel' executor
[0.271s] DEBUG:colcon.colcon_parallel_executor.executor.parallel:run_until_complete
[0.271s] INFO:colcon.colcon_ros.task.ament_cmake.build:Building ROS package in '/home/janhavi/swarm_ws/src/swarm_msgs' with build type 'ament_cmake'
[0.271s] INFO:colcon.colcon_cmake.task.cmake.build:Building CMake package in '/home/janhavi/swarm_ws/src/swarm_msgs'
[0.272s] INFO:colcon.colcon_core.plugin_system:Skipping extension 'colcon_core.shell.bat': Not used on non-Windows systems
[0.272s] INFO:colcon.colcon_core.shell:Skip shell extension 'powershell' for command environment: Not usable outside of PowerShell
[0.272s] DEBUG:colcon.colcon_core.shell:Skip shell extension 'dsv' for command environment
[0.279s] DEBUG:colcon.colcon_core.event_handler.log_command:Invoking command in '/home/janhavi/swarm_ws/build/swarm_msgs': CMAKE_PREFIX_PATH=${CMAKE_PREFIX_PATH}:/opt/ros/humble /usr/bin/cmake --build /home/janhavi/swarm_ws/build/swarm_msgs -- -j12 -l12
[0.598s] DEBUG:colcon.colcon_core.event_handler.log_command:Invoked command in '/home/janhavi/swarm_ws/build/swarm_msgs' returned '0': CMAKE_PREFIX_PATH=${CMAKE_PREFIX_PATH}:/opt/ros/humble /usr/bin/cmake --build /home/janhavi/swarm_ws/build/swarm_msgs -- -j12 -l12
[0.606s] DEBUG:colcon.colcon_core.event_handler.log_command:Invoking command in '/home/janhavi/swarm_ws/build/swarm_msgs': CMAKE_PREFIX_PATH=${CMAKE_PREFIX_PATH}:/opt/ros/humble /usr/bin/cmake --install /home/janhavi/swarm_ws/build/swarm_msgs
[0.652s] Level 1:colcon.colcon_core.environment:create_environment_scripts_only(swarm_msgs)
[0.652s] DEBUG:colcon.colcon_core.event_handler.log_command:Invoked command in '/home/janhavi/swarm_ws/build/swarm_msgs' returned '0': CMAKE_PREFIX_PATH=${CMAKE_PREFIX_PATH}:/opt/ros/humble /usr/bin/cmake --install /home/janhavi/swarm_ws/build/swarm_msgs
[0.654s] Level 1:colcon.colcon_core.environment:checking '/home/janhavi/swarm_ws/install/swarm_msgs' for CMake module files
[0.655s] Level 1:colcon.colcon_core.environment:checking '/home/janhavi/swarm_ws/install/swarm_msgs' for CMake config files
[0.655s] Level 1:colcon.colcon_core.shell:create_environment_hook('swarm_msgs', 'cmake_prefix_path')
[0.655s] INFO:colcon.colcon_core.shell:Creating environment hook '/home/janhavi/swarm_ws/install/swarm_msgs/share/swarm_msgs/hook/cmake_prefix_path.ps1'
[0.655s] INFO:colcon.colcon_core.shell:Creating environment descriptor '/home/janhavi/swarm_ws/install/swarm_msgs/share/swarm_msgs/hook/cmake_prefix_path.dsv'
[0.656s] INFO:colcon.colcon_core.shell:Creating environment hook '/home/janhavi/swarm_ws/install/swarm_msgs/share/swarm_msgs/hook/cmake_prefix_path.sh'
[0.656s] Level 1:colcon.colcon_core.environment:checking '/home/janhavi/swarm_ws/install/swarm_msgs/lib'
[0.656s] Level 1:colcon.colcon_core.shell:create_environment_hook('swarm_msgs', 'ld_library_path_lib')
[0.656s] INFO:colcon.colcon_core.shell:Creating environment hook '/home/janhavi/swarm_ws/install/swarm_msgs/share/swarm_msgs/hook/ld_library_path_lib.ps1'
[0.657s] INFO:colcon.colcon_core.shell:Creating environment descriptor '/home/janhavi/swarm_ws/install/swarm_msgs/share/swarm_msgs/hook/ld_library_path_lib.dsv'
[0.657s] INFO:colcon.colcon_core.shell:Creating environment hook '/home/janhavi/swarm_ws/install/swarm_msgs/share/swarm_msgs/hook/ld_library_path_lib.sh'
[0.657s] Level 1:colcon.colcon_core.environment:checking '/home/janhavi/swarm_ws/install/swarm_msgs/bin'
[0.657s] Level 1:colcon.colcon_core.environment:checking '/home/janhavi/swarm_ws/install/swarm_msgs/lib/pkgconfig/swarm_msgs.pc'
[0.657s] Level 1:colcon.colcon_core.environment:checking '/home/janhavi/swarm_ws/install/swarm_msgs/lib/python3.10/site-packages'
[0.657s] Level 1:colcon.colcon_core.environment:checking '/home/janhavi/swarm_ws/install/swarm_msgs/bin'
[0.658s] INFO:colcon.colcon_core.shell:Creating package script '/home/janhavi/swarm_ws/install/swarm_msgs/share/swarm_msgs/package.ps1'
[0.659s] INFO:colcon.colcon_core.shell:Creating package descriptor '/home/janhavi/swarm_ws/install/swarm_msgs/share/swarm_msgs/package.dsv'
[0.660s] INFO:colcon.colcon_core.shell:Creating package script '/home/janhavi/swarm_ws/install/swarm_msgs/share/swarm_msgs/package.sh'
[0.660s] INFO:colcon.colcon_core.shell:Creating package script '/home/janhavi/swarm_ws/install/swarm_msgs/share/swarm_msgs/package.bash'
[0.661s] INFO:colcon.colcon_core.shell:Creating package script '/home/janhavi/swarm_ws/install/swarm_msgs/share/swarm_msgs/package.zsh'
[0.662s] Level 1:colcon.colcon_core.environment:create_file_with_runtime_dependencies(/home/janhavi/swarm_ws/install/swarm_msgs/share/colcon-core/packages/swarm_msgs)
[0.662s] Level 1:colcon.colcon_core.environment:create_environment_scripts_only(swarm_msgs)
[0.663s] Level 1:colcon.colcon_core.environment:checking '/home/janhavi/swarm_ws/install/swarm_msgs' for CMake module files
[0.663s] Level 1:colcon.colcon_core.environment:checking '/home/janhavi/swarm_ws/install/swarm_msgs' for CMake config files
[0.664s] Level 1:colcon.colcon_core.shell:create_environment_hook('swarm_msgs', 'cmake_prefix_path')
[0.664s] INFO:colcon.colcon_core.shell:Creating environment hook '/home/janhavi/swarm_ws/install/swarm_msgs/share/swarm_msgs/hook/cmake_prefix_path.ps1'
[0.665s] INFO:colcon.colcon_core.shell:Creating environment descriptor '/home/janhavi/swarm_ws/install/swarm_msgs/share/swarm_msgs/hook/cmake_prefix_path.dsv'
[0.665s] INFO:colcon.colcon_core.shell:Creating environment hook '/home/janhavi/swarm_ws/install/swarm_msgs/share/swarm_msgs/hook/cmake_prefix_path.sh'
[0.666s] Level 1:colcon.colcon_core.environment:checking '/home/janhavi/swarm_ws/install/swarm_msgs/lib'
[0.666s] Level 1:colcon.colcon_core.shell:create_environment_hook('swarm_msgs', 'ld_library_path_lib')
[0.666s] INFO:colcon.colcon_core.shell:Creating environment hook '/home/janhavi/swarm_ws/install/swarm_msgs/share/swarm_msgs/hook/ld_library_path_lib.ps1'
[0.666s] INFO:colcon.colcon_core.shell:Creating environment descriptor '/home/janhavi/swarm_ws/install/swarm_msgs/share/swarm_msgs/hook/ld_library_path_lib.dsv'
[0.667s] INFO:colcon.colcon_core.shell:Creating environment hook '/home/janhavi/swarm_ws/install/swarm_msgs/share/swarm_msgs/hook/ld_library_path_lib.sh'
[0.667s] Level 1:colcon.colcon_core.environment:checking '/home/janhavi/swarm_ws/install/swarm_msgs/bin'
[0.667s] Level 1:colcon.colcon_core.environment:checking '/home/janhavi/swarm_ws/install/swarm_msgs/lib/pkgconfig/swarm_msgs.pc'
[0.667s] Level 1:colcon.colcon_core.environment:checking '/home/janhavi/swarm_ws/install/swarm_msgs/lib/python3.10/site-packages'
[0.668s] Level 1:colcon.colcon_core.environment:checking '/home/janhavi/swarm_ws/install/swarm_msgs/bin'
[0.668s] INFO:colcon.colcon_core.shell:Creating package script '/home/janhavi/swarm_ws/install/swarm_msgs/share/swarm_msgs/package.ps1'
[0.669s] INFO:colcon.colcon_core.shell:Creating package descriptor '/home/janhavi/swarm_ws/install/swarm_msgs/share/swarm_msgs/package.dsv'
[0.669s] INFO:colcon.colcon_core.shell:Creating package script '/home/janhavi/swarm_ws/install/swarm_msgs/share/swarm_msgs/package.sh'
[0.670s] INFO:colcon.colcon_core.shell:Creating package script '/home/janhavi/swarm_ws/install/swarm_msgs/share/swarm_msgs/package.bash'
[0.670s] INFO:colcon.colcon_core.shell:Creating package script '/home/janhavi/swarm_ws/install/swarm_msgs/share/swarm_msgs/package.zsh'
[0.670s] Level 1:colcon.colcon_core.environment:create_file_with_runtime_dependencies(/home/janhavi/swarm_ws/install/swarm_msgs/share/colcon-core/packages/swarm_msgs)
[0.671s] INFO:colcon.colcon_ros.task.ament_cmake.build:Building ROS package in '/home/janhavi/swarm_ws/src/swarm_data' with build type 'ament_cmake'
[0.671s] INFO:colcon.colcon_cmake.task.cmake.build:Building CMake package in '/home/janhavi/swarm_ws/src/swarm_data'
[0.671s] INFO:colcon.colcon_core.shell:Skip shell extension 'powershell' for command environment: Not usable outside of PowerShell
[0.671s] DEBUG:colcon.colcon_core.shell:Skip shell extension 'dsv' for command environment
[0.683s] DEBUG:colcon.colcon_core.event_handler.log_command:Invoking command in '/home/janhavi/swarm_ws/build/swarm_data': CMAKE_PREFIX_PATH=/home/janhavi/swarm_ws/install/swarm_msgs:/home/janhavi/swarm_ws/install/swarm_data:/opt/ros/humble LD_LIBRARY_PATH=/home/janhavi/swarm_ws/install/swarm_msgs/lib:/usr/lib/x86_64-linux-gnu/gazebo-11/plugins:/opt/ros/humble/opt/rviz_ogre_vendor/lib:/opt/ros/humble/lib/x86_64-linux-gnu:/opt/ros/humble/lib:/usr/lib/x86_64-linux-gnu/gazebo-11/plugins /usr/bin/cmake --build /home/janhavi/swarm_ws/build/swarm_data -- -j12 -l12
[0.719s] DEBUG:colcon.colcon_core.event_handler.log_command:Invoked command in '/home/janhavi/swarm_ws/build/swarm_data' returned '0': CMAKE_PREFIX_PATH=/home/janhavi/swarm_ws/install/swarm_msgs:/home/janhavi/swarm_ws/install/swarm_data:/opt/ros/humble LD_LIBRARY_PATH=/home/janhavi/swarm_ws/install/swarm_msgs/lib:/usr/lib/x86_64-linux-gnu/gazebo-11/plugins:/opt/ros/humble/opt/rviz_ogre_vendor/lib:/opt/ros/humble/lib/x86_64-linux-gnu:/opt/ros/humble/lib:/usr/lib/x86_64-linux-gnu/gazebo-11/plugins /usr/bin/cmake --build /home/janhavi/swarm_ws/build/swarm_data -- -j12 -l12
[0.720s] DEBUG:colcon.colcon_core.event_handler.log_command:Invoking command in '/home/janhavi/swarm_ws/build/swarm_data': CMAKE_PREFIX_PATH=/home/janhavi/swarm_ws/install/swarm_msgs:/home/janhavi/swarm_ws/install/swarm_data:/opt/ros/humble LD_LIBRARY_PATH=/home/janhavi/swarm_ws/install/swarm_msgs/lib:/usr/lib/x86_64-linux-gnu/gazebo-11/plugins:/opt/ros/humble/opt/rviz_ogre_vendor/lib:/opt/ros/humble/lib/x86_64-linux-gnu:/opt/ros/humble/lib:/usr/lib/x86_64-linux-gnu/gazebo-11/plugins /usr/bin/cmake --install /home/janhavi/swarm_ws/build/swarm_data
[0.729s] Level 1:colcon.colcon_core.environment:create_environment_scripts_only(swarm_data)
[0.730s] Level 1:colcon.colcon_core.environment:checking '/home/janhavi/swarm_ws/install/swarm_data' for CMake module files
[0.730s] DEBUG:colcon.colcon_core.event_handler.log_command:Invoked command in '/home/janhavi/swarm_ws/build/swarm_data' returned '0': CMAKE_PREFIX_PATH=/home/janhavi/swarm_ws/install/swarm_msgs:/home/janhavi/swarm_ws/install/swarm_data:/opt/ros/humble LD_LIBRARY_PATH=/home/janhavi/swarm_ws/install/swarm_msgs/lib:/usr/lib/x86_64-linux-gnu/gazebo-11/plugins:/opt/ros/humble/opt/rviz_ogre_vendor/lib:/opt/ros/humble/lib/x86_64-linux-gnu:/opt/ros/humble/lib:/usr/lib/x86_64-linux-gnu/gazebo-11/plugins /usr/bin/cmake --install /home/janhavi/swarm_ws/build/swarm_data
[0.731s] Level 1:colcon.colcon_core.environment:checking '/home/janhavi/swarm_ws/install/swarm_data' for CMake config files
[0.731s] Level 1:colcon.colcon_core.shell:create_environment_hook('swarm_data', 'cmake_prefix_path')
[0.731s] INFO:colcon.colcon_core.shell:Creating environment hook '/home/janhavi/swarm_ws/install/swarm_data/share/swarm_data/hook/cmake_prefix_path.ps1'
[0.732s] INFO:colcon.colcon_core.shell:Creating environment descriptor '/home/janhavi/swarm_ws/install/swarm_data/share/swarm_data/hook/cmake_prefix_path.dsv'
[0.733s] INFO:colcon.colcon_core.shell:Creating environment hook '/home/janhavi/swarm_ws/install/swarm_data/share/swarm_data/hook/cmake_prefix_path.sh'
[0.733s] Level 1:colcon.colcon_core.environment:checking '/home/janhavi/swarm_ws/install/swarm_data/lib'
[0.733s] Level 1:colcon.colcon_core.environment:checking '/home/janhavi/swarm_ws/install/swarm_data/bin'
[0.733s] Level 1:colcon.colcon_core.environment:checking '/home/janhavi/swarm_ws/install/swarm_data/lib/pkgconfig/swarm_data.pc'
[0.733s] Level 1:colcon.colcon_core.environment:checking '/home/janhavi/swarm_ws/install/swarm_data/lib/python3.10/site-packages'
[0.734s] Level 1:colcon.colcon_core.environment:checking '/home/janhavi/swarm_ws/install/swarm_data/bin'
[0.734s] INFO:colcon.colcon_core.shell:Creating package script '/home/janhavi/swarm_ws/install/swarm_data/share/swarm_data/package.ps1'
[0.734s] INFO:colcon.colcon_core.shell:Creating package descriptor '/home/janhavi/swarm_ws/install/swarm_data/share/swarm_data/package.dsv'
[0.735s] INFO:colcon.colcon_core.shell:Creating package script '/home/janhavi/swarm_ws/install/swarm_data/share/swarm_data/package.sh'
[0.735s] INFO:colcon.colcon_core.shell:Creating package script '/home/janhavi/swarm_ws/install/swarm_data/share/swarm_data/package.bash'
[0.736s] INFO:colcon.colcon_core.shell:Creating package script '/home/janhavi/swarm_ws/install/swarm_data/share/swarm_data/package.zsh'
[0.736s] Level 1:colcon.colcon_core.environment:create_file_with_runtime_dependencies(/home/janhavi/swarm_ws/install/swarm_data/share/colcon-core/packages/swarm_data)
[0.736s] Level 1:colcon.colcon_core.environment:create_environment_scripts_only(swarm_data)
[0.737s] Level 1:colcon.colcon_core.environment:checking '/home/janhavi/swarm_ws/install/swarm_data' for CMake module files
[0.737s] Level 1:colcon.colcon_core.environment:checking '/home/janhavi/swarm_ws/install/swarm_data' for CMake config files
[0.737s] Level 1:colcon.colcon_core.shell:create_environment_hook('swarm_data', 'cmake_prefix_path')
[0.738s] INFO:colcon.colcon_core.shell:Creating environment hook '/home/janhavi/swarm_ws/install/swarm_data/share/swarm_data/hook/cmake_prefix_path.ps1'
[0.738s] INFO:colcon.colcon_core.shell:Creating environment descriptor '/home/janhavi/swarm_ws/install/swarm_data/share/swarm_data/hook/cmake_prefix_path.dsv'
[0.738s] INFO:colcon.colcon_core.shell:Creating environment hook '/home/janhavi/swarm_ws/install/swarm_data/share/swarm_data/hook/cmake_prefix_path.sh'
[0.739s] Level 1:colcon.colcon_core.environment:checking '/home/janhavi/swarm_ws/install/swarm_data/lib'
[0.739s] Level 1:colcon.colcon_core.environment:checking '/home/janhavi/swarm_ws/install/swarm_data/bin'
[0.739s] Level 1:colcon.colcon_core.environment:checking '/home/janhavi/swarm_ws/install/swarm_data/lib/pkgconfig/swarm_data.pc'
[0.739s] Level 1:colcon.colcon_core.environment:checking '/home/janhavi/swarm_ws/install/swarm_data/lib/python3.10/site-packages'
[0.739s] Level 1:colcon.colcon_core.environment:checking '/home/janhavi/swarm_ws/install/swarm_data/bin'
[0.740s] INFO:colcon.colcon_core.shell:Creating package script '/home/janhavi/swarm_ws/install/swarm_data/share/swarm_data/package.ps1'
[0.740s] INFO:colcon.colcon_core.shell:Creating package descriptor '/home/janhavi/swarm_ws/install/swarm_data/share/swarm_data/package.dsv'
[0.741s] INFO:colcon.colcon_core.shell:Creating package script '/home/janhavi/swarm_ws/install/swarm_data/share/swarm_data/package.sh'
[0.741s] INFO:colcon.colcon_core.shell:Creating package script '/home/janhavi/swarm_ws/install/swarm_data/share/swarm_data/package.bash'
[0.742s] INFO:colcon.colcon_core.shell:Creating package script '/home/janhavi/swarm_ws/install/swarm_data/share/swarm_data/package.zsh'
[0.742s] Level 1:colcon.colcon_core.environment:create_file_with_runtime_dependencies(/home/janhavi/swarm_ws/install/swarm_data/share/colcon-core/packages/swarm_data)
[0.743s] DEBUG:colcon.colcon_parallel_executor.executor.parallel:closing loop
[0.743s] DEBUG:colcon.colcon_parallel_executor.executor.parallel:loop closed
[0.743s] DEBUG:colcon.colcon_parallel_executor.executor.parallel:run_until_complete finished with '0'
[0.743s] DEBUG:colcon.colcon_core.event_reactor:joining thread
[0.747s] INFO:colcon.colcon_core.plugin_system:Skipping extension 'colcon_notification.desktop_notification.terminal_notifier': Not used on non-Darwin systems
[0.747s] INFO:colcon.colcon_core.plugin_system:Skipping extension 'colcon_notification.desktop_notification.win32': Not used on non-Windows systems
[0.747s] INFO:colcon.colcon_notification.desktop_notification:Sending desktop notification using 'notify2'
[0.757s] DEBUG:colcon.colcon_core.event_reactor:joined thread
[0.758s] INFO:colcon.colcon_core.shell:Creating prefix script '/home/janhavi/swarm_ws/install/local_setup.ps1'
[0.759s] INFO:colcon.colcon_core.shell:Creating prefix util module '/home/janhavi/swarm_ws/install/_local_setup_util_ps1.py'
[0.761s] INFO:colcon.colcon_core.shell:Creating prefix chain script '/home/janhavi/swarm_ws/install/setup.ps1'
[0.762s] INFO:colcon.colcon_core.shell:Creating prefix script '/home/janhavi/swarm_ws/install/local_setup.sh'
[0.763s] INFO:colcon.colcon_core.shell:Creating prefix util module '/home/janhavi/swarm_ws/install/_local_setup_util_sh.py'
[0.764s] INFO:colcon.colcon_core.shell:Creating prefix chain script '/home/janhavi/swarm_ws/install/setup.sh'
[0.765s] INFO:colcon.colcon_core.shell:Creating prefix script '/home/janhavi/swarm_ws/install/local_setup.bash'
[0.766s] INFO:colcon.colcon_core.shell:Creating prefix chain script '/home/janhavi/swarm_ws/install/setup.bash'
[0.766s] INFO:colcon.colcon_core.shell:Creating prefix script '/home/janhavi/swarm_ws/install/local_setup.zsh'
[0.767s] INFO:colcon.colcon_core.shell:Creating prefix chain script '/home/janhavi/swarm_ws/install/setup.zsh'
