-- Install configuration: ""
-- Up-to-date: /home/janhavi/swarm_ws/install/swarm_data/lib/swarm_data/robot_spawner.py
-- Up-to-date: /home/janhavi/swarm_ws/install/swarm_data/lib/swarm_data/obstacle_spawner.py
-- Up-to-date: /home/janhavi/swarm_ws/install/swarm_data/lib/swarm_data/autopilot.py
-- Up-to-date: /home/janhavi/swarm_ws/install/swarm_data/lib/swarm_data/dataset_create.py
-- Up-to-date: /home/janhavi/swarm_ws/install/swarm_data/lib/swarm_data/swarm_transformer.py
-- Up-to-date: /home/janhavi/swarm_ws/install/swarm_data/lib/swarm_data/gossip_manager.py
-- Up-to-date: /home/janhavi/swarm_ws/install/swarm_data/share/swarm_data/launch
-- Up-to-date: /home/janhavi/swarm_ws/install/swarm_data/share/swarm_data/launch/robot_spawn_launch.launch.py
-- Up-to-date: /home/janhavi/swarm_ws/install/swarm_data/share/swarm_data/launch/obstacle_spawn_launch.launch.py
-- Up-to-date: /home/janhavi/swarm_ws/install/swarm_data/share/swarm_data/launch/swarm_launch.launch.py
-- Up-to-date: /home/janhavi/swarm_ws/install/swarm_data/share/swarm_data/worlds
-- Up-to-date: /home/janhavi/swarm_ws/install/swarm_data/share/swarm_data/worlds/swarm.world
-- Up-to-date: /home/janhavi/swarm_ws/install/swarm_data/share/ament_index/resource_index/package_run_dependencies/swarm_data
-- Up-to-date: /home/janhavi/swarm_ws/install/swarm_data/share/ament_index/resource_index/parent_prefix_path/swarm_data
-- Up-to-date: /home/janhavi/swarm_ws/install/swarm_data/share/swarm_data/environment/ament_prefix_path.sh
-- Up-to-date: /home/janhavi/swarm_ws/install/swarm_data/share/swarm_data/environment/ament_prefix_path.dsv
-- Up-to-date: /home/janhavi/swarm_ws/install/swarm_data/share/swarm_data/environment/path.sh
-- Up-to-date: /home/janhavi/swarm_ws/install/swarm_data/share/swarm_data/environment/path.dsv
-- Up-to-date: /home/janhavi/swarm_ws/install/swarm_data/share/swarm_data/local_setup.bash
-- Up-to-date: /home/janhavi/swarm_ws/install/swarm_data/share/swarm_data/local_setup.sh
-- Up-to-date: /home/janhavi/swarm_ws/install/swarm_data/share/swarm_data/local_setup.zsh
-- Up-to-date: /home/janhavi/swarm_ws/install/swarm_data/share/swarm_data/local_setup.dsv
-- Installing: /home/janhavi/swarm_ws/install/swarm_data/share/swarm_data/package.dsv
-- Up-to-date: /home/janhavi/swarm_ws/install/swarm_data/share/ament_index/resource_index/packages/swarm_data
-- Up-to-date: /home/janhavi/swarm_ws/install/swarm_data/share/swarm_data/cmake/swarm_dataConfig.cmake
-- Up-to-date: /home/janhavi/swarm_ws/install/swarm_data/share/swarm_data/cmake/swarm_dataConfig-version.cmake
-- Up-to-date: /home/janhavi/swarm_ws/install/swarm_data/share/swarm_data/package.xml
